2025-07-19 09:52:35.278762: I tensorflow/stream_executor/platform/default/dso_loader.cc:48] Successfully opened dynamic library libcudart.so.10.1
Number of nodes: 58
Number of edges: 967
Number of samples: 8000 Calibration size: 7600 test size: 400
average infected size: 16.4025
computing proposed method with recall score...
Conformity scores computed. shape of test:(400, 58)
coverage: [1.     1.     0.9325 0.875  0.8475]
set size: [58.     58.     13.93   12.9375 12.3625]
time cost: 2.473932981491089
computing proposed method with precision score...
Conformity scores computed. shape of test:(400, 58)
coverage: [0.965  0.945  0.9225 0.875  0.83  ]
set size: [19.6175 18.51   17.2475 15.6825 14.355 ]
time cost: 1.0715827941894531
computing ArbiTree-CQC...
coverage: [0.995  0.995  0.9825 0.94   0.885 ]
set size: [57.0825 56.9675 55.9075 53.015  49.43  ]
time cost: 2.493577241897583
finished repeatition: 0 time cost: 6.072713375091553
Number of samples: 8000 Calibration size: 7600 test size: 400
average infected size: 16.7125
computing proposed method with recall score...
Conformity scores computed. shape of test:(400, 58)
coverage: [1.     1.     0.8975 0.855  0.8225]
set size: [58.     58.     14.1625 13.1475 12.6   ]
time cost: 1.051548957824707
computing proposed method with precision score...
Conformity scores computed. shape of test:(400, 58)
coverage: [0.9325 0.9225 0.9025 0.8475 0.7775]
set size: [19.195  18.1075 16.8425 15.2125 13.825 ]
time cost: 1.1668510437011719
computing ArbiTree-CQC...
coverage: [1.     1.     0.9975 0.985  0.9475]
set size: [57.9875 57.865  57.315  55.5825 52.7475]
time cost: 2.2398366928100586
finished repeatition: 1 time cost: 4.469057321548462
Number of samples: 8000 Calibration size: 7600 test size: 400
average infected size: 14.9925
computing proposed method with recall score...
Conformity scores computed. shape of test:(400, 58)
coverage: [1.     1.     0.895  0.8475 0.8125]
set size: [58.    58.    12.66  11.795 11.275]
time cost: 1.3654141426086426
computing proposed method with precision score...
Conformity scores computed. shape of test:(400, 58)
coverage: [0.9325 0.91   0.89   0.8625 0.8225]
set size: [17.495  16.5475 15.5275 14.245  13.14  ]
time cost: 1.60111403465271
computing ArbiTree-CQC...
coverage: [1.     0.9875 0.985  0.97   0.945 ]
set size: [57.745  57.115  56.84   55.4775 53.3825]
time cost: 2.7128372192382812
finished repeatition: 2 time cost: 5.690797805786133
Number of samples: 8000 Calibration size: 7600 test size: 400
average infected size: 15.435
computing proposed method with recall score...
Conformity scores computed. shape of test:(400, 58)
coverage: [1.     1.     0.895  0.8525 0.8   ]
set size: [58.    58.    13.04  12.145 11.57 ]
time cost: 1.2530441284179688
computing proposed method with precision score...
Conformity scores computed. shape of test:(400, 58)
coverage: [0.94   0.9225 0.8925 0.865  0.835 ]
set size: [18.235  17.1975 16.08   14.7075 13.6575]
time cost: 1.5667939186096191
computing ArbiTree-CQC...
coverage: [0.985 0.985 0.98  0.955 0.91 ]
set size: [57.     56.9525 56.36   54.3175 51.6225]
time cost: 5.38745641708374
finished repeatition: 3 time cost: 8.222472667694092
Number of samples: 8000 Calibration size: 7600 test size: 400
average infected size: 15.045
computing proposed method with recall score...
Conformity scores computed. shape of test:(400, 58)
coverage: [1.    1.    0.88  0.835 0.785]
set size: [58.     58.     12.65   11.79   11.2625]
time cost: 3.2876133918762207
computing proposed method with precision score...
Conformity scores computed. shape of test:(400, 58)
coverage: [0.9525 0.9175 0.8875 0.8375 0.7875]
set size: [17.6025 16.4875 15.2225 13.745  12.6075]
time cost: 3.1594276428222656
computing ArbiTree-CQC...
coverage: [1.     1.     1.     0.9925 0.965 ]
set size: [57.975  57.8825 57.555  56.41   53.8925]
time cost: 5.326962471008301
finished repeatition: 4 time cost: 11.80512809753418
Number of samples: 8000 Calibration size: 7600 test size: 400
average infected size: 15.235
computing proposed method with recall score...
Conformity scores computed. shape of test:(400, 58)
coverage: [1.    1.    0.885 0.815 0.77 ]
set size: [58.     58.     12.825  11.935  11.4225]
time cost: 3.4503118991851807
computing proposed method with precision score...
Conformity scores computed. shape of test:(400, 58)
coverage: [0.95   0.94   0.92   0.8625 0.82  ]
set size: [18.185  17.2325 16.08   14.62   13.4325]
time cost: 3.2200961112976074
computing ArbiTree-CQC...
coverage: [1.     1.     0.995  0.985  0.9525]
set size: [57.98  57.825 57.325 55.815 53.895]
time cost: 5.228108167648315
finished repeatition: 5 time cost: 11.941899061203003
Number of samples: 8000 Calibration size: 7600 test size: 400
average infected size: 15.21
computing proposed method with recall score...
Conformity scores computed. shape of test:(400, 58)
coverage: [1.     1.     0.92   0.845  0.8025]
set size: [58.     58.     12.8575 11.9175 11.4125]
time cost: 3.472757339477539
computing proposed method with precision score...
Conformity scores computed. shape of test:(400, 58)
coverage: [0.92   0.91   0.885  0.8425 0.7975]
set size: [17.5025 16.5475 15.475  13.9575 12.76  ]
time cost: 3.3983190059661865
computing ArbiTree-CQC...
coverage: [1.     1.     1.     0.9875 0.9525]
set size: [57.9925 57.9325 57.6925 56.085  53.8825]
time cost: 5.1090474128723145
finished repeatition: 6 time cost: 12.013266563415527
Number of samples: 8000 Calibration size: 7600 test size: 400
average infected size: 16.415
computing proposed method with recall score...
Conformity scores computed. shape of test:(400, 58)
coverage: [1.     1.     0.87   0.8125 0.7675]
set size: [58.     58.     13.86   12.8925 12.3525]
time cost: 3.6162383556365967
computing proposed method with precision score...
Conformity scores computed. shape of test:(400, 58)
coverage: [0.96   0.9475 0.9075 0.86   0.81  ]
set size: [19.37  18.365 17.08  15.57  14.205]
time cost: 2.904066324234009
computing ArbiTree-CQC...
coverage: [0.995  0.995  0.9875 0.9475 0.9025]
set size: [57.19   56.975  55.95   53.1125 50.33  ]
time cost: 5.420666933059692
finished repeatition: 7 time cost: 11.968488454818726
Number of samples: 8000 Calibration size: 7600 test size: 400
average infected size: 16.205
computing proposed method with recall score...
Conformity scores computed. shape of test:(400, 58)
coverage: [1.     1.     0.9125 0.885  0.83  ]
set size: [58.     58.     13.71   12.7825 12.2275]
time cost: 3.489952325820923
computing proposed method with precision score...
Conformity scores computed. shape of test:(400, 58)
coverage: [0.9425 0.935  0.9075 0.85   0.7975]
set size: [18.8975 17.89   16.7175 15.115  13.7525]
time cost: 3.318333864212036
computing ArbiTree-CQC...
coverage: [0.9925 0.9925 0.9775 0.9525 0.92  ]
set size: [57.    56.69  55.885 53.91  50.945]
time cost: 6.65545916557312
finished repeatition: 8 time cost: 13.500331163406372
Number of samples: 8000 Calibration size: 7600 test size: 400
average infected size: 17.2425
computing proposed method with recall score...
Conformity scores computed. shape of test:(400, 58)
coverage: [1.     1.     0.9075 0.8575 0.8075]
set size: [58.     58.     14.615  13.61   12.9975]
time cost: 3.5462400913238525
computing proposed method with precision score...
Conformity scores computed. shape of test:(400, 58)
coverage: [0.9375 0.9275 0.885  0.8425 0.79  ]
set size: [20.09   18.9475 17.5875 15.9025 14.5775]
time cost: 3.3714988231658936
computing ArbiTree-CQC...
coverage: [1.     1.     0.9975 0.975  0.95  ]
set size: [57.99   57.9325 57.435  55.5175 52.28  ]
time cost: 5.813898086547852
finished repeatition: 9 time cost: 12.790890455245972
Number of samples: 8000 Calibration size: 7600 test size: 400
average infected size: 15.705
computing proposed method with recall score...
Conformity scores computed. shape of test:(400, 58)
coverage: [1.     1.     0.895  0.8325 0.7975]
set size: [58.     58.     13.28   12.35   11.7925]
time cost: 2.943499803543091
computing proposed method with precision score...
Conformity scores computed. shape of test:(400, 58)
coverage: [0.94   0.915  0.88   0.8275 0.7725]
set size: [18.245  17.175  15.995  14.4125 13.14  ]
time cost: 3.0488457679748535
computing ArbiTree-CQC...
coverage: [1.    0.995 0.99  0.97  0.93 ]
set size: [57.595  57.0575 56.58   54.655  51.8   ]
time cost: 6.108791351318359
finished repeatition: 10 time cost: 12.130120992660522
Number of samples: 8000 Calibration size: 7600 test size: 400
average infected size: 16.1725
computing proposed method with recall score...
Conformity scores computed. shape of test:(400, 58)
coverage: [1.     1.     0.9275 0.865  0.8175]
set size: [58.    58.    13.715 12.735 12.14 ]
time cost: 3.3233418464660645
computing proposed method with precision score...
Conformity scores computed. shape of test:(400, 58)
coverage: [0.95   0.92   0.87   0.8225 0.775 ]
set size: [18.8975 17.675  16.185  14.605  13.4425]
time cost: 3.280595302581787
computing ArbiTree-CQC...
coverage: [0.9875 0.985  0.9775 0.96   0.905 ]
set size: [57.0075 56.805  56.2625 54.1025 51.1075]
time cost: 6.31269907951355
finished repeatition: 11 time cost: 12.94892930984497
Number of samples: 8000 Calibration size: 7600 test size: 400
average infected size: 16.38
computing proposed method with recall score...
Conformity scores computed. shape of test:(400, 58)
coverage: [1.     1.     0.92   0.88   0.8525]
set size: [58.     58.     13.8575 12.925  12.3275]
time cost: 3.2104811668395996
computing proposed method with precision score...
Conformity scores computed. shape of test:(400, 58)
coverage: [0.96   0.9425 0.9025 0.8525 0.815 ]
set size: [19.085  17.9825 16.6075 15.02   13.845 ]
time cost: 3.253286361694336
computing ArbiTree-CQC...
coverage: [0.9875 0.9875 0.98   0.965  0.925 ]
set size: [57.1175 56.9925 56.46   54.645  51.445 ]
time cost: 5.735142230987549
finished repeatition: 12 time cost: 12.222090482711792
Number of samples: 8000 Calibration size: 7600 test size: 400
average infected size: 15.76
computing proposed method with recall score...
Conformity scores computed. shape of test:(400, 58)
coverage: [1.    1.    0.905 0.855 0.795]
set size: [58.     58.     13.345  12.3825 11.8325]
time cost: 3.0975711345672607
computing proposed method with precision score...
Conformity scores computed. shape of test:(400, 58)
coverage: [0.9575 0.93   0.895  0.8325 0.8025]
set size: [18.47   17.3175 16.0975 14.4975 13.265 ]
time cost: 3.2732009887695312
computing ArbiTree-CQC...
coverage: [1.     1.     0.995  0.9625 0.93  ]
set size: [57.9925 57.8475 56.9875 54.4725 52.2275]
time cost: 6.138574600219727
finished repeatition: 13 time cost: 12.541131734848022
Number of samples: 8000 Calibration size: 7600 test size: 400
average infected size: 16.19
computing proposed method with recall score...
Conformity scores computed. shape of test:(400, 58)
coverage: [1.     1.     0.8975 0.845  0.79  ]
set size: [58.     58.     13.68   12.7225 12.1425]
time cost: 2.736408233642578
computing proposed method with precision score...
Conformity scores computed. shape of test:(400, 58)
coverage: [0.9425 0.92   0.895  0.845  0.7825]
set size: [18.61   17.5725 16.33   14.7    13.425 ]
time cost: 3.7230372428894043
computing ArbiTree-CQC...
coverage: [0.99   0.99   0.9825 0.9475 0.9025]
set size: [57.0475 56.985  56.4475 53.6075 50.1025]
time cost: 5.759125232696533
finished repeatition: 14 time cost: 12.234745025634766
Number of samples: 8000 Calibration size: 7600 test size: 400
average infected size: 15.4425
computing proposed method with recall score...
Conformity scores computed. shape of test:(400, 58)
coverage: [1.     1.     0.8925 0.82   0.795 ]
set size: [58.     58.     13.0325 12.1125 11.585 ]
time cost: 2.157536029815674
computing proposed method with precision score...
Conformity scores computed. shape of test:(400, 58)
coverage: [0.925  0.9075 0.8875 0.825  0.7575]
set size: [17.98   17.01   15.9025 14.3625 13.065 ]
time cost: 2.856745719909668
computing ArbiTree-CQC...
coverage: [1.     1.     1.     0.9925 0.9625]
set size: [57.9625 57.8675 57.5175 56.295  54.0925]
time cost: 5.447866678237915
finished repeatition: 15 time cost: 10.493412971496582
Number of samples: 8000 Calibration size: 7600 test size: 400
average infected size: 16.1475
computing proposed method with recall score...
Conformity scores computed. shape of test:(400, 58)
coverage: [1.     1.     0.9    0.8425 0.8125]
set size: [58.     58.     13.6525 12.6725 12.135 ]
time cost: 2.5222439765930176
computing proposed method with precision score...
Conformity scores computed. shape of test:(400, 58)
coverage: [0.935  0.9175 0.8925 0.82   0.77  ]
set size: [18.56   17.495  16.245  14.6275 13.34  ]
time cost: 2.588780164718628
computing ArbiTree-CQC...
coverage: [1.     1.     0.9975 0.9875 0.94  ]
set size: [57.985  57.895  57.52   55.965  53.1225]
time cost: 3.9631659984588623
finished repeatition: 16 time cost: 9.090996742248535
Number of samples: 8000 Calibration size: 7600 test size: 400
average infected size: 16.0625
computing proposed method with recall score...
Conformity scores computed. shape of test:(400, 58)
coverage: [1.     1.     0.9025 0.8525 0.8025]
set size: [58.     58.     13.595  12.6525 12.0625]
time cost: 1.931704044342041
computing proposed method with precision score...
Conformity scores computed. shape of test:(400, 58)
coverage: [0.9425 0.9225 0.895  0.85   0.8075]
set size: [18.77   17.6725 16.37   14.8575 13.6775]
time cost: 2.078554630279541
computing ArbiTree-CQC...
coverage: [0.9925 0.9925 0.98   0.9575 0.925 ]
set size: [57.5575 57.13   56.07   54.315  51.3925]
time cost: 3.7434158325195312
finished repeatition: 17 time cost: 7.769286394119263
Number of samples: 8000 Calibration size: 7600 test size: 400
average infected size: 15.6975
computing proposed method with recall score...
Conformity scores computed. shape of test:(400, 58)
coverage: [1.     1.     0.885  0.8475 0.7975]
set size: [58.     58.     13.245  12.355  11.7425]
time cost: 2.602386951446533
computing proposed method with precision score...
Conformity scores computed. shape of test:(400, 58)
coverage: [0.97   0.955  0.935  0.875  0.8425]
set size: [18.5225 17.5325 16.31   14.695  13.4075]
time cost: 1.8382058143615723
computing ArbiTree-CQC...
coverage: [0.99   0.99   0.9825 0.955  0.9125]
set size: [57.055  56.9    56.2325 54.4275 51.2425]
time cost: 4.8886964321136475
finished repeatition: 18 time cost: 9.372977018356323
Number of samples: 8000 Calibration size: 7600 test size: 400
average infected size: 14.84
computing proposed method with recall score...
Conformity scores computed. shape of test:(400, 58)
coverage: [1.     1.     0.8925 0.825  0.7625]
set size: [58.     58.     12.515  11.6425 11.1175]
time cost: 2.1836328506469727
computing proposed method with precision score...
Conformity scores computed. shape of test:(400, 58)
coverage: [0.9575 0.9325 0.9075 0.865  0.8075]
set size: [17.77   16.7525 15.5775 14.1825 12.9175]
time cost: 2.6855733394622803
computing ArbiTree-CQC...
coverage: [1.     0.9925 0.9875 0.9675 0.9325]
set size: [57.7675 57.115  56.54   54.8875 52.4   ]
time cost: 5.352298021316528
finished repeatition: 19 time cost: 10.250049114227295
Number of samples: 8000 Calibration size: 7600 test size: 400
average infected size: 15.99
computing proposed method with recall score...
Conformity scores computed. shape of test:(400, 58)
coverage: [1.     1.     0.8925 0.8525 0.805 ]
set size: [58.     58.     13.52   12.5875 12.05  ]
time cost: 2.8788607120513916
computing proposed method with precision score...
Conformity scores computed. shape of test:(400, 58)
coverage: [0.9425 0.9225 0.905  0.8575 0.8175]
set size: [18.72   17.7    16.455  14.885  13.5775]
time cost: 3.3289804458618164
computing ArbiTree-CQC...
coverage: [1.     0.9975 0.9975 0.9725 0.92  ]
set size: [57.87   57.2425 56.7075 54.2875 50.84  ]
time cost: 5.737684488296509
finished repeatition: 20 time cost: 11.977050304412842
Number of samples: 8000 Calibration size: 7600 test size: 400
average infected size: 15.9775
computing proposed method with recall score...
Conformity scores computed. shape of test:(400, 58)
coverage: [1.     1.     0.905  0.865  0.8075]
set size: [58.     58.     13.505  12.575  11.9925]
time cost: 2.7654101848602295
computing proposed method with precision score...
Conformity scores computed. shape of test:(400, 58)
coverage: [0.95   0.9175 0.8825 0.8375 0.785 ]
set size: [18.505 17.435 16.215 14.705 13.475]
time cost: 3.145930290222168
computing ArbiTree-CQC...
coverage: [0.9925 0.99   0.975  0.9475 0.9025]
set size: [57.0075 56.7375 55.77   53.6925 50.25  ]
time cost: 5.272894620895386
finished repeatition: 21 time cost: 11.199756622314453
Number of samples: 8000 Calibration size: 7600 test size: 400
average infected size: 15.56
computing proposed method with recall score...
Conformity scores computed. shape of test:(400, 58)
coverage: [1.     1.     0.875  0.8025 0.75  ]
set size: [58.     58.     13.095  12.1925 11.6675]
time cost: 2.127300977706909
computing proposed method with precision score...
Conformity scores computed. shape of test:(400, 58)
coverage: [0.96   0.935  0.9025 0.855  0.8225]
set size: [18.5075 17.5    16.27   14.7525 13.65  ]
time cost: 2.855969190597534
computing ArbiTree-CQC...
coverage: [1.     1.     0.9975 0.9875 0.9525]
set size: [57.9725 57.8625 57.3875 55.6575 53.0975]
time cost: 5.101858854293823
finished repeatition: 22 time cost: 10.124502420425415
Number of samples: 8000 Calibration size: 7600 test size: 400
average infected size: 15.9725
computing proposed method with recall score...
Conformity scores computed. shape of test:(400, 58)
coverage: [1.    1.    0.905 0.86  0.815]
set size: [58.     58.     13.505  12.57   12.0375]
time cost: 2.668776035308838
computing proposed method with precision score...
Conformity scores computed. shape of test:(400, 58)
coverage: [0.9325 0.9175 0.8875 0.845  0.8075]
set size: [18.7375 17.7075 16.445  14.87   13.565 ]
time cost: 1.9683430194854736
computing ArbiTree-CQC...
coverage: [1.     1.     0.9925 0.955  0.9075]
set size: [57.9825 57.7225 56.855  53.8    50.9475]
time cost: 5.421002149581909
finished repeatition: 23 time cost: 10.105574607849121
Number of samples: 8000 Calibration size: 7600 test size: 400
average infected size: 15.8475
computing proposed method with recall score...
Conformity scores computed. shape of test:(400, 58)
coverage: [1.    1.    0.915 0.845 0.815]
set size: [58.     58.     13.4    12.47   11.9325]
time cost: 3.034256935119629
computing proposed method with precision score...
Conformity scores computed. shape of test:(400, 58)
coverage: [0.945  0.9325 0.9075 0.84   0.79  ]
set size: [18.6675 17.68   16.49   14.965  13.62  ]
time cost: 2.49236798286438
computing ArbiTree-CQC...
coverage: [0.9975 0.9975 0.9975 0.9525 0.9175]
set size: [57.4425 57.04   56.7825 53.95   51.055 ]
time cost: 5.8689703941345215
finished repeatition: 24 time cost: 11.443050861358643
Number of samples: 8000 Calibration size: 7600 test size: 400
average infected size: 15.875
computing proposed method with recall score...
Conformity scores computed. shape of test:(400, 58)
coverage: [1.     1.     0.91   0.8525 0.8075]
set size: [58.     58.     13.4225 12.4875 11.9075]
time cost: 3.070972442626953
computing proposed method with precision score...
Conformity scores computed. shape of test:(400, 58)
coverage: [0.95   0.9375 0.9075 0.88   0.845 ]
set size: [18.69   17.7025 16.5575 15.1475 13.9275]
time cost: 3.148021697998047
computing ArbiTree-CQC...
coverage: [1.     1.     1.     0.9825 0.94  ]
set size: [57.96   57.845  57.4975 55.385  52.29  ]
time cost: 5.0411553382873535
finished repeatition: 25 time cost: 11.291934967041016
Number of samples: 8000 Calibration size: 7600 test size: 400
average infected size: 16.3
computing proposed method with recall score...
Conformity scores computed. shape of test:(400, 58)
coverage: [1.     1.     0.9075 0.855  0.795 ]
set size: [58.     58.     13.84   12.8425 12.255 ]
time cost: 3.2498538494110107
computing proposed method with precision score...
Conformity scores computed. shape of test:(400, 58)
coverage: [0.9475 0.9275 0.885  0.84   0.795 ]
set size: [19.0875 17.9975 16.6725 15.1375 13.825 ]
time cost: 3.1709377765655518
computing ArbiTree-CQC...
coverage: [0.99   0.985  0.9625 0.9325 0.88  ]
set size: [57.     56.4825 55.095  52.6275 49.3125]
time cost: 7.065932512283325
finished repeatition: 26 time cost: 13.509950399398804
Number of samples: 8000 Calibration size: 7600 test size: 400
average infected size: 15.9925
computing proposed method with recall score...
Conformity scores computed. shape of test:(400, 58)
coverage: [1.     1.     0.9075 0.86   0.82  ]
set size: [58.     58.     13.5125 12.6125 12.05  ]
time cost: 3.2053141593933105
computing proposed method with precision score...
Conformity scores computed. shape of test:(400, 58)
coverage: [0.9325 0.92   0.8825 0.82   0.7875]
set size: [18.5925 17.595  16.2875 14.5975 13.3975]
time cost: 3.100273847579956
computing ArbiTree-CQC...
coverage: [0.9975 0.99   0.9725 0.94   0.9175]
set size: [57.01   56.375  55.1525 53.165  50.675 ]
time cost: 6.89820408821106
finished repeatition: 27 time cost: 13.254799842834473
Number of samples: 8000 Calibration size: 7600 test size: 400
average infected size: 16.175
computing proposed method with recall score...
Conformity scores computed. shape of test:(400, 58)
coverage: [1.     1.     0.9075 0.8425 0.79  ]
set size: [58.     58.     13.68   12.7125 12.1625]
time cost: 3.2135238647460938
computing proposed method with precision score...
Conformity scores computed. shape of test:(400, 58)
coverage: [0.945  0.9325 0.8975 0.8575 0.7975]
set size: [18.86   17.81   16.505  14.9575 13.7125]
time cost: 2.2092278003692627
computing ArbiTree-CQC...
coverage: [1.    1.    0.995 0.985 0.945]
set size: [57.9675 57.88   57.195  55.8125 53.2825]
time cost: 3.66483211517334
finished repeatition: 28 time cost: 9.159180164337158
Number of samples: 8000 Calibration size: 7600 test size: 400
average infected size: 15.065
computing proposed method with recall score...
Conformity scores computed. shape of test:(400, 58)
coverage: [1.     1.     0.9075 0.8475 0.7825]
set size: [58.     58.     12.715  11.8375 11.2925]
time cost: 3.099684476852417
computing proposed method with precision score...
Conformity scores computed. shape of test:(400, 58)
coverage: [0.9325 0.915  0.9    0.8475 0.7925]
set size: [17.555  16.5825 15.485  14.     12.89  ]
time cost: 2.2350995540618896
computing ArbiTree-CQC...
coverage: [1.     1.     0.9925 0.97   0.9275]
set size: [57.925 57.69  56.78  54.37  51.975]
time cost: 5.19397234916687
finished repeatition: 29 time cost: 10.544580459594727
Number of samples: 8000 Calibration size: 7600 test size: 400
average infected size: 15.2425
computing proposed method with recall score...
Conformity scores computed. shape of test:(400, 58)
coverage: [1.     1.     0.8975 0.8525 0.805 ]
set size: [58.     58.     12.8775 11.9825 11.45  ]
time cost: 3.137143611907959
computing proposed method with precision score...
Conformity scores computed. shape of test:(400, 58)
coverage: [0.945  0.925  0.8875 0.8175 0.775 ]
set size: [17.8375 16.855  15.6175 14.0375 12.76  ]
time cost: 2.144780158996582
computing ArbiTree-CQC...
coverage: [0.995  0.995  0.9925 0.9775 0.945 ]
set size: [57.3725 57.0275 56.6875 55.39   53.4725]
time cost: 5.062065124511719
finished repeatition: 30 time cost: 10.371574878692627
Number of samples: 8000 Calibration size: 7600 test size: 400
average infected size: 15.3625
computing proposed method with recall score...
Conformity scores computed. shape of test:(400, 58)
coverage: [1.   1.   0.88 0.83 0.79]
set size: [58.     58.     12.925  12.0425 11.5225]
time cost: 2.7039058208465576
computing proposed method with precision score...
Conformity scores computed. shape of test:(400, 58)
coverage: [0.9475 0.92   0.8875 0.815  0.7775]
set size: [17.885  16.8075 15.525  13.955  12.815 ]
time cost: 2.6645283699035645
computing ArbiTree-CQC...
coverage: [1.     1.     0.9975 0.96   0.9325]
set size: [57.97  57.795 57.155 54.885 52.345]
time cost: 4.615072250366211
finished repeatition: 31 time cost: 10.015153169631958
Number of samples: 8000 Calibration size: 7600 test size: 400
average infected size: 15.825
computing proposed method with recall score...
Conformity scores computed. shape of test:(400, 58)
coverage: [1.     1.     0.9225 0.8475 0.82  ]
set size: [58.     58.     13.4125 12.45   11.92  ]
time cost: 2.418344259262085
computing proposed method with precision score...
Conformity scores computed. shape of test:(400, 58)
coverage: [0.925  0.9075 0.8775 0.8125 0.7675]
set size: [18.075  16.995  15.7225 14.1675 12.935 ]
time cost: 2.439746379852295
computing ArbiTree-CQC...
coverage: [1.     1.     0.995  0.9875 0.955 ]
set size: [57.9675 57.82   57.3875 55.8125 53.15  ]
time cost: 3.870103359222412
finished repeatition: 32 time cost: 8.743658542633057
Number of samples: 8000 Calibration size: 7600 test size: 400
average infected size: 15.5525
computing proposed method with recall score...
Conformity scores computed. shape of test:(400, 58)
coverage: [1.    1.    0.89  0.835 0.805]
set size: [58.     58.     13.135  12.215  11.7025]
time cost: 2.482902765274048
computing proposed method with precision score...
Conformity scores computed. shape of test:(400, 58)
coverage: [0.965  0.945  0.9225 0.88   0.8275]
set size: [18.7525 17.815  16.645  15.1875 13.9   ]
time cost: 2.667311906814575
computing ArbiTree-CQC...
coverage: [0.9975 0.995  0.9875 0.965  0.945 ]
set size: [57.0125 56.7575 56.325  54.785  52.12  ]
time cost: 4.667760133743286
finished repeatition: 33 time cost: 9.83354377746582
Number of samples: 8000 Calibration size: 7600 test size: 400
average infected size: 16.3275
computing proposed method with recall score...
Conformity scores computed. shape of test:(400, 58)
coverage: [1.     1.     0.935  0.9    0.8275]
set size: [58.    58.    13.86  12.915 12.305]
time cost: 2.748216152191162
computing proposed method with precision score...
Conformity scores computed. shape of test:(400, 58)
coverage: [0.9525 0.9425 0.905  0.8375 0.78  ]
set size: [19.0975 18.0525 16.7225 15.04   13.7275]
time cost: 3.3497540950775146
computing ArbiTree-CQC...
coverage: [0.995  0.9925 0.9875 0.95   0.9125]
set size: [57.025  56.83   56.1225 53.64   51.085 ]
time cost: 5.082954406738281
finished repeatition: 34 time cost: 11.201403856277466
Number of samples: 8000 Calibration size: 7600 test size: 400
average infected size: 15.9475
computing proposed method with recall score...
Conformity scores computed. shape of test:(400, 58)
coverage: [1.     1.     0.8925 0.84   0.7875]
set size: [58.     58.     13.47   12.5275 11.9425]
time cost: 2.8752987384796143
computing proposed method with precision score...
Conformity scores computed. shape of test:(400, 58)
coverage: [0.935  0.91   0.865  0.8225 0.7575]
set size: [18.1075 16.995  15.795  14.1975 12.8375]
time cost: 2.7734665870666504
computing ArbiTree-CQC...
coverage: [1.     1.     0.99   0.9475 0.9175]
set size: [57.9825 57.8    56.6825 53.8075 51.6425]
time cost: 3.9254209995269775
finished repeatition: 35 time cost: 9.617042303085327
Number of samples: 8000 Calibration size: 7600 test size: 400
average infected size: 16.53
computing proposed method with recall score...
Conformity scores computed. shape of test:(400, 58)
coverage: [1.     1.     0.9125 0.84   0.805 ]
set size: [58.     58.     13.9975 13.025  12.4   ]
time cost: 2.132389783859253
computing proposed method with precision score...
Conformity scores computed. shape of test:(400, 58)
coverage: [0.9575 0.9425 0.91   0.82   0.76  ]
set size: [19.1225 18.0075 16.675  14.86   13.36  ]
time cost: 2.082085371017456
computing ArbiTree-CQC...
coverage: [0.9925 0.9925 0.99   0.9425 0.9075]
set size: [57.05   56.975  56.2475 53.265  50.08  ]
time cost: 4.621737480163574
finished repeatition: 36 time cost: 8.85127329826355
Number of samples: 8000 Calibration size: 7600 test size: 400
average infected size: 15.825
computing proposed method with recall score...
Conformity scores computed. shape of test:(400, 58)
coverage: [1.     1.     0.895  0.8525 0.79  ]
set size: [58.     58.     13.355  12.4625 11.8775]
time cost: 1.9410982131958008
computing proposed method with precision score...
Conformity scores computed. shape of test:(400, 58)
coverage: [0.9475 0.9175 0.8975 0.8425 0.805 ]
set size: [18.4175 17.39   16.23   14.7275 13.51  ]
time cost: 2.30269718170166
computing ArbiTree-CQC...
coverage: [0.9875 0.9875 0.98   0.9575 0.895 ]
set size: [57.01   56.9825 56.13   53.745  50.    ]
time cost: 4.55850076675415
finished repeatition: 37 time cost: 8.817574977874756
Number of samples: 8000 Calibration size: 7600 test size: 400
average infected size: 15.685
computing proposed method with recall score...
Conformity scores computed. shape of test:(400, 58)
coverage: [1.     1.     0.875  0.8275 0.79  ]
set size: [58.     58.     13.2125 12.3225 11.7575]
time cost: 2.9797451496124268
computing proposed method with precision score...
Conformity scores computed. shape of test:(400, 58)
coverage: [0.9275 0.9125 0.885  0.8475 0.78  ]
set size: [18.235  17.2425 16.0225 14.4925 13.1875]
time cost: 2.8843369483947754
computing ArbiTree-CQC...
coverage: [1.     1.     0.9975 0.9825 0.9525]
set size: [57.9875 57.8875 57.435  55.7775 53.2625]
time cost: 4.95775032043457
finished repeatition: 38 time cost: 10.849438190460205
Number of samples: 8000 Calibration size: 7600 test size: 400
average infected size: 16.2025
computing proposed method with recall score...
Conformity scores computed. shape of test:(400, 58)
coverage: [1.     1.     0.9125 0.8725 0.835 ]
set size: [58.     58.     13.7375 12.7575 12.1875]
time cost: 3.090209484100342
computing proposed method with precision score...
Conformity scores computed. shape of test:(400, 58)
coverage: [0.9425 0.93   0.8925 0.845  0.8   ]
set size: [18.56   17.46   16.0825 14.5425 13.325 ]
time cost: 3.1626882553100586
computing ArbiTree-CQC...
coverage: [0.99   0.9825 0.9725 0.945  0.9075]
set size: [57.0175 56.465  55.7775 53.77   50.995 ]
time cost: 4.573626756668091
finished repeatition: 39 time cost: 10.857822895050049
Number of samples: 8000 Calibration size: 7600 test size: 400
average infected size: 16.37
computing proposed method with recall score...
Conformity scores computed. shape of test:(400, 58)
coverage: [1.     1.     0.8775 0.8325 0.7825]
set size: [58.     58.     13.815  12.9025 12.315 ]
time cost: 3.00844669342041
computing proposed method with precision score...
Conformity scores computed. shape of test:(400, 58)
coverage: [0.9325 0.9075 0.875  0.8325 0.775 ]
set size: [18.88   17.7875 16.545  14.9025 13.545 ]
time cost: 3.5823423862457275
computing ArbiTree-CQC...
coverage: [0.9975 0.9875 0.9725 0.9275 0.8875]
set size: [56.9975 56.4275 55.065  52.3275 49.2175]
time cost: 6.605861186981201
finished repeatition: 40 time cost: 13.213604211807251
Number of samples: 8000 Calibration size: 7600 test size: 400
average infected size: 15.4775
computing proposed method with recall score...
Conformity scores computed. shape of test:(400, 58)
coverage: [1.     1.     0.8825 0.8175 0.7675]
set size: [58.    58.    13.035 12.175 11.61 ]
time cost: 3.411698818206787
computing proposed method with precision score...
Conformity scores computed. shape of test:(400, 58)
coverage: [0.94   0.91   0.8875 0.855  0.82  ]
set size: [18.33   17.2525 16.1675 14.805  13.6775]
time cost: 3.552480459213257
computing ArbiTree-CQC...
coverage: [0.995  0.995  0.99   0.9575 0.915 ]
set size: [57.1275 56.9475 56.3625 53.9525 51.3525]
time cost: 5.920987844467163
finished repeatition: 41 time cost: 12.932525873184204
Number of samples: 8000 Calibration size: 7600 test size: 400
average infected size: 15.9675
computing proposed method with recall score...
Conformity scores computed. shape of test:(400, 58)
coverage: [1.     1.     0.905  0.84   0.7775]
set size: [58.     58.     13.5075 12.5325 11.9775]
time cost: 3.561091899871826
computing proposed method with precision score...
Conformity scores computed. shape of test:(400, 58)
coverage: [0.9475 0.935  0.895  0.85   0.7875]
set size: [18.5575 17.4925 16.245  14.6275 13.32  ]
time cost: 2.9209940433502197
computing ArbiTree-CQC...
coverage: [1.     1.     1.     0.9775 0.9325]
set size: [57.315  57.025  56.7425 54.66   51.4975]
time cost: 5.826907157897949
finished repeatition: 42 time cost: 12.353050708770752
Number of samples: 8000 Calibration size: 7600 test size: 400
average infected size: 16.11
computing proposed method with recall score...
Conformity scores computed. shape of test:(400, 58)
coverage: [1.     1.     0.94   0.89   0.8225]
set size: [58.     58.     13.67   12.7125 12.11  ]
time cost: 3.548823356628418
computing proposed method with precision score...
Conformity scores computed. shape of test:(400, 58)
coverage: [0.9475 0.93   0.9    0.8575 0.8025]
set size: [18.8125 17.7975 16.5775 15.1175 13.8525]
time cost: 3.285842180252075
computing ArbiTree-CQC...
coverage: [1.     1.     1.     0.9875 0.935 ]
set size: [57.9775 57.9125 57.5975 55.5375 52.8725]
time cost: 5.636212348937988
finished repeatition: 43 time cost: 12.486252784729004
Number of samples: 8000 Calibration size: 7600 test size: 400
average infected size: 15.9
computing proposed method with recall score...
Conformity scores computed. shape of test:(400, 58)
coverage: [1.     1.     0.905  0.85   0.8025]
set size: [58.     58.     13.4575 12.49   11.925 ]
time cost: 3.3411009311676025
computing proposed method with precision score...
Conformity scores computed. shape of test:(400, 58)
coverage: [0.9425 0.9275 0.905  0.84   0.8   ]
set size: [18.52   17.535  16.355  14.7925 13.5425]
time cost: 3.305925130844116
computing ArbiTree-CQC...
coverage: [0.9825 0.975  0.9625 0.9375 0.8975]
set size: [56.995  56.3925 55.6675 53.67   50.66  ]
time cost: 6.635041236877441
finished repeatition: 44 time cost: 13.313842058181763
Number of samples: 8000 Calibration size: 7600 test size: 400
average infected size: 15.685
computing proposed method with recall score...
Conformity scores computed. shape of test:(400, 58)
coverage: [1.     1.     0.9275 0.855  0.815 ]
set size: [58.     58.     13.2825 12.34   11.79  ]
time cost: 2.9166042804718018
computing proposed method with precision score...
Conformity scores computed. shape of test:(400, 58)
coverage: [0.9525 0.9225 0.8875 0.855  0.78  ]
set size: [18.125  17.0625 15.8775 14.255  12.93  ]
time cost: 2.407088041305542
computing ArbiTree-CQC...
coverage: [1.     1.     1.     0.995  0.9625]
set size: [57.9825 57.895  57.615  56.5075 53.84  ]
time cost: 5.091129779815674
finished repeatition: 45 time cost: 10.443959474563599
Number of samples: 8000 Calibration size: 7600 test size: 400
average infected size: 15.2525
computing proposed method with recall score...
Conformity scores computed. shape of test:(400, 58)
coverage: [1.    1.    0.895 0.85  0.8  ]
set size: [58.     58.     12.8575 11.96   11.4125]
time cost: 3.1394832134246826
computing proposed method with precision score...
Conformity scores computed. shape of test:(400, 58)
coverage: [0.9575 0.935  0.9075 0.865  0.8225]
set size: [17.935  16.9175 15.71   14.2325 13.0925]
time cost: 2.3629682064056396
computing ArbiTree-CQC...
coverage: [0.9975 0.9975 0.995  0.9775 0.9275]
set size: [57.13   56.9475 56.665  54.79   51.665 ]
time cost: 4.9698286056518555
finished repeatition: 46 time cost: 10.487549066543579
Number of samples: 8000 Calibration size: 7600 test size: 400
average infected size: 15.7375
computing proposed method with recall score...
Conformity scores computed. shape of test:(400, 58)
coverage: [1.     1.     0.9275 0.875  0.8025]
set size: [58.    58.    13.305 12.375 11.81 ]
time cost: 2.916124105453491
computing proposed method with precision score...
Conformity scores computed. shape of test:(400, 58)
coverage: [0.97   0.9525 0.9125 0.865  0.8075]
set size: [18.5    17.4525 16.185  14.6425 13.3475]
time cost: 2.491654396057129
computing ArbiTree-CQC...
coverage: [1.     0.9975 0.99   0.9725 0.93  ]
set size: [57.9575 57.1825 56.4775 54.5975 51.8   ]
time cost: 4.874242782592773
finished repeatition: 47 time cost: 10.309609413146973
Number of samples: 8000 Calibration size: 7600 test size: 400
average infected size: 15.995
computing proposed method with recall score...
Conformity scores computed. shape of test:(400, 58)
coverage: [1.     1.     0.8975 0.82   0.78  ]
set size: [58.    58.    13.54  12.555 11.995]
time cost: 2.4042911529541016
computing proposed method with precision score...
Conformity scores computed. shape of test:(400, 58)
coverage: [0.955  0.9275 0.8775 0.84   0.7725]
set size: [18.725  17.5925 16.23   14.545  13.235 ]
time cost: 3.1139419078826904
computing ArbiTree-CQC...
coverage: [0.99   0.99   0.985  0.9625 0.925 ]
set size: [57.0525 56.945  56.55   54.8525 51.9075]
time cost: 5.756928205490112
finished repeatition: 48 time cost: 11.302350997924805
Number of samples: 8000 Calibration size: 7600 test size: 400
average infected size: 16.375
computing proposed method with recall score...
Conformity scores computed. shape of test:(400, 58)
coverage: [1.     1.     0.9075 0.8525 0.8175]
set size: [58.     58.     13.8575 12.91   12.3275]
time cost: 2.6683614253997803
computing proposed method with precision score...
Conformity scores computed. shape of test:(400, 58)
coverage: [0.95   0.9325 0.9025 0.8575 0.8075]
set size: [19.3075 18.26   16.9975 15.4325 14.1625]
time cost: 3.06980562210083
computing ArbiTree-CQC...
coverage: [0.995  0.995  0.9825 0.9625 0.91  ]
set size: [57.1625 57.0075 56.11   54.0825 50.785 ]
time cost: 5.4326934814453125
finished repeatition: 49 time cost: 11.202460289001465

Coverage Results:
Method    α=0.05         α=0.07         α=0.10         α=0.15         α=0.20         
-------------------------------------------------------------------------------------
set_recall1.000 ± 0.000  1.000 ± 0.000  0.902 ± 0.016  0.848 ± 0.020  0.802 ± 0.020  
set_prec  0.946 ± 0.012  0.927 ± 0.012  0.896 ± 0.014  0.846 ± 0.017  0.797 ± 0.022  
ArbiTree-CQC0.996 ± 0.005  0.995 ± 0.006  0.988 ± 0.010  0.965 ± 0.017  0.926 ± 0.021  

Set Size Results:
Method    α=0.05         α=0.07         α=0.10         α=0.15         α=0.20         
-------------------------------------------------------------------------------------
set_recall58.000 ± 0.000 58.000 ± 0.000 13.415 ± 0.426 12.481 ± 0.394 11.921 ± 0.376 
set_prec  18.536 ± 0.540 17.490 ± 0.519 16.256 ± 0.478 14.706 ± 0.452 13.451 ± 0.423 
ArbiTree-CQC57.505 ± 0.433 57.253 ± 0.504 56.618 ± 0.683 54.584 ± 1.018 51.776 ± 1.282 
finished.
