2025-09-16 21:46:53.695840: I tensorflow/stream_executor/platform/default/dso_loader.cc:48] Successfully opened dynamic library libcudart.so.10.1
Number of nodes: 58
Number of edges: 967
Number of samples: 8000 Calibration size: 7600 test size: 400
average infected size: 29.04
coverage: [0.945  0.9225 0.87   0.8175 0.785 ]
set size: [25.835  24.8525 23.51   22.19   21.08  ]
time cost: 1.417083740234375
coverage: [0.95   0.92   0.8925 0.855  0.82  ]
set size: [35.545  33.58   31.0925 28.3675 25.99  ]
time cost: 1.6120631694793701
computing proposed method with min score...
Conformity scores computed. shape of test:(400, 58)
coverage: [0.955  0.9325 0.9025 0.8425 0.8025]
set size: [27.415  26.775  26.0675 24.89   23.6825]
time cost: 0.9423470497131348
coverage: [1. 1. 1. 1. 1.]
set size: [58.     58.     58.     57.9975 57.975 ]
time cost: 3.0964906215667725
finished repeatition: 0 time cost: 1.12037992477417
Number of samples: 8000 Calibration size: 7600 test size: 400
average infected size: 29.325
coverage: [0.9625 0.9475 0.9275 0.8725 0.8075]
set size: [26.1375 25.11   23.8525 22.4525 21.2925]
time cost: 1.068326711654663
coverage: [0.955  0.9425 0.905  0.8575 0.805 ]
set size: [35.835  34.05   31.5175 28.67   26.22  ]
time cost: 1.133880615234375
computing proposed method with min score...
Conformity scores computed. shape of test:(400, 58)
coverage: [0.9525 0.9225 0.9    0.83   0.7875]
set size: [27.7825 27.13   26.32   24.95   23.59  ]
time cost: 0.815523624420166
coverage: [1.     1.     1.     0.9975 0.9975]
set size: [58.     57.98   57.8425 57.515  57.3125]
time cost: 3.3992698192596436
finished repeatition: 1 time cost: 0.9897301197052002
Number of samples: 8000 Calibration size: 7600 test size: 400
average infected size: 28.735
coverage: [0.9475 0.9225 0.895  0.845  0.8075]
set size: [25.59   24.5475 23.3125 21.98   20.8525]
time cost: 1.122640609741211
coverage: [0.9625 0.94   0.9125 0.845  0.7975]
set size: [35.29   33.58   31.2175 28.465  26.17  ]
time cost: 1.1166017055511475
computing proposed method with min score...
Conformity scores computed. shape of test:(400, 58)
coverage: [0.9675 0.94   0.9025 0.8375 0.785 ]
set size: [27.425  26.8675 26.1025 24.8825 23.6525]
time cost: 0.8131182193756104
coverage: [0.9925 0.98   0.98   0.98   0.98  ]
set size: [57.7825 57.5575 57.44   57.335  57.2525]
time cost: 3.235684633255005
finished repeatition: 2 time cost: 0.9881079196929932
Number of samples: 8000 Calibration size: 7600 test size: 400
average infected size: 29.225
coverage: [0.9475 0.9025 0.8825 0.83   0.7825]
set size: [25.99   24.95   23.6825 22.35   21.15  ]
time cost: 1.648226022720337
coverage: [0.9325 0.91   0.875  0.835  0.7825]
set size: [35.18   33.265  30.7125 27.9725 25.48  ]
time cost: 1.661027431488037
computing proposed method with min score...
Conformity scores computed. shape of test:(400, 58)
coverage: [0.92  0.905 0.88  0.815 0.78 ]
set size: [27.43   26.8025 26.0625 24.845  23.48  ]
time cost: 0.8300340175628662
coverage: [1. 1. 1. 1. 1.]
set size: [58.   58.   58.   58.   57.99]
time cost: 2.837041139602661
finished repeatition: 3 time cost: 1.0012218952178955
Number of samples: 8000 Calibration size: 7600 test size: 400
average infected size: 28.3175
coverage: [0.9575 0.925  0.8875 0.845  0.8   ]
set size: [25.22   24.2075 22.9475 21.6125 20.545 ]
time cost: 1.2154197692871094
coverage: [0.955  0.925  0.8975 0.86   0.805 ]
set size: [34.5725 32.6575 30.215  27.46   25.    ]
time cost: 1.3893489837646484
computing proposed method with min score...
Conformity scores computed. shape of test:(400, 58)
coverage: [0.955  0.9325 0.9125 0.86   0.81  ]
set size: [27.065  26.415  25.6675 24.1625 22.6975]
time cost: 0.8161473274230957
coverage: [1. 1. 1. 1. 1.]
set size: [58.    58.    58.    58.    57.995]
time cost: 3.257009983062744
finished repeatition: 4 time cost: 0.9896245002746582
Number of samples: 8000 Calibration size: 7600 test size: 400
average infected size: 29.635
coverage: [0.96   0.945  0.915  0.8775 0.81  ]
set size: [26.4425 25.4225 24.1125 22.76   21.6275]
time cost: 1.2550036907196045
coverage: [0.94   0.9225 0.9025 0.87   0.8175]
set size: [36.6325 34.815  32.43   29.6625 27.2775]
time cost: 1.3617823123931885
computing proposed method with min score...
Conformity scores computed. shape of test:(400, 58)
coverage: [0.965  0.95   0.92   0.87   0.8275]
set size: [28.5125 27.97   27.275  25.975  24.69  ]
time cost: 0.8262546062469482
coverage: [0.995 0.995 0.995 0.995 0.995]
set size: [57.44   57.3775 57.33   57.2475 57.175 ]
time cost: 3.271332263946533
finished repeatition: 5 time cost: 0.998772382736206
Number of samples: 8000 Calibration size: 7600 test size: 400
average infected size: 29.215
coverage: [0.9425 0.915  0.885  0.85   0.7975]
set size: [26.0175 25.025  23.7525 22.3875 21.2575]
time cost: 1.4009785652160645
coverage: [0.935  0.9    0.8625 0.8375 0.8025]
set size: [36.0775 34.155  31.69   28.9975 26.6125]
time cost: 1.2529637813568115
computing proposed method with min score...
Conformity scores computed. shape of test:(400, 58)
coverage: [0.9425 0.925  0.8875 0.855  0.8175]
set size: [27.975  27.48   26.8525 25.8025 24.51  ]
time cost: 0.8278295993804932
coverage: [0.9975 0.9975 0.9975 0.9975 0.9975]
set size: [57.5    57.4325 57.3475 57.2575 57.185 ]
time cost: 3.094869613647461
finished repeatition: 6 time cost: 0.9975118637084961
Number of samples: 8000 Calibration size: 7600 test size: 400
average infected size: 28.68
coverage: [0.935  0.915  0.89   0.845  0.7925]
set size: [25.4975 24.5475 23.315  22.005  20.8625]
time cost: 1.507511854171753
coverage: [0.95   0.9275 0.89   0.825  0.7725]
set size: [35.35   33.43   31.0025 28.19   25.75  ]
time cost: 1.6967618465423584
computing proposed method with min score...
Conformity scores computed. shape of test:(400, 58)
coverage: [0.95   0.9325 0.91   0.8425 0.7925]
set size: [27.3775 26.835  26.2475 24.9925 23.6725]
time cost: 0.8198761940002441
coverage: [1. 1. 1. 1. 1.]
set size: [58.     58.     58.     58.     57.9775]
time cost: 3.036227226257324
finished repeatition: 7 time cost: 0.9885375499725342
Number of samples: 8000 Calibration size: 7600 test size: 400
average infected size: 29.1525
coverage: [0.9425 0.92   0.89   0.8275 0.8   ]
set size: [25.9125 24.89   23.625  22.255  21.1325]
time cost: 1.5660920143127441
coverage: [0.945  0.92   0.895  0.8675 0.805 ]
set size: [35.4875 33.7025 31.3575 28.65   26.1975]
time cost: 1.3160908222198486
computing proposed method with min score...
Conformity scores computed. shape of test:(400, 58)
coverage: [0.9425 0.9225 0.8975 0.8475 0.7975]
set size: [27.5575 26.98   26.2225 25.0375 23.885 ]
time cost: 0.8289704322814941
coverage: [1.     1.     1.     0.9925 0.99  ]
set size: [58.     57.9975 57.9675 57.7675 57.5025]
time cost: 3.038958787918091
finished repeatition: 8 time cost: 0.9987595081329346
Number of samples: 8000 Calibration size: 7600 test size: 400
average infected size: 29.2525
coverage: [0.9425 0.93   0.9025 0.85   0.785 ]
set size: [26.045  25.06   23.785  22.4325 21.2725]
time cost: 1.5597612857818604
coverage: [0.945  0.935  0.91   0.8625 0.8275]
set size: [36.065  34.2725 31.9025 29.125  26.7675]
time cost: 1.250847578048706
computing proposed method with min score...
Conformity scores computed. shape of test:(400, 58)
coverage: [0.9525 0.9325 0.905  0.8675 0.8175]
set size: [27.8    27.23   26.57   25.415  24.2075]
time cost: 0.8010783195495605
coverage: [1. 1. 1. 1. 1.]
set size: [58. 58. 58. 58. 58.]
time cost: 2.6241471767425537
finished repeatition: 9 time cost: 0.9708855152130127
Number of samples: 8000 Calibration size: 7600 test size: 400
average infected size: 29.5325
coverage: [0.9325 0.915  0.89   0.8325 0.7675]
set size: [26.22   25.2325 23.995  22.6175 21.4375]
time cost: 1.4633712768554688
coverage: [0.9425 0.9175 0.895  0.8625 0.8075]
set size: [36.3075 34.49   32.075  29.3    26.8675]
time cost: 1.5934088230133057
computing proposed method with min score...
Conformity scores computed. shape of test:(400, 58)
coverage: [0.9325 0.9175 0.885  0.84   0.7825]
set size: [27.9975 27.425  26.7475 25.565  24.3625]
time cost: 0.8265304565429688
coverage: [1. 1. 1. 1. 1.]
set size: [58.     58.     58.     57.9675 57.8775]
time cost: 2.7334563732147217
finished repeatition: 10 time cost: 0.9987504482269287
Number of samples: 8000 Calibration size: 7600 test size: 400
average infected size: 30.18
coverage: [0.9525 0.93   0.91   0.865  0.8125]
set size: [26.8925 25.8475 24.51   23.0825 21.92  ]
time cost: 1.351135015487671
coverage: [0.9575 0.9425 0.915  0.8575 0.8125]
set size: [36.84   34.9525 32.4825 29.6225 26.9475]
time cost: 1.464822769165039
computing proposed method with min score...
Conformity scores computed. shape of test:(400, 58)
coverage: [0.9675 0.945  0.9175 0.86   0.7825]
set size: [28.7925 28.2175 27.405  26.0575 24.53  ]
time cost: 0.8168754577636719
coverage: [1.    1.    1.    0.995 0.995]
set size: [58.     57.9825 57.8725 57.595  57.4025]
time cost: 2.6813886165618896
finished repeatition: 11 time cost: 0.9885680675506592
Number of samples: 8000 Calibration size: 7600 test size: 400
average infected size: 29.8025
coverage: [0.96   0.9475 0.905  0.865  0.805 ]
set size: [26.5775 25.565  24.2125 22.855  21.7   ]
time cost: 1.3133823871612549
coverage: [0.9475 0.935  0.9175 0.865  0.8075]
set size: [36.54   34.6825 32.2675 29.335  26.83  ]
time cost: 1.6485397815704346
computing proposed method with min score...
Conformity scores computed. shape of test:(400, 58)
coverage: [0.96   0.9475 0.9175 0.86   0.8175]
set size: [28.3    27.6975 27.0525 25.79   24.43  ]
time cost: 0.8229146003723145
coverage: [1. 1. 1. 1. 1.]
set size: [58.     58.     57.9975 57.975  57.8875]
time cost: 2.432906150817871
finished repeatition: 12 time cost: 0.9985153675079346
Number of samples: 8000 Calibration size: 7600 test size: 400
average infected size: 30.8175
coverage: [0.955  0.93   0.8925 0.84   0.7975]
set size: [27.4975 26.4325 25.115  23.66   22.4675]
time cost: 1.8440935611724854
coverage: [0.9225 0.9075 0.8725 0.8175 0.775 ]
set size: [37.2775 35.45   32.7875 29.9025 27.415 ]
time cost: 1.4710021018981934
computing proposed method with min score...
Conformity scores computed. shape of test:(400, 58)
coverage: [0.9275 0.9025 0.8775 0.8325 0.7875]
set size: [29.07   28.46   27.7225 26.38   25.025 ]
time cost: 0.8294191360473633
coverage: [1.    1.    1.    1.    0.995]
set size: [58.     58.     57.9925 57.845  57.5875]
time cost: 2.247199296951294
finished repeatition: 13 time cost: 1.0029709339141846
Number of samples: 8000 Calibration size: 7600 test size: 400
average infected size: 28.675
coverage: [0.945  0.9275 0.9    0.8375 0.775 ]
set size: [25.5025 24.525  23.285  21.945  20.8025]
time cost: 1.7498915195465088
coverage: [0.9325 0.915  0.885  0.8475 0.8025]
set size: [35.0675 33.285  30.865  28.25   26.045 ]
time cost: 1.7429289817810059
computing proposed method with min score...
Conformity scores computed. shape of test:(400, 58)
coverage: [0.9325 0.915  0.885  0.8375 0.805 ]
set size: [26.9425 26.3625 25.6275 24.56   23.545 ]
time cost: 0.814293622970581
coverage: [0.9875 0.9875 0.9875 0.9875 0.9875]
set size: [57.435  57.3875 57.305  57.2225 57.145 ]
time cost: 3.4352922439575195
finished repeatition: 14 time cost: 0.9897334575653076
Number of samples: 8000 Calibration size: 7600 test size: 400
average infected size: 29.405
coverage: [0.95   0.9125 0.8825 0.835  0.795 ]
set size: [26.18   25.14   23.8925 22.52   21.3575]
time cost: 1.4674906730651855
coverage: [0.96   0.94   0.9075 0.87   0.8175]
set size: [36.1475 34.3125 31.87   29.1875 26.7875]
time cost: 1.5800259113311768
computing proposed method with min score...
Conformity scores computed. shape of test:(400, 58)
coverage: [0.9475 0.9375 0.9025 0.8625 0.81  ]
set size: [27.895  27.32   26.63   25.4375 24.2975]
time cost: 0.8257918357849121
coverage: [1. 1. 1. 1. 1.]
set size: [58.     58.     57.9975 57.96   57.775 ]
time cost: 2.782327175140381
finished repeatition: 15 time cost: 1.0000419616699219
Number of samples: 8000 Calibration size: 7600 test size: 400
average infected size: 29.035
coverage: [0.9475 0.9225 0.9    0.8475 0.8125]
set size: [25.825  24.8425 23.605  22.235  21.12  ]
time cost: 1.3952960968017578
coverage: [0.9575 0.935  0.8875 0.835  0.7875]
set size: [35.5675 33.6425 31.18   28.37   25.9825]
time cost: 1.6433298587799072
computing proposed method with min score...
Conformity scores computed. shape of test:(400, 58)
coverage: [0.9575 0.9325 0.915  0.8475 0.785 ]
set size: [27.6525 27.0925 26.32   24.9925 23.7   ]
time cost: 0.823293924331665
coverage: [1. 1. 1. 1. 1.]
set size: [58. 58. 58. 58. 58.]
time cost: 2.6304056644439697
finished repeatition: 16 time cost: 0.9976792335510254
Number of samples: 8000 Calibration size: 7600 test size: 400
average infected size: 28.8725
coverage: [0.9475 0.935  0.885  0.815  0.765 ]
set size: [25.695  24.7225 23.4525 22.085  20.94  ]
time cost: 1.6394836902618408
coverage: [0.9425 0.915  0.8875 0.84   0.79  ]
set size: [35.2525 33.355  31.015  28.18   25.77  ]
time cost: 1.7319138050079346
computing proposed method with min score...
Conformity scores computed. shape of test:(400, 58)
coverage: [0.9375 0.9175 0.8925 0.845  0.785 ]
set size: [27.545  27.015  26.335  25.1025 23.6275]
time cost: 0.8328781127929688
coverage: [1.    1.    1.    0.995 0.995]
set size: [58.     57.995  57.955  57.6725 57.44  ]
time cost: 2.4250028133392334
finished repeatition: 17 time cost: 1.0066261291503906
Number of samples: 8000 Calibration size: 7600 test size: 400
average infected size: 28.84
coverage: [0.9425 0.9275 0.91   0.85   0.805 ]
set size: [25.6575 24.69   23.43   22.085  20.965 ]
time cost: 1.8138885498046875
coverage: [0.9375 0.9225 0.9    0.84   0.77  ]
set size: [35.13   33.3075 30.95   28.2275 25.885 ]
time cost: 1.68831205368042
computing proposed method with min score...
Conformity scores computed. shape of test:(400, 58)
coverage: [0.94  0.92  0.9   0.84  0.785]
set size: [27.405  26.87   26.1525 24.94   23.6   ]
time cost: 0.8124494552612305
coverage: [1.     0.9975 0.9925 0.9925 0.9925]
set size: [57.9925 57.8075 57.5925 57.4325 57.2925]
time cost: 2.963986396789551
finished repeatition: 18 time cost: 0.9873440265655518
Number of samples: 8000 Calibration size: 7600 test size: 400
average infected size: 29.795
coverage: [0.935  0.905  0.8775 0.825  0.76  ]
set size: [26.5025 25.53   24.195  22.8275 21.67  ]
time cost: 1.6469926834106445
coverage: [0.9675 0.9475 0.9275 0.8675 0.81  ]
set size: [36.695  34.645  32.075  29.0125 26.3675]
time cost: 1.5156745910644531
computing proposed method with min score...
Conformity scores computed. shape of test:(400, 58)
coverage: [0.95   0.9425 0.925  0.8575 0.8175]
set size: [28.3875 27.895  27.24   26.0575 24.6925]
time cost: 0.8255515098571777
coverage: [1.     1.     0.9925 0.99   0.99  ]
set size: [58.     57.965  57.775  57.5975 57.3775]
time cost: 2.869793653488159
finished repeatition: 19 time cost: 1.0015225410461426
Number of samples: 8000 Calibration size: 7600 test size: 400
average infected size: 29.41
coverage: [0.965  0.945  0.915  0.8575 0.7975]
set size: [26.2475 25.21   23.945  22.555  21.4   ]
time cost: 1.4826054573059082
coverage: [0.925  0.905  0.88   0.8325 0.7725]
set size: [35.9675 34.1    31.6625 28.855  26.3925]
time cost: 1.7471392154693604
computing proposed method with min score...
Conformity scores computed. shape of test:(400, 58)
coverage: [0.935  0.915  0.8625 0.8275 0.7975]
set size: [27.87   27.3425 26.4825 25.32   24.015 ]
time cost: 0.824326753616333
coverage: [1. 1. 1. 1. 1.]
set size: [58.     58.     58.     58.     57.9975]
time cost: 2.7814393043518066
finished repeatition: 20 time cost: 0.9989471435546875
Number of samples: 8000 Calibration size: 7600 test size: 400
average infected size: 30.685
coverage: [0.96   0.9375 0.9175 0.865  0.8125]
set size: [27.365  26.305  24.9925 23.5325 22.335 ]
time cost: 1.6134631633758545
coverage: [0.955  0.9425 0.9175 0.86   0.83  ]
set size: [37.8875 36.02   33.425  30.4325 27.84  ]
time cost: 1.8249003887176514
computing proposed method with min score...
Conformity scores computed. shape of test:(400, 58)
coverage: [0.9575 0.9475 0.9175 0.87   0.815 ]
set size: [29.5025 28.94   28.135  26.5975 25.065 ]
time cost: 0.8205959796905518
coverage: [1.     1.     1.     0.9975 0.9975]
set size: [58.     58.     57.9975 57.975  57.82  ]
time cost: 2.715254783630371
finished repeatition: 21 time cost: 0.9924073219299316
Number of samples: 8000 Calibration size: 7600 test size: 400
average infected size: 27.8175
coverage: [0.93   0.9    0.8675 0.825  0.775 ]
set size: [24.66   23.7175 22.4975 21.265  20.155 ]
time cost: 1.3055005073547363
coverage: [0.9425 0.9225 0.9    0.8675 0.8125]
set size: [34.3    32.5125 30.175  27.5875 25.3125]
time cost: 1.867098093032837
computing proposed method with min score...
Conformity scores computed. shape of test:(400, 58)
coverage: [0.95   0.935  0.89   0.8625 0.8175]
set size: [26.585  26.07   25.3025 24.255  22.9975]
time cost: 0.8200724124908447
coverage: [0.9975 0.9925 0.9925 0.9925 0.9925]
set size: [57.785 57.63  57.52  57.395 57.285]
time cost: 3.1931817531585693
finished repeatition: 22 time cost: 0.9936201572418213
Number of samples: 8000 Calibration size: 7600 test size: 400
average infected size: 28.655
coverage: [0.9375 0.9225 0.8925 0.85   0.815 ]
set size: [25.4675 24.51   23.2375 21.9425 20.83  ]
time cost: 1.43092942237854
coverage: [0.9375 0.9025 0.875  0.825  0.7775]
set size: [34.4825 32.5625 30.1925 27.5425 25.2625]
time cost: 1.6392416954040527
computing proposed method with min score...
Conformity scores computed. shape of test:(400, 58)
coverage: [0.9425 0.92   0.8775 0.83   0.7925]
set size: [26.965  26.315  25.4925 24.145  22.9025]
time cost: 0.8178467750549316
coverage: [1. 1. 1. 1. 1.]
set size: [58.     58.     58.     58.     57.9975]
time cost: 2.5535836219787598
finished repeatition: 23 time cost: 0.9902806282043457
Number of samples: 8000 Calibration size: 7600 test size: 400
average infected size: 30.13
coverage: [0.9375 0.91   0.875  0.845  0.8175]
set size: [26.8175 25.78   24.51   23.105  21.95  ]
time cost: 1.3149118423461914
coverage: [0.9325 0.9075 0.8875 0.84   0.775 ]
set size: [36.595  34.7575 32.32   29.5    26.9125]
time cost: 1.3496880531311035
computing proposed method with min score...
Conformity scores computed. shape of test:(400, 58)
coverage: [0.94  0.93  0.9   0.85  0.805]
set size: [28.7175 28.2075 27.505  26.27   24.9775]
time cost: 0.818793535232544
coverage: [0.99 0.99 0.99 0.99 0.99]
set size: [57.475  57.395  57.33   57.2575 57.175 ]
time cost: 3.1761016845703125
finished repeatition: 24 time cost: 0.9919931888580322
Number of samples: 8000 Calibration size: 7600 test size: 400
average infected size: 28.705
coverage: [0.9525 0.935  0.905  0.865  0.7925]
set size: [25.495  24.555  23.2725 21.935  20.7675]
time cost: 1.2310032844543457
coverage: [0.935  0.9175 0.8875 0.8525 0.7675]
set size: [34.5175 32.605  30.1125 27.37   24.955 ]
time cost: 1.4995014667510986
computing proposed method with min score...
Conformity scores computed. shape of test:(400, 58)
coverage: [0.9375 0.92   0.885  0.825  0.76  ]
set size: [26.8375 26.1275 25.315  23.9325 22.68  ]
time cost: 0.8203284740447998
coverage: [1. 1. 1. 1. 1.]
set size: [58.     58.     58.     58.     57.9975]
time cost: 2.9120309352874756
finished repeatition: 25 time cost: 0.9919016361236572
Number of samples: 8000 Calibration size: 7600 test size: 400
average infected size: 29.4375
coverage: [0.9575 0.95   0.9175 0.88   0.8425]
set size: [26.2275 25.25   23.9475 22.595  21.4575]
time cost: 1.3491103649139404
coverage: [0.955  0.915  0.9    0.8675 0.8125]
set size: [36.04   34.0325 31.545  28.77   26.3825]
time cost: 1.3897309303283691
computing proposed method with min score...
Conformity scores computed. shape of test:(400, 58)
coverage: [0.95   0.9325 0.9075 0.8375 0.8025]
set size: [28.0375 27.4025 26.595  25.1725 23.95  ]
time cost: 0.8284826278686523
coverage: [1. 1. 1. 1. 1.]
set size: [58.     58.     58.     57.99   57.9775]
time cost: 3.067186117172241
finished repeatition: 26 time cost: 0.9998705387115479
Number of samples: 8000 Calibration size: 7600 test size: 400
average infected size: 29.05
coverage: [0.935 0.91  0.875 0.835 0.8  ]
set size: [25.78   24.81   23.5075 22.205  21.075 ]
time cost: 1.5334086418151855
coverage: [0.9525 0.935  0.8875 0.8425 0.815 ]
set size: [35.5775 33.6525 31.17   28.41   26.0825]
time cost: 1.3511605262756348
computing proposed method with min score...
Conformity scores computed. shape of test:(400, 58)
coverage: [0.945  0.925  0.8925 0.84   0.795 ]
set size: [27.505  26.9175 26.06   24.73   23.48  ]
time cost: 0.8168799877166748
coverage: [1. 1. 1. 1. 1.]
set size: [58. 58. 58. 58. 58.]
time cost: 2.470038890838623
finished repeatition: 27 time cost: 0.9896924495697021
Number of samples: 8000 Calibration size: 7600 test size: 400
average infected size: 30.2225
coverage: [0.9725 0.9525 0.9275 0.8925 0.8425]
set size: [27.01   25.9275 24.645  23.205  22.0325]
time cost: 1.6898808479309082
coverage: [0.95   0.92   0.895  0.8525 0.8075]
set size: [36.84   34.9    32.4175 29.665  27.2325]
time cost: 1.4616432189941406
computing proposed method with min score...
Conformity scores computed. shape of test:(400, 58)
coverage: [0.9525 0.935  0.9125 0.84   0.78  ]
set size: [28.5625 27.9925 27.2425 25.86   24.5475]
time cost: 0.8249881267547607
coverage: [1. 1. 1. 1. 1.]
set size: [58.     58.     58.     58.     57.9975]
time cost: 2.1596152782440186
finished repeatition: 28 time cost: 0.9970612525939941
Number of samples: 8000 Calibration size: 7600 test size: 400
average infected size: 29.165
coverage: [0.9575 0.9375 0.9025 0.8425 0.7975]
set size: [25.985  24.985  23.7125 22.345  21.21  ]
time cost: 1.581571340560913
coverage: [0.94   0.9225 0.89   0.84   0.795 ]
set size: [35.3725 33.615  31.26   28.5575 26.04  ]
time cost: 1.2925384044647217
computing proposed method with min score...
Conformity scores computed. shape of test:(400, 58)
coverage: [0.93   0.92   0.8925 0.8425 0.7975]
set size: [27.5475 26.995  26.2975 25.12   23.83  ]
time cost: 0.8330891132354736
coverage: [0.99 0.99 0.99 0.99 0.99]
set size: [57.5075 57.4125 57.3575 57.2775 57.195 ]
time cost: 2.7066237926483154
finished repeatition: 29 time cost: 1.0039277076721191
Number of samples: 8000 Calibration size: 7600 test size: 400
average infected size: 28.5875
coverage: [0.9375 0.8925 0.86   0.795  0.745 ]
set size: [25.415  24.3675 23.1275 21.8    20.7075]
time cost: 1.6238276958465576
coverage: [0.945  0.9125 0.8875 0.815  0.7725]
set size: [34.8825 33.03   30.615  27.8225 25.525 ]
time cost: 1.6856975555419922
computing proposed method with min score...
Conformity scores computed. shape of test:(400, 58)
coverage: [0.94   0.92   0.885  0.8125 0.765 ]
set size: [27.0825 26.4075 25.6275 24.3225 23.0875]
time cost: 0.8246035575866699
coverage: [1. 1. 1. 1. 1.]
set size: [58.     58.     58.     57.9975 57.975 ]
time cost: 2.4704108238220215
finished repeatition: 30 time cost: 0.9956412315368652
Number of samples: 8000 Calibration size: 7600 test size: 400
average infected size: 29.1325
coverage: [0.955  0.9425 0.9175 0.875  0.82  ]
set size: [25.935  24.9525 23.6625 22.3175 21.1725]
time cost: 1.8226697444915771
coverage: [0.95  0.935 0.915 0.87  0.805]
set size: [35.7975 34.005  31.61   28.765  26.265 ]
time cost: 1.6816506385803223
computing proposed method with min score...
Conformity scores computed. shape of test:(400, 58)
coverage: [0.965 0.945 0.915 0.865 0.815]
set size: [27.895  27.385  26.72   25.515  24.1925]
time cost: 0.8191368579864502
coverage: [1.     1.     1.     1.     0.9975]
set size: [58.     58.     57.9975 57.9575 57.7625]
time cost: 2.9805541038513184
finished repeatition: 31 time cost: 0.989769458770752
Number of samples: 8000 Calibration size: 7600 test size: 400
average infected size: 29.48
coverage: [0.9525 0.925  0.895  0.83   0.785 ]
set size: [26.245  25.2175 23.9275 22.55   21.41  ]
time cost: 1.2627062797546387
coverage: [0.96   0.9425 0.9075 0.85   0.815 ]
set size: [35.97   34.0425 31.475  28.6225 26.2125]
time cost: 1.8278985023498535
computing proposed method with min score...
Conformity scores computed. shape of test:(400, 58)
coverage: [0.9675 0.9425 0.91   0.8475 0.8025]
set size: [28.1875 27.6175 26.8225 25.4425 24.0575]
time cost: 0.8348615169525146
coverage: [0.995  0.9925 0.9925 0.9925 0.9925]
set size: [57.655  57.52   57.4375 57.2875 57.205 ]
time cost: 3.1058132648468018
finished repeatition: 32 time cost: 1.0077095031738281
Number of samples: 8000 Calibration size: 7600 test size: 400
average infected size: 28.3225
coverage: [0.9675 0.9425 0.915  0.865  0.83  ]
set size: [25.2575 24.2675 23.0175 21.6975 20.595 ]
time cost: 1.4071664810180664
coverage: [0.955  0.9325 0.91   0.8825 0.83  ]
set size: [34.86   33.0425 30.64   28.03   25.59  ]
time cost: 1.4234979152679443
computing proposed method with min score...
Conformity scores computed. shape of test:(400, 58)
coverage: [0.9525 0.9375 0.91   0.87   0.825 ]
set size: [26.87   26.3125 25.6475 24.5325 23.2525]
time cost: 0.8245794773101807
coverage: [1.     1.     0.9975 0.995  0.995 ]
set size: [58.     57.9575 57.765  57.4825 57.3325]
time cost: 2.3753867149353027
finished repeatition: 33 time cost: 0.9944074153900146
Number of samples: 8000 Calibration size: 7600 test size: 400
average infected size: 29.14
coverage: [0.935  0.925  0.8875 0.845  0.7975]
set size: [25.875  24.965  23.6675 22.27   21.17  ]
time cost: 1.6007423400878906
coverage: [0.935  0.905  0.8775 0.835  0.7775]
set size: [35.5    33.475  30.8875 28.09   25.565 ]
time cost: 1.6335313320159912
computing proposed method with min score...
Conformity scores computed. shape of test:(400, 58)
coverage: [0.9475 0.9325 0.9    0.83   0.76  ]
set size: [27.73   27.1875 26.4825 25.0425 23.5125]
time cost: 0.8138988018035889
coverage: [1. 1. 1. 1. 1.]
set size: [58.     58.     58.     57.9975 57.965 ]
time cost: 2.5268921852111816
finished repeatition: 34 time cost: 0.9846482276916504
Number of samples: 8000 Calibration size: 7600 test size: 400
average infected size: 30.1525
coverage: [0.9575 0.9325 0.9075 0.855  0.795 ]
set size: [26.8725 25.83   24.485  23.07   21.87  ]
time cost: 1.7173376083374023
coverage: [0.94   0.9125 0.885  0.8325 0.7875]
set size: [36.695  34.8425 32.4075 29.515  27.1225]
time cost: 1.7103240489959717
computing proposed method with min score...
Conformity scores computed. shape of test:(400, 58)
coverage: [0.9325 0.9075 0.8825 0.835  0.78  ]
set size: [28.3875 27.7175 26.9425 25.6575 24.2975]
time cost: 0.830427885055542
coverage: [1. 1. 1. 1. 1.]
set size: [58. 58. 58. 58. 58.]
time cost: 2.508931875228882
finished repeatition: 35 time cost: 1.0014770030975342
Number of samples: 8000 Calibration size: 7600 test size: 400
average infected size: 28.42
coverage: [0.9575 0.94   0.915  0.8575 0.805 ]
set size: [25.3    24.325  23.075  21.72   20.6675]
time cost: 1.5802178382873535
coverage: [0.945 0.925 0.9   0.845 0.795]
set size: [34.575  32.645  30.2325 27.3875 25.025 ]
time cost: 1.717430830001831
computing proposed method with min score...
Conformity scores computed. shape of test:(400, 58)
coverage: [0.9475 0.9225 0.885  0.8475 0.795 ]
set size: [26.745  26.1675 25.3575 24.21   22.92  ]
time cost: 0.8227791786193848
coverage: [1. 1. 1. 1. 1.]
set size: [58.     58.     58.     57.995  57.9725]
time cost: 2.18937087059021
finished repeatition: 36 time cost: 0.9939115047454834
Number of samples: 8000 Calibration size: 7600 test size: 400
average infected size: 28.8575
coverage: [0.96   0.9425 0.9175 0.85   0.8075]
set size: [25.765  24.7725 23.5275 22.1225 21.055 ]
time cost: 1.5528614521026611
coverage: [0.935  0.92   0.8925 0.84   0.7825]
set size: [35.48   33.7125 31.3825 28.68   26.3575]
time cost: 1.8572626113891602
computing proposed method with min score...
Conformity scores computed. shape of test:(400, 58)
coverage: [0.9475 0.9275 0.895  0.8525 0.8175]
set size: [27.6    27.14   26.47   25.3525 24.13  ]
time cost: 0.858098030090332
coverage: [0.9975 0.99   0.99   0.99   0.99  ]
set size: [57.9225 57.615  57.475  57.3475 57.235 ]
time cost: 2.35473895072937
finished repeatition: 37 time cost: 1.0273199081420898
Number of samples: 8000 Calibration size: 7600 test size: 400
average infected size: 29.1575
coverage: [0.935  0.92   0.89   0.8375 0.81  ]
set size: [25.895  24.9225 23.7075 22.355  21.2275]
time cost: 1.65191650390625
coverage: [0.9075 0.8875 0.8575 0.8225 0.775 ]
set size: [35.13   33.32   30.81   28.2425 25.8525]
time cost: 1.846466064453125
computing proposed method with min score...
Conformity scores computed. shape of test:(400, 58)
coverage: [0.9175 0.8875 0.855  0.805  0.755 ]
set size: [27.3225 26.59   25.7875 24.57   23.385 ]
time cost: 0.8062989711761475
coverage: [1.     1.     1.     1.     0.9925]
set size: [58.     58.     57.965  57.76   57.5125]
time cost: 2.4101057052612305
finished repeatition: 38 time cost: 0.9757528305053711
Number of samples: 8000 Calibration size: 7600 test size: 400
average infected size: 29.75
coverage: [0.94   0.92   0.8675 0.8325 0.8   ]
set size: [26.465  25.51   24.13   22.7975 21.6825]
time cost: 1.3200056552886963
coverage: [0.96   0.94   0.9175 0.855  0.8   ]
set size: [36.9925 35.13   32.6225 29.71   27.175 ]
time cost: 1.3903679847717285
computing proposed method with min score...
Conformity scores computed. shape of test:(400, 58)
coverage: [0.9625 0.94   0.915  0.8625 0.82  ]
set size: [28.5525 28.065  27.4425 26.31   25.1025]
time cost: 0.8357765674591064
coverage: [1.     1.     1.     0.9975 0.995 ]
set size: [58.     58.     57.9675 57.7875 57.545 ]
time cost: 2.536904811859131
finished repeatition: 39 time cost: 1.0042948722839355
Number of samples: 8000 Calibration size: 7600 test size: 400
average infected size: 30.2675
coverage: [0.9575 0.93   0.9025 0.8425 0.775 ]
set size: [27.0125 25.9675 24.6425 23.25   22.0375]
time cost: 1.6547648906707764
coverage: [0.965  0.9325 0.9075 0.8625 0.815 ]
set size: [37.395  35.5575 33.025  30.115  27.615 ]
time cost: 1.5618228912353516
computing proposed method with min score...
Conformity scores computed. shape of test:(400, 58)
coverage: [0.97  0.95  0.915 0.86  0.8  ]
set size: [29.1175 28.615  27.795  26.4125 24.9825]
time cost: 0.8300430774688721
coverage: [0.9975 0.9975 0.9975 0.9975 0.9975]
set size: [57.5575 57.4725 57.365  57.2825 57.2075]
time cost: 3.2332069873809814
finished repeatition: 40 time cost: 1.0015754699707031
Number of samples: 8000 Calibration size: 7600 test size: 400
average infected size: 30.4
coverage: [0.955  0.93   0.8875 0.845  0.795 ]
set size: [27.115 26.05  24.685 23.255 22.065]
time cost: 1.4867353439331055
coverage: [0.9425 0.91   0.88   0.83   0.79  ]
set size: [36.76   34.7225 32.13   29.34   26.7825]
time cost: 1.6409454345703125
computing proposed method with min score...
Conformity scores computed. shape of test:(400, 58)
coverage: [0.9325 0.915  0.8825 0.8425 0.8   ]
set size: [28.66   28.0325 27.2325 25.93   24.5775]
time cost: 0.8211922645568848
coverage: [1.     1.     1.     1.     0.9975]
set size: [58.     58.     57.9925 57.905  57.6425]
time cost: 2.520752191543579
finished repeatition: 41 time cost: 0.993159294128418
Number of samples: 8000 Calibration size: 7600 test size: 400
average infected size: 28.6725
coverage: [0.9475 0.9175 0.8825 0.8375 0.79  ]
set size: [25.5325 24.5275 23.275  21.96   20.8625]
time cost: 1.655714988708496
coverage: [0.945  0.92   0.9    0.8375 0.8025]
set size: [34.955  33.14   30.7975 28.0275 25.69  ]
time cost: 1.246025800704956
computing proposed method with min score...
Conformity scores computed. shape of test:(400, 58)
coverage: [0.95   0.9225 0.885  0.8525 0.8   ]
set size: [27.36   26.8775 26.2275 24.9625 23.57  ]
time cost: 0.8178296089172363
coverage: [1.     0.9925 0.99   0.99   0.99  ]
set size: [57.9725 57.72   57.545  57.37   57.2475]
time cost: 2.8411734104156494
finished repeatition: 42 time cost: 0.988105297088623
Number of samples: 8000 Calibration size: 7600 test size: 400
average infected size: 29.78
coverage: [0.9475 0.92   0.9125 0.87   0.8275]
set size: [26.4975 25.4675 24.1875 22.77   21.655 ]
time cost: 1.8223793506622314
coverage: [0.9575 0.9325 0.9125 0.85   0.8175]
set size: [36.6975 34.82   32.3425 29.4225 27.0525]
time cost: 1.6487467288970947
computing proposed method with min score...
Conformity scores computed. shape of test:(400, 58)
coverage: [0.9625 0.945  0.9125 0.8525 0.815 ]
set size: [28.3875 27.835  27.0525 25.7525 24.435 ]
time cost: 0.8191878795623779
coverage: [1. 1. 1. 1. 1.]
set size: [58.     58.     58.     57.9975 57.98  ]
time cost: 2.8685522079467773
finished repeatition: 43 time cost: 0.9902245998382568
Number of samples: 8000 Calibration size: 7600 test size: 400
average infected size: 29.05
coverage: [0.9425 0.9125 0.875  0.825  0.77  ]
set size: [25.8075 24.785  23.5025 22.1525 21.0225]
time cost: 1.686643123626709
coverage: [0.945  0.9175 0.875  0.8    0.7425]
set size: [34.6075 32.5425 29.9375 26.9975 24.5425]
time cost: 1.5896143913269043
computing proposed method with min score...
Conformity scores computed. shape of test:(400, 58)
coverage: [0.9325 0.91   0.875  0.8225 0.7625]
set size: [27.285  26.57   25.6975 24.07   22.5025]
time cost: 0.8175153732299805
coverage: [1. 1. 1. 1. 1.]
set size: [58.     58.     58.     58.     57.9975]
time cost: 2.39552640914917
finished repeatition: 44 time cost: 0.9881722927093506
Number of samples: 8000 Calibration size: 7600 test size: 400
average infected size: 29.095
coverage: [0.955  0.935  0.92   0.8775 0.8575]
set size: [25.925  24.9275 23.7025 22.3325 21.245 ]
time cost: 1.6376242637634277
coverage: [0.955  0.9325 0.915  0.87   0.825 ]
set size: [36.07   34.255  31.885  29.1025 26.6925]
time cost: 1.527599811553955
computing proposed method with min score...
Conformity scores computed. shape of test:(400, 58)
coverage: [0.96   0.935  0.91   0.865  0.8275]
set size: [27.645  27.1425 26.51   25.415  24.1725]
time cost: 0.8178939819335938
coverage: [1. 1. 1. 1. 1.]
set size: [58.     58.     58.     57.985  57.9775]
time cost: 2.483405590057373
finished repeatition: 45 time cost: 0.9879496097564697
Number of samples: 8000 Calibration size: 7600 test size: 400
average infected size: 29.785
coverage: [0.9375 0.925  0.8975 0.8675 0.7975]
set size: [26.475  25.5025 24.1725 22.835  21.6325]
time cost: 1.584841251373291
coverage: [0.9425 0.9275 0.895  0.8525 0.8   ]
set size: [36.3225 34.545  32.1775 29.3625 26.8475]
time cost: 1.6230852603912354
computing proposed method with min score...
Conformity scores computed. shape of test:(400, 58)
coverage: [0.9425 0.93   0.9125 0.87   0.82  ]
set size: [28.2425 27.6925 27.015  25.8225 24.445 ]
time cost: 0.8084838390350342
coverage: [1. 1. 1. 1. 1.]
set size: [57.4725 57.4025 57.3225 57.25   57.1675]
time cost: 3.429401397705078
finished repeatition: 46 time cost: 0.9790031909942627
Number of samples: 8000 Calibration size: 7600 test size: 400
average infected size: 28.86
coverage: [0.9325 0.905  0.8725 0.815  0.7775]
set size: [25.6075 24.6575 23.385  22.0575 20.9325]
time cost: 1.6763193607330322
coverage: [0.9425 0.9225 0.87   0.8175 0.775 ]
set size: [34.7175 32.775  30.205  27.42   25.0675]
time cost: 1.2781760692596436
computing proposed method with min score...
Conformity scores computed. shape of test:(400, 58)
coverage: [0.9375 0.915  0.8775 0.83   0.7725]
set size: [27.0675 26.425  25.6575 24.3875 23.0075]
time cost: 0.8072657585144043
coverage: [1.     1.     1.     1.     0.9975]
set size: [58.     58.     58.     57.9875 57.905 ]
time cost: 2.6611900329589844
finished repeatition: 47 time cost: 0.9774465560913086
Number of samples: 8000 Calibration size: 7600 test size: 400
average infected size: 28.68
coverage: [0.915  0.9075 0.88   0.815  0.765 ]
set size: [25.4275 24.4975 23.2625 21.91   20.815 ]
time cost: 1.435577154159546
coverage: [0.9425 0.92   0.8975 0.845  0.7775]
set size: [34.86   32.955  30.6175 27.7975 25.3   ]
time cost: 1.6108977794647217
computing proposed method with min score...
Conformity scores computed. shape of test:(400, 58)
coverage: [0.9325 0.9175 0.8975 0.84   0.7925]
set size: [27.1375 26.55   25.8175 24.4925 23.01  ]
time cost: 0.8237788677215576
coverage: [1. 1. 1. 1. 1.]
set size: [58.    58.    58.    57.99  57.875]
time cost: 2.5238170623779297
finished repeatition: 48 time cost: 0.9962599277496338
Number of samples: 8000 Calibration size: 7600 test size: 400
average infected size: 28.5825
coverage: [0.9275 0.9    0.8625 0.7925 0.7475]
set size: [25.385  24.39   23.1325 21.8575 20.7625]
time cost: 1.5291452407836914
coverage: [0.94   0.9275 0.885  0.83   0.78  ]
set size: [35.245  33.3775 30.845  28.0325 25.715 ]
time cost: 1.6406826972961426
computing proposed method with min score...
Conformity scores computed. shape of test:(400, 58)
coverage: [0.955  0.9225 0.8875 0.8475 0.7925]
set size: [27.425  26.9375 26.2325 24.88   23.5475]
time cost: 0.8214526176452637
coverage: [0.99 0.99 0.99 0.99 0.99]
set size: [57.435  57.3775 57.345  57.2575 57.1525]
time cost: 2.50950026512146
finished repeatition: 49 time cost: 0.992164134979248

Coverage Results:
Method    α=0.05         α=0.07         α=0.10         α=0.15         α=0.20         
-------------------------------------------------------------------------------------
set_recall0.947 ± 0.012  0.925 ± 0.014  0.895 ± 0.017  0.845 ± 0.021  0.797 ± 0.023  
set_prec  0.945 ± 0.011  0.923 ± 0.013  0.895 ± 0.015  0.847 ± 0.018  0.797 ± 0.019  
set_min   0.947 ± 0.013  0.928 ± 0.013  0.898 ± 0.016  0.846 ± 0.016  0.797 ± 0.019  
ArbiTree-CQC0.999 ± 0.003  0.998 ± 0.004  0.998 ± 0.004  0.997 ± 0.005  0.996 ± 0.005  

Set Size Results:
Method    α=0.05         α=0.07         α=0.10         α=0.15         α=0.20         
-------------------------------------------------------------------------------------
set_recall26.042 ± 0.597 25.042 ± 0.573 23.763 ± 0.547 22.402 ± 0.511 21.265 ± 0.485 
set_prec  35.759 ± 0.859 33.886 ± 0.864 31.433 ± 0.842 28.642 ± 0.797 26.215 ± 0.757 
set_min   27.783 ± 0.664 27.208 ± 0.682 26.472 ± 0.691 25.206 ± 0.685 23.890 ± 0.678 
ArbiTree-CQC57.899 ± 0.195 57.860 ± 0.231 57.816 ± 0.264 57.738 ± 0.303 57.645 ± 0.336 

Time Cost Results:
Method    α=0.05         α=0.07         α=0.10         α=0.15         α=0.20         
-------------------------------------------------------------------------------------
set_recall1.514 ± 0.183  1.514 ± 0.183  1.514 ± 0.183  1.514 ± 0.183  1.514 ± 0.183  
set_prec  1.549 ± 0.191  1.549 ± 0.191  1.549 ± 0.191  1.549 ± 0.191  1.549 ± 0.191  
set_min   0.825 ± 0.019  0.825 ± 0.019  0.825 ± 0.019  0.825 ± 0.019  0.825 ± 0.019  
ArbiTree-CQC2.775 ± 0.340  2.775 ± 0.340  2.775 ± 0.340  2.775 ± 0.340  2.775 ± 0.340  
finished.
