2025-08-31 23:55:07.511779: I tensorflow/stream_executor/platform/default/dso_loader.cc:48] Successfully opened dynamic library libcudart.so.10.1
Number of nodes: 774
Number of edges: 7992
Calibration size: 7600 test size: 400
average infected size: 20.4575
coverage: [1.     1.     1.     0.97   0.9375]
set size: [774.      15.1425  12.5025  10.6425   9.38  ]
time cost: 1.5377919673919678
computing proposed method with precision score...
Conformity scores computed. shape of test:(400, 774)
coverage: [0.9475 0.925  0.8825 0.8275 0.785 ]
set size: [13.8225 12.4325 10.9775  9.3925  8.14  ]
time cost: 1.5852289199829102
finished repeatition: 0 time cost: 1.9676096439361572
Calibration size: 7600 test size: 400
average infected size: 20.4575
coverage: [1.     0.9975 0.9975 0.98   0.9575]
set size: [774.      16.06    12.6525  10.6575   9.405 ]
time cost: 1.5232765674591064
computing proposed method with precision score...
Conformity scores computed. shape of test:(400, 774)
coverage: [0.9375 0.915  0.88   0.8275 0.7625]
set size: [13.765  12.5125 11.1     9.435   8.055 ]
time cost: 1.5815935134887695
finished repeatition: 1 time cost: 1.960841178894043
Calibration size: 7600 test size: 400
average infected size: 20.4575
coverage: [1.     1.     0.9975 0.9825 0.955 ]
set size: [774.     15.305  12.725  10.81    9.56 ]
time cost: 1.5159986019134521
computing proposed method with precision score...
Conformity scores computed. shape of test:(400, 774)
coverage: [0.9375 0.905  0.8625 0.815  0.735 ]
set size: [13.91   12.5025 10.985   9.1375  7.7675]
time cost: 1.5787639617919922
finished repeatition: 2 time cost: 1.9587962627410889
Calibration size: 7600 test size: 400
average infected size: 20.4575
coverage: [1.     1.     1.     0.9875 0.9575]
set size: [774.      16.4325  12.655   10.81     9.6975]
time cost: 1.536797046661377
computing proposed method with precision score...
Conformity scores computed. shape of test:(400, 774)
coverage: [0.935  0.91   0.8675 0.8275 0.7825]
set size: [14.0225 12.68   11.225   9.5425  8.31  ]
time cost: 1.595010757446289
finished repeatition: 3 time cost: 1.97418212890625
Calibration size: 7600 test size: 400
average infected size: 20.4575
coverage: [1.     1.     1.     0.985  0.9575]
set size: [774.      14.97    12.715   10.7525   9.5875]
time cost: 1.5268042087554932
computing proposed method with precision score...
Conformity scores computed. shape of test:(400, 774)
coverage: [0.93   0.9    0.8725 0.82   0.7475]
set size: [13.565  12.28   11.005   9.3775  7.985 ]
time cost: 1.563319206237793
finished repeatition: 4 time cost: 1.944096565246582
Calibration size: 7600 test size: 400
average infected size: 20.4575
coverage: [1.    1.    0.995 0.97  0.935]
set size: [774.      15.69    12.2025  10.2625   9.145 ]
time cost: 1.647049903869629
computing proposed method with precision score...
Conformity scores computed. shape of test:(400, 774)
coverage: [0.94   0.9175 0.8875 0.85   0.7675]
set size: [13.6775 12.43   11.1275  9.3625  8.005 ]
time cost: 1.59189772605896
finished repeatition: 5 time cost: 1.9692966938018799
Calibration size: 7600 test size: 400
average infected size: 20.4575
coverage: [1.     1.     0.9975 0.9925 0.9675]
set size: [774.      15.94    12.7675  10.7325   9.5775]
time cost: 1.558225154876709
computing proposed method with precision score...
Conformity scores computed. shape of test:(400, 774)
coverage: [0.95   0.93   0.8975 0.845  0.805 ]
set size: [13.895  12.7    11.4075  9.69    8.3225]
time cost: 1.586362600326538
finished repeatition: 6 time cost: 2.004199266433716
Calibration size: 7600 test size: 400
average infected size: 20.4575
coverage: [1.     1.     0.9975 0.9825 0.95  ]
set size: [774.      15.4475  12.5825  10.705    9.4975]
time cost: 1.6550655364990234
computing proposed method with precision score...
Conformity scores computed. shape of test:(400, 774)
coverage: [0.935  0.91   0.8675 0.8025 0.7275]
set size: [13.71   12.3375 10.915   9.165   7.7525]
time cost: 1.578273057937622
finished repeatition: 7 time cost: 1.9571812152862549
Calibration size: 7600 test size: 400
average infected size: 20.4575
coverage: [1.     1.     0.9975 0.9775 0.9375]
set size: [774.      15.365   12.4325  10.5775   9.4025]
time cost: 1.5282862186431885
computing proposed method with precision score...
Conformity scores computed. shape of test:(400, 774)
coverage: [0.935  0.8975 0.8675 0.8075 0.775 ]
set size: [13.42   12.155  10.8375  9.1725  7.9575]
time cost: 1.5887622833251953
finished repeatition: 8 time cost: 1.9722282886505127
Calibration size: 7600 test size: 400
average infected size: 20.4575
coverage: [1.     0.9975 0.9925 0.9775 0.95  ]
set size: [774.      15.355   12.3175  10.455    9.2925]
time cost: 1.6213696002960205
computing proposed method with precision score...
Conformity scores computed. shape of test:(400, 774)
coverage: [0.945  0.91   0.8875 0.825  0.765 ]
set size: [13.5825 12.31   11.0225  9.36    8.055 ]
time cost: 1.5882091522216797
finished repeatition: 9 time cost: 1.9659218788146973
Calibration size: 7600 test size: 400
average infected size: 20.4575
coverage: [1.     1.     1.     0.975  0.9575]
set size: [774.      14.83    12.2175  10.425    9.2575]
time cost: 1.5389890670776367
computing proposed method with precision score...
Conformity scores computed. shape of test:(400, 774)
coverage: [0.96   0.94   0.9125 0.8425 0.78  ]
set size: [14.1575 12.9675 11.485   9.575   8.175 ]
time cost: 1.5804030895233154
finished repeatition: 10 time cost: 1.9582569599151611
Calibration size: 7600 test size: 400
average infected size: 20.4575
coverage: [1.     0.9975 0.995  0.9725 0.945 ]
set size: [774.      15.795   12.6675  10.6975   9.5   ]
time cost: 1.526535987854004
computing proposed method with precision score...
Conformity scores computed. shape of test:(400, 774)
coverage: [0.93   0.9    0.8675 0.82   0.7625]
set size: [13.83   12.405  10.96    9.2075  7.875 ]
time cost: 1.5828137397766113
finished repeatition: 11 time cost: 1.96392822265625
Calibration size: 7600 test size: 400
average infected size: 20.4575
coverage: [1.     0.9975 0.9975 0.975  0.9475]
set size: [774.      14.9675  11.9575  10.06     8.9025]
time cost: 1.521878957748413
computing proposed method with precision score...
Conformity scores computed. shape of test:(400, 774)
coverage: [0.95   0.935  0.9025 0.8425 0.805 ]
set size: [13.455  12.4125 11.225   9.515   8.185 ]
time cost: 1.5633511543273926
finished repeatition: 12 time cost: 1.9432590007781982
Calibration size: 7600 test size: 400
average infected size: 20.4575
coverage: [1.     0.9975 0.995  0.98   0.9525]
set size: [774.      14.6425  12.3     10.4175   9.2125]
time cost: 1.5308144092559814
computing proposed method with precision score...
Conformity scores computed. shape of test:(400, 774)
coverage: [0.9375 0.92   0.89   0.835  0.77  ]
set size: [13.78   12.4625 11.14    9.3475  8.0725]
time cost: 1.597670316696167
finished repeatition: 13 time cost: 1.9777579307556152
Calibration size: 7600 test size: 400
average infected size: 20.4575
coverage: [1.     1.     1.     0.9825 0.9525]
set size: [774.      16.52    12.54    10.6125   9.375 ]
time cost: 1.5284693241119385
computing proposed method with precision score...
Conformity scores computed. shape of test:(400, 774)
coverage: [0.9425 0.9125 0.8775 0.8225 0.755 ]
set size: [13.37   12.1125 10.805   9.15    7.8175]
time cost: 1.5890493392944336
finished repeatition: 14 time cost: 1.9676408767700195
Calibration size: 7600 test size: 400
average infected size: 20.4575
coverage: [1.     1.     1.     0.9775 0.955 ]
set size: [774.      15.28    12.79    10.8325   9.62  ]
time cost: 1.5113701820373535
computing proposed method with precision score...
Conformity scores computed. shape of test:(400, 774)
coverage: [0.9325 0.9075 0.885  0.8325 0.765 ]
set size: [13.61   12.345  11.09    9.2775  7.94  ]
time cost: 1.5792615413665771
finished repeatition: 15 time cost: 1.9594993591308594
Calibration size: 7600 test size: 400
average infected size: 20.4575
coverage: [1.     1.     1.     0.975  0.9575]
set size: [774.      14.58    12.56    10.6975   9.385 ]
time cost: 1.5297329425811768
computing proposed method with precision score...
Conformity scores computed. shape of test:(400, 774)
coverage: [0.9375 0.91   0.8775 0.82   0.755 ]
set size: [13.7475 12.3375 11.055   9.34    8.055 ]
time cost: 1.5769374370574951
finished repeatition: 16 time cost: 1.9559478759765625
Calibration size: 7600 test size: 400
average infected size: 20.4575
coverage: [1.     0.9975 0.9975 0.9875 0.96  ]
set size: [774.      15.0075  12.525   10.595    9.3375]
time cost: 1.517791986465454
computing proposed method with precision score...
Conformity scores computed. shape of test:(400, 774)
coverage: [0.9425 0.9275 0.885  0.8375 0.8   ]
set size: [13.91   12.57   11.17    9.49    8.1175]
time cost: 1.562622308731079
finished repeatition: 17 time cost: 1.9466876983642578
Calibration size: 7600 test size: 400
average infected size: 20.4575
coverage: [1.     1.     1.     0.9875 0.965 ]
set size: [774.      14.855   12.4875  10.5275   9.385 ]
time cost: 1.5248820781707764
computing proposed method with precision score...
Conformity scores computed. shape of test:(400, 774)
coverage: [0.9425 0.915  0.875  0.8225 0.765 ]
set size: [13.62   12.1475 10.855   9.1275  7.72  ]
time cost: 1.5794870853424072
finished repeatition: 18 time cost: 1.955718994140625
Calibration size: 7600 test size: 400
average infected size: 20.4575
coverage: [1.     1.     1.     0.9825 0.96  ]
set size: [774.      16.3725  12.615   10.7      9.4925]
time cost: 1.5175650119781494
computing proposed method with precision score...
Conformity scores computed. shape of test:(400, 774)
coverage: [0.9475 0.925  0.89   0.8225 0.765 ]
set size: [13.455  12.28   10.9075  9.1725  7.8125]
time cost: 1.5671439170837402
finished repeatition: 19 time cost: 1.9448237419128418
Calibration size: 7600 test size: 400
average infected size: 20.4575
coverage: [1.     0.9975 0.995  0.98   0.95  ]
set size: [774.      15.2675  12.45    10.5575   9.32  ]
time cost: 1.5072901248931885
computing proposed method with precision score...
Conformity scores computed. shape of test:(400, 774)
coverage: [0.9375 0.9175 0.8875 0.8275 0.76  ]
set size: [13.7725 12.4275 11.0275  9.2425  7.9225]
time cost: 1.574765920639038
finished repeatition: 20 time cost: 1.9511446952819824
Calibration size: 7600 test size: 400
average infected size: 20.4575
coverage: [1.    1.    1.    0.985 0.955]
set size: [774.      15.99    12.7175  10.73     9.4825]
time cost: 1.529484510421753
computing proposed method with precision score...
Conformity scores computed. shape of test:(400, 774)
coverage: [0.94  0.915 0.885 0.835 0.77 ]
set size: [13.65   12.2825 11.085   9.445   8.14  ]
time cost: 1.5708236694335938
finished repeatition: 21 time cost: 1.9490704536437988
Calibration size: 7600 test size: 400
average infected size: 20.4575
coverage: [1.     0.9975 0.9975 0.975  0.955 ]
set size: [774.      16.3375  12.91    10.8625   9.655 ]
time cost: 1.5771348476409912
computing proposed method with precision score...
Conformity scores computed. shape of test:(400, 774)
coverage: [0.9375 0.9125 0.8775 0.83   0.7875]
set size: [13.5525 12.3275 10.9475  9.325   8.0275]
time cost: 1.5577900409698486
finished repeatition: 22 time cost: 1.9353947639465332
Calibration size: 7600 test size: 400
average infected size: 20.4575
coverage: [1.     1.     0.9925 0.97   0.945 ]
set size: [774.      17.085   12.8825  10.8575   9.665 ]
time cost: 1.520117998123169
computing proposed method with precision score...
Conformity scores computed. shape of test:(400, 774)
coverage: [0.93   0.8975 0.85   0.8    0.76  ]
set size: [13.6175 12.2075 10.7825  9.1675  7.905 ]
time cost: 1.580782175064087
finished repeatition: 23 time cost: 1.9593758583068848
Calibration size: 7600 test size: 400
average infected size: 20.4575
coverage: [1.     1.     1.     0.985  0.9475]
set size: [774.      15.65    12.375   10.4575   9.255 ]
time cost: 1.5170516967773438
computing proposed method with precision score...
Conformity scores computed. shape of test:(400, 774)
coverage: [0.9475 0.9275 0.885  0.835  0.78  ]
set size: [13.69   12.28   10.895   9.12    7.8725]
time cost: 1.579606533050537
finished repeatition: 24 time cost: 1.9575283527374268
Calibration size: 7600 test size: 400
average infected size: 20.4575
coverage: [1.     1.     0.9975 0.9725 0.9475]
set size: [774.      15.6675  12.885   10.8825   9.7   ]
time cost: 1.5254652500152588
computing proposed method with precision score...
Conformity scores computed. shape of test:(400, 774)
coverage: [0.935  0.905  0.865  0.8225 0.75  ]
set size: [13.8125 12.3725 10.9325  9.3425  7.9575]
time cost: 1.5842466354370117
finished repeatition: 25 time cost: 1.9634335041046143
Calibration size: 7600 test size: 400
average infected size: 20.4575
coverage: [1.     0.9975 0.995  0.98   0.945 ]
set size: [774.      14.8225  12.3575  10.535    9.28  ]
time cost: 1.5233969688415527
computing proposed method with precision score...
Conformity scores computed. shape of test:(400, 774)
coverage: [0.9375 0.915  0.875  0.815  0.7725]
set size: [14.02   12.6775 11.3075  9.7     8.3175]
time cost: 1.5811312198638916
finished repeatition: 26 time cost: 1.9584894180297852
Calibration size: 7600 test size: 400
average infected size: 20.4575
coverage: [1.     1.     0.995  0.9725 0.93  ]
set size: [774.      15.385   12.9375  11.005    9.6875]
time cost: 1.520972490310669
computing proposed method with precision score...
Conformity scores computed. shape of test:(400, 774)
coverage: [0.9275 0.895  0.8525 0.7875 0.725 ]
set size: [13.5625 12.24   10.8775  9.185   7.9375]
time cost: 1.58115553855896
finished repeatition: 27 time cost: 1.9594769477844238
Calibration size: 7600 test size: 400
average infected size: 20.4575
coverage: [1.     1.     1.     0.9875 0.9675]
set size: [774.      15.715   12.3575  10.4075   9.295 ]
time cost: 1.5283763408660889
computing proposed method with precision score...
Conformity scores computed. shape of test:(400, 774)
coverage: [0.9525 0.93   0.8975 0.8425 0.79  ]
set size: [13.825  12.475  11.1725  9.5475  8.2975]
time cost: 1.576061487197876
finished repeatition: 28 time cost: 1.9532907009124756
Calibration size: 7600 test size: 400
average infected size: 20.4575
coverage: [1.     0.9975 0.9975 0.985  0.96  ]
set size: [774.     15.815  12.82   10.835   9.56 ]
time cost: 1.5089566707611084
computing proposed method with precision score...
Conformity scores computed. shape of test:(400, 774)
coverage: [0.9425 0.915  0.8875 0.835  0.775 ]
set size: [13.7025 12.385  11.1375  9.385   7.99  ]
time cost: 1.5776805877685547
finished repeatition: 29 time cost: 1.9552686214447021
Calibration size: 7600 test size: 400
average infected size: 20.4575
coverage: [1.     0.9975 0.995  0.9825 0.955 ]
set size: [774.      13.8025  11.9975  10.2075   9.15  ]
time cost: 1.52885103225708
computing proposed method with precision score...
Conformity scores computed. shape of test:(400, 774)
coverage: [0.94   0.9275 0.895  0.8325 0.7875]
set size: [13.7925 12.4075 11.1925  9.5075  8.3025]
time cost: 1.5763952732086182
finished repeatition: 30 time cost: 1.95308518409729
Calibration size: 7600 test size: 400
average infected size: 20.4575
coverage: [1.     1.     0.9975 0.9725 0.935 ]
set size: [774.      14.92    12.4625  10.605    9.4575]
time cost: 1.5401926040649414
computing proposed method with precision score...
Conformity scores computed. shape of test:(400, 774)
coverage: [0.935  0.9175 0.8825 0.8225 0.7675]
set size: [13.9375 12.6175 11.1625  9.4425  8.175 ]
time cost: 1.5758211612701416
finished repeatition: 31 time cost: 1.9535467624664307
Calibration size: 7600 test size: 400
average infected size: 20.4575
coverage: [1.     0.9975 0.9925 0.9775 0.9425]
set size: [774.      15.1425  12.56    10.6525   9.495 ]
time cost: 1.5193562507629395
computing proposed method with precision score...
Conformity scores computed. shape of test:(400, 774)
coverage: [0.95   0.9225 0.89   0.8225 0.765 ]
set size: [13.925  12.5525 11.1875  9.45    8.15  ]
time cost: 1.5855515003204346
finished repeatition: 32 time cost: 1.9622442722320557
Calibration size: 7600 test size: 400
average infected size: 20.4575
coverage: [1.     1.     0.9975 0.9875 0.96  ]
set size: [774.      15.085   12.305   10.4975   9.39  ]
time cost: 1.5301222801208496
computing proposed method with precision score...
Conformity scores computed. shape of test:(400, 774)
coverage: [0.935  0.9175 0.875  0.82   0.7775]
set size: [13.5625 12.25   10.915   9.255   8.02  ]
time cost: 1.5794413089752197
finished repeatition: 33 time cost: 1.9569628238677979
Calibration size: 7600 test size: 400
average infected size: 20.4575
coverage: [1.     1.     0.9975 0.9775 0.9675]
set size: [774.      15.8975  12.7725  10.7475   9.6   ]
time cost: 1.5203921794891357
computing proposed method with precision score...
Conformity scores computed. shape of test:(400, 774)
coverage: [0.935  0.9125 0.89   0.8075 0.7675]
set size: [13.62   12.3225 11.1175  9.44    8.22  ]
time cost: 1.5738115310668945
finished repeatition: 34 time cost: 1.9511282444000244
Calibration size: 7600 test size: 400
average infected size: 20.4575
coverage: [1.     0.9975 0.9925 0.97   0.9475]
set size: [774.      16.0675  13.0625  11.0625   9.915 ]
time cost: 1.5160820484161377
computing proposed method with precision score...
Conformity scores computed. shape of test:(400, 774)
coverage: [0.925  0.91   0.87   0.8225 0.755 ]
set size: [13.8075 12.4625 11.0625  9.335   8.0325]
time cost: 1.5749421119689941
finished repeatition: 35 time cost: 1.9526433944702148
Calibration size: 7600 test size: 400
average infected size: 20.4575
coverage: [1.     0.9975 0.995  0.985  0.9475]
set size: [774.    14.96  12.24  10.49   9.26]
time cost: 1.5346715450286865
computing proposed method with precision score...
Conformity scores computed. shape of test:(400, 774)
coverage: [0.935  0.9075 0.8825 0.8125 0.77  ]
set size: [13.43   12.1375 10.835   9.185   7.94  ]
time cost: 1.5771100521087646
finished repeatition: 36 time cost: 1.9530413150787354
Calibration size: 7600 test size: 400
average infected size: 20.4575
coverage: [1.     0.9975 0.9975 0.985  0.96  ]
set size: [774.      16.055   12.73    10.7575   9.445 ]
time cost: 1.5205817222595215
computing proposed method with precision score...
Conformity scores computed. shape of test:(400, 774)
coverage: [0.9525 0.9275 0.8775 0.8275 0.785 ]
set size: [13.67   12.34   11.045   9.4125  8.065 ]
time cost: 1.576855182647705
finished repeatition: 37 time cost: 1.953211784362793
Calibration size: 7600 test size: 400
average infected size: 20.4575
coverage: [1.     1.     0.9975 0.985  0.9625]
set size: [774.     16.91   12.675  10.645   9.41 ]
time cost: 1.5115489959716797
computing proposed method with precision score...
Conformity scores computed. shape of test:(400, 774)
coverage: [0.9425 0.925  0.88   0.8275 0.7675]
set size: [13.695  12.3375 10.99    9.305   7.9875]
time cost: 1.5811831951141357
finished repeatition: 38 time cost: 1.957303524017334
Calibration size: 7600 test size: 400
average infected size: 20.4575
coverage: [1.    1.    0.995 0.975 0.95 ]
set size: [774.      15.0475  12.6525  10.765    9.565 ]
time cost: 1.5104279518127441
computing proposed method with precision score...
Conformity scores computed. shape of test:(400, 774)
coverage: [0.9525 0.9125 0.865  0.8075 0.75  ]
set size: [13.785 12.4   11.045  9.395  7.92 ]
time cost: 1.5751006603240967
finished repeatition: 39 time cost: 1.9511122703552246
Calibration size: 7600 test size: 400
average infected size: 20.4575
coverage: [1.     0.9975 0.995  0.9725 0.94  ]
set size: [774.      14.7975  12.435   10.5275   9.2725]
time cost: 1.5091054439544678
computing proposed method with precision score...
Conformity scores computed. shape of test:(400, 774)
coverage: [0.945  0.9225 0.88   0.8125 0.7525]
set size: [13.6875 12.3175 10.92    9.2475  8.0025]
time cost: 1.5891759395599365
finished repeatition: 40 time cost: 1.9657883644104004
Calibration size: 7600 test size: 400
average infected size: 20.4575
coverage: [1.     0.9975 0.995  0.965  0.9375]
set size: [774.      15.6175  12.7125  10.785    9.51  ]
time cost: 1.7032060623168945
computing proposed method with precision score...
Conformity scores computed. shape of test:(400, 774)
coverage: [0.9425 0.915  0.895  0.82   0.76  ]
set size: [13.905 12.535 11.165  9.455  8.135]
time cost: 1.5799376964569092
finished repeatition: 41 time cost: 1.956305980682373
Calibration size: 7600 test size: 400
average infected size: 20.4575
coverage: [1.     0.9975 0.9925 0.9675 0.935 ]
set size: [774.      15.705   12.795   10.805    9.5675]
time cost: 1.514744520187378
computing proposed method with precision score...
Conformity scores computed. shape of test:(400, 774)
coverage: [0.9225 0.89   0.8625 0.795  0.73  ]
set size: [13.5825 12.18   10.79    9.1675  7.8725]
time cost: 1.5855624675750732
finished repeatition: 42 time cost: 1.9612810611724854
Calibration size: 7600 test size: 400
average infected size: 20.4575
coverage: [1.     1.     0.9975 0.975  0.945 ]
set size: [774.      15.0675  12.1325  10.3575   9.2925]
time cost: 1.5090887546539307
computing proposed method with precision score...
Conformity scores computed. shape of test:(400, 774)
coverage: [0.9475 0.92   0.8925 0.8275 0.7825]
set size: [13.3475 12.2225 10.9325  9.3175  8.0175]
time cost: 1.5702478885650635
finished repeatition: 43 time cost: 1.9478635787963867
Calibration size: 7600 test size: 400
average infected size: 20.4575
coverage: [1.     0.9975 0.9925 0.9725 0.9475]
set size: [774.      15.0875  12.6825  10.675    9.48  ]
time cost: 1.520331859588623
computing proposed method with precision score...
Conformity scores computed. shape of test:(400, 774)
coverage: [0.93   0.9075 0.88   0.825  0.7575]
set size: [13.825 12.355 11.035  9.225  7.9  ]
time cost: 1.5560829639434814
finished repeatition: 44 time cost: 1.9321792125701904
Calibration size: 7600 test size: 400
average infected size: 20.4575
coverage: [1.     0.9975 0.995  0.98   0.9425]
set size: [774.      15.665   12.47    10.6175   9.3125]
time cost: 1.5276532173156738
computing proposed method with precision score...
Conformity scores computed. shape of test:(400, 774)
coverage: [0.9375 0.92   0.8825 0.825  0.7775]
set size: [13.8    12.37   11.035   9.4625  8.0925]
time cost: 1.555180549621582
finished repeatition: 45 time cost: 1.9300463199615479
Calibration size: 7600 test size: 400
average infected size: 20.4575
coverage: [1.     1.     1.     0.99   0.9525]
set size: [774.      14.6875  12.525   10.6625   9.495 ]
time cost: 1.5306391716003418
computing proposed method with precision score...
Conformity scores computed. shape of test:(400, 774)
coverage: [0.935  0.915  0.8825 0.8225 0.765 ]
set size: [13.4825 12.15   10.925   9.225   7.9675]
time cost: 1.582108974456787
finished repeatition: 46 time cost: 1.959583044052124
Calibration size: 7600 test size: 400
average infected size: 20.4575
coverage: [1.     0.9975 0.9975 0.98   0.955 ]
set size: [774.      14.36    12.51    10.6325   9.4325]
time cost: 1.517486572265625
computing proposed method with precision score...
Conformity scores computed. shape of test:(400, 774)
coverage: [0.94   0.9175 0.885  0.825  0.7775]
set size: [13.835  12.51   11.0825  9.2325  7.905 ]
time cost: 1.5653517246246338
finished repeatition: 47 time cost: 1.9418931007385254
Calibration size: 7600 test size: 400
average infected size: 20.4575
coverage: [1.     1.     0.9975 0.9775 0.945 ]
set size: [774.      15.735   12.4325  10.5525   9.3275]
time cost: 1.5099704265594482
computing proposed method with precision score...
Conformity scores computed. shape of test:(400, 774)
coverage: [0.9475 0.9125 0.8875 0.8025 0.7375]
set size: [13.3475 12.1    10.81    9.045   7.77  ]
time cost: 1.5703763961791992
finished repeatition: 48 time cost: 1.9460196495056152
Calibration size: 7600 test size: 400
average infected size: 20.4575
coverage: [1.     1.     0.9975 0.98   0.9525]
set size: [774.      14.65    12.3775  10.6025   9.39  ]
time cost: 1.5205681324005127
computing proposed method with precision score...
Conformity scores computed. shape of test:(400, 774)
coverage: [0.935  0.91   0.8775 0.81   0.7475]
set size: [13.465  12.265  10.75    9.0675  7.8525]
time cost: 1.5827934741973877
finished repeatition: 49 time cost: 1.959216833114624

Coverage Results:
Method    α=0.05         α=0.07         α=0.10         α=0.15         α=0.20         
-------------------------------------------------------------------------------------
set_recall1.000 ± 0.000  0.999 ± 0.001  0.997 ± 0.002  0.979 ± 0.006  0.951 ± 0.009  
set_prec  0.940 ± 0.008  0.915 ± 0.010  0.881 ± 0.012  0.823 ± 0.013  0.767 ± 0.018  

Set Size Results:
Method    α=0.05         α=0.07         α=0.10         α=0.15         α=0.20         
-------------------------------------------------------------------------------------
set_recall774.000 ± 0.00015.431 ± 0.651 12.549 ± 0.238 10.635 ± 0.190 9.434 ± 0.174  
set_prec  13.700 ± 0.185 12.378 ± 0.169 11.029 ± 0.157 9.329 ± 0.153  8.016 ± 0.153  

Time Cost Results:
Method    α=0.05         α=0.07         α=0.10         α=0.15         α=0.20         
-------------------------------------------------------------------------------------
set_recall1.535 ± 0.039  1.535 ± 0.039  1.535 ± 0.039  1.535 ± 0.039  1.535 ± 0.039  
set_prec  1.578 ± 0.009  1.578 ± 0.009  1.578 ± 0.009  1.578 ± 0.009  1.578 ± 0.009  
finished.
