2025-09-01 00:01:22.651669: I tensorflow/stream_executor/platform/default/dso_loader.cc:48] Successfully opened dynamic library libcudart.so.10.1
Number of nodes: 774
Number of edges: 7992
Calibration size: 7600 test size: 400
average infected size: 33.0425
coverage: [0.9425 0.915  0.8675 0.8225 0.76  ]
set size: [28.3475 26.915  25.3375 23.32   21.795 ]
time cost: 1.434457540512085
computing proposed method with precision score...
Conformity scores computed. shape of test:(400, 774)
coverage: [0.9875 0.9825 0.97   0.9375 0.9175]
set size: [42.39   40.4175 37.89   34.4675 31.6225]
time cost: 1.5830659866333008
finished repeatition: 0 time cost: 1.9762978553771973
Calibration size: 7600 test size: 400
average infected size: 33.0425
coverage: [0.96   0.9525 0.9125 0.86   0.79  ]
set size: [29.325  27.8575 26.19   24.03   22.4225]
time cost: 1.425917387008667
computing proposed method with precision score...
Conformity scores computed. shape of test:(400, 774)
coverage: [0.9775 0.9775 0.97   0.9475 0.925 ]
set size: [43.4675 41.56   38.96   35.685  32.78  ]
time cost: 1.589968204498291
finished repeatition: 1 time cost: 1.9769847393035889
Calibration size: 7600 test size: 400
average infected size: 33.0425
coverage: [0.9525 0.93   0.905  0.85   0.7925]
set size: [30.4325 28.8225 27.11   24.95   23.3075]
time cost: 1.4368464946746826
computing proposed method with precision score...
Conformity scores computed. shape of test:(400, 774)
coverage: [0.985  0.9825 0.97   0.94   0.92  ]
set size: [44.5375 42.44   39.9675 36.5025 33.415 ]
time cost: 1.586620569229126
finished repeatition: 2 time cost: 1.9733495712280273
Calibration size: 7600 test size: 400
average infected size: 33.0425
coverage: [0.95   0.9175 0.875  0.85   0.7725]
set size: [28.94   27.405  25.7875 23.835  22.215 ]
time cost: 1.4314148426055908
computing proposed method with precision score...
Conformity scores computed. shape of test:(400, 774)
coverage: [0.9775 0.975  0.965  0.9375 0.91  ]
set size: [42.3325 40.18   37.6875 34.34   31.5   ]
time cost: 1.7590041160583496
finished repeatition: 3 time cost: 2.1596031188964844
Calibration size: 7600 test size: 400
average infected size: 33.0425
coverage: [0.9525 0.935  0.89   0.84   0.775 ]
set size: [28.8375 27.37   25.665  23.7175 22.095 ]
time cost: 1.4221510887145996
computing proposed method with precision score...
Conformity scores computed. shape of test:(400, 774)
coverage: [0.98   0.98   0.97   0.93   0.9025]
set size: [42.17   40.265  37.8175 34.3925 31.61  ]
time cost: 1.7636115550994873
finished repeatition: 4 time cost: 2.195996046066284
Calibration size: 7600 test size: 400
average infected size: 33.0425
coverage: [0.94  0.925 0.9   0.86  0.795]
set size: [28.51   27.2375 25.665  23.595  22.0275]
time cost: 1.4282164573669434
computing proposed method with precision score...
Conformity scores computed. shape of test:(400, 774)
coverage: [0.98   0.97   0.96   0.9225 0.8975]
set size: [41.56   39.545  37.0875 33.885  31.1475]
time cost: 1.7617168426513672
finished repeatition: 5 time cost: 2.190025568008423
Calibration size: 7600 test size: 400
average infected size: 33.0425
coverage: [0.9475 0.9325 0.9    0.855  0.8025]
set size: [29.7775 28.4225 26.805  24.83   23.225 ]
time cost: 1.4170432090759277
computing proposed method with precision score...
Conformity scores computed. shape of test:(400, 774)
coverage: [0.9775 0.975  0.965  0.93   0.9   ]
set size: [43.03   40.85   38.33   35.14   32.2425]
time cost: 1.7591431140899658
finished repeatition: 6 time cost: 2.1904759407043457
Calibration size: 7600 test size: 400
average infected size: 33.0425
coverage: [0.945  0.925  0.8725 0.8275 0.775 ]
set size: [28.2175 27.0425 25.465  23.535  21.9725]
time cost: 1.4329965114593506
computing proposed method with precision score...
Conformity scores computed. shape of test:(400, 774)
coverage: [0.9925 0.9825 0.98   0.945  0.92  ]
set size: [43.27   41.1575 38.845  35.4225 32.645 ]
time cost: 1.5789704322814941
finished repeatition: 7 time cost: 1.98201584815979
Calibration size: 7600 test size: 400
average infected size: 33.0425
coverage: [0.9425 0.92   0.875  0.825  0.755 ]
set size: [28.2225 26.87   25.41   23.43   21.79  ]
time cost: 1.429189682006836
computing proposed method with precision score...
Conformity scores computed. shape of test:(400, 774)
coverage: [0.9825 0.975  0.9675 0.935  0.91  ]
set size: [41.8175 39.8375 37.365  34.0575 31.3025]
time cost: 1.5797741413116455
finished repeatition: 8 time cost: 1.9667637348175049
Calibration size: 7600 test size: 400
average infected size: 33.0425
coverage: [0.9475 0.9275 0.8825 0.8375 0.7825]
set size: [29.095  27.6075 26.0025 24.0825 22.4725]
time cost: 1.444748878479004
computing proposed method with precision score...
Conformity scores computed. shape of test:(400, 774)
coverage: [0.9775 0.97   0.9575 0.9325 0.9125]
set size: [42.76   40.7525 38.17   34.84   31.89  ]
time cost: 1.5867247581481934
finished repeatition: 9 time cost: 1.9747953414916992
Calibration size: 7600 test size: 400
average infected size: 33.0425
coverage: [0.9375 0.91   0.865  0.8125 0.745 ]
set size: [29.7475 28.145  26.3825 24.1925 22.655 ]
time cost: 1.4331071376800537
computing proposed method with precision score...
Conformity scores computed. shape of test:(400, 774)
coverage: [0.9825 0.9775 0.965  0.925  0.91  ]
set size: [43.4025 41.215  38.8175 35.4125 32.3825]
time cost: 1.56837797164917
finished repeatition: 10 time cost: 1.9711451530456543
Calibration size: 7600 test size: 400
average infected size: 33.0425
coverage: [0.9425 0.925  0.89   0.84   0.77  ]
set size: [28.0925 26.7075 25.1675 23.2425 21.75  ]
time cost: 1.4286973476409912
computing proposed method with precision score...
Conformity scores computed. shape of test:(400, 774)
coverage: [0.9925 0.9875 0.9725 0.9475 0.925 ]
set size: [42.305  40.3375 38.0375 34.7925 31.83  ]
time cost: 1.5772426128387451
finished repeatition: 11 time cost: 1.965740442276001
Calibration size: 7600 test size: 400
average infected size: 33.0425
coverage: [0.94   0.9175 0.865  0.83   0.7525]
set size: [29.045  27.7475 26.0575 24.0975 22.51  ]
time cost: 1.4367012977600098
computing proposed method with precision score...
Conformity scores computed. shape of test:(400, 774)
coverage: [0.9725 0.9675 0.9625 0.9275 0.895 ]
set size: [42.5075 40.3625 37.86   34.625  31.925 ]
time cost: 1.768021583557129
finished repeatition: 12 time cost: 2.1717405319213867
Calibration size: 7600 test size: 400
average infected size: 33.0425
coverage: [0.9525 0.9375 0.9075 0.8525 0.7775]
set size: [28.185  26.7975 25.2325 23.175  21.7525]
time cost: 1.4237127304077148
computing proposed method with precision score...
Conformity scores computed. shape of test:(400, 774)
coverage: [0.975  0.9675 0.9575 0.9275 0.905 ]
set size: [41.6175 39.4475 37.0675 33.975  31.145 ]
time cost: 1.5801773071289062
finished repeatition: 13 time cost: 1.9822454452514648
Calibration size: 7600 test size: 400
average infected size: 33.0425
coverage: [0.95   0.93   0.905  0.8675 0.7975]
set size: [28.7175 27.265  25.6775 23.675  22.03  ]
time cost: 1.4320905208587646
computing proposed method with precision score...
Conformity scores computed. shape of test:(400, 774)
coverage: [0.985  0.9825 0.97   0.93   0.9075]
set size: [42.0025 40.1    37.7575 34.5675 31.63  ]
time cost: 1.575120210647583
finished repeatition: 14 time cost: 1.962172508239746
Calibration size: 7600 test size: 400
average infected size: 33.0425
coverage: [0.935  0.91   0.86   0.7925 0.72  ]
set size: [28.18   26.75   25.24   23.19   21.6875]
time cost: 1.4356658458709717
computing proposed method with precision score...
Conformity scores computed. shape of test:(400, 774)
coverage: [0.9775 0.9725 0.9675 0.9375 0.905 ]
set size: [41.8425 39.63   37.3375 34.1    31.1275]
time cost: 1.573622703552246
finished repeatition: 15 time cost: 1.958777666091919
Calibration size: 7600 test size: 400
average infected size: 33.0425
coverage: [0.935  0.9175 0.8725 0.82   0.745 ]
set size: [28.0175 26.63   25.0425 23.17   21.7225]
time cost: 1.4401471614837646
computing proposed method with precision score...
Conformity scores computed. shape of test:(400, 774)
coverage: [0.975  0.975  0.97   0.9425 0.925 ]
set size: [41.6225 39.745  37.51   34.29   31.4325]
time cost: 1.5756747722625732
finished repeatition: 16 time cost: 1.9627346992492676
Calibration size: 7600 test size: 400
average infected size: 33.0425
coverage: [0.9625 0.945  0.8925 0.8375 0.7775]
set size: [30.505  28.9125 27.0975 24.9975 23.375 ]
time cost: 1.420973777770996
computing proposed method with precision score...
Conformity scores computed. shape of test:(400, 774)
coverage: [0.9725 0.965  0.955  0.9175 0.895 ]
set size: [44.105  41.925  39.235  35.7575 32.81  ]
time cost: 1.5920217037200928
finished repeatition: 17 time cost: 1.9808127880096436
Calibration size: 7600 test size: 400
average infected size: 33.0425
coverage: [0.9525 0.935  0.8925 0.855  0.78  ]
set size: [28.905  27.5375 25.77   23.7825 22.1025]
time cost: 1.4279773235321045
computing proposed method with precision score...
Conformity scores computed. shape of test:(400, 774)
coverage: [0.9825 0.9775 0.97   0.9225 0.9   ]
set size: [42.065  39.95   37.64   34.095  31.3175]
time cost: 1.5849385261535645
finished repeatition: 18 time cost: 1.9721612930297852
Calibration size: 7600 test size: 400
average infected size: 33.0425
coverage: [0.94   0.915  0.885  0.8225 0.75  ]
set size: [29.3675 27.8075 26.2175 24.115  22.62  ]
time cost: 1.4366657733917236
computing proposed method with precision score...
Conformity scores computed. shape of test:(400, 774)
coverage: [0.9775 0.975  0.965  0.9225 0.9025]
set size: [42.7125 40.87   38.6175 35.03   32.1175]
time cost: 1.5719337463378906
finished repeatition: 19 time cost: 1.9620563983917236
Calibration size: 7600 test size: 400
average infected size: 33.0425
coverage: [0.97   0.96   0.915  0.8775 0.8075]
set size: [28.7525 27.43   25.6375 23.7125 22.145 ]
time cost: 1.419778823852539
computing proposed method with precision score...
Conformity scores computed. shape of test:(400, 774)
coverage: [0.99   0.98   0.9725 0.95   0.92  ]
set size: [42.4925 40.4375 38.265  34.92   32.0575]
time cost: 1.5682010650634766
finished repeatition: 20 time cost: 1.9597218036651611
Calibration size: 7600 test size: 400
average infected size: 33.0425
coverage: [0.9575 0.93   0.89   0.845  0.7775]
set size: [29.88   28.2675 26.6275 24.56   22.935 ]
time cost: 1.4254469871520996
computing proposed method with precision score...
Conformity scores computed. shape of test:(400, 774)
coverage: [0.985  0.9825 0.9725 0.94   0.9175]
set size: [43.3125 41.24   38.58   35.25   32.51  ]
time cost: 1.5669887065887451
finished repeatition: 21 time cost: 1.955488920211792
Calibration size: 7600 test size: 400
average infected size: 33.0425
coverage: [0.9325 0.915  0.8625 0.8275 0.7625]
set size: [28.2275 26.8525 25.285  23.325  21.715 ]
time cost: 1.4358940124511719
computing proposed method with precision score...
Conformity scores computed. shape of test:(400, 774)
coverage: [0.9825 0.9775 0.97   0.935  0.9175]
set size: [42.2075 40.1875 37.6625 34.5325 31.7975]
time cost: 1.5811641216278076
finished repeatition: 22 time cost: 1.979426383972168
Calibration size: 7600 test size: 400
average infected size: 33.0425
coverage: [0.935  0.9075 0.875  0.8325 0.7775]
set size: [28.795  27.3375 25.775  23.8875 22.35  ]
time cost: 1.4284231662750244
computing proposed method with precision score...
Conformity scores computed. shape of test:(400, 774)
coverage: [0.98   0.9725 0.96   0.9325 0.9075]
set size: [42.485  40.325  37.95   34.6625 31.9925]
time cost: 1.588639259338379
finished repeatition: 23 time cost: 1.9782679080963135
Calibration size: 7600 test size: 400
average infected size: 33.0425
coverage: [0.955  0.93   0.8875 0.8425 0.76  ]
set size: [28.5625 26.9575 25.3    23.3125 21.7825]
time cost: 1.4344358444213867
computing proposed method with precision score...
Conformity scores computed. shape of test:(400, 774)
coverage: [0.975  0.9675 0.9575 0.94   0.91  ]
set size: [41.495  39.865  37.5525 34.32   31.3375]
time cost: 1.7478721141815186
finished repeatition: 24 time cost: 2.1551690101623535
Calibration size: 7600 test size: 400
average infected size: 33.0425
coverage: [0.955  0.9375 0.91   0.8575 0.7925]
set size: [29.8325 28.26   26.6625 24.6175 22.975 ]
time cost: 1.4318015575408936
computing proposed method with precision score...
Conformity scores computed. shape of test:(400, 774)
coverage: [0.98   0.9725 0.9675 0.935  0.9025]
set size: [43.26   41.035  38.455  35.0975 32.23  ]
time cost: 1.572690725326538
finished repeatition: 25 time cost: 1.9727115631103516
Calibration size: 7600 test size: 400
average infected size: 33.0425
coverage: [0.9425 0.925  0.8925 0.8375 0.7775]
set size: [29.09   27.605  26.01   23.94   22.4925]
time cost: 1.4351637363433838
computing proposed method with precision score...
Conformity scores computed. shape of test:(400, 774)
coverage: [0.9825 0.98   0.975  0.9425 0.925 ]
set size: [43.55   41.3775 38.905  35.835  32.8275]
time cost: 1.5773708820343018
finished repeatition: 26 time cost: 1.9652764797210693
Calibration size: 7600 test size: 400
average infected size: 33.0425
coverage: [0.95   0.9275 0.89   0.835  0.7575]
set size: [27.8325 26.5175 24.96   23.075  21.5275]
time cost: 1.4329793453216553
computing proposed method with precision score...
Conformity scores computed. shape of test:(400, 774)
coverage: [0.9725 0.97   0.96   0.9225 0.9025]
set size: [41.73   39.74   37.2825 34.0475 31.2425]
time cost: 1.7464616298675537
finished repeatition: 27 time cost: 2.136087417602539
Calibration size: 7600 test size: 400
average infected size: 33.0425
coverage: [0.955  0.93   0.8875 0.8575 0.7925]
set size: [29.5375 28.155  26.42   24.495  22.81  ]
time cost: 1.436345100402832
computing proposed method with precision score...
Conformity scores computed. shape of test:(400, 774)
coverage: [0.9775 0.9725 0.9675 0.9375 0.9075]
set size: [43.32   41.065  38.6475 35.2175 32.005 ]
time cost: 1.56107497215271
finished repeatition: 28 time cost: 1.9658586978912354
Calibration size: 7600 test size: 400
average infected size: 33.0425
coverage: [0.9375 0.91   0.8725 0.82   0.755 ]
set size: [29.2625 27.7475 26.055  24.1025 22.5975]
time cost: 1.4263124465942383
computing proposed method with precision score...
Conformity scores computed. shape of test:(400, 774)
coverage: [0.98   0.98   0.9725 0.9425 0.9175]
set size: [43.5575 41.3775 38.8325 35.27   32.1875]
time cost: 1.5768163204193115
finished repeatition: 29 time cost: 1.985255479812622
Calibration size: 7600 test size: 400
average infected size: 33.0425
coverage: [0.9475 0.9375 0.8975 0.8575 0.7975]
set size: [28.7925 27.5    25.79   23.7575 22.1375]
time cost: 1.4339964389801025
computing proposed method with precision score...
Conformity scores computed. shape of test:(400, 774)
coverage: [0.9925 0.9875 0.98   0.94   0.9225]
set size: [41.7675 39.82   37.3525 34.105  31.2175]
time cost: 1.5700762271881104
finished repeatition: 30 time cost: 1.9599452018737793
Calibration size: 7600 test size: 400
average infected size: 33.0425
coverage: [0.95   0.94   0.9025 0.8475 0.7875]
set size: [28.715  27.49   25.745  23.4775 21.9475]
time cost: 1.4189717769622803
computing proposed method with precision score...
Conformity scores computed. shape of test:(400, 774)
coverage: [0.9875 0.9775 0.9725 0.9375 0.9125]
set size: [42.0825 40.3025 37.6525 34.3125 31.5725]
time cost: 1.5749139785766602
finished repeatition: 31 time cost: 1.9632716178894043
Calibration size: 7600 test size: 400
average infected size: 33.0425
coverage: [0.935  0.9225 0.8875 0.84   0.7775]
set size: [28.2125 26.7975 25.25   23.3625 21.8825]
time cost: 1.4213576316833496
computing proposed method with precision score...
Conformity scores computed. shape of test:(400, 774)
coverage: [0.98   0.9725 0.9625 0.9425 0.925 ]
set size: [41.8075 39.8575 37.365  34.2425 31.47  ]
time cost: 1.5590341091156006
finished repeatition: 32 time cost: 1.9464335441589355
Calibration size: 7600 test size: 400
average infected size: 33.0425
coverage: [0.92   0.905  0.87   0.8275 0.7675]
set size: [28.6225 27.2725 25.7125 23.7025 22.1825]
time cost: 1.432384967803955
computing proposed method with precision score...
Conformity scores computed. shape of test:(400, 774)
coverage: [0.975  0.9675 0.9525 0.9275 0.9025]
set size: [41.67   39.6275 37.2475 34.2025 31.4175]
time cost: 1.558171033859253
finished repeatition: 33 time cost: 1.959104061126709
Calibration size: 7600 test size: 400
average infected size: 33.0425
coverage: [0.9475 0.9375 0.9025 0.855  0.7725]
set size: [28.8725 27.51   25.7925 23.7425 22.2125]
time cost: 1.409156084060669
computing proposed method with precision score...
Conformity scores computed. shape of test:(400, 774)
coverage: [0.9825 0.975  0.965  0.9375 0.9   ]
set size: [42.4025 40.3    37.845  34.415  31.5425]
time cost: 1.7685770988464355
finished repeatition: 34 time cost: 2.1588759422302246
Calibration size: 7600 test size: 400
average infected size: 33.0425
coverage: [0.945  0.92   0.89   0.8325 0.7825]
set size: [28.09   26.7125 25.185  23.2975 21.67  ]
time cost: 1.4295260906219482
computing proposed method with precision score...
Conformity scores computed. shape of test:(400, 774)
coverage: [0.9925 0.9875 0.98   0.9475 0.9175]
set size: [41.3025 39.425  37.03   33.83   30.8975]
time cost: 1.5714659690856934
finished repeatition: 35 time cost: 1.9640979766845703
Calibration size: 7600 test size: 400
average infected size: 33.0425
coverage: [0.93   0.91   0.8825 0.8425 0.7675]
set size: [28.8025 27.475  25.9325 23.8225 22.2225]
time cost: 1.434596061706543
computing proposed method with precision score...
Conformity scores computed. shape of test:(400, 774)
coverage: [0.9825 0.9775 0.9725 0.9475 0.9325]
set size: [42.35   40.32   37.775  34.555  31.8625]
time cost: 1.7707278728485107
finished repeatition: 36 time cost: 2.188333749771118
Calibration size: 7600 test size: 400
average infected size: 33.0425
coverage: [0.96   0.945  0.92   0.885  0.8125]
set size: [28.0575 26.605  25.0675 23.0525 21.5425]
time cost: 1.4286727905273438
computing proposed method with precision score...
Conformity scores computed. shape of test:(400, 774)
coverage: [0.9875 0.985  0.9775 0.9375 0.9225]
set size: [42.265  40.4075 37.9925 34.9075 31.99  ]
time cost: 1.5828793048858643
finished repeatition: 37 time cost: 1.9930362701416016
Calibration size: 7600 test size: 400
average infected size: 33.0425
coverage: [0.9525 0.935  0.885  0.8375 0.775 ]
set size: [30.7575 29.205  27.3525 25.295  23.635 ]
time cost: 1.4386439323425293
computing proposed method with precision score...
Conformity scores computed. shape of test:(400, 774)
coverage: [0.9825 0.97   0.9575 0.915  0.8975]
set size: [44.7    42.44   39.6875 35.825  33.0775]
time cost: 1.5646874904632568
finished repeatition: 38 time cost: 1.95704984664917
Calibration size: 7600 test size: 400
average infected size: 33.0425
coverage: [0.9425 0.9225 0.8775 0.835  0.775 ]
set size: [29.755  28.3275 26.655  24.66   22.9925]
time cost: 1.417839765548706
computing proposed method with precision score...
Conformity scores computed. shape of test:(400, 774)
coverage: [0.9775 0.9675 0.9575 0.9125 0.8775]
set size: [42.4225 40.365  37.995  34.6975 31.785 ]
time cost: 1.5752403736114502
finished repeatition: 39 time cost: 1.961503267288208
Calibration size: 7600 test size: 400
average infected size: 33.0425
coverage: [0.945  0.935  0.895  0.8425 0.7725]
set size: [29.445  27.9725 26.325  24.255  22.565 ]
time cost: 1.4314098358154297
computing proposed method with precision score...
Conformity scores computed. shape of test:(400, 774)
coverage: [0.99  0.98  0.975 0.945 0.92 ]
set size: [43.8525 41.565  39.19   35.715  32.715 ]
time cost: 1.5750844478607178
finished repeatition: 40 time cost: 1.9641437530517578
Calibration size: 7600 test size: 400
average infected size: 33.0425
coverage: [0.935  0.9175 0.8725 0.8175 0.7625]
set size: [28.9075 27.465  25.8575 23.8275 22.23  ]
time cost: 1.4282371997833252
computing proposed method with precision score...
Conformity scores computed. shape of test:(400, 774)
coverage: [0.9725 0.97   0.965  0.93   0.905 ]
set size: [42.33   40.2925 37.85   34.5175 31.6425]
time cost: 1.586402177810669
finished repeatition: 41 time cost: 1.974081039428711
Calibration size: 7600 test size: 400
average infected size: 33.0425
coverage: [0.9375 0.9125 0.88   0.8375 0.7725]
set size: [28.1325 26.74   25.2975 23.28   21.765 ]
time cost: 1.4445443153381348
computing proposed method with precision score...
Conformity scores computed. shape of test:(400, 774)
coverage: [0.9875 0.9775 0.97   0.945  0.915 ]
set size: [42.0925 40.2775 37.6925 34.525  31.64  ]
time cost: 1.569157600402832
finished repeatition: 42 time cost: 1.9801945686340332
Calibration size: 7600 test size: 400
average infected size: 33.0425
coverage: [0.9475 0.93   0.8975 0.8425 0.765 ]
set size: [29.5925 28.165  26.555  24.5575 22.9075]
time cost: 1.4249730110168457
computing proposed method with precision score...
Conformity scores computed. shape of test:(400, 774)
coverage: [0.975  0.97   0.96   0.9275 0.8925]
set size: [43.46   41.2    38.5625 35.205  32.2025]
time cost: 1.5711288452148438
finished repeatition: 43 time cost: 1.9580159187316895
Calibration size: 7600 test size: 400
average infected size: 33.0425
coverage: [0.94   0.91   0.875  0.8225 0.755 ]
set size: [28.4125 26.9225 25.5175 23.655  22.125 ]
time cost: 1.427337646484375
computing proposed method with precision score...
Conformity scores computed. shape of test:(400, 774)
coverage: [0.975  0.9675 0.96   0.915  0.88  ]
set size: [41.5725 39.475  37.0625 33.68   30.945 ]
time cost: 1.5591959953308105
finished repeatition: 44 time cost: 1.9469592571258545
Calibration size: 7600 test size: 400
average infected size: 33.0425
coverage: [0.9475 0.935  0.8875 0.845  0.7825]
set size: [28.4    27.095  25.3225 23.3375 21.735 ]
time cost: 1.4222619533538818
computing proposed method with precision score...
Conformity scores computed. shape of test:(400, 774)
coverage: [0.98   0.9775 0.9775 0.94   0.905 ]
set size: [41.58   39.7375 37.44   34.1225 31.3925]
time cost: 1.5847651958465576
finished repeatition: 45 time cost: 1.9731683731079102
Calibration size: 7600 test size: 400
average infected size: 33.0425
coverage: [0.9525 0.94   0.895  0.8425 0.775 ]
set size: [29.385  28.06   26.49   24.4125 22.835 ]
time cost: 1.4383227825164795
computing proposed method with precision score...
Conformity scores computed. shape of test:(400, 774)
coverage: [0.99   0.9825 0.9675 0.93   0.9   ]
set size: [43.26   41.0325 38.4725 35.035  32.015 ]
time cost: 1.5622830390930176
finished repeatition: 46 time cost: 1.983947992324829
Calibration size: 7600 test size: 400
average infected size: 33.0425
coverage: [0.9475 0.9275 0.895  0.86   0.7725]
set size: [27.62   26.2375 24.725  22.8375 21.325 ]
time cost: 1.4237470626831055
computing proposed method with precision score...
Conformity scores computed. shape of test:(400, 774)
coverage: [0.985  0.9725 0.96   0.925  0.895 ]
set size: [40.8375 38.6925 36.0325 32.8175 29.9   ]
time cost: 1.5856091976165771
finished repeatition: 47 time cost: 1.9725775718688965
Calibration size: 7600 test size: 400
average infected size: 33.0425
coverage: [0.94   0.9275 0.8925 0.85   0.79  ]
set size: [28.9225 27.4925 25.7275 23.7425 22.225 ]
time cost: 1.4236836433410645
computing proposed method with precision score...
Conformity scores computed. shape of test:(400, 774)
coverage: [0.9875 0.98   0.97   0.94   0.92  ]
set size: [42.6925 40.5775 38.175  35.0825 32.1825]
time cost: 1.5927610397338867
finished repeatition: 48 time cost: 1.9812188148498535
Calibration size: 7600 test size: 400
average infected size: 33.0425
coverage: [0.9425 0.9175 0.885  0.835  0.77  ]
set size: [29.71   28.125  26.4075 24.3575 22.6825]
time cost: 1.4323208332061768
computing proposed method with precision score...
Conformity scores computed. shape of test:(400, 774)
coverage: [0.9825 0.9725 0.9625 0.92   0.895 ]
set size: [43.7475 41.555  38.9275 35.52   32.59  ]
time cost: 1.5579378604888916
finished repeatition: 49 time cost: 1.9567844867706299

Coverage Results:
Method    α=0.05         α=0.07         α=0.10         α=0.15         α=0.20         
-------------------------------------------------------------------------------------
set_recall0.946 ± 0.009  0.926 ± 0.012  0.888 ± 0.014  0.841 ± 0.017  0.774 ± 0.017  
set_prec  0.982 ± 0.006  0.976 ± 0.006  0.967 ± 0.007  0.934 ± 0.010  0.909 ± 0.012  

Set Size Results:
Method    α=0.05         α=0.07         α=0.10         α=0.15         α=0.20         
-------------------------------------------------------------------------------------
set_recall28.909 ± 0.713 27.483 ± 0.660 25.855 ± 0.602 23.848 ± 0.566 22.274 ± 0.529 
set_prec  42.542 ± 0.860 40.490 ± 0.789 38.030 ± 0.750 34.717 ± 0.675 31.842 ± 0.634 

Time Cost Results:
Method    α=0.05         α=0.07         α=0.10         α=0.15         α=0.20         
-------------------------------------------------------------------------------------
set_recall1.430 ± 0.007  1.430 ± 0.007  1.430 ± 0.007  1.430 ± 0.007  1.430 ± 0.007  
set_prec  1.609 ± 0.072  1.609 ± 0.072  1.609 ± 0.072  1.609 ± 0.072  1.609 ± 0.072  
finished.
