2025-07-18 23:58:30.023223: I tensorflow/stream_executor/platform/default/dso_loader.cc:48] Successfully opened dynamic library libcudart.so.10.1
Number of nodes: 774
Number of edges: 7992
Number of samples: 8000 Calibration size: 7600 test size: 400
average infected size: 81.005
computing proposed method with recall score...
Conformity scores computed. shape of test:(400, 774)
coverage: [0.96   0.95   0.93   0.8975 0.835 ]
set size: [36.0025 34.375  32.225  29.6225 27.6175]
time cost: 3.132361888885498
computing proposed method with precision score...
Conformity scores computed. shape of test:(400, 774)
coverage: [0.9625 0.9475 0.92   0.8625 0.8125]
set size: [60.2775 56.055  51.6425 45.11   40.3575]
time cost: 2.5823540687561035
computing ArbiTree-CQC...
coverage: [1. 1. 1. 1. 1.]
set size: [772.39   771.6325 769.8375 766.35   759.65  ]
time cost: 315.6482846736908
finished repeatition: 0 time cost: 321.41816234588623
Number of samples: 8000 Calibration size: 7600 test size: 400
average infected size: 82.28
computing proposed method with recall score...
Conformity scores computed. shape of test:(400, 774)
coverage: [0.9425 0.93   0.9    0.8475 0.7875]
set size: [36.6525 35.085  32.855  30.1975 28.2025]
time cost: 9.240426063537598
computing proposed method with precision score...
Conformity scores computed. shape of test:(400, 774)
coverage: [0.93  0.905 0.88  0.85  0.79 ]
set size: [59.64   55.0875 50.47   44.1325 39.285 ]
time cost: 9.183687210083008
computing ArbiTree-CQC...
coverage: [1.     1.     1.     1.     0.9975]
set size: [771.7    770.4375 768.54   763.255  756.27  ]
time cost: 296.48112392425537
finished repeatition: 1 time cost: 314.97007870674133
Number of samples: 8000 Calibration size: 7600 test size: 400
average infected size: 81.7425
computing proposed method with recall score...
Conformity scores computed. shape of test:(400, 774)
coverage: [0.9475 0.92   0.88   0.845  0.7925]
set size: [36.43   34.7925 32.5625 29.975  28.0025]
time cost: 9.51438045501709
computing proposed method with precision score...
Conformity scores computed. shape of test:(400, 774)
coverage: [0.9525 0.9375 0.91   0.8575 0.8125]
set size: [61.1225 56.6425 51.955  45.16   40.265 ]
time cost: 9.674038410186768
computing ArbiTree-CQC...
coverage: [1. 1. 1. 1. 1.]
set size: [771.2675 770.315  768.265  761.7875 756.16  ]
time cost: 355.7551100254059
finished repeatition: 2 time cost: 375.0062851905823
Number of samples: 8000 Calibration size: 7600 test size: 400
average infected size: 82.345
computing proposed method with recall score...
Conformity scores computed. shape of test:(400, 774)
coverage: [0.935  0.9175 0.89   0.845  0.79  ]
set size: [36.6725 35.045  32.8625 30.23   28.2025]
time cost: 8.153894424438477
computing proposed method with precision score...
Conformity scores computed. shape of test:(400, 774)
coverage: [0.94  0.92  0.86  0.795 0.74 ]
set size: [58.5575 54.155  49.3875 43.0375 38.3475]
time cost: 8.597806930541992
computing ArbiTree-CQC...
coverage: [1. 1. 1. 1. 1.]
set size: [772.2625 770.8975 768.65   763.49   757.3625]
time cost: 246.13600158691406
finished repeatition: 3 time cost: 262.9728696346283
Number of samples: 8000 Calibration size: 7600 test size: 400
average infected size: 81.96
computing proposed method with recall score...
Conformity scores computed. shape of test:(400, 774)
coverage: [0.9625 0.93   0.8925 0.8525 0.7925]
set size: [36.6425 34.8925 32.68   30.0525 28.0975]
time cost: 9.90065598487854
computing proposed method with precision score...
Conformity scores computed. shape of test:(400, 774)
coverage: [0.9525 0.935  0.9    0.8625 0.8175]
set size: [60.1375 55.66   50.98   44.4425 39.6925]
time cost: 11.468018293380737
computing ArbiTree-CQC...
coverage: [1.     1.     1.     1.     0.9975]
set size: [771.785  770.375  768.1675 762.5425 755.435 ]
time cost: 318.1563148498535
finished repeatition: 4 time cost: 339.5585334300995
Number of samples: 8000 Calibration size: 7600 test size: 400
average infected size: 82.6575
computing proposed method with recall score...
Conformity scores computed. shape of test:(400, 774)
coverage: [0.9475 0.9275 0.905  0.87   0.8075]
set size: [37.0425 35.4275 33.21   30.585  28.5575]
time cost: 8.800445079803467
computing proposed method with precision score...
Conformity scores computed. shape of test:(400, 774)
coverage: [0.93   0.91   0.8725 0.82   0.7725]
set size: [58.79   54.24   49.4475 42.845  38.0975]
time cost: 11.392682075500488
computing ArbiTree-CQC...
coverage: [1.     1.     0.9975 0.995  0.9925]
set size: [771.7175 769.1675 765.73   760.73   754.545 ]
time cost: 359.6530306339264
finished repeatition: 5 time cost: 379.89915657043457
Number of samples: 8000 Calibration size: 7600 test size: 400
average infected size: 81.455
computing proposed method with recall score...
Conformity scores computed. shape of test:(400, 774)
coverage: [0.955  0.9325 0.905  0.8475 0.8   ]
set size: [36.3675 34.7825 32.5575 29.9275 28.03  ]
time cost: 7.593722343444824
computing proposed method with precision score...
Conformity scores computed. shape of test:(400, 774)
coverage: [0.9575 0.94   0.9075 0.8575 0.78  ]
set size: [59.525  55.0675 50.37   43.745  38.81  ]
time cost: 8.263317346572876
computing ArbiTree-CQC...
coverage: [1.    1.    1.    0.995 0.995]
set size: [771.8675 771.035  766.295  762.665  754.815 ]
time cost: 344.31785583496094
finished repeatition: 6 time cost: 360.21992349624634
Number of samples: 8000 Calibration size: 7600 test size: 400
average infected size: 81.4575
computing proposed method with recall score...
Conformity scores computed. shape of test:(400, 774)
coverage: [0.95   0.9325 0.89   0.8525 0.8   ]
set size: [36.235  34.6525 32.3925 29.8225 27.855 ]
time cost: 8.651012897491455
computing proposed method with precision score...
Conformity scores computed. shape of test:(400, 774)
coverage: [0.96   0.9425 0.8975 0.85   0.8075]
set size: [61.21  56.835 52.075 45.445 40.56 ]
time cost: 9.431551218032837
computing ArbiTree-CQC...
coverage: [1. 1. 1. 1. 1.]
set size: [772.595  771.94   770.0575 765.845  758.3125]
time cost: 252.02579593658447
finished repeatition: 7 time cost: 270.1571717262268
Number of samples: 8000 Calibration size: 7600 test size: 400
average infected size: 82.085
computing proposed method with recall score...
Conformity scores computed. shape of test:(400, 774)
coverage: [0.9575 0.945  0.9225 0.8775 0.82  ]
set size: [36.6425 35.0375 32.8675 30.185  28.2025]
time cost: 8.395509004592896
computing proposed method with precision score...
Conformity scores computed. shape of test:(400, 774)
coverage: [0.945  0.925  0.9025 0.8625 0.82  ]
set size: [60.81   56.36   51.8175 45.09   40.2075]
time cost: 9.584935903549194
computing ArbiTree-CQC...
coverage: [1.     1.     1.     0.995  0.9925]
set size: [772.0125 771.09   769.115  759.32   751.79  ]
time cost: 265.91145396232605
finished repeatition: 8 time cost: 283.93312668800354
Number of samples: 8000 Calibration size: 7600 test size: 400
average infected size: 81.6575
computing proposed method with recall score...
Conformity scores computed. shape of test:(400, 774)
coverage: [0.975  0.9475 0.9175 0.865  0.8075]
set size: [36.6    34.81   32.6425 29.9825 28.0025]
time cost: 7.963491678237915
computing proposed method with precision score...
Conformity scores computed. shape of test:(400, 774)
coverage: [0.9475 0.9275 0.895  0.84   0.7825]
set size: [59.51   55.1675 50.705  44.3925 39.64  ]
time cost: 9.889220237731934
computing ArbiTree-CQC...
coverage: [1.     1.     1.     1.     0.9975]
set size: [772.285  771.6025 769.8075 764.895  759.615 ]
time cost: 354.2432806491852
finished repeatition: 9 time cost: 372.1395568847656
Number of samples: 8000 Calibration size: 7600 test size: 400
average infected size: 80.84
computing proposed method with recall score...
Conformity scores computed. shape of test:(400, 774)
coverage: [0.96   0.9475 0.9225 0.8825 0.8375]
set size: [35.9775 34.3025 32.155  29.555  27.615 ]
time cost: 8.287346124649048
computing proposed method with precision score...
Conformity scores computed. shape of test:(400, 774)
coverage: [0.9725 0.9575 0.92   0.8825 0.8425]
set size: [61.8575 57.6975 52.95   46.3725 41.4825]
time cost: 10.102919816970825
computing ArbiTree-CQC...
coverage: [1. 1. 1. 1. 1.]
set size: [771.8925 771.06   769.5325 766.21   759.63  ]
time cost: 327.44874691963196
finished repeatition: 10 time cost: 345.87212467193604
Number of samples: 8000 Calibration size: 7600 test size: 400
average infected size: 82.66
computing proposed method with recall score...
Conformity scores computed. shape of test:(400, 774)
coverage: [0.955  0.94   0.915  0.8675 0.81  ]
set size: [37.0525 35.435  33.24   30.58   28.54  ]
time cost: 9.42662000656128
computing proposed method with precision score...
Conformity scores computed. shape of test:(400, 774)
coverage: [0.9425 0.9225 0.89   0.8175 0.76  ]
set size: [58.9925 54.5725 49.9575 43.435  38.6975]
time cost: 10.143775939941406
computing ArbiTree-CQC...
coverage: [1.     1.     1.     0.9975 0.9975]
set size: [772.1425 770.9725 768.52   761.3825 752.055 ]
time cost: 227.37300419807434
finished repeatition: 11 time cost: 246.98074531555176
Number of samples: 8000 Calibration size: 7600 test size: 400
average infected size: 81.41
computing proposed method with recall score...
Conformity scores computed. shape of test:(400, 774)
coverage: [0.95   0.92   0.89   0.845  0.7925]
set size: [36.33   34.725  32.5425 29.925  28.01  ]
time cost: 9.79953122138977
computing proposed method with precision score...
Conformity scores computed. shape of test:(400, 774)
coverage: [0.94   0.9075 0.8725 0.81   0.77  ]
set size: [60.0325 55.5525 50.8725 44.26   39.56  ]
time cost: 10.557029485702515
computing ArbiTree-CQC...
coverage: [1.     1.     0.9975 0.995  0.995 ]
set size: [772.525  771.6875 768.2725 763.07   759.4975]
time cost: 329.87384939193726
finished repeatition: 12 time cost: 350.296345949173
Number of samples: 8000 Calibration size: 7600 test size: 400
average infected size: 81.39
computing proposed method with recall score...
Conformity scores computed. shape of test:(400, 774)
coverage: [0.955  0.935  0.91   0.8475 0.8   ]
set size: [36.3275 34.7275 32.5475 29.9    27.9475]
time cost: 9.372936248779297
computing proposed method with precision score...
Conformity scores computed. shape of test:(400, 774)
coverage: [0.9525 0.945  0.9025 0.8425 0.7975]
set size: [60.6475 56.3725 51.7475 45.185  40.3025]
time cost: 10.271950006484985
computing ArbiTree-CQC...
coverage: [1.     1.     1.     0.9975 0.9975]
set size: [771.8575 770.9625 769.1425 764.2475 760.0975]
time cost: 333.5304844379425
finished repeatition: 13 time cost: 353.2435255050659
Number of samples: 8000 Calibration size: 7600 test size: 400
average infected size: 81.6525
computing proposed method with recall score...
Conformity scores computed. shape of test:(400, 774)
coverage: [0.9325 0.9075 0.885  0.825  0.7875]
set size: [36.36   34.7325 32.565  29.9475 28.0175]
time cost: 7.333187580108643
computing proposed method with precision score...
Conformity scores computed. shape of test:(400, 774)
coverage: [0.93   0.9175 0.8875 0.85   0.7975]
set size: [60.265  55.86   51.285  44.84   39.9675]
time cost: 8.153715372085571
computing ArbiTree-CQC...
coverage: [1.     1.     1.     1.     0.9975]
set size: [772.035  771.0875 769.44   764.5075 755.7225]
time cost: 311.6877453327179
finished repeatition: 14 time cost: 327.240846157074
Number of samples: 8000 Calibration size: 7600 test size: 400
average infected size: 81.745
computing proposed method with recall score...
Conformity scores computed. shape of test:(400, 774)
coverage: [0.9425 0.9075 0.885  0.84   0.8   ]
set size: [36.465  34.775  32.6075 30.0175 28.1225]
time cost: 9.37678575515747
computing proposed method with precision score...
Conformity scores computed. shape of test:(400, 774)
coverage: [0.9375 0.9175 0.89   0.845  0.8025]
set size: [59.745  55.2275 50.585  44.075  39.2425]
time cost: 10.698306322097778
computing ArbiTree-CQC...
coverage: [1.     1.     1.     1.     0.9875]
set size: [771.895  771.0025 768.995  757.7    749.5125]
time cost: 309.64121985435486
finished repeatition: 15 time cost: 329.7573781013489
Number of samples: 8000 Calibration size: 7600 test size: 400
average infected size: 83.3325
computing proposed method with recall score...
Conformity scores computed. shape of test:(400, 774)
coverage: [0.955  0.935  0.8925 0.84   0.7925]
set size: [37.405  35.7575 33.455  30.76   28.81  ]
time cost: 10.247390508651733
computing proposed method with precision score...
Conformity scores computed. shape of test:(400, 774)
coverage: [0.925  0.9    0.8575 0.82   0.76  ]
set size: [59.2525 54.55   49.7425 43.245  38.365 ]
time cost: 11.034491300582886
computing ArbiTree-CQC...
coverage: [1.    1.    1.    1.    0.995]
set size: [772.0825 770.925  768.9075 761.875  752.3175]
time cost: 352.11134600639343
finished repeatition: 16 time cost: 373.43068265914917
Number of samples: 8000 Calibration size: 7600 test size: 400
average infected size: 82.3175
computing proposed method with recall score...
Conformity scores computed. shape of test:(400, 774)
coverage: [0.94   0.9125 0.88   0.805  0.735 ]
set size: [36.895  35.25   33.035  30.3225 28.315 ]
time cost: 8.463279008865356
computing proposed method with precision score...
Conformity scores computed. shape of test:(400, 774)
coverage: [0.9425 0.9125 0.885  0.8275 0.775 ]
set size: [60.1775 55.5125 50.75   44.0225 39.0875]
time cost: 10.303195238113403
computing ArbiTree-CQC...
coverage: [1.     1.     1.     1.     0.9975]
set size: [772.345  771.5875 769.5125 763.065  756.0825]
time cost: 230.37524819374084
finished repeatition: 17 time cost: 249.20309019088745
Number of samples: 8000 Calibration size: 7600 test size: 400
average infected size: 81.935
computing proposed method with recall score...
Conformity scores computed. shape of test:(400, 774)
coverage: [0.945  0.935  0.905  0.8625 0.815 ]
set size: [36.5625 35.015  32.7575 30.1425 28.1675]
time cost: 6.9571309089660645
computing proposed method with precision score...
Conformity scores computed. shape of test:(400, 774)
coverage: [0.95   0.92   0.8925 0.8575 0.7925]
set size: [59.5675 54.935  50.1725 43.7025 38.8625]
time cost: 7.685628890991211
computing ArbiTree-CQC...
coverage: [1.     1.     1.     0.9975 0.9925]
set size: [772.18   771.135  767.915  761.6725 756.7075]
time cost: 353.05406975746155
finished repeatition: 18 time cost: 367.7320885658264
Number of samples: 8000 Calibration size: 7600 test size: 400
average infected size: 81.265
computing proposed method with recall score...
Conformity scores computed. shape of test:(400, 774)
coverage: [0.955  0.915  0.8825 0.85   0.79  ]
set size: [36.21   34.515  32.345  29.78   27.8275]
time cost: 9.17717432975769
computing proposed method with precision score...
Conformity scores computed. shape of test:(400, 774)
coverage: [0.955 0.945 0.92  0.875 0.815]
set size: [60.2475 55.9925 51.465  44.995  40.085 ]
time cost: 10.370466470718384
computing ArbiTree-CQC...
coverage: [1. 1. 1. 1. 1.]
set size: [771.875  770.6525 768.2925 763.5275 752.6625]
time cost: 271.404465675354
finished repeatition: 19 time cost: 291.01029872894287
Number of samples: 8000 Calibration size: 7600 test size: 400
average infected size: 81.7675
computing proposed method with recall score...
Conformity scores computed. shape of test:(400, 774)
coverage: [0.955  0.94   0.9075 0.86   0.815 ]
set size: [36.5225 34.915  32.725  30.085  28.105 ]
time cost: 6.235860824584961
computing proposed method with precision score...
Conformity scores computed. shape of test:(400, 774)
coverage: [0.9575 0.9375 0.9125 0.8475 0.795 ]
set size: [60.28   55.9575 51.41   44.845  40.1   ]
time cost: 6.119778871536255
computing ArbiTree-CQC...
coverage: [1.     0.9975 0.9975 0.9975 0.9975]
set size: [771.885  769.1175 766.985  762.4775 758.1325]
time cost: 313.9837372303009
finished repeatition: 20 time cost: 326.3888809680939
Number of samples: 8000 Calibration size: 7600 test size: 400
average infected size: 81.9
computing proposed method with recall score...
Conformity scores computed. shape of test:(400, 774)
coverage: [0.9425 0.9175 0.8575 0.815  0.765 ]
set size: [36.5975 34.9375 32.7025 30.1025 28.125 ]
time cost: 9.143168926239014
computing proposed method with precision score...
Conformity scores computed. shape of test:(400, 774)
coverage: [0.9525 0.9225 0.8825 0.8325 0.77  ]
set size: [60.6    55.9625 51.1025 44.425  39.4425]
time cost: 9.733291149139404
computing ArbiTree-CQC...
coverage: [1.     1.     1.     1.     0.9975]
set size: [772.4375 771.4225 769.0225 762.3025 753.535 ]
time cost: 203.23941659927368
finished repeatition: 21 time cost: 222.15739798545837
Number of samples: 8000 Calibration size: 7600 test size: 400
average infected size: 80.84
computing proposed method with recall score...
Conformity scores computed. shape of test:(400, 774)
coverage: [0.965  0.9225 0.9025 0.8475 0.79  ]
set size: [35.9825 34.22   32.0875 29.5275 27.5325]
time cost: 8.85230803489685
computing proposed method with precision score...
Conformity scores computed. shape of test:(400, 774)
coverage: [0.9625 0.935  0.91   0.8825 0.825 ]
set size: [60.76   56.3425 51.835  45.45   40.5825]
time cost: 8.701040029525757
computing ArbiTree-CQC...
coverage: [1. 1. 1. 1. 1.]
set size: [772.6925 772.1325 770.6825 766.985  759.47  ]
time cost: 265.3444571495056
finished repeatition: 22 time cost: 282.96320271492004
Number of samples: 8000 Calibration size: 7600 test size: 400
average infected size: 82.125
computing proposed method with recall score...
Conformity scores computed. shape of test:(400, 774)
coverage: [0.93   0.9175 0.9025 0.8575 0.815 ]
set size: [36.6725 35.07   32.9475 30.305  28.34  ]
time cost: 7.497219562530518
computing proposed method with precision score...
Conformity scores computed. shape of test:(400, 774)
coverage: [0.945  0.9275 0.8975 0.8375 0.795 ]
set size: [60.475  55.915  51.155  44.3175 39.34  ]
time cost: 8.428500652313232
computing ArbiTree-CQC...
coverage: [1. 1. 1. 1. 1.]
set size: [772.44   771.48   769.5075 765.5025 759.79  ]
time cost: 328.80816984176636
finished repeatition: 23 time cost: 344.81135988235474
Number of samples: 8000 Calibration size: 7600 test size: 400
average infected size: 81.5525
computing proposed method with recall score...
Conformity scores computed. shape of test:(400, 774)
coverage: [0.975  0.9475 0.9075 0.8575 0.8125]
set size: [36.6725 34.88   32.6525 29.985  28.05  ]
time cost: 8.90116548538208
computing proposed method with precision score...
Conformity scores computed. shape of test:(400, 774)
coverage: [0.96   0.935  0.9075 0.86   0.8025]
set size: [59.89   55.3725 50.745  44.075  39.1175]
time cost: 10.059204339981079
computing ArbiTree-CQC...
coverage: [1.     1.     1.     0.9975 0.995 ]
set size: [772.2775 771.4575 768.05   762.625  757.125 ]
time cost: 320.71254420280457
finished repeatition: 24 time cost: 339.72250866889954
Number of samples: 8000 Calibration size: 7600 test size: 400
average infected size: 81.1875
computing proposed method with recall score...
Conformity scores computed. shape of test:(400, 774)
coverage: [0.97   0.9475 0.9225 0.8675 0.8225]
set size: [36.165  34.4025 32.225  29.57   27.635 ]
time cost: 7.092530250549316
computing proposed method with precision score...
Conformity scores computed. shape of test:(400, 774)
coverage: [0.97   0.9475 0.915  0.87   0.8175]
set size: [60.51   56.165  51.6375 45.215  40.355 ]
time cost: 7.986910104751587
computing ArbiTree-CQC...
coverage: [1.     1.     1.     1.     0.9925]
set size: [771.9225 771.03   769.0575 762.0625 754.2725]
time cost: 296.393714427948
finished repeatition: 25 time cost: 311.51428627967834
Number of samples: 8000 Calibration size: 7600 test size: 400
average infected size: 81.585
computing proposed method with recall score...
Conformity scores computed. shape of test:(400, 774)
coverage: [0.9425 0.92   0.8925 0.8425 0.795 ]
set size: [36.43   34.82   32.6075 30.0175 28.0675]
time cost: 8.956474304199219
computing proposed method with precision score...
Conformity scores computed. shape of test:(400, 774)
coverage: [0.94   0.9325 0.9075 0.865  0.8175]
set size: [60.3425 55.9225 51.3375 44.685  39.7625]
time cost: 10.055447578430176
computing ArbiTree-CQC...
coverage: [1.     1.     1.     1.     0.9975]
set size: [772.245  771.32   769.12   763.99   759.8675]
time cost: 280.3961064815521
finished repeatition: 26 time cost: 299.44956517219543
Number of samples: 8000 Calibration size: 7600 test size: 400
average infected size: 81.7525
computing proposed method with recall score...
Conformity scores computed. shape of test:(400, 774)
coverage: [0.9425 0.92   0.88   0.8225 0.77  ]
set size: [36.455  34.8275 32.6275 30.0025 28.025 ]
time cost: 8.697577714920044
computing proposed method with precision score...
Conformity scores computed. shape of test:(400, 774)
coverage: [0.95   0.915  0.885  0.8375 0.78  ]
set size: [60.37  55.79  51.115 44.6   39.685]
time cost: 11.277886867523193
computing ArbiTree-CQC...
coverage: [1. 1. 1. 1. 1.]
set size: [772.52   771.7225 769.92   765.4025 755.78  ]
time cost: 297.0921859741211
finished repeatition: 27 time cost: 317.1012177467346
Number of samples: 8000 Calibration size: 7600 test size: 400
average infected size: 82.5475
computing proposed method with recall score...
Conformity scores computed. shape of test:(400, 774)
coverage: [0.92   0.895  0.8675 0.825  0.7875]
set size: [36.735  35.0725 32.875  30.2975 28.3375]
time cost: 7.335656642913818
computing proposed method with precision score...
Conformity scores computed. shape of test:(400, 774)
coverage: [0.9175 0.91   0.8875 0.8325 0.7975]
set size: [59.4025 55.0425 50.3975 43.915  39.225 ]
time cost: 7.148822069168091
computing ArbiTree-CQC...
coverage: [1.     1.     1.     1.     0.9975]
set size: [772.1625 771.225  769.5325 764.265  757.445 ]
time cost: 353.0548710823059
finished repeatition: 28 time cost: 367.584445476532
Number of samples: 8000 Calibration size: 7600 test size: 400
average infected size: 81.7
computing proposed method with recall score...
Conformity scores computed. shape of test:(400, 774)
coverage: [0.93   0.905  0.8925 0.85   0.795 ]
set size: [36.375  34.7225 32.63   30.025  28.075 ]
time cost: 5.609463214874268
computing proposed method with precision score...
Conformity scores computed. shape of test:(400, 774)
coverage: [0.9475 0.93   0.905  0.8525 0.8075]
set size: [59.485  55.1425 50.665  44.3175 39.63  ]
time cost: 6.687713623046875
computing ArbiTree-CQC...
coverage: [1.     1.     1.     1.     0.9975]
set size: [772.1675 771.4675 769.8625 764.96   759.6275]
time cost: 358.23471212387085
finished repeatition: 29 time cost: 370.5825090408325
Number of samples: 8000 Calibration size: 7600 test size: 400
average infected size: 81.2175
computing proposed method with recall score...
Conformity scores computed. shape of test:(400, 774)
coverage: [0.965  0.9425 0.915  0.855  0.8075]
set size: [36.315  34.5875 32.46   29.815  27.8825]
time cost: 7.840575456619263
computing proposed method with precision score...
Conformity scores computed. shape of test:(400, 774)
coverage: [0.9525 0.935  0.9    0.8475 0.8025]
set size: [60.345  55.9275 51.35   44.87   40.0625]
time cost: 9.597411155700684
computing ArbiTree-CQC...
coverage: [1.    1.    1.    1.    0.995]
set size: [772.1    771.135  769.265  764.1325 758.4975]
time cost: 340.3577628135681
finished repeatition: 30 time cost: 357.8334975242615
Number of samples: 8000 Calibration size: 7600 test size: 400
average infected size: 81.31
computing proposed method with recall score...
Conformity scores computed. shape of test:(400, 774)
coverage: [0.97   0.94   0.915  0.875  0.8325]
set size: [36.285  34.505  32.3775 29.705  27.7875]
time cost: 8.67728590965271
computing proposed method with precision score...
Conformity scores computed. shape of test:(400, 774)
coverage: [0.955  0.925  0.9    0.8575 0.8225]
set size: [60.705  56.3125 51.805  45.3075 40.4525]
time cost: 9.19675087928772
computing ArbiTree-CQC...
coverage: [1.     1.     1.     0.9975 0.995 ]
set size: [771.915  770.5975 768.4925 761.2775 753.78  ]
time cost: 288.9976155757904
finished repeatition: 31 time cost: 306.9450855255127
Number of samples: 8000 Calibration size: 7600 test size: 400
average infected size: 81.6925
computing proposed method with recall score...
Conformity scores computed. shape of test:(400, 774)
coverage: [0.9625 0.9425 0.9075 0.84   0.765 ]
set size: [36.5575 34.8625 32.6575 29.97   27.99  ]
time cost: 7.126727342605591
computing proposed method with precision score...
Conformity scores computed. shape of test:(400, 774)
coverage: [0.9575 0.945  0.9175 0.86   0.8075]
set size: [60.805  56.4925 51.86   45.0675 40.085 ]
time cost: 8.638588666915894
computing ArbiTree-CQC...
coverage: [1.     1.     1.     1.     0.9975]
set size: [772.3925 771.48   769.4675 763.365  757.0975]
time cost: 299.49916648864746
finished repeatition: 32 time cost: 315.3178491592407
Number of samples: 8000 Calibration size: 7600 test size: 400
average infected size: 81.3975
computing proposed method with recall score...
Conformity scores computed. shape of test:(400, 774)
coverage: [0.945  0.935  0.9075 0.8675 0.8325]
set size: [36.125  34.5825 32.3725 29.7525 27.8125]
time cost: 7.695616006851196
computing proposed method with precision score...
Conformity scores computed. shape of test:(400, 774)
coverage: [0.9525 0.935  0.9125 0.865  0.8175]
set size: [60.52   56.1625 51.66   45.0475 40.1725]
time cost: 9.302617073059082
computing ArbiTree-CQC...
coverage: [1.     1.     1.     1.     0.9975]
set size: [772.285  771.38   769.8475 765.545  760.6775]
time cost: 357.4659307003021
finished repeatition: 33 time cost: 374.50431656837463
Number of samples: 8000 Calibration size: 7600 test size: 400
average infected size: 81.3725
computing proposed method with recall score...
Conformity scores computed. shape of test:(400, 774)
coverage: [0.9475 0.9225 0.895  0.8275 0.77  ]
set size: [36.1825 34.5975 32.4075 29.77   27.785 ]
time cost: 8.153813362121582
computing proposed method with precision score...
Conformity scores computed. shape of test:(400, 774)
coverage: [0.945  0.9225 0.9    0.84   0.7875]
set size: [60.7575 56.475  52.005  45.485  40.6525]
time cost: 10.474855184555054
computing ArbiTree-CQC...
coverage: [1. 1. 1. 1. 1.]
set size: [772.365  771.555  769.94   766.0975 762.655 ]
time cost: 345.0175590515137
finished repeatition: 34 time cost: 363.67870140075684
Number of samples: 8000 Calibration size: 7600 test size: 400
average infected size: 81.9125
computing proposed method with recall score...
Conformity scores computed. shape of test:(400, 774)
coverage: [0.9375 0.925  0.8975 0.8575 0.805 ]
set size: [36.5075 34.935  32.7125 30.105  28.15  ]
time cost: 9.402818441390991
computing proposed method with precision score...
Conformity scores computed. shape of test:(400, 774)
coverage: [0.945  0.92   0.8825 0.83   0.77  ]
set size: [59.745  55.2725 50.5325 44.0425 39.2075]
time cost: 10.304622411727905
computing ArbiTree-CQC...
coverage: [1. 1. 1. 1. 1.]
set size: [772.08   771.155  769.675  766.3975 761.11  ]
time cost: 329.18288803100586
finished repeatition: 35 time cost: 348.951637506485
Number of samples: 8000 Calibration size: 7600 test size: 400
average infected size: 82.04
computing proposed method with recall score...
Conformity scores computed. shape of test:(400, 774)
coverage: [0.9575 0.945  0.9075 0.88   0.8175]
set size: [36.56   34.965  32.7375 30.11   28.1125]
time cost: 8.807335376739502
computing proposed method with precision score...
Conformity scores computed. shape of test:(400, 774)
coverage: [0.9625 0.9475 0.92   0.855  0.8175]
set size: [60.2575 55.8875 51.32   44.625  39.8   ]
time cost: 9.139240980148315
computing ArbiTree-CQC...
coverage: [1.     1.     1.     0.9975 0.9925]
set size: [771.8825 770.865  769.0525 762.1175 756.4   ]
time cost: 328.78579211235046
finished repeatition: 36 time cost: 346.8097951412201
Number of samples: 8000 Calibration size: 7600 test size: 400
average infected size: 81.2875
computing proposed method with recall score...
Conformity scores computed. shape of test:(400, 774)
coverage: [0.9475 0.93   0.91   0.8525 0.81  ]
set size: [36.1    34.505  32.3925 29.72   27.805 ]
time cost: 6.3095316886901855
computing proposed method with precision score...
Conformity scores computed. shape of test:(400, 774)
coverage: [0.9575 0.9325 0.915  0.88   0.82  ]
set size: [61.2975 56.88   52.46   45.85   40.83  ]
time cost: 7.967734336853027
computing ArbiTree-CQC...
coverage: [1.    1.    1.    1.    0.995]
set size: [771.94   771.2025 769.4425 764.125  753.1875]
time cost: 315.45791506767273
finished repeatition: 37 time cost: 329.7710642814636
Number of samples: 8000 Calibration size: 7600 test size: 400
average infected size: 82.8125
computing proposed method with recall score...
Conformity scores computed. shape of test:(400, 774)
coverage: [0.94   0.9225 0.8925 0.83   0.765 ]
set size: [37.1025 35.4625 33.24   30.5725 28.5375]
time cost: 9.008958101272583
computing proposed method with precision score...
Conformity scores computed. shape of test:(400, 774)
coverage: [0.94   0.9125 0.88   0.8225 0.7525]
set size: [59.2775 54.66   49.845  43.14   38.185 ]
time cost: 9.073095798492432
computing ArbiTree-CQC...
coverage: [1.     1.     1.     1.     0.9975]
set size: [771.8975 770.7025 768.4625 762.99   757.3875]
time cost: 278.9236958026886
finished repeatition: 38 time cost: 297.05479550361633
Number of samples: 8000 Calibration size: 7600 test size: 400
average infected size: 81.3675
computing proposed method with recall score...
Conformity scores computed. shape of test:(400, 774)
coverage: [0.9475 0.925  0.9025 0.8575 0.815 ]
set size: [36.2175 34.6225 32.4575 29.815  27.88  ]
time cost: 9.329695701599121
computing proposed method with precision score...
Conformity scores computed. shape of test:(400, 774)
coverage: [0.9625 0.95   0.9125 0.8625 0.81  ]
set size: [60.2675 56.0475 51.36   44.79   39.98  ]
time cost: 10.460529565811157
computing ArbiTree-CQC...
coverage: [1.    1.    1.    1.    0.995]
set size: [772.575  771.8825 770.21   763.465  756.405 ]
time cost: 340.69917845726013
finished repeatition: 39 time cost: 360.53228402137756
Number of samples: 8000 Calibration size: 7600 test size: 400
average infected size: 80.8225
computing proposed method with recall score...
Conformity scores computed. shape of test:(400, 774)
coverage: [0.9675 0.9475 0.915  0.8725 0.8225]
set size: [36.03   34.3175 32.1425 29.535  27.6   ]
time cost: 10.322935819625854
computing proposed method with precision score...
Conformity scores computed. shape of test:(400, 774)
coverage: [0.975  0.9625 0.9275 0.885  0.8425]
set size: [62.1825 58.1025 53.4075 46.7    41.83  ]
time cost: 11.787036895751953
computing ArbiTree-CQC...
coverage: [1.     1.     1.     0.9975 0.9975]
set size: [771.915  771.01   767.495  761.6125 754.3975]
time cost: 272.59342527389526
finished repeatition: 40 time cost: 294.7523555755615
Number of samples: 8000 Calibration size: 7600 test size: 400
average infected size: 81.1175
computing proposed method with recall score...
Conformity scores computed. shape of test:(400, 774)
coverage: [0.9575 0.94   0.9025 0.84   0.765 ]
set size: [36.0725 34.4975 32.2625 29.635  27.6575]
time cost: 10.031431674957275
computing proposed method with precision score...
Conformity scores computed. shape of test:(400, 774)
coverage: [0.96   0.9425 0.9075 0.8375 0.7875]
set size: [61.125  56.8075 52.21   45.43   40.5525]
time cost: 11.841360807418823
computing ArbiTree-CQC...
coverage: [1.     1.     1.     1.     0.9975]
set size: [771.9875 770.96   769.27   764.4075 759.09  ]
time cost: 349.2694568634033
finished repeatition: 41 time cost: 371.2157964706421
Number of samples: 8000 Calibration size: 7600 test size: 400
average infected size: 82.37
computing proposed method with recall score...
Conformity scores computed. shape of test:(400, 774)
coverage: [0.94   0.91   0.8725 0.82   0.78  ]
set size: [36.81   35.1325 32.955  30.2925 28.3525]
time cost: 8.109992027282715
computing proposed method with precision score...
Conformity scores computed. shape of test:(400, 774)
coverage: [0.9275 0.9075 0.8775 0.8125 0.74  ]
set size: [58.1825 53.7525 49.2125 42.8825 38.125 ]
time cost: 8.47581958770752
computing ArbiTree-CQC...
coverage: [1.     1.     1.     1.     0.9975]
set size: [771.8175 770.9    768.855  763.31   754.2375]
time cost: 298.0657172203064
finished repeatition: 42 time cost: 314.70473885536194
Number of samples: 8000 Calibration size: 7600 test size: 400
average infected size: 80.5925
computing proposed method with recall score...
Conformity scores computed. shape of test:(400, 774)
coverage: [0.9475 0.9325 0.9    0.855  0.81  ]
set size: [35.7475 34.1825 32.03   29.485  27.5375]
time cost: 9.45603895187378
computing proposed method with precision score...
Conformity scores computed. shape of test:(400, 774)
coverage: [0.9475 0.92   0.8925 0.8525 0.8175]
set size: [60.9675 56.6275 52.1625 45.8775 41.1475]
time cost: 9.644223690032959
computing ArbiTree-CQC...
coverage: [1.     1.     1.     1.     0.9975]
set size: [771.755  770.505  767.9425 762.0675 758.1675]
time cost: 295.2355568408966
finished repeatition: 43 time cost: 314.3771104812622
Number of samples: 8000 Calibration size: 7600 test size: 400
average infected size: 81.64
computing proposed method with recall score...
Conformity scores computed. shape of test:(400, 774)
coverage: [0.9325 0.915  0.87   0.8375 0.7875]
set size: [36.31   34.6875 32.5    29.91   27.975 ]
time cost: 6.873426198959351
computing proposed method with precision score...
Conformity scores computed. shape of test:(400, 774)
coverage: [0.925  0.915  0.895  0.85   0.7875]
set size: [59.9775 55.5225 51.0025 44.5175 39.68  ]
time cost: 8.40046739578247
computing ArbiTree-CQC...
coverage: [1.     1.     1.     1.     0.9925]
set size: [772.0225 771.145  769.155  761.76   751.4525]
time cost: 310.17738246917725
finished repeatition: 44 time cost: 325.5006422996521
Number of samples: 8000 Calibration size: 7600 test size: 400
average infected size: 81.715
computing proposed method with recall score...
Conformity scores computed. shape of test:(400, 774)
coverage: [0.96   0.9375 0.8975 0.855  0.815 ]
set size: [36.4925 34.8425 32.58   30.     28.0325]
time cost: 9.291762113571167
computing proposed method with precision score...
Conformity scores computed. shape of test:(400, 774)
coverage: [0.96   0.9425 0.9125 0.85   0.7925]
set size: [60.4825 56.135  51.53   44.8    39.905 ]
time cost: 10.522350311279297
computing ArbiTree-CQC...
coverage: [1. 1. 1. 1. 1.]
set size: [772.4075 771.515  769.98   767.1675 762.4425]
time cost: 371.4756906032562
finished repeatition: 45 time cost: 391.32934641838074
Number of samples: 8000 Calibration size: 7600 test size: 400
average infected size: 82.2025
computing proposed method with recall score...
Conformity scores computed. shape of test:(400, 774)
coverage: [0.94  0.92  0.9   0.835 0.805]
set size: [36.7625 35.0925 32.9325 30.2275 28.31  ]
time cost: 7.266043663024902
computing proposed method with precision score...
Conformity scores computed. shape of test:(400, 774)
coverage: [0.95   0.9225 0.89   0.835  0.7825]
set size: [59.175  54.605  49.9625 43.41   38.71  ]
time cost: 9.015968561172485
computing ArbiTree-CQC...
coverage: [1.     1.     1.     1.     0.9975]
set size: [772.4025 771.5175 769.9    763.6925 759.6625]
time cost: 351.24180245399475
finished repeatition: 46 time cost: 367.5770106315613
Number of samples: 8000 Calibration size: 7600 test size: 400
average infected size: 82.265
computing proposed method with recall score...
Conformity scores computed. shape of test:(400, 774)
coverage: [0.9575 0.945  0.915  0.8675 0.8275]
set size: [36.8125 35.1725 32.9775 30.32   28.3325]
time cost: 10.074745416641235
computing proposed method with precision score...
Conformity scores computed. shape of test:(400, 774)
coverage: [0.945  0.925  0.8875 0.8275 0.7775]
set size: [59.475  54.96   50.21   43.6125 38.81  ]
time cost: 9.474058151245117
computing ArbiTree-CQC...
coverage: [1.     1.     1.     0.9975 0.995 ]
set size: [771.8625 770.6225 768.39   761.0125 755.0475]
time cost: 300.87964963912964
finished repeatition: 47 time cost: 320.4861035346985
Number of samples: 8000 Calibration size: 7600 test size: 400
average infected size: 80.32
computing proposed method with recall score...
Conformity scores computed. shape of test:(400, 774)
coverage: [0.925  0.9175 0.8825 0.845  0.8225]
set size: [35.5175 33.98   31.8175 29.2625 27.3675]
time cost: 8.563548564910889
computing proposed method with precision score...
Conformity scores computed. shape of test:(400, 774)
coverage: [0.965  0.9475 0.9125 0.865  0.815 ]
set size: [60.9075 56.675  52.1875 45.66   40.8825]
time cost: 10.016677618026733
computing ArbiTree-CQC...
coverage: [1.    1.    1.    1.    0.995]
set size: [772.2325 771.49   769.58   764.675  757.2125]
time cost: 282.9562587738037
finished repeatition: 48 time cost: 301.5629951953888
Number of samples: 8000 Calibration size: 7600 test size: 400
average infected size: 81.365
computing proposed method with recall score...
Conformity scores computed. shape of test:(400, 774)
coverage: [0.945  0.9325 0.9    0.8525 0.805 ]
set size: [36.19   34.585  32.3875 29.7725 27.8075]
time cost: 9.400906801223755
computing proposed method with precision score...
Conformity scores computed. shape of test:(400, 774)
coverage: [0.9625 0.9275 0.8925 0.855  0.8275]
set size: [60.3875 55.9075 51.205  44.73   40.0125]
time cost: 9.286227464675903
computing ArbiTree-CQC...
coverage: [1. 1. 1. 1. 1.]
set size: [772.8375 772.3725 770.9925 768.12   764.865 ]
time cost: 338.7090208530426
finished repeatition: 49 time cost: 357.43770813941956

Coverage Results:
Method    α=0.05         α=0.07         α=0.10         α=0.15         α=0.20         
-------------------------------------------------------------------------------------
set_recall0.950 ± 0.013  0.929 ± 0.013  0.899 ± 0.015  0.851 ± 0.018  0.800 ± 0.021  
set_prec  0.950 ± 0.013  0.929 ± 0.014  0.898 ± 0.016  0.848 ± 0.020  0.797 ± 0.024  
ArbiTree-CQC1.000 ± 0.000  1.000 ± 0.000  1.000 ± 0.001  0.999 ± 0.002  0.997 ± 0.003  

Set Size Results:
Method    α=0.05         α=0.07         α=0.10         α=0.15         α=0.20         
-------------------------------------------------------------------------------------
set_recall36.444 ± 0.349 34.802 ± 0.347 32.612 ± 0.328 29.984 ± 0.307 28.023 ± 0.292 
set_prec  60.186 ± 0.788 55.767 ± 0.862 51.141 ± 0.897 44.584 ± 0.868 39.745 ± 0.849 
ArbiTree-CQC772.123 ± 0.300771.119 ± 0.595769.003 ± 0.997763.521 ± 2.029756.941 ± 3.159
finished.
