2025-08-31 23:57:47.239914: I tensorflow/stream_executor/platform/default/dso_loader.cc:48] Successfully opened dynamic library libcudart.so.10.1
Number of nodes: 774
Number of edges: 7992
Calibration size: 7600 test size: 400
average infected size: 20.4575
computing proposed method with recall score...
Conformity scores computed. shape of test:(400, 774)
coverage: [1.    0.985 0.955 0.91  0.84 ]
set size: [774.      17.055   15.755   14.5975  13.8   ]
time cost: 1.7487232685089111
computing proposed method with precision score...
Conformity scores computed. shape of test:(400, 774)
coverage: [0.9675 0.9425 0.905  0.845  0.795 ]
set size: [21.19   19.85   17.9625 15.8625 14.2025]
time cost: 1.6068956851959229
finished repeatition: 0 time cost: 4.112198829650879
Calibration size: 7600 test size: 400
average infected size: 20.4575
computing proposed method with recall score...
Conformity scores computed. shape of test:(400, 774)
coverage: [1.    0.995 0.955 0.9   0.835]
set size: [774.      17.025   15.68    14.5325  13.69  ]
time cost: 1.5600438117980957
computing proposed method with precision score...
Conformity scores computed. shape of test:(400, 774)
coverage: [0.9475 0.9275 0.9    0.835  0.805 ]
set size: [21.05   19.685  18.17   15.9825 14.4   ]
time cost: 1.586275577545166
finished repeatition: 1 time cost: 3.86903977394104
Calibration size: 7600 test size: 400
average infected size: 20.4575
computing proposed method with recall score...
Conformity scores computed. shape of test:(400, 774)
coverage: [1.     0.9925 0.9525 0.8925 0.84  ]
set size: [774.      17.865   16.22    14.9975  14.1675]
time cost: 1.5714013576507568
computing proposed method with precision score...
Conformity scores computed. shape of test:(400, 774)
coverage: [0.96   0.9275 0.905  0.8475 0.7975]
set size: [21.555  20.1125 18.4325 16.375  14.69  ]
time cost: 1.5981979370117188
finished repeatition: 2 time cost: 3.8984627723693848
Calibration size: 7600 test size: 400
average infected size: 20.4575
computing proposed method with recall score...
Conformity scores computed. shape of test:(400, 774)
coverage: [1.     0.99   0.9675 0.9175 0.87  ]
set size: [774.      17.385   15.835   14.66    13.9225]
time cost: 1.5688610076904297
computing proposed method with precision score...
Conformity scores computed. shape of test:(400, 774)
coverage: [0.9525 0.9275 0.8875 0.8425 0.795 ]
set size: [20.9375 19.64   17.8125 15.855  14.2675]
time cost: 1.5946378707885742
finished repeatition: 3 time cost: 3.8874318599700928
Calibration size: 7600 test size: 400
average infected size: 20.4575
computing proposed method with recall score...
Conformity scores computed. shape of test:(400, 774)
coverage: [1.     0.99   0.935  0.8925 0.835 ]
set size: [774.     17.78   16.05   14.825  14.07 ]
time cost: 1.5666966438293457
computing proposed method with precision score...
Conformity scores computed. shape of test:(400, 774)
coverage: [0.94   0.9075 0.8925 0.845  0.79  ]
set size: [20.955 19.465 17.89  15.81  14.24 ]
time cost: 1.6161565780639648
finished repeatition: 4 time cost: 3.904263734817505
Calibration size: 7600 test size: 400
average infected size: 20.4575
computing proposed method with recall score...
Conformity scores computed. shape of test:(400, 774)
coverage: [1.     0.99   0.955  0.9025 0.845 ]
set size: [774.      16.6925  15.2525  14.075   13.3175]
time cost: 1.564683437347412
computing proposed method with precision score...
Conformity scores computed. shape of test:(400, 774)
coverage: [0.9625 0.945  0.9275 0.87   0.83  ]
set size: [20.8625 19.58   18.0325 16.1225 14.6475]
time cost: 1.7803575992584229
finished repeatition: 5 time cost: 4.068482160568237
Calibration size: 7600 test size: 400
average infected size: 20.4575
computing proposed method with recall score...
Conformity scores computed. shape of test:(400, 774)
coverage: [1.     1.     0.9625 0.9025 0.845 ]
set size: [774.      17.6425  15.9775  14.735   13.8975]
time cost: 1.742802381515503
computing proposed method with precision score...
Conformity scores computed. shape of test:(400, 774)
coverage: [0.9525 0.94   0.9125 0.8525 0.8   ]
set size: [21.27   20.1175 18.175  16.155  14.5025]
time cost: 1.5796175003051758
finished repeatition: 6 time cost: 4.083831310272217
Calibration size: 7600 test size: 400
average infected size: 20.4575
computing proposed method with recall score...
Conformity scores computed. shape of test:(400, 774)
coverage: [1.     0.99   0.955  0.9075 0.845 ]
set size: [774.      17.44    15.835   14.5875  13.765 ]
time cost: 1.5898616313934326
computing proposed method with precision score...
Conformity scores computed. shape of test:(400, 774)
coverage: [0.95   0.93   0.8925 0.8475 0.805 ]
set size: [20.7525 19.4825 17.7775 15.8425 14.165 ]
time cost: 1.8036246299743652
finished repeatition: 7 time cost: 4.118316650390625
Calibration size: 7600 test size: 400
average infected size: 20.4575
computing proposed method with recall score...
Conformity scores computed. shape of test:(400, 774)
coverage: [1.     0.9975 0.97   0.92   0.85  ]
set size: [774.      17.335   15.7825  14.54    13.7525]
time cost: 1.743079662322998
computing proposed method with precision score...
Conformity scores computed. shape of test:(400, 774)
coverage: [0.9575 0.935  0.9125 0.85   0.79  ]
set size: [21.01   19.6475 18.09   15.945  14.32  ]
time cost: 1.6118316650390625
finished repeatition: 8 time cost: 4.13324761390686
Calibration size: 7600 test size: 400
average infected size: 20.4575
computing proposed method with recall score...
Conformity scores computed. shape of test:(400, 774)
coverage: [1.     0.9875 0.9525 0.91   0.8575]
set size: [774.      16.8475  15.54    14.435   13.63  ]
time cost: 1.5660128593444824
computing proposed method with precision score...
Conformity scores computed. shape of test:(400, 774)
coverage: [0.96   0.93   0.9075 0.8475 0.7975]
set size: [20.9775 19.6825 17.9975 16.0075 14.3225]
time cost: 1.606151819229126
finished repeatition: 9 time cost: 3.8899834156036377
Calibration size: 7600 test size: 400
average infected size: 20.4575
computing proposed method with recall score...
Conformity scores computed. shape of test:(400, 774)
coverage: [1.     0.9925 0.9575 0.8975 0.8525]
set size: [774.      16.995   15.41    14.1925  13.3775]
time cost: 1.5661275386810303
computing proposed method with precision score...
Conformity scores computed. shape of test:(400, 774)
coverage: [0.97   0.9475 0.92   0.8875 0.835 ]
set size: [21.21   19.8725 18.38   16.405  14.715 ]
time cost: 1.6091976165771484
finished repeatition: 10 time cost: 3.8964784145355225
Calibration size: 7600 test size: 400
average infected size: 20.4575
computing proposed method with recall score...
Conformity scores computed. shape of test:(400, 774)
coverage: [1.     0.9875 0.96   0.9075 0.8525]
set size: [774.      17.3425  15.7675  14.5725  13.765 ]
time cost: 1.5571210384368896
computing proposed method with precision score...
Conformity scores computed. shape of test:(400, 774)
coverage: [0.96   0.93   0.8875 0.8375 0.79  ]
set size: [21.08   19.555  17.895  15.8825 14.3175]
time cost: 1.601203441619873
finished repeatition: 11 time cost: 3.8780710697174072
Calibration size: 7600 test size: 400
average infected size: 20.4575
computing proposed method with recall score...
Conformity scores computed. shape of test:(400, 774)
coverage: [1.     0.99   0.955  0.8925 0.85  ]
set size: [774.      15.99    14.7675  13.625   12.89  ]
time cost: 1.5708503723144531
computing proposed method with precision score...
Conformity scores computed. shape of test:(400, 774)
coverage: [0.96   0.94   0.91   0.875  0.8375]
set size: [20.6025 19.285  17.7525 15.94   14.4925]
time cost: 1.7762625217437744
finished repeatition: 12 time cost: 4.084379196166992
Calibration size: 7600 test size: 400
average infected size: 20.4575
computing proposed method with recall score...
Conformity scores computed. shape of test:(400, 774)
coverage: [1.     0.995  0.955  0.9075 0.855 ]
set size: [774.      16.8325  15.42    14.245   13.49  ]
time cost: 1.5675222873687744
computing proposed method with precision score...
Conformity scores computed. shape of test:(400, 774)
coverage: [0.955 0.935 0.9   0.865 0.82 ]
set size: [21.0175 19.64   18.065  16.17   14.5575]
time cost: 1.6116325855255127
finished repeatition: 13 time cost: 3.9032554626464844
Calibration size: 7600 test size: 400
average infected size: 20.4575
computing proposed method with recall score...
Conformity scores computed. shape of test:(400, 774)
coverage: [1.     0.9925 0.955  0.89   0.8325]
set size: [774.      16.9225  15.615   14.4725  13.695 ]
time cost: 1.55159330368042
computing proposed method with precision score...
Conformity scores computed. shape of test:(400, 774)
coverage: [0.9525 0.92   0.8875 0.855  0.8   ]
set size: [21.105  19.7925 18.005  16.035  14.3925]
time cost: 1.609985113143921
finished repeatition: 14 time cost: 3.8991057872772217
Calibration size: 7600 test size: 400
average infected size: 20.4575
computing proposed method with recall score...
Conformity scores computed. shape of test:(400, 774)
coverage: [1.     0.9875 0.955  0.9025 0.8625]
set size: [774.     17.64   16.13   14.945  14.1  ]
time cost: 1.5542500019073486
computing proposed method with precision score...
Conformity scores computed. shape of test:(400, 774)
coverage: [0.95   0.9275 0.9025 0.865  0.8225]
set size: [21.7225 20.275  18.47   16.455  14.8575]
time cost: 1.6144566535949707
finished repeatition: 15 time cost: 3.8884615898132324
Calibration size: 7600 test size: 400
average infected size: 20.4575
computing proposed method with recall score...
Conformity scores computed. shape of test:(400, 774)
coverage: [1.     0.99   0.9625 0.9025 0.8425]
set size: [774.      17.5825  16.225   14.9775  14.155 ]
time cost: 1.5640161037445068
computing proposed method with precision score...
Conformity scores computed. shape of test:(400, 774)
coverage: [0.96   0.935  0.9075 0.85   0.7925]
set size: [21.575  20.2225 18.45   16.33   14.3525]
time cost: 1.6024916172027588
finished repeatition: 16 time cost: 3.8903238773345947
Calibration size: 7600 test size: 400
average infected size: 20.4575
computing proposed method with recall score...
Conformity scores computed. shape of test:(400, 774)
coverage: [1.     0.9875 0.9575 0.915  0.855 ]
set size: [774.      17.085   15.7475  14.5875  13.825 ]
time cost: 1.5554094314575195
computing proposed method with precision score...
Conformity scores computed. shape of test:(400, 774)
coverage: [0.96   0.9475 0.9175 0.8525 0.8125]
set size: [21.285  19.9825 18.19   16.24   14.6725]
time cost: 1.5832695960998535
finished repeatition: 17 time cost: 3.8582208156585693
Calibration size: 7600 test size: 400
average infected size: 20.4575
computing proposed method with recall score...
Conformity scores computed. shape of test:(400, 774)
coverage: [1.     0.99   0.9625 0.925  0.8525]
set size: [774.      17.165   15.57    14.5175  13.7325]
time cost: 1.5644521713256836
computing proposed method with precision score...
Conformity scores computed. shape of test:(400, 774)
coverage: [0.96   0.9275 0.9    0.8525 0.805 ]
set size: [20.8025 19.605  17.9175 15.9575 14.4125]
time cost: 1.6008200645446777
finished repeatition: 18 time cost: 3.882688283920288
Calibration size: 7600 test size: 400
average infected size: 20.4575
computing proposed method with recall score...
Conformity scores computed. shape of test:(400, 774)
coverage: [1.     0.99   0.945  0.895  0.8525]
set size: [774.      17.1975  15.7875  14.615   13.8025]
time cost: 1.5657026767730713
computing proposed method with precision score...
Conformity scores computed. shape of test:(400, 774)
coverage: [0.96   0.945  0.9175 0.8625 0.8175]
set size: [21.23   20.115  18.4325 16.475  14.72  ]
time cost: 1.7818844318389893
finished repeatition: 19 time cost: 4.069860935211182
Calibration size: 7600 test size: 400
average infected size: 20.4575
computing proposed method with recall score...
Conformity scores computed. shape of test:(400, 774)
coverage: [1.     0.9925 0.955  0.9075 0.8375]
set size: [774.      17.8425  15.835   14.61    13.84  ]
time cost: 1.746056318283081
computing proposed method with precision score...
Conformity scores computed. shape of test:(400, 774)
coverage: [0.9525 0.94   0.9125 0.8625 0.82  ]
set size: [21.015  19.8525 18.225  16.18   14.65  ]
time cost: 1.6008155345916748
finished repeatition: 20 time cost: 4.109746217727661
Calibration size: 7600 test size: 400
average infected size: 20.4575
computing proposed method with recall score...
Conformity scores computed. shape of test:(400, 774)
coverage: [1.     0.9925 0.9575 0.9    0.855 ]
set size: [774.      17.5575  15.98    14.7475  13.955 ]
time cost: 1.5693597793579102
computing proposed method with precision score...
Conformity scores computed. shape of test:(400, 774)
coverage: [0.96   0.9325 0.9025 0.8525 0.8075]
set size: [21.3875 20.     18.4025 16.3025 14.685 ]
time cost: 1.5988457202911377
finished repeatition: 21 time cost: 3.890183925628662
Calibration size: 7600 test size: 400
average infected size: 20.4575
computing proposed method with recall score...
Conformity scores computed. shape of test:(400, 774)
coverage: [1.     0.9875 0.9575 0.9075 0.86  ]
set size: [774.      17.665   16.1525  14.87    14.065 ]
time cost: 1.5615403652191162
computing proposed method with precision score...
Conformity scores computed. shape of test:(400, 774)
coverage: [0.96   0.9225 0.895  0.85   0.795 ]
set size: [21.125  19.8075 18.105  16.0275 14.4525]
time cost: 1.5895442962646484
finished repeatition: 22 time cost: 3.8741254806518555
Calibration size: 7600 test size: 400
average infected size: 20.4575
computing proposed method with recall score...
Conformity scores computed. shape of test:(400, 774)
coverage: [1.     0.9925 0.94   0.885  0.825 ]
set size: [774.      17.5275  15.8475  14.665   13.8475]
time cost: 1.5670444965362549
computing proposed method with precision score...
Conformity scores computed. shape of test:(400, 774)
coverage: [0.9525 0.9075 0.8775 0.83   0.7875]
set size: [20.96   19.5775 17.9625 15.9975 14.3575]
time cost: 1.6131367683410645
finished repeatition: 23 time cost: 3.899641752243042
Calibration size: 7600 test size: 400
average infected size: 20.4575
computing proposed method with recall score...
Conformity scores computed. shape of test:(400, 774)
coverage: [1.     0.9875 0.9625 0.915  0.86  ]
set size: [774.      16.9975  15.6225  14.4325  13.68  ]
time cost: 1.5617377758026123
computing proposed method with precision score...
Conformity scores computed. shape of test:(400, 774)
coverage: [0.96   0.9375 0.91   0.875  0.8125]
set size: [21.015  19.8    18.0325 15.9425 14.1975]
time cost: 1.6149976253509521
finished repeatition: 24 time cost: 3.895458698272705
Calibration size: 7600 test size: 400
average infected size: 20.4575
computing proposed method with recall score...
Conformity scores computed. shape of test:(400, 774)
coverage: [1.     0.9825 0.9425 0.8775 0.81  ]
set size: [774.      17.3525  16.0675  14.9325  14.1125]
time cost: 1.5573506355285645
computing proposed method with precision score...
Conformity scores computed. shape of test:(400, 774)
coverage: [0.935  0.9125 0.875  0.8275 0.79  ]
set size: [21.18   19.78   18.02   15.9325 14.2825]
time cost: 1.7876150608062744
finished repeatition: 25 time cost: 4.073005199432373
Calibration size: 7600 test size: 400
average infected size: 20.4575
computing proposed method with recall score...
Conformity scores computed. shape of test:(400, 774)
coverage: [1.     0.9925 0.95   0.905  0.855 ]
set size: [774.      17.2575  15.7275  14.5675  13.7675]
time cost: 1.7342743873596191
computing proposed method with precision score...
Conformity scores computed. shape of test:(400, 774)
coverage: [0.9575 0.945  0.9175 0.86   0.8225]
set size: [21.4   19.985 18.375 16.355 14.8  ]
time cost: 1.6151220798492432
finished repeatition: 26 time cost: 4.126518726348877
Calibration size: 7600 test size: 400
average infected size: 20.4575
computing proposed method with recall score...
Conformity scores computed. shape of test:(400, 774)
coverage: [1.     0.9975 0.955  0.885  0.8225]
set size: [774.      18.3675  16.5     15.1675  14.3575]
time cost: 1.554535150527954
computing proposed method with precision score...
Conformity scores computed. shape of test:(400, 774)
coverage: [0.9575 0.93   0.8925 0.835  0.78  ]
set size: [21.4025 19.9625 18.1425 15.935  14.31  ]
time cost: 1.6004700660705566
finished repeatition: 27 time cost: 3.875837564468384
Calibration size: 7600 test size: 400
average infected size: 20.4575
computing proposed method with recall score...
Conformity scores computed. shape of test:(400, 774)
coverage: [1.     0.9925 0.955  0.9075 0.845 ]
set size: [774.      16.695   15.36    14.1975  13.435 ]
time cost: 1.5613694190979004
computing proposed method with precision score...
Conformity scores computed. shape of test:(400, 774)
coverage: [0.9675 0.9425 0.9125 0.8675 0.8225]
set size: [21.08   19.9125 18.3175 16.2075 14.6   ]
time cost: 1.5953314304351807
finished repeatition: 28 time cost: 3.879810094833374
Calibration size: 7600 test size: 400
average infected size: 20.4575
computing proposed method with recall score...
Conformity scores computed. shape of test:(400, 774)
coverage: [1.     0.99   0.955  0.9075 0.86  ]
set size: [774.      17.5275  16.04    14.9     14.03  ]
time cost: 1.5521328449249268
computing proposed method with precision score...
Conformity scores computed. shape of test:(400, 774)
coverage: [0.95   0.9225 0.895  0.84   0.795 ]
set size: [21.2375 19.87   18.1025 16.1625 14.4075]
time cost: 1.6103110313415527
finished repeatition: 29 time cost: 3.8842287063598633
Calibration size: 7600 test size: 400
average infected size: 20.4575
computing proposed method with recall score...
Conformity scores computed. shape of test:(400, 774)
coverage: [1.     0.99   0.95   0.89   0.8325]
set size: [774.      16.4975  15.1725  14.03    13.2875]
time cost: 1.564274787902832
computing proposed method with precision score...
Conformity scores computed. shape of test:(400, 774)
coverage: [0.9525 0.94   0.9075 0.8825 0.8375]
set size: [20.8675 19.5125 17.93   16.0125 14.485 ]
time cost: 1.6022899150848389
finished repeatition: 30 time cost: 3.8894951343536377
Calibration size: 7600 test size: 400
average infected size: 20.4575
computing proposed method with recall score...
Conformity scores computed. shape of test:(400, 774)
coverage: [1.     0.985  0.9475 0.8875 0.8375]
set size: [774.      17.1275  15.6325  14.4325  13.6975]
time cost: 1.56650710105896
computing proposed method with precision score...
Conformity scores computed. shape of test:(400, 774)
coverage: [0.9625 0.9475 0.915  0.85   0.8025]
set size: [21.295  19.9875 18.155  16.1125 14.47  ]
time cost: 1.5839204788208008
finished repeatition: 31 time cost: 3.875282049179077
Calibration size: 7600 test size: 400
average infected size: 20.4575
computing proposed method with recall score...
Conformity scores computed. shape of test:(400, 774)
coverage: [1.     0.9875 0.95   0.9    0.8425]
set size: [774.      17.3625  15.9425  14.75    13.9125]
time cost: 1.5719857215881348
computing proposed method with precision score...
Conformity scores computed. shape of test:(400, 774)
coverage: [0.9675 0.9475 0.925  0.855  0.815 ]
set size: [21.7675 20.53   18.825  16.495  14.815 ]
time cost: 1.6127891540527344
finished repeatition: 32 time cost: 3.9102590084075928
Calibration size: 7600 test size: 400
average infected size: 20.4575
computing proposed method with recall score...
Conformity scores computed. shape of test:(400, 774)
coverage: [1.     0.9925 0.9575 0.91   0.86  ]
set size: [774.      16.975   15.495   14.3175  13.5525]
time cost: 1.5734355449676514
computing proposed method with precision score...
Conformity scores computed. shape of test:(400, 774)
coverage: [0.94   0.92   0.8925 0.84   0.785 ]
set size: [20.39  19.1   17.51  15.525 13.94 ]
time cost: 1.5897674560546875
finished repeatition: 33 time cost: 3.888521432876587
Calibration size: 7600 test size: 400
average infected size: 20.4575
computing proposed method with recall score...
Conformity scores computed. shape of test:(400, 774)
coverage: [1.     0.99   0.9625 0.91   0.85  ]
set size: [774.      17.095   15.775   14.5875  13.8075]
time cost: 1.570410966873169
computing proposed method with precision score...
Conformity scores computed. shape of test:(400, 774)
coverage: [0.9475 0.925  0.9025 0.85   0.7975]
set size: [21.2575 19.8275 18.0325 16.0425 14.4525]
time cost: 1.5926785469055176
finished repeatition: 34 time cost: 3.8838813304901123
Calibration size: 7600 test size: 400
average infected size: 20.4575
computing proposed method with recall score...
Conformity scores computed. shape of test:(400, 774)
coverage: [1.     0.9875 0.935  0.8825 0.8275]
set size: [774.      17.7825  16.1975  14.96    14.1475]
time cost: 1.5692791938781738
computing proposed method with precision score...
Conformity scores computed. shape of test:(400, 774)
coverage: [0.94   0.915  0.8875 0.8375 0.8   ]
set size: [20.895  19.61   17.9625 16.0025 14.3375]
time cost: 1.6123740673065186
finished repeatition: 35 time cost: 3.90740704536438
Calibration size: 7600 test size: 400
average infected size: 20.4575
computing proposed method with recall score...
Conformity scores computed. shape of test:(400, 774)
coverage: [1.     0.99   0.95   0.8825 0.8425]
set size: [774.      16.735   15.4175  14.245   13.51  ]
time cost: 1.5702290534973145
computing proposed method with precision score...
Conformity scores computed. shape of test:(400, 774)
coverage: [0.95   0.9275 0.8925 0.8475 0.7975]
set size: [20.575  19.215  17.62   15.7675 14.075 ]
time cost: 1.8011441230773926
finished repeatition: 36 time cost: 4.101635217666626
Calibration size: 7600 test size: 400
average infected size: 20.4575
computing proposed method with recall score...
Conformity scores computed. shape of test:(400, 774)
coverage: [1.     0.99   0.9575 0.9125 0.845 ]
set size: [774.      17.4625  15.9325  14.75    13.9375]
time cost: 1.7516124248504639
computing proposed method with precision score...
Conformity scores computed. shape of test:(400, 774)
coverage: [0.9575 0.94   0.91   0.855  0.815 ]
set size: [21.4775 20.1925 18.2475 16.23   14.66  ]
time cost: 1.609220266342163
finished repeatition: 37 time cost: 4.119058609008789
Calibration size: 7600 test size: 400
average infected size: 20.4575
computing proposed method with recall score...
Conformity scores computed. shape of test:(400, 774)
coverage: [1.     0.99   0.9575 0.925  0.8825]
set size: [774.      17.33    15.7325  14.52    13.7325]
time cost: 1.563194990158081
computing proposed method with precision score...
Conformity scores computed. shape of test:(400, 774)
coverage: [0.9575 0.9325 0.9    0.855  0.795 ]
set size: [21.1775 19.915  18.29   16.     14.2575]
time cost: 1.5949771404266357
finished repeatition: 38 time cost: 3.8805735111236572
Calibration size: 7600 test size: 400
average infected size: 20.4575
computing proposed method with recall score...
Conformity scores computed. shape of test:(400, 774)
coverage: [1.     0.9875 0.965  0.92   0.855 ]
set size: [774.      17.32    15.8825  14.7575  13.99  ]
time cost: 1.5673167705535889
computing proposed method with precision score...
Conformity scores computed. shape of test:(400, 774)
coverage: [0.9675 0.935  0.9025 0.8475 0.775 ]
set size: [21.13   19.72   18.07   15.7875 14.165 ]
time cost: 1.5933184623718262
finished repeatition: 39 time cost: 3.8990206718444824
Calibration size: 7600 test size: 400
average infected size: 20.4575
computing proposed method with recall score...
Conformity scores computed. shape of test:(400, 774)
coverage: [1.     0.9975 0.9575 0.905  0.8425]
set size: [774.      17.0275  15.7     14.5375  13.7625]
time cost: 1.5602829456329346
computing proposed method with precision score...
Conformity scores computed. shape of test:(400, 774)
coverage: [0.9575 0.9425 0.905  0.8525 0.8   ]
set size: [20.9375 19.6525 17.905  15.9125 14.1975]
time cost: 1.6096010208129883
finished repeatition: 40 time cost: 3.8906173706054688
Calibration size: 7600 test size: 400
average infected size: 20.4575
computing proposed method with recall score...
Conformity scores computed. shape of test:(400, 774)
coverage: [1.     0.9925 0.96   0.9125 0.8575]
set size: [774.      17.6275  16.055   14.79    13.97  ]
time cost: 1.5738298892974854
computing proposed method with precision score...
Conformity scores computed. shape of test:(400, 774)
coverage: [0.9425 0.915  0.8825 0.8475 0.81  ]
set size: [20.8275 19.3625 17.8875 15.8925 14.445 ]
time cost: 1.5946502685546875
finished repeatition: 41 time cost: 3.8867623805999756
Calibration size: 7600 test size: 400
average infected size: 20.4575
computing proposed method with recall score...
Conformity scores computed. shape of test:(400, 774)
coverage: [1.     0.9925 0.94   0.895  0.825 ]
set size: [774.      17.8475  16.1925  15.0325  14.1825]
time cost: 1.558135986328125
computing proposed method with precision score...
Conformity scores computed. shape of test:(400, 774)
coverage: [0.945  0.92   0.875  0.8225 0.77  ]
set size: [21.3325 19.965  18.1475 16.26   14.535 ]
time cost: 1.7939507961273193
finished repeatition: 42 time cost: 4.076691389083862
Calibration size: 7600 test size: 400
average infected size: 20.4575
computing proposed method with recall score...
Conformity scores computed. shape of test:(400, 774)
coverage: [1.     0.9875 0.9425 0.8825 0.825 ]
set size: [774.      16.525   15.2425  14.12    13.3325]
time cost: 1.753173589706421
computing proposed method with precision score...
Conformity scores computed. shape of test:(400, 774)
coverage: [0.9525 0.925  0.8925 0.86   0.8175]
set size: [20.8525 19.6025 17.965  15.8525 14.305 ]
time cost: 1.6052944660186768
finished repeatition: 43 time cost: 4.122803449630737
Calibration size: 7600 test size: 400
average infected size: 20.4575
computing proposed method with recall score...
Conformity scores computed. shape of test:(400, 774)
coverage: [1.     0.9875 0.945  0.885  0.8275]
set size: [774.      17.2725  15.9125  14.6825  13.905 ]
time cost: 1.5578985214233398
computing proposed method with precision score...
Conformity scores computed. shape of test:(400, 774)
coverage: [0.9525 0.9225 0.8975 0.85   0.8   ]
set size: [21.32   19.7425 18.0875 16.045  14.5575]
time cost: 1.603804588317871
finished repeatition: 44 time cost: 3.8834848403930664
Calibration size: 7600 test size: 400
average infected size: 20.4575
computing proposed method with recall score...
Conformity scores computed. shape of test:(400, 774)
coverage: [1.     0.995  0.955  0.91   0.8575]
set size: [774.      16.925   15.54    14.3725  13.5875]
time cost: 1.5703752040863037
computing proposed method with precision score...
Conformity scores computed. shape of test:(400, 774)
coverage: [0.9425 0.9225 0.9075 0.85   0.8   ]
set size: [20.735  19.4875 17.7675 15.6725 14.0775]
time cost: 1.5768780708312988
finished repeatition: 45 time cost: 3.879300594329834
Calibration size: 7600 test size: 400
average infected size: 20.4575
computing proposed method with recall score...
Conformity scores computed. shape of test:(400, 774)
coverage: [1.     0.995  0.96   0.91   0.8375]
set size: [774.      17.095   15.65    14.4725  13.6925]
time cost: 1.5634100437164307
computing proposed method with precision score...
Conformity scores computed. shape of test:(400, 774)
coverage: [0.955  0.9325 0.9025 0.855  0.8025]
set size: [21.005  19.6    18.08   16.0575 14.5075]
time cost: 1.6173319816589355
finished repeatition: 46 time cost: 3.9023637771606445
Calibration size: 7600 test size: 400
average infected size: 20.4575
computing proposed method with recall score...
Conformity scores computed. shape of test:(400, 774)
coverage: [1.     0.99   0.955  0.9175 0.855 ]
set size: [774.      17.26    15.775   14.5725  13.7825]
time cost: 1.5511584281921387
computing proposed method with precision score...
Conformity scores computed. shape of test:(400, 774)
coverage: [0.9525 0.93   0.91   0.8475 0.825 ]
set size: [21.2575 19.88   18.2225 16.245  14.6275]
time cost: 1.5932843685150146
finished repeatition: 47 time cost: 3.8685758113861084
Calibration size: 7600 test size: 400
average infected size: 20.4575
computing proposed method with recall score...
Conformity scores computed. shape of test:(400, 774)
coverage: [1.     0.9875 0.9425 0.87   0.8075]
set size: [774.      16.8375  15.495   14.3225  13.545 ]
time cost: 1.5525424480438232
computing proposed method with precision score...
Conformity scores computed. shape of test:(400, 774)
coverage: [0.96   0.9425 0.9125 0.86   0.805 ]
set size: [21.0075 19.7875 18.175  16.1575 14.48  ]
time cost: 1.5850701332092285
finished repeatition: 48 time cost: 3.8589580059051514
Calibration size: 7600 test size: 400
average infected size: 20.4575
computing proposed method with recall score...
Conformity scores computed. shape of test:(400, 774)
coverage: [1.     0.995  0.9575 0.8875 0.84  ]
set size: [774.      16.9925  15.645   14.46    13.7   ]
time cost: 1.5525813102722168
computing proposed method with precision score...
Conformity scores computed. shape of test:(400, 774)
coverage: [0.94   0.9175 0.9025 0.855  0.81  ]
set size: [20.895 19.525 17.975 15.94  14.27 ]
time cost: 1.5822231769561768
finished repeatition: 49 time cost: 3.8572027683258057

Coverage Results:
Method    α=0.05         α=0.07         α=0.10         α=0.15         α=0.20         
-------------------------------------------------------------------------------------
set_recall1.000 ± 0.000  0.991 ± 0.004  0.954 ± 0.008  0.902 ± 0.013  0.845 ± 0.014  
set_prec  0.955 ± 0.008  0.931 ± 0.011  0.902 ± 0.012  0.852 ± 0.013  0.805 ± 0.015  

Set Size Results:
Method    α=0.05         α=0.07         α=0.10         α=0.15         α=0.20         
-------------------------------------------------------------------------------------
set_recall774.000 ± 0.00017.234 ± 0.420 15.758 ± 0.315 14.571 ± 0.291 13.779 ± 0.271 
set_prec  21.100 ± 0.278 19.767 ± 0.275 18.089 ± 0.236 16.058 ± 0.210 14.433 ± 0.206 

Time Cost Results:
Method    α=0.05         α=0.07         α=0.10         α=0.15         α=0.20         
-------------------------------------------------------------------------------------
set_recall1.589 ± 0.064  1.589 ± 0.064  1.589 ± 0.064  1.589 ± 0.064  1.589 ± 0.064  
set_prec  1.627 ± 0.066  1.627 ± 0.066  1.627 ± 0.066  1.627 ± 0.066  1.627 ± 0.066  
finished.
