2025-07-19 12:05:40.340045: I tensorflow/stream_executor/platform/default/dso_loader.cc:48] Successfully opened dynamic library libcudart.so.10.1
Number of nodes: 58
Number of edges: 967
Number of samples: 8000 Calibration size: 7600 test size: 400
average infected size: 29.04
computing proposed method with recall score...
Conformity scores computed. shape of test:(400, 58)
coverage: [0.9625 0.9375 0.9    0.8525 0.8125]
set size: [15.29   13.205  11.125   8.6875  7.28  ]
time cost: 1.1501455307006836
computing proposed method with precision score...
Conformity scores computed. shape of test:(400, 58)
coverage: [0.9525 0.94   0.915  0.8525 0.7975]
set size: [28.605  25.68   21.42   16.325  12.5725]
time cost: 1.1117274761199951
computing ArbiTree-CQC...
coverage: [0.9975 0.9975 0.9975 0.9875 0.9325]
set size: [57.16   57.1075 57.075  55.6675 52.17  ]
time cost: 3.3846099376678467
finished repeatition: 0 time cost: 5.6643970012664795
Number of samples: 8000 Calibration size: 7600 test size: 400
average infected size: 29.325
computing proposed method with recall score...
Conformity scores computed. shape of test:(400, 58)
coverage: [0.9775 0.955  0.935  0.8775 0.83  ]
set size: [15.6075 13.3325 11.255   8.7425  7.31  ]
time cost: 1.0639724731445312
computing proposed method with precision score...
Conformity scores computed. shape of test:(400, 58)
coverage: [0.965 0.96  0.925 0.87  0.84 ]
set size: [29.175  26.1175 21.6025 16.4225 12.6875]
time cost: 1.180668592453003
computing ArbiTree-CQC...
coverage: [1.     1.     1.     1.     0.9525]
set size: [57.2725 57.21   57.13   56.6725 52.715 ]
time cost: 3.492476463317871
finished repeatition: 1 time cost: 5.7475426197052
Number of samples: 8000 Calibration size: 7600 test size: 400
average infected size: 28.735
computing proposed method with recall score...
Conformity scores computed. shape of test:(400, 58)
coverage: [0.97   0.9475 0.92   0.885  0.8375]
set size: [15.1825 13.025  10.965   8.5825  7.2   ]
time cost: 1.0618600845336914
computing proposed method with precision score...
Conformity scores computed. shape of test:(400, 58)
coverage: [0.965  0.93   0.91   0.86   0.8125]
set size: [28.9925 25.8925 21.8425 16.405  12.445 ]
time cost: 1.2040483951568604
computing ArbiTree-CQC...
coverage: [1.   1.   1.   1.   0.98]
set size: [58.     58.     57.9375 57.6125 55.1575]
time cost: 2.930889844894409
finished repeatition: 2 time cost: 5.2077085971832275
Number of samples: 8000 Calibration size: 7600 test size: 400
average infected size: 29.225
computing proposed method with recall score...
Conformity scores computed. shape of test:(400, 58)
coverage: [0.9675 0.945  0.92   0.8925 0.8575]
set size: [15.405  13.2025 11.125   8.735   7.3375]
time cost: 1.5839502811431885
computing proposed method with precision score...
Conformity scores computed. shape of test:(400, 58)
coverage: [0.9375 0.9275 0.8975 0.8525 0.795 ]
set size: [28.1775 25.165  20.7275 15.645  11.9375]
time cost: 1.6929500102996826
computing ArbiTree-CQC...
coverage: [1.     1.     1.     1.     0.9925]
set size: [57.9725 57.71   57.375  57.0825 55.0725]
time cost: 2.9561562538146973
finished repeatition: 3 time cost: 6.247998237609863
Number of samples: 8000 Calibration size: 7600 test size: 400
average infected size: 28.3175
computing proposed method with recall score...
Conformity scores computed. shape of test:(400, 58)
coverage: [0.95   0.93   0.8975 0.8425 0.7775]
set size: [14.7825 12.815  10.805   8.4     7.0275]
time cost: 1.5625255107879639
computing proposed method with precision score...
Conformity scores computed. shape of test:(400, 58)
coverage: [0.9625 0.9375 0.8975 0.8625 0.8025]
set size: [27.945 24.785 20.395 15.58  11.93 ]
time cost: 1.5099961757659912
computing ArbiTree-CQC...
coverage: [1. 1. 1. 1. 1.]
set size: [58.    58.    57.97  57.76  56.895]
time cost: 2.9017577171325684
finished repeatition: 4 time cost: 5.988826513290405
Number of samples: 8000 Calibration size: 7600 test size: 400
average infected size: 29.635
computing proposed method with recall score...
Conformity scores computed. shape of test:(400, 58)
coverage: [0.955  0.935  0.9075 0.8675 0.83  ]
set size: [15.6475 13.545  11.46    8.9675  7.5775]
time cost: 1.5616285800933838
computing proposed method with precision score...
Conformity scores computed. shape of test:(400, 58)
coverage: [0.9425 0.93   0.9025 0.8575 0.8225]
set size: [29.82   26.9575 22.85   17.63   13.8975]
time cost: 1.6118035316467285
computing ArbiTree-CQC...
coverage: [1.    1.    1.    1.    0.935]
set size: [57.23   57.1625 57.1    55.6575 51.4725]
time cost: 3.475440263748169
finished repeatition: 5 time cost: 6.660465955734253
Number of samples: 8000 Calibration size: 7600 test size: 400
average infected size: 29.215
computing proposed method with recall score...
Conformity scores computed. shape of test:(400, 58)
coverage: [0.9325 0.9125 0.8875 0.8325 0.7875]
set size: [15.1025 13.2725 11.225   8.775   7.39  ]
time cost: 1.1134166717529297
computing proposed method with precision score...
Conformity scores computed. shape of test:(400, 58)
coverage: [0.9275 0.9025 0.8825 0.815  0.7625]
set size: [29.0475 26.04   21.7275 16.51   12.725 ]
time cost: 1.3853392601013184
computing ArbiTree-CQC...
coverage: [0.995 0.995 0.995 0.995 0.965]
set size: [57.665  57.395  57.2375 56.915  53.785 ]
time cost: 2.786628246307373
finished repeatition: 6 time cost: 5.29632043838501
Number of samples: 8000 Calibration size: 7600 test size: 400
average infected size: 28.68
computing proposed method with recall score...
Conformity scores computed. shape of test:(400, 58)
coverage: [0.95   0.92   0.8825 0.8425 0.7825]
set size: [15.1125 13.0975 11.0225  8.6575  7.2475]
time cost: 1.5134427547454834
computing proposed method with precision score...
Conformity scores computed. shape of test:(400, 58)
coverage: [0.9375 0.9175 0.8825 0.8225 0.77  ]
set size: [28.4425 25.2875 21.125  16.16   12.49  ]
time cost: 1.308413028717041
computing ArbiTree-CQC...
coverage: [1.     0.9975 0.9975 0.9975 0.955 ]
set size: [57.86   57.44   57.2325 56.895  53.145 ]
time cost: 2.7788608074188232
finished repeatition: 7 time cost: 5.615485429763794
Number of samples: 8000 Calibration size: 7600 test size: 400
average infected size: 29.1525
computing proposed method with recall score...
Conformity scores computed. shape of test:(400, 58)
coverage: [0.95   0.92   0.88   0.835  0.7825]
set size: [15.2025 13.15   11.0425  8.6475  7.255 ]
time cost: 1.5158891677856445
computing proposed method with precision score...
Conformity scores computed. shape of test:(400, 58)
coverage: [0.95   0.9375 0.91   0.85   0.795 ]
set size: [28.905  25.95   21.325  15.9075 12.19  ]
time cost: 1.3285048007965088
computing ArbiTree-CQC...
coverage: [1.     1.     1.     1.     0.9475]
set size: [57.29   57.2025 57.095  56.625  52.3475]
time cost: 3.553316354751587
finished repeatition: 8 time cost: 6.413100957870483
Number of samples: 8000 Calibration size: 7600 test size: 400
average infected size: 29.2525
computing proposed method with recall score...
Conformity scores computed. shape of test:(400, 58)
coverage: [0.945  0.9175 0.8925 0.8275 0.76  ]
set size: [15.2925 13.28   11.1975  8.7075  7.3   ]
time cost: 1.608797311782837
computing proposed method with precision score...
Conformity scores computed. shape of test:(400, 58)
coverage: [0.9425 0.9275 0.89   0.835  0.7925]
set size: [29.295  26.335  21.9175 16.8075 13.1825]
time cost: 1.580261468887329
computing ArbiTree-CQC...
coverage: [1.     1.     1.     0.9975 0.99  ]
set size: [58.     57.9375 57.7275 57.2075 55.58  ]
time cost: 2.7643580436706543
finished repeatition: 9 time cost: 5.96793532371521
Number of samples: 8000 Calibration size: 7600 test size: 400
average infected size: 29.5325
computing proposed method with recall score...
Conformity scores computed. shape of test:(400, 58)
coverage: [0.9525 0.935  0.91   0.86   0.82  ]
set size: [15.525  13.3875 11.34    8.855   7.45  ]
time cost: 1.2110521793365479
computing proposed method with precision score...
Conformity scores computed. shape of test:(400, 58)
coverage: [0.9425 0.935  0.9175 0.835  0.8   ]
set size: [29.4975 26.605  22.3875 16.8625 13.125 ]
time cost: 1.2421104907989502
computing ArbiTree-CQC...
coverage: [1.     1.     1.     1.     0.9525]
set size: [57.28   57.1725 57.105  56.5525 52.8975]
time cost: 3.060769557952881
finished repeatition: 10 time cost: 5.530424118041992
Number of samples: 8000 Calibration size: 7600 test size: 400
average infected size: 30.18
computing proposed method with recall score...
Conformity scores computed. shape of test:(400, 58)
coverage: [0.9725 0.965  0.935  0.8875 0.8525]
set size: [15.935  13.7125 11.5575  8.99    7.575 ]
time cost: 1.5594980716705322
computing proposed method with precision score...
Conformity scores computed. shape of test:(400, 58)
coverage: [0.9675 0.9425 0.9225 0.885  0.8225]
set size: [30.17   26.72   22.2075 17.0125 13.12  ]
time cost: 1.7129080295562744
computing ArbiTree-CQC...
coverage: [1.     1.     1.     1.     0.9875]
set size: [58.     58.     57.94   57.6025 55.2225]
time cost: 2.7528512477874756
finished repeatition: 11 time cost: 6.0400471687316895
Number of samples: 8000 Calibration size: 7600 test size: 400
average infected size: 29.8025
computing proposed method with recall score...
Conformity scores computed. shape of test:(400, 58)
coverage: [0.955  0.93   0.89   0.8475 0.785 ]
set size: [15.66   13.535  11.4     8.9225  7.4525]
time cost: 1.609175682067871
computing proposed method with precision score...
Conformity scores computed. shape of test:(400, 58)
coverage: [0.945  0.9225 0.895  0.845  0.78  ]
set size: [29.53   26.335  21.95   16.8325 12.9725]
time cost: 1.6724040508270264
computing ArbiTree-CQC...
coverage: [0.9975 0.9975 0.9975 0.9975 0.95  ]
set size: [57.335  57.21   57.14   56.97   53.1775]
time cost: 3.344633102416992
finished repeatition: 12 time cost: 6.64074444770813
Number of samples: 8000 Calibration size: 7600 test size: 400
average infected size: 30.8175
computing proposed method with recall score...
Conformity scores computed. shape of test:(400, 58)
coverage: [0.95   0.9375 0.8975 0.8575 0.8175]
set size: [16.2125 14.105  11.8825  9.315   7.86  ]
time cost: 1.5087659358978271
computing proposed method with precision score...
Conformity scores computed. shape of test:(400, 58)
coverage: [0.935  0.9175 0.89   0.8475 0.81  ]
set size: [30.115  26.9025 22.3525 16.94   13.0975]
time cost: 1.6720705032348633
computing ArbiTree-CQC...
coverage: [1.     1.     1.     0.99   0.9225]
set size: [57.195 57.135 57.075 55.775 50.755]
time cost: 3.1078617572784424
finished repeatition: 13 time cost: 6.299821853637695
Number of samples: 8000 Calibration size: 7600 test size: 400
average infected size: 28.675
computing proposed method with recall score...
Conformity scores computed. shape of test:(400, 58)
coverage: [0.9375 0.915  0.8875 0.83   0.7825]
set size: [14.8875 12.9825 10.955   8.5325  7.185 ]
time cost: 1.5729272365570068
computing proposed method with precision score...
Conformity scores computed. shape of test:(400, 58)
coverage: [0.9525 0.9225 0.885  0.8275 0.78  ]
set size: [28.51   25.6075 21.485  16.5425 12.87  ]
time cost: 1.5654523372650146
computing ArbiTree-CQC...
coverage: [0.995 0.995 0.995 0.995 0.945]
set size: [57.2325 57.1575 57.0925 56.6425 52.7725]
time cost: 3.1557271480560303
finished repeatition: 14 time cost: 6.308980226516724
Number of samples: 8000 Calibration size: 7600 test size: 400
average infected size: 29.405
computing proposed method with recall score...
Conformity scores computed. shape of test:(400, 58)
coverage: [0.94   0.91   0.8775 0.84   0.785 ]
set size: [15.3025 13.295  11.2275  8.7725  7.37  ]
time cost: 1.2622904777526855
computing proposed method with precision score...
Conformity scores computed. shape of test:(400, 58)
coverage: [0.965  0.9375 0.89   0.8425 0.8025]
set size: [29.6325 26.4725 21.8625 16.56   12.7625]
time cost: 1.2768168449401855
computing ArbiTree-CQC...
coverage: [1.    1.    1.    1.    0.995]
set size: [58.    58.    57.97  57.735 56.305]
time cost: 2.374976396560669
finished repeatition: 15 time cost: 4.928425073623657
Number of samples: 8000 Calibration size: 7600 test size: 400
average infected size: 29.035
computing proposed method with recall score...
Conformity scores computed. shape of test:(400, 58)
coverage: [0.95   0.9375 0.9175 0.8825 0.81  ]
set size: [15.2175 13.25   11.175   8.7725  7.3325]
time cost: 1.6310861110687256
computing proposed method with precision score...
Conformity scores computed. shape of test:(400, 58)
coverage: [0.9425 0.9175 0.8975 0.8575 0.8075]
set size: [28.59   25.505  21.4    16.3475 12.5025]
time cost: 1.7392139434814453
computing ArbiTree-CQC...
coverage: [0.9975 0.9975 0.9975 0.9975 0.9675]
set size: [57.49   57.315  57.1825 56.7575 54.095 ]
time cost: 3.060605525970459
finished repeatition: 16 time cost: 6.445938587188721
Number of samples: 8000 Calibration size: 7600 test size: 400
average infected size: 28.8725
computing proposed method with recall score...
Conformity scores computed. shape of test:(400, 58)
coverage: [0.95   0.93   0.8975 0.84   0.7875]
set size: [15.1025 13.1    11.07    8.6175  7.2525]
time cost: 1.756211280822754
computing proposed method with precision score...
Conformity scores computed. shape of test:(400, 58)
coverage: [0.9525 0.93   0.89   0.8325 0.77  ]
set size: [28.5225 25.48   21.02   15.7125 11.8175]
time cost: 1.6635029315948486
computing ArbiTree-CQC...
coverage: [1.     0.9975 0.9975 0.9975 0.96  ]
set size: [57.9525 57.5425 57.3125 56.995  53.715 ]
time cost: 2.7051682472229004
finished repeatition: 17 time cost: 6.139932632446289
Number of samples: 8000 Calibration size: 7600 test size: 400
average infected size: 28.84
computing proposed method with recall score...
Conformity scores computed. shape of test:(400, 58)
coverage: [0.9525 0.9375 0.9025 0.8775 0.825 ]
set size: [15.16   13.1375 11.06    8.665   7.295 ]
time cost: 1.5251553058624268
computing proposed method with precision score...
Conformity scores computed. shape of test:(400, 58)
coverage: [0.95   0.9225 0.8925 0.8225 0.775 ]
set size: [28.5175 25.4475 21.11   15.9725 12.425 ]
time cost: 1.5192508697509766
computing ArbiTree-CQC...
coverage: [1.     1.     1.     1.     0.9875]
set size: [58.     57.9325 57.5775 57.075  54.51  ]
time cost: 2.5293352603912354
finished repeatition: 18 time cost: 5.588626384735107
Number of samples: 8000 Calibration size: 7600 test size: 400
average infected size: 29.795
computing proposed method with recall score...
Conformity scores computed. shape of test:(400, 58)
coverage: [0.95   0.9375 0.905  0.86   0.8   ]
set size: [15.6375 13.59   11.47    8.965   7.53  ]
time cost: 1.6602237224578857
computing proposed method with precision score...
Conformity scores computed. shape of test:(400, 58)
coverage: [0.9625 0.95   0.915  0.8375 0.77  ]
set size: [29.5475 26.2025 21.3175 15.6325 11.825 ]
time cost: 1.7955007553100586
computing ArbiTree-CQC...
coverage: [1.     1.     1.     1.     0.9725]
set size: [57.8825 57.43   57.215  56.8975 54.4825]
time cost: 2.4190001487731934
finished repeatition: 19 time cost: 5.890019178390503
Number of samples: 8000 Calibration size: 7600 test size: 400
average infected size: 29.41
computing proposed method with recall score...
Conformity scores computed. shape of test:(400, 58)
coverage: [0.97   0.955  0.9125 0.85   0.7725]
set size: [15.6375 13.42   11.3075  8.8575  7.38  ]
time cost: 1.6288971900939941
computing proposed method with precision score...
Conformity scores computed. shape of test:(400, 58)
coverage: [0.935  0.915  0.875  0.82   0.7725]
set size: [29.04   25.9    21.5825 16.65   12.7675]
time cost: 1.5875835418701172
computing ArbiTree-CQC...
coverage: [1.     1.     1.     1.     0.9375]
set size: [57.24   57.1775 57.11   56.665  51.86  ]
time cost: 2.556035280227661
finished repeatition: 20 time cost: 5.805253028869629
Number of samples: 8000 Calibration size: 7600 test size: 400
average infected size: 30.685
computing proposed method with recall score...
Conformity scores computed. shape of test:(400, 58)
coverage: [0.965  0.9525 0.92   0.865  0.825 ]
set size: [16.3    13.9875 11.7725  9.2     7.72  ]
time cost: 1.619581937789917
computing proposed method with precision score...
Conformity scores computed. shape of test:(400, 58)
coverage: [0.9625 0.945  0.9125 0.8325 0.79  ]
set size: [30.915  27.56   23.03   17.2325 13.3025]
time cost: 1.516608476638794
computing ArbiTree-CQC...
coverage: [1.     1.     1.     0.9975 0.9875]
set size: [58.     57.8975 57.55   57.155  55.4025]
time cost: 2.560458183288574
finished repeatition: 21 time cost: 5.711559534072876
Number of samples: 8000 Calibration size: 7600 test size: 400
average infected size: 27.8175
computing proposed method with recall score...
Conformity scores computed. shape of test:(400, 58)
coverage: [0.925  0.895  0.87   0.8225 0.78  ]
set size: [14.2775 12.4825 10.5475  8.2625  6.915 ]
time cost: 1.5167393684387207
computing proposed method with precision score...
Conformity scores computed. shape of test:(400, 58)
coverage: [0.95   0.9275 0.9    0.865  0.7975]
set size: [27.83   24.985  21.0725 15.975  12.0025]
time cost: 1.3968594074249268
computing ArbiTree-CQC...
coverage: [0.9975 0.9975 0.9975 0.995  0.945 ]
set size: [57.155  57.1075 57.06   56.065  52.5825]
time cost: 3.1296985149383545
finished repeatition: 22 time cost: 6.058371543884277
Number of samples: 8000 Calibration size: 7600 test size: 400
average infected size: 28.655
computing proposed method with recall score...
Conformity scores computed. shape of test:(400, 58)
coverage: [0.93   0.905  0.8725 0.815  0.7625]
set size: [14.745  12.92   10.88    8.4775  7.105 ]
time cost: 1.5349559783935547
computing proposed method with precision score...
Conformity scores computed. shape of test:(400, 58)
coverage: [0.925  0.9075 0.875  0.8325 0.795 ]
set size: [27.6175 24.7325 20.7525 15.9425 12.315 ]
time cost: 1.6311583518981934
computing ArbiTree-CQC...
coverage: [1.     1.     1.     1.     0.9925]
set size: [58.     58.     57.9675 57.6575 55.4475]
time cost: 2.5254008769989014
finished repeatition: 23 time cost: 5.70881986618042
Number of samples: 8000 Calibration size: 7600 test size: 400
average infected size: 30.13
computing proposed method with recall score...
Conformity scores computed. shape of test:(400, 58)
coverage: [0.935  0.925  0.8975 0.845  0.8025]
set size: [15.625  13.7375 11.5825  9.0525  7.5975]
time cost: 1.3704721927642822
computing proposed method with precision score...
Conformity scores computed. shape of test:(400, 58)
coverage: [0.935  0.9175 0.9    0.8575 0.795 ]
set size: [29.6575 26.3775 21.9925 16.515  12.5825]
time cost: 1.8266139030456543
computing ArbiTree-CQC...
coverage: [1.     1.     1.     0.9975 0.9825]
set size: [57.9975 57.94   57.64   57.14   54.525 ]
time cost: 2.745314836502075
finished repeatition: 24 time cost: 5.95748496055603
Number of samples: 8000 Calibration size: 7600 test size: 400
average infected size: 28.705
computing proposed method with recall score...
Conformity scores computed. shape of test:(400, 58)
coverage: [0.965 0.94  0.89  0.84  0.785]
set size: [15.1525 12.9325 10.845   8.455   7.0575]
time cost: 1.223212718963623
computing proposed method with precision score...
Conformity scores computed. shape of test:(400, 58)
coverage: [0.95   0.9375 0.8925 0.8425 0.7875]
set size: [27.6375 24.78   20.5975 15.285  11.4025]
time cost: 1.616072416305542
computing ArbiTree-CQC...
coverage: [1.     1.     1.     1.     0.9975]
set size: [58.    58.    57.985 57.825 56.54 ]
time cost: 2.562453031539917
finished repeatition: 25 time cost: 5.416902303695679
Number of samples: 8000 Calibration size: 7600 test size: 400
average infected size: 29.4375
computing proposed method with recall score...
Conformity scores computed. shape of test:(400, 58)
coverage: [0.96   0.9325 0.895  0.835  0.8   ]
set size: [15.54   13.405  11.265   8.7975  7.435 ]
time cost: 1.1732103824615479
computing proposed method with precision score...
Conformity scores computed. shape of test:(400, 58)
coverage: [0.95   0.9275 0.9    0.865  0.82  ]
set size: [29.0275 26.0325 21.955  16.625  12.82  ]
time cost: 1.7137315273284912
computing ArbiTree-CQC...
coverage: [1.     1.     1.     0.9825 0.935 ]
set size: [57.1575 57.1075 57.0675 55.3625 51.865 ]
time cost: 3.470076084136963
finished repeatition: 26 time cost: 6.372197866439819
Number of samples: 8000 Calibration size: 7600 test size: 400
average infected size: 29.05
computing proposed method with recall score...
Conformity scores computed. shape of test:(400, 58)
coverage: [0.955  0.9325 0.9125 0.865  0.82  ]
set size: [15.18   13.0725 11.06    8.61    7.235 ]
time cost: 1.6398670673370361
computing proposed method with precision score...
Conformity scores computed. shape of test:(400, 58)
coverage: [0.95   0.9425 0.9125 0.88   0.8325]
set size: [28.6975 25.835  21.45   16.355  12.6   ]
time cost: 1.7204742431640625
computing ArbiTree-CQC...
coverage: [1.   1.   1.   1.   0.94]
set size: [57.2    57.13   57.095  55.9825 52.11  ]
time cost: 3.3099942207336426
finished repeatition: 27 time cost: 6.684903383255005
Number of samples: 8000 Calibration size: 7600 test size: 400
average infected size: 30.2225
computing proposed method with recall score...
Conformity scores computed. shape of test:(400, 58)
coverage: [0.9525 0.935  0.9125 0.8675 0.8025]
set size: [15.9075 13.7275 11.59    9.055   7.56  ]
time cost: 1.315692663192749
computing proposed method with precision score...
Conformity scores computed. shape of test:(400, 58)
coverage: [0.9325 0.9175 0.9025 0.8575 0.815 ]
set size: [29.75   26.7325 22.645  17.185  13.24  ]
time cost: 1.5336112976074219
computing ArbiTree-CQC...
coverage: [1. 1. 1. 1. 1.]
set size: [58.     58.     57.995  57.9125 57.33  ]
time cost: 2.5740697383880615
finished repeatition: 28 time cost: 5.434512376785278
Number of samples: 8000 Calibration size: 7600 test size: 400
average infected size: 29.165
computing proposed method with recall score...
Conformity scores computed. shape of test:(400, 58)
coverage: [0.9525 0.9375 0.905  0.845  0.7725]
set size: [15.34  13.285 11.205  8.71   7.29 ]
time cost: 1.5785577297210693
computing proposed method with precision score...
Conformity scores computed. shape of test:(400, 58)
coverage: [0.9425 0.9325 0.89   0.84   0.77  ]
set size: [28.775  25.7825 21.0725 15.9325 12.0475]
time cost: 1.5771353244781494
computing ArbiTree-CQC...
coverage: [1.     1.     1.     1.     0.9725]
set size: [58.     57.9925 57.83   57.29   54.5475]
time cost: 2.823319673538208
finished repeatition: 29 time cost: 5.9934983253479
Number of samples: 8000 Calibration size: 7600 test size: 400
average infected size: 28.5875
computing proposed method with recall score...
Conformity scores computed. shape of test:(400, 58)
coverage: [0.9375 0.91   0.8725 0.8375 0.7975]
set size: [14.815  12.875  10.87    8.525   7.1375]
time cost: 1.4375638961791992
computing proposed method with precision score...
Conformity scores computed. shape of test:(400, 58)
coverage: [0.935  0.9175 0.8725 0.835  0.7975]
set size: [28.0825 25.055  20.79   16.165  12.4175]
time cost: 1.6645135879516602
computing ArbiTree-CQC...
coverage: [0.9975 0.9975 0.9975 0.9975 0.945 ]
set size: [57.28   57.2075 57.11   56.57   52.2925]
time cost: 3.3104374408721924
finished repeatition: 30 time cost: 6.4273600578308105
Number of samples: 8000 Calibration size: 7600 test size: 400
average infected size: 29.1325
computing proposed method with recall score...
Conformity scores computed. shape of test:(400, 58)
coverage: [0.95   0.9225 0.9075 0.8625 0.8   ]
set size: [15.21   13.165  11.1125  8.665   7.26  ]
time cost: 1.6443827152252197
computing proposed method with precision score...
Conformity scores computed. shape of test:(400, 58)
coverage: [0.95   0.9325 0.9075 0.8575 0.7975]
set size: [28.985 25.975 21.34  15.905 12.29 ]
time cost: 1.6648685932159424
computing ArbiTree-CQC...
coverage: [1.   1.   1.   1.   0.96]
set size: [57.2525 57.18   57.1    56.81   53.1975]
time cost: 2.5898945331573486
finished repeatition: 31 time cost: 5.9136505126953125
Number of samples: 8000 Calibration size: 7600 test size: 400
average infected size: 29.48
computing proposed method with recall score...
Conformity scores computed. shape of test:(400, 58)
coverage: [0.9275 0.915  0.89   0.855  0.8125]
set size: [15.1125 13.31   11.2325  8.805   7.3575]
time cost: 1.579106330871582
computing proposed method with precision score...
Conformity scores computed. shape of test:(400, 58)
coverage: [0.9475 0.925  0.9025 0.8325 0.77  ]
set size: [28.9175 25.6825 21.225  15.505  11.8025]
time cost: 1.7041223049163818
computing ArbiTree-CQC...
coverage: [1.     0.9975 0.9975 0.9975 0.98  ]
set size: [57.985  57.575  57.295  57.0475 55.4625]
time cost: 2.6660964488983154
finished repeatition: 32 time cost: 5.9608049392700195
Number of samples: 8000 Calibration size: 7600 test size: 400
average infected size: 28.3225
computing proposed method with recall score...
Conformity scores computed. shape of test:(400, 58)
coverage: [0.96   0.9425 0.9025 0.8475 0.795 ]
set size: [14.9175 12.9025 10.855   8.495   7.1075]
time cost: 1.6137630939483643
computing proposed method with precision score...
Conformity scores computed. shape of test:(400, 58)
coverage: [0.95   0.9375 0.905  0.87   0.8225]
set size: [28.2125 25.3575 21.1225 16.095  12.3425]
time cost: 1.7846722602844238
computing ArbiTree-CQC...
coverage: [0.9975 0.9975 0.9975 0.9975 0.9675]
set size: [57.41   57.28   57.1725 56.95   54.2675]
time cost: 2.632439136505127
finished repeatition: 33 time cost: 6.04548192024231
Number of samples: 8000 Calibration size: 7600 test size: 400
average infected size: 29.14
computing proposed method with recall score...
Conformity scores computed. shape of test:(400, 58)
coverage: [0.95   0.9325 0.9    0.845  0.7925]
set size: [15.255  13.225  11.145   8.7125  7.3225]
time cost: 1.2508811950683594
computing proposed method with precision score...
Conformity scores computed. shape of test:(400, 58)
coverage: [0.93   0.895  0.87   0.83   0.7775]
set size: [28.1625 25.005  20.7775 15.73   12.025 ]
time cost: 1.4343323707580566
computing ArbiTree-CQC...
coverage: [1.     1.     1.     1.     0.9875]
set size: [57.8275 57.495  57.2925 57.0775 55.52  ]
time cost: 2.7377376556396484
finished repeatition: 34 time cost: 5.438285827636719
Number of samples: 8000 Calibration size: 7600 test size: 400
average infected size: 30.1525
computing proposed method with recall score...
Conformity scores computed. shape of test:(400, 58)
coverage: [0.9525 0.9325 0.91   0.8775 0.8275]
set size: [15.7725 13.6125 11.5     8.9875  7.53  ]
time cost: 1.5237350463867188
computing proposed method with precision score...
Conformity scores computed. shape of test:(400, 58)
coverage: [0.9325 0.925  0.9075 0.8675 0.8475]
set size: [29.6975 26.78   22.59   17.5325 13.9325]
time cost: 1.5828077793121338
computing ArbiTree-CQC...
coverage: [1.     1.     1.     0.995  0.9225]
set size: [57.2575 57.185  57.1125 55.835  50.8175]
time cost: 3.10803484916687
finished repeatition: 35 time cost: 6.229159355163574
Number of samples: 8000 Calibration size: 7600 test size: 400
average infected size: 28.42
computing proposed method with recall score...
Conformity scores computed. shape of test:(400, 58)
coverage: [0.9475 0.935  0.8875 0.84   0.7925]
set size: [14.8775 12.875  10.8275  8.4825  7.1   ]
time cost: 1.4588115215301514
computing proposed method with precision score...
Conformity scores computed. shape of test:(400, 58)
coverage: [0.9425 0.9275 0.8975 0.83   0.7975]
set size: [27.5875 24.6675 20.49   15.68   12.35  ]
time cost: 1.3735780715942383
computing ArbiTree-CQC...
coverage: [1.     1.     1.     1.     0.9975]
set size: [58.     58.     57.9775 57.7875 56.545 ]
time cost: 2.5251052379608154
finished repeatition: 36 time cost: 5.368442058563232
Number of samples: 8000 Calibration size: 7600 test size: 400
average infected size: 28.8575
computing proposed method with recall score...
Conformity scores computed. shape of test:(400, 58)
coverage: [0.9575 0.9375 0.9125 0.8475 0.7925]
set size: [15.28   13.235  11.1775  8.7625  7.37  ]
time cost: 1.6436545848846436
computing proposed method with precision score...
Conformity scores computed. shape of test:(400, 58)
coverage: [0.9475 0.925  0.9    0.83   0.7925]
set size: [28.9475 25.97   21.845  16.445  12.735 ]
time cost: 1.5649714469909668
computing ArbiTree-CQC...
coverage: [1.     1.     1.     0.9975 0.9375]
set size: [57.175  57.1275 57.0725 55.7575 52.045 ]
time cost: 3.153128147125244
finished repeatition: 37 time cost: 6.377098321914673
Number of samples: 8000 Calibration size: 7600 test size: 400
average infected size: 29.1575
computing proposed method with recall score...
Conformity scores computed. shape of test:(400, 58)
coverage: [0.95   0.9275 0.9025 0.8375 0.795 ]
set size: [15.2675 13.2475 11.1875  8.72    7.35  ]
time cost: 1.7068531513214111
computing proposed method with precision score...
Conformity scores computed. shape of test:(400, 58)
coverage: [0.9375 0.92   0.88   0.825  0.795 ]
set size: [28.48   25.4075 21.2325 16.425  12.55  ]
time cost: 1.298243761062622
computing ArbiTree-CQC...
coverage: [1.   1.   1.   1.   0.99]
set size: [58.     57.9975 57.9875 57.7325 56.0425]
time cost: 2.064995288848877
finished repeatition: 38 time cost: 5.096141338348389
Number of samples: 8000 Calibration size: 7600 test size: 400
average infected size: 29.75
computing proposed method with recall score...
Conformity scores computed. shape of test:(400, 58)
coverage: [0.9475 0.9375 0.905  0.87   0.805 ]
set size: [15.6725 13.615  11.46    9.035   7.5375]
time cost: 1.3741629123687744
computing proposed method with precision score...
Conformity scores computed. shape of test:(400, 58)
coverage: [0.96   0.945  0.9225 0.86   0.8175]
set size: [30.155  26.9975 22.4525 16.8425 12.8275]
time cost: 1.4012846946716309
computing ArbiTree-CQC...
coverage: [1.    1.    1.    1.    0.995]
set size: [58.     57.91   57.7175 57.2675 55.88  ]
time cost: 2.5162603855133057
finished repeatition: 39 time cost: 5.302439212799072
Number of samples: 8000 Calibration size: 7600 test size: 400
average infected size: 30.2675
computing proposed method with recall score...
Conformity scores computed. shape of test:(400, 58)
coverage: [0.94   0.925  0.8925 0.8425 0.79  ]
set size: [15.8225 13.8225 11.6475  9.1225  7.6425]
time cost: 1.3287208080291748
computing proposed method with precision score...
Conformity scores computed. shape of test:(400, 58)
coverage: [0.955  0.935  0.9175 0.8825 0.8425]
set size: [30.445  27.3425 22.9275 17.71   13.7975]
time cost: 1.9586818218231201
computing ArbiTree-CQC...
coverage: [1.     1.     1.     1.     0.9975]
set size: [58.     58.     57.9925 57.8475 56.6375]
time cost: 2.249368667602539
finished repeatition: 40 time cost: 5.5477893352508545
Number of samples: 8000 Calibration size: 7600 test size: 400
average infected size: 30.4
computing proposed method with recall score...
Conformity scores computed. shape of test:(400, 58)
coverage: [0.9425 0.9225 0.895  0.855  0.8   ]
set size: [15.7825 13.7575 11.61    9.06    7.62  ]
time cost: 1.5581245422363281
computing proposed method with precision score...
Conformity scores computed. shape of test:(400, 58)
coverage: [0.955  0.9275 0.8925 0.8425 0.7925]
set size: [29.7475 26.4475 21.7425 16.375  12.5625]
time cost: 1.694004774093628
computing ArbiTree-CQC...
coverage: [1.     1.     1.     1.     0.9925]
set size: [58.     57.9975 57.9375 57.57   55.835 ]
time cost: 2.721439838409424
finished repeatition: 41 time cost: 5.988675594329834
Number of samples: 8000 Calibration size: 7600 test size: 400
average infected size: 28.6725
computing proposed method with recall score...
Conformity scores computed. shape of test:(400, 58)
coverage: [0.9425 0.93   0.905  0.8425 0.7925]
set size: [14.9375 13.085  11.0475  8.675   7.245 ]
time cost: 1.5953781604766846
computing proposed method with precision score...
Conformity scores computed. shape of test:(400, 58)
coverage: [0.95   0.925  0.89   0.8525 0.795 ]
set size: [28.3275 25.265  20.9825 16.0025 11.9925]
time cost: 1.5219104290008545
computing ArbiTree-CQC...
coverage: [1.     1.     1.     1.     0.9725]
set size: [57.49   57.2575 57.14   56.8925 54.0475]
time cost: 2.850529670715332
finished repeatition: 42 time cost: 5.983004808425903
Number of samples: 8000 Calibration size: 7600 test size: 400
average infected size: 29.78
computing proposed method with recall score...
Conformity scores computed. shape of test:(400, 58)
coverage: [0.955  0.935  0.915  0.8475 0.795 ]
set size: [15.58   13.485  11.3575  8.85    7.4125]
time cost: 1.2778418064117432
computing proposed method with precision score...
Conformity scores computed. shape of test:(400, 58)
coverage: [0.955  0.94   0.9075 0.8525 0.8075]
set size: [29.7875 26.81   22.3075 16.8225 12.96  ]
time cost: 1.5847218036651611
computing ArbiTree-CQC...
coverage: [1.   1.   1.   1.   0.98]
set size: [58.     57.975  57.8525 57.385  54.78  ]
time cost: 2.261234998703003
finished repeatition: 43 time cost: 5.1350624561309814
Number of samples: 8000 Calibration size: 7600 test size: 400
average infected size: 29.05
computing proposed method with recall score...
Conformity scores computed. shape of test:(400, 58)
coverage: [0.95   0.93   0.895  0.855  0.7975]
set size: [15.11   13.0325 10.975   8.57    7.1575]
time cost: 1.6252970695495605
computing proposed method with precision score...
Conformity scores computed. shape of test:(400, 58)
coverage: [0.9425 0.925  0.8825 0.83   0.7825]
set size: [27.305  24.24   19.9075 15.1025 11.615 ]
time cost: 1.4473214149475098
computing ArbiTree-CQC...
coverage: [1.     1.     1.     1.     0.9925]
set size: [57.52   57.3075 57.185  57.0325 55.44  ]
time cost: 2.6261539459228516
finished repeatition: 44 time cost: 5.714179515838623
Number of samples: 8000 Calibration size: 7600 test size: 400
average infected size: 29.095
computing proposed method with recall score...
Conformity scores computed. shape of test:(400, 58)
coverage: [0.955  0.9325 0.9075 0.84   0.78  ]
set size: [15.3525 13.28   11.1875  8.7375  7.325 ]
time cost: 1.5022499561309814
computing proposed method with precision score...
Conformity scores computed. shape of test:(400, 58)
coverage: [0.95   0.9325 0.895  0.8375 0.7825]
set size: [29.345  26.355  21.88   17.0025 13.125 ]
time cost: 1.5377328395843506
computing ArbiTree-CQC...
coverage: [0.9975 0.9975 0.9975 0.9975 0.94  ]
set size: [57.1825 57.1325 57.08   56.31   52.4025]
time cost: 2.794750452041626
finished repeatition: 45 time cost: 5.849896430969238
Number of samples: 8000 Calibration size: 7600 test size: 400
average infected size: 29.785
computing proposed method with recall score...
Conformity scores computed. shape of test:(400, 58)
coverage: [0.935  0.925  0.8825 0.86   0.8225]
set size: [15.35   13.48   11.3125  8.905   7.49  ]
time cost: 1.53975510597229
computing proposed method with precision score...
Conformity scores computed. shape of test:(400, 58)
coverage: [0.95   0.92   0.885  0.8425 0.795 ]
set size: [29.6525 26.325  21.75   16.6825 12.97  ]
time cost: 1.6254653930664062
computing ArbiTree-CQC...
coverage: [0.9975 0.9975 0.9975 0.9975 0.9475]
set size: [57.33   57.2325 57.1475 56.52   52.355 ]
time cost: 3.331151247024536
finished repeatition: 46 time cost: 6.51721978187561
Number of samples: 8000 Calibration size: 7600 test size: 400
average infected size: 28.86
computing proposed method with recall score...
Conformity scores computed. shape of test:(400, 58)
coverage: [0.95   0.9075 0.86   0.8175 0.7725]
set size: [15.0725 12.9725 10.88    8.52    7.1525]
time cost: 1.263709306716919
computing proposed method with precision score...
Conformity scores computed. shape of test:(400, 58)
coverage: [0.95   0.9325 0.8975 0.8375 0.7925]
set size: [27.8175 24.8375 20.455  15.61   12.0475]
time cost: 1.4322240352630615
computing ArbiTree-CQC...
coverage: [1.     1.     0.9975 0.9975 0.9875]
set size: [58.     57.89   57.4975 57.0875 55.575 ]
time cost: 2.9414634704589844
finished repeatition: 47 time cost: 5.661945343017578
Number of samples: 8000 Calibration size: 7600 test size: 400
average infected size: 28.68
computing proposed method with recall score...
Conformity scores computed. shape of test:(400, 58)
coverage: [0.94   0.9225 0.8775 0.825  0.7925]
set size: [14.8575 12.97   10.86    8.495   7.14  ]
time cost: 1.6559388637542725
computing proposed method with precision score...
Conformity scores computed. shape of test:(400, 58)
coverage: [0.95   0.9325 0.87   0.825  0.7725]
set size: [28.1225 25.035  20.335  15.7175 12.0925]
time cost: 1.8173675537109375
computing ArbiTree-CQC...
coverage: [1.     1.     1.     1.     0.9875]
set size: [58.     57.99   57.8475 57.4175 55.4225]
time cost: 2.68803071975708
finished repeatition: 48 time cost: 6.177032947540283
Number of samples: 8000 Calibration size: 7600 test size: 400
average infected size: 28.5825
computing proposed method with recall score...
Conformity scores computed. shape of test:(400, 58)
coverage: [0.9225 0.9075 0.8775 0.83   0.765 ]
set size: [14.695  12.9775 10.9575  8.575   7.195 ]
time cost: 1.4199590682983398
computing proposed method with precision score...
Conformity scores computed. shape of test:(400, 58)
coverage: [0.925  0.9025 0.8725 0.8125 0.7625]
set size: [28.09   25.1875 20.94   15.7975 12.0425]
time cost: 1.3364405632019043
computing ArbiTree-CQC...
coverage: [1. 1. 1. 1. 1.]
set size: [58.     58.     57.9975 57.8375 57.1925]
time cost: 1.917100429534912
finished repeatition: 49 time cost: 4.701763868331909

Coverage Results:
Method    α=0.05         α=0.07         α=0.10         α=0.15         α=0.20         
-------------------------------------------------------------------------------------
set_recall0.950 ± 0.012  0.930 ± 0.014  0.899 ± 0.016  0.850 ± 0.018  0.799 ± 0.022  
set_prec  0.947 ± 0.011  0.928 ± 0.012  0.897 ± 0.014  0.845 ± 0.018  0.796 ± 0.020  
ArbiTree-CQC0.999 ± 0.001  0.999 ± 0.001  0.999 ± 0.001  0.998 ± 0.003  0.969 ± 0.024  

Set Size Results:
Method    α=0.05         α=0.07         α=0.10         α=0.15         α=0.20         
-------------------------------------------------------------------------------------
set_recall15.314 ± 0.393 13.278 ± 0.322 11.192 ± 0.275 8.750 ± 0.218  7.339 ± 0.189  
set_prec  28.917 ± 0.822 25.859 ± 0.759 21.505 ± 0.720 16.333 ± 0.599 12.563 ± 0.562 
ArbiTree-CQC57.666 ± 0.354 57.563 ± 0.371 57.446 ± 0.367 56.938 ± 0.654 54.205 ± 1.752 
finished.
