2025-09-01 00:04:04.130822: I tensorflow/stream_executor/platform/default/dso_loader.cc:48] Successfully opened dynamic library libcudart.so.10.1
Number of nodes: 774
Number of edges: 7992
Calibration size: 7600 test size: 400
average infected size: 33.0425
computing proposed method with recall score...
Conformity scores computed. shape of test:(400, 774)
coverage: [0.9675 0.9525 0.9375 0.885  0.8525]
set size: [19.7    18.0825 16.24   14.5525 13.5625]
time cost: 1.4060125350952148
computing proposed method with precision score...
Conformity scores computed. shape of test:(400, 774)
coverage: [0.82   0.78   0.735  0.6325 0.5575]
set size: [16.17   13.9875 11.5875  9.035   7.385 ]
time cost: 1.5538148880004883
finished repeatition: 0 time cost: 3.665440082550049
Calibration size: 7600 test size: 400
average infected size: 33.0425
computing proposed method with recall score...
Conformity scores computed. shape of test:(400, 774)
coverage: [0.9625 0.9425 0.9175 0.875  0.8375]
set size: [19.705  18.0975 16.505  14.7775 13.825 ]
time cost: 1.4276454448699951
computing proposed method with precision score...
Conformity scores computed. shape of test:(400, 774)
coverage: [0.815  0.7625 0.7075 0.62   0.5275]
set size: [16.2625 14.005  11.7575  9.1075  7.4375]
time cost: 1.5549049377441406
finished repeatition: 1 time cost: 3.6810081005096436
Calibration size: 7600 test size: 400
average infected size: 33.0425
computing proposed method with recall score...
Conformity scores computed. shape of test:(400, 774)
coverage: [0.965  0.9525 0.9325 0.8825 0.8475]
set size: [20.9025 19.19   17.3075 15.4925 14.5275]
time cost: 1.4042274951934814
computing proposed method with precision score...
Conformity scores computed. shape of test:(400, 774)
coverage: [0.8175 0.765  0.705  0.6175 0.545 ]
set size: [17.01   14.6075 12.15    9.5725  7.7525]
time cost: 1.556330919265747
finished repeatition: 2 time cost: 3.6616504192352295
Calibration size: 7600 test size: 400
average infected size: 33.0425
computing proposed method with recall score...
Conformity scores computed. shape of test:(400, 774)
coverage: [0.975  0.96   0.9375 0.9    0.865 ]
set size: [19.9625 18.5175 16.78   14.93   13.8325]
time cost: 1.415466547012329
computing proposed method with precision score...
Conformity scores computed. shape of test:(400, 774)
coverage: [0.785  0.74   0.7    0.595  0.5175]
set size: [15.385  13.0625 10.995   8.595   7.115 ]
time cost: 1.5340752601623535
finished repeatition: 3 time cost: 3.647974967956543
Calibration size: 7600 test size: 400
average infected size: 33.0425
computing proposed method with recall score...
Conformity scores computed. shape of test:(400, 774)
coverage: [0.9725 0.95   0.9225 0.88   0.8375]
set size: [19.75   18.11   16.3025 14.55   13.63  ]
time cost: 1.4172241687774658
computing proposed method with precision score...
Conformity scores computed. shape of test:(400, 774)
coverage: [0.7925 0.7375 0.6725 0.5875 0.4975]
set size: [15.42   12.835  10.7     8.2825  6.74  ]
time cost: 1.5188608169555664
finished repeatition: 4 time cost: 3.635869026184082
Calibration size: 7600 test size: 400
average infected size: 33.0425
computing proposed method with recall score...
Conformity scores computed. shape of test:(400, 774)
coverage: [0.9725 0.9625 0.9425 0.9125 0.875 ]
set size: [19.8    18.05   16.2375 14.68   13.635 ]
time cost: 1.417456865310669
computing proposed method with precision score...
Conformity scores computed. shape of test:(400, 774)
coverage: [0.8025 0.755  0.7    0.615  0.5275]
set size: [15.4175 13.3525 11.1575  8.625   7.0225]
time cost: 1.544825553894043
finished repeatition: 5 time cost: 3.6667654514312744
Calibration size: 7600 test size: 400
average infected size: 33.0425
computing proposed method with recall score...
Conformity scores computed. shape of test:(400, 774)
coverage: [0.9725 0.9575 0.9325 0.8975 0.87  ]
set size: [20.505  18.825  17.2175 15.33   14.2625]
time cost: 1.56929349899292
computing proposed method with precision score...
Conformity scores computed. shape of test:(400, 774)
coverage: [0.775  0.7275 0.6825 0.57   0.495 ]
set size: [15.6975 13.3825 11.1025  8.56    6.9725]
time cost: 1.7382452487945557
finished repeatition: 6 time cost: 4.0522589683532715
Calibration size: 7600 test size: 400
average infected size: 33.0425
computing proposed method with recall score...
Conformity scores computed. shape of test:(400, 774)
coverage: [0.9775 0.965  0.93   0.895  0.86  ]
set size: [19.9625 18.1825 16.42   14.55   13.65  ]
time cost: 1.4123077392578125
computing proposed method with precision score...
Conformity scores computed. shape of test:(400, 774)
coverage: [0.81   0.77   0.725  0.6425 0.56  ]
set size: [15.945 13.98  11.66   9.195  7.525]
time cost: 1.5453014373779297
finished repeatition: 7 time cost: 3.6831555366516113
Calibration size: 7600 test size: 400
average infected size: 33.0425
computing proposed method with recall score...
Conformity scores computed. shape of test:(400, 774)
coverage: [0.965  0.9425 0.92   0.885  0.85  ]
set size: [19.6325 17.8875 16.115  14.52   13.5225]
time cost: 1.4166600704193115
computing proposed method with precision score...
Conformity scores computed. shape of test:(400, 774)
coverage: [0.8075 0.76   0.7175 0.6225 0.53  ]
set size: [15.3075 13.2725 11.3475  8.755   7.0625]
time cost: 1.5605683326721191
finished repeatition: 8 time cost: 3.681931734085083
Calibration size: 7600 test size: 400
average infected size: 33.0425
computing proposed method with recall score...
Conformity scores computed. shape of test:(400, 774)
coverage: [0.965  0.9425 0.9175 0.88   0.855 ]
set size: [20.14   18.155  16.4475 14.8075 13.8675]
time cost: 1.4297447204589844
computing proposed method with precision score...
Conformity scores computed. shape of test:(400, 774)
coverage: [0.795  0.7475 0.71   0.605  0.5125]
set size: [15.845  13.365  11.3975  8.815   7.255 ]
time cost: 1.5591533184051514
finished repeatition: 9 time cost: 3.689422369003296
Calibration size: 7600 test size: 400
average infected size: 33.0425
computing proposed method with recall score...
Conformity scores computed. shape of test:(400, 774)
coverage: [0.97   0.955  0.93   0.8875 0.86  ]
set size: [20.675  18.95   17.0475 15.275  14.265 ]
time cost: 1.4224436283111572
computing proposed method with precision score...
Conformity scores computed. shape of test:(400, 774)
coverage: [0.7925 0.76   0.725  0.605  0.49  ]
set size: [15.67   13.645  11.5125  8.81    7.1875]
time cost: 1.541740894317627
finished repeatition: 10 time cost: 3.662179708480835
Calibration size: 7600 test size: 400
average infected size: 33.0425
computing proposed method with recall score...
Conformity scores computed. shape of test:(400, 774)
coverage: [0.965  0.95   0.9275 0.8925 0.8575]
set size: [19.52   17.9    16.2125 14.595  13.6125]
time cost: 1.4168462753295898
computing proposed method with precision score...
Conformity scores computed. shape of test:(400, 774)
coverage: [0.8175 0.7775 0.7125 0.6125 0.5175]
set size: [15.7225 13.6275 11.305   8.5575  6.8225]
time cost: 1.5548045635223389
finished repeatition: 11 time cost: 3.6700384616851807
Calibration size: 7600 test size: 400
average infected size: 33.0425
computing proposed method with recall score...
Conformity scores computed. shape of test:(400, 774)
coverage: [0.97   0.95   0.92   0.885  0.8375]
set size: [20.09   18.4125 16.535  14.8725 13.9125]
time cost: 1.4144213199615479
computing proposed method with precision score...
Conformity scores computed. shape of test:(400, 774)
coverage: [0.7625 0.72   0.6675 0.57   0.5   ]
set size: [15.0325 13.0525 10.91    8.5575  7.06  ]
time cost: 1.5470504760742188
finished repeatition: 12 time cost: 3.6608822345733643
Calibration size: 7600 test size: 400
average infected size: 33.0425
computing proposed method with recall score...
Conformity scores computed. shape of test:(400, 774)
coverage: [0.9775 0.95   0.925  0.885  0.85  ]
set size: [19.355  17.57   15.895  14.29   13.4775]
time cost: 1.415252685546875
computing proposed method with precision score...
Conformity scores computed. shape of test:(400, 774)
coverage: [0.78   0.74   0.6975 0.615  0.54  ]
set size: [14.8475 12.81   10.875   8.455   6.9025]
time cost: 1.552231788635254
finished repeatition: 13 time cost: 3.668177604675293
Calibration size: 7600 test size: 400
average infected size: 33.0425
computing proposed method with recall score...
Conformity scores computed. shape of test:(400, 774)
coverage: [0.9625 0.95   0.9275 0.89   0.8625]
set size: [19.645  18.16   16.4675 14.8125 13.725 ]
time cost: 1.4142181873321533
computing proposed method with precision score...
Conformity scores computed. shape of test:(400, 774)
coverage: [0.785  0.74   0.69   0.5875 0.505 ]
set size: [15.56   13.4575 11.1725  8.8075  7.2125]
time cost: 1.5646839141845703
finished repeatition: 14 time cost: 3.684694766998291
Calibration size: 7600 test size: 400
average infected size: 33.0425
computing proposed method with recall score...
Conformity scores computed. shape of test:(400, 774)
coverage: [0.955  0.935  0.9025 0.8675 0.8225]
set size: [19.7    18.0625 16.315  14.5675 13.55  ]
time cost: 1.4049370288848877
computing proposed method with precision score...
Conformity scores computed. shape of test:(400, 774)
coverage: [0.8125 0.77   0.71   0.605  0.54  ]
set size: [15.555  13.565  11.305   8.8775  7.1725]
time cost: 1.5644922256469727
finished repeatition: 15 time cost: 3.6887598037719727
Calibration size: 7600 test size: 400
average infected size: 33.0425
computing proposed method with recall score...
Conformity scores computed. shape of test:(400, 774)
coverage: [0.96   0.9475 0.9175 0.87   0.825 ]
set size: [19.785  18.205  16.3675 14.4825 13.5525]
time cost: 1.4079563617706299
computing proposed method with precision score...
Conformity scores computed. shape of test:(400, 774)
coverage: [0.8075 0.7625 0.72   0.6225 0.5325]
set size: [15.8775 13.705  11.2775  8.715   7.0425]
time cost: 1.5590312480926514
finished repeatition: 16 time cost: 3.6658031940460205
Calibration size: 7600 test size: 400
average infected size: 33.0425
computing proposed method with recall score...
Conformity scores computed. shape of test:(400, 774)
coverage: [0.9825 0.9675 0.9425 0.9025 0.8625]
set size: [20.81   19.1025 17.2925 15.5225 14.5   ]
time cost: 1.4132494926452637
computing proposed method with precision score...
Conformity scores computed. shape of test:(400, 774)
coverage: [0.785  0.745  0.6875 0.5825 0.5   ]
set size: [16.5025 14.385  11.8125  9.23    7.495 ]
time cost: 1.5403225421905518
finished repeatition: 17 time cost: 3.661856174468994
Calibration size: 7600 test size: 400
average infected size: 33.0425
computing proposed method with recall score...
Conformity scores computed. shape of test:(400, 774)
coverage: [0.97   0.9525 0.93   0.895  0.8525]
set size: [19.855  18.18   16.4025 14.7    13.7975]
time cost: 1.4158976078033447
computing proposed method with precision score...
Conformity scores computed. shape of test:(400, 774)
coverage: [0.79   0.75   0.705  0.6125 0.545 ]
set size: [15.5025 13.4375 11.1875  8.6575  7.1825]
time cost: 1.5531024932861328
finished repeatition: 18 time cost: 3.68062424659729
Calibration size: 7600 test size: 400
average infected size: 33.0425
computing proposed method with recall score...
Conformity scores computed. shape of test:(400, 774)
coverage: [0.9675 0.9525 0.9225 0.895  0.86  ]
set size: [20.3325 18.595  16.78   15.0325 14.1125]
time cost: 1.418306827545166
computing proposed method with precision score...
Conformity scores computed. shape of test:(400, 774)
coverage: [0.8    0.76   0.7175 0.6    0.5275]
set size: [15.6825 13.61   11.1725  8.6075  6.995 ]
time cost: 1.5451018810272217
finished repeatition: 19 time cost: 3.6640079021453857
Calibration size: 7600 test size: 400
average infected size: 33.0425
computing proposed method with recall score...
Conformity scores computed. shape of test:(400, 774)
coverage: [0.9775 0.97   0.9375 0.8875 0.8575]
set size: [19.8725 18.34   16.5125 14.6725 13.6525]
time cost: 1.414405107498169
computing proposed method with precision score...
Conformity scores computed. shape of test:(400, 774)
coverage: [0.795  0.755  0.7    0.5925 0.505 ]
set size: [15.3275 13.4175 11.125   8.5775  7.0025]
time cost: 1.5517752170562744
finished repeatition: 20 time cost: 3.6669704914093018
Calibration size: 7600 test size: 400
average infected size: 33.0425
computing proposed method with recall score...
Conformity scores computed. shape of test:(400, 774)
coverage: [0.975 0.96  0.94  0.895 0.865]
set size: [20.645  18.8775 17.085  15.3025 14.2925]
time cost: 1.427992582321167
computing proposed method with precision score...
Conformity scores computed. shape of test:(400, 774)
coverage: [0.79   0.7475 0.6975 0.5975 0.5275]
set size: [15.7175 13.5425 11.33    8.885   7.1425]
time cost: 1.536811351776123
finished repeatition: 21 time cost: 3.6631505489349365
Calibration size: 7600 test size: 400
average infected size: 33.0425
computing proposed method with recall score...
Conformity scores computed. shape of test:(400, 774)
coverage: [0.9575 0.945  0.9175 0.8625 0.8275]
set size: [19.61   18.02   16.26   14.5075 13.55  ]
time cost: 1.4170894622802734
computing proposed method with precision score...
Conformity scores computed. shape of test:(400, 774)
coverage: [0.805  0.7575 0.705  0.5925 0.52  ]
set size: [15.2825 13.3925 11.145   8.685   7.0925]
time cost: 1.5521063804626465
finished repeatition: 22 time cost: 3.6685657501220703
Calibration size: 7600 test size: 400
average infected size: 33.0425
computing proposed method with recall score...
Conformity scores computed. shape of test:(400, 774)
coverage: [0.9675 0.9525 0.9275 0.8975 0.865 ]
set size: [19.835  18.0875 16.335  14.5925 13.76  ]
time cost: 1.3893563747406006
computing proposed method with precision score...
Conformity scores computed. shape of test:(400, 774)
coverage: [0.77   0.735  0.685  0.5975 0.5425]
set size: [14.7525 12.7925 10.8025  8.465   6.8925]
time cost: 1.5539135932922363
finished repeatition: 23 time cost: 3.6435000896453857
Calibration size: 7600 test size: 400
average infected size: 33.0425
computing proposed method with recall score...
Conformity scores computed. shape of test:(400, 774)
coverage: [0.9725 0.9475 0.9275 0.8875 0.8475]
set size: [19.43   17.8475 16.225  14.4475 13.47  ]
time cost: 1.405717134475708
computing proposed method with precision score...
Conformity scores computed. shape of test:(400, 774)
coverage: [0.8025 0.76   0.7    0.62   0.535 ]
set size: [15.6475 13.565  11.21    8.785   7.09  ]
time cost: 1.539569616317749
finished repeatition: 24 time cost: 3.644946336746216
Calibration size: 7600 test size: 400
average infected size: 33.0425
computing proposed method with recall score...
Conformity scores computed. shape of test:(400, 774)
coverage: [0.97   0.9525 0.9225 0.8675 0.83  ]
set size: [20.5175 18.8275 17.065  15.2575 14.2025]
time cost: 1.419551134109497
computing proposed method with precision score...
Conformity scores computed. shape of test:(400, 774)
coverage: [0.7875 0.745  0.695  0.595  0.4975]
set size: [15.8075 13.475  11.4325  8.91    7.3125]
time cost: 1.5456056594848633
finished repeatition: 25 time cost: 3.6660521030426025
Calibration size: 7600 test size: 400
average infected size: 33.0425
computing proposed method with recall score...
Conformity scores computed. shape of test:(400, 774)
coverage: [0.9675 0.955  0.9425 0.9075 0.8825]
set size: [20.2625 18.7225 16.8975 15.165  14.05  ]
time cost: 1.4160747528076172
computing proposed method with precision score...
Conformity scores computed. shape of test:(400, 774)
coverage: [0.7975 0.7625 0.7275 0.63   0.5425]
set size: [15.8    13.5375 11.3     8.9125  7.205 ]
time cost: 1.7310075759887695
finished repeatition: 26 time cost: 3.8517088890075684
Calibration size: 7600 test size: 400
average infected size: 33.0425
computing proposed method with recall score...
Conformity scores computed. shape of test:(400, 774)
coverage: [0.97   0.9525 0.9175 0.88   0.84  ]
set size: [19.41   17.8125 16.0275 14.5025 13.44  ]
time cost: 1.410757064819336
computing proposed method with precision score...
Conformity scores computed. shape of test:(400, 774)
coverage: [0.79   0.76   0.7125 0.615  0.545 ]
set size: [15.505  13.505  11.33    8.7725  7.17  ]
time cost: 1.5453331470489502
finished repeatition: 27 time cost: 3.6772265434265137
Calibration size: 7600 test size: 400
average infected size: 33.0425
computing proposed method with recall score...
Conformity scores computed. shape of test:(400, 774)
coverage: [0.9675 0.9525 0.93   0.89   0.855 ]
set size: [20.335  18.455  16.705  14.9075 13.955 ]
time cost: 1.410979986190796
computing proposed method with precision score...
Conformity scores computed. shape of test:(400, 774)
coverage: [0.81   0.7675 0.7275 0.5925 0.52  ]
set size: [15.4675 13.295  11.2     8.64    7.0925]
time cost: 1.5470776557922363
finished repeatition: 28 time cost: 3.6582610607147217
Calibration size: 7600 test size: 400
average infected size: 33.0425
computing proposed method with recall score...
Conformity scores computed. shape of test:(400, 774)
coverage: [0.97   0.9475 0.9275 0.89   0.8625]
set size: [20.2325 18.5875 16.8975 15.1    14.0725]
time cost: 1.3920843601226807
computing proposed method with precision score...
Conformity scores computed. shape of test:(400, 774)
coverage: [0.81   0.77   0.74   0.625  0.5525]
set size: [16.24   14.1625 11.79    9.3625  7.765 ]
time cost: 1.54880952835083
finished repeatition: 29 time cost: 3.6452555656433105
Calibration size: 7600 test size: 400
average infected size: 33.0425
computing proposed method with recall score...
Conformity scores computed. shape of test:(400, 774)
coverage: [0.975  0.96   0.92   0.8875 0.8575]
set size: [19.735 18.045 16.28  14.61  13.6  ]
time cost: 1.3981332778930664
computing proposed method with precision score...
Conformity scores computed. shape of test:(400, 774)
coverage: [0.7975 0.75   0.6925 0.595  0.52  ]
set size: [14.7875 12.9425 10.5475  8.1975  6.755 ]
time cost: 1.539482831954956
finished repeatition: 30 time cost: 3.6425364017486572
Calibration size: 7600 test size: 400
average infected size: 33.0425
computing proposed method with recall score...
Conformity scores computed. shape of test:(400, 774)
coverage: [0.97  0.96  0.93  0.885 0.84 ]
set size: [20.0075 18.2575 16.4    14.6425 13.6625]
time cost: 1.4344205856323242
computing proposed method with precision score...
Conformity scores computed. shape of test:(400, 774)
coverage: [0.8175 0.7675 0.71   0.63   0.5575]
set size: [16.175  14.065  11.57    9.105   7.4125]
time cost: 1.5433430671691895
finished repeatition: 31 time cost: 3.6797571182250977
Calibration size: 7600 test size: 400
average infected size: 33.0425
computing proposed method with recall score...
Conformity scores computed. shape of test:(400, 774)
coverage: [0.9625 0.9525 0.9225 0.8775 0.8375]
set size: [19.4625 17.885  16.0975 14.335  13.425 ]
time cost: 1.4025540351867676
computing proposed method with precision score...
Conformity scores computed. shape of test:(400, 774)
coverage: [0.805  0.78   0.735  0.6225 0.515 ]
set size: [15.6825 13.7125 11.27    8.6825  6.965 ]
time cost: 1.559260606765747
finished repeatition: 32 time cost: 3.662623882293701
Calibration size: 7600 test size: 400
average infected size: 33.0425
computing proposed method with recall score...
Conformity scores computed. shape of test:(400, 774)
coverage: [0.9675 0.95   0.9325 0.905  0.8575]
set size: [19.875  18.1925 16.4525 14.805  13.8175]
time cost: 1.4117660522460938
computing proposed method with precision score...
Conformity scores computed. shape of test:(400, 774)
coverage: [0.7625 0.7225 0.68   0.59   0.4975]
set size: [14.565  12.5225 10.4925  8.0675  6.535 ]
time cost: 1.5550663471221924
finished repeatition: 33 time cost: 3.6662240028381348
Calibration size: 7600 test size: 400
average infected size: 33.0425
computing proposed method with recall score...
Conformity scores computed. shape of test:(400, 774)
coverage: [0.9775 0.965  0.93   0.895  0.8425]
set size: [19.8    18.1775 16.395  14.74   13.7675]
time cost: 1.408883810043335
computing proposed method with precision score...
Conformity scores computed. shape of test:(400, 774)
coverage: [0.785  0.7525 0.7225 0.6325 0.5425]
set size: [15.425  13.25   11.23    8.8175  7.2   ]
time cost: 1.5501954555511475
finished repeatition: 34 time cost: 3.6622889041900635
Calibration size: 7600 test size: 400
average infected size: 33.0425
computing proposed method with recall score...
Conformity scores computed. shape of test:(400, 774)
coverage: [0.9675 0.955  0.925  0.8925 0.8575]
set size: [19.25   17.415  15.89   14.1775 13.2925]
time cost: 1.407970905303955
computing proposed method with precision score...
Conformity scores computed. shape of test:(400, 774)
coverage: [0.8025 0.75   0.7025 0.615  0.5425]
set size: [14.9025 12.8225 10.855   8.5625  6.9725]
time cost: 1.5582573413848877
finished repeatition: 35 time cost: 3.6689467430114746
Calibration size: 7600 test size: 400
average infected size: 33.0425
computing proposed method with recall score...
Conformity scores computed. shape of test:(400, 774)
coverage: [0.9725 0.9575 0.94   0.895  0.8575]
set size: [19.9325 18.2325 16.46   14.62   13.76  ]
time cost: 1.4195952415466309
computing proposed method with precision score...
Conformity scores computed. shape of test:(400, 774)
coverage: [0.7875 0.7475 0.7    0.6    0.5025]
set size: [14.4925 12.435  10.39    8.0375  6.635 ]
time cost: 1.5617702007293701
finished repeatition: 36 time cost: 3.6834914684295654
Calibration size: 7600 test size: 400
average infected size: 33.0425
computing proposed method with recall score...
Conformity scores computed. shape of test:(400, 774)
coverage: [0.98   0.9625 0.9325 0.9    0.8625]
set size: [19.2875 17.6875 16.135  14.465  13.4325]
time cost: 1.4141275882720947
computing proposed method with precision score...
Conformity scores computed. shape of test:(400, 774)
coverage: [0.78   0.7325 0.6975 0.62   0.5225]
set size: [15.85   13.54   11.3675  8.8425  7.26  ]
time cost: 1.5396637916564941
finished repeatition: 37 time cost: 3.6535792350769043
Calibration size: 7600 test size: 400
average infected size: 33.0425
computing proposed method with recall score...
Conformity scores computed. shape of test:(400, 774)
coverage: [0.9725 0.95   0.925  0.8825 0.8425]
set size: [21.0825 19.285  17.43   15.6775 14.605 ]
time cost: 1.3979816436767578
computing proposed method with precision score...
Conformity scores computed. shape of test:(400, 774)
coverage: [0.7725 0.75   0.7075 0.595  0.5075]
set size: [16.3525 14.215  11.7975  9.0975  7.34  ]
time cost: 1.5470800399780273
finished repeatition: 38 time cost: 3.645284414291382
Calibration size: 7600 test size: 400
average infected size: 33.0425
computing proposed method with recall score...
Conformity scores computed. shape of test:(400, 774)
coverage: [0.9725 0.95   0.9225 0.8825 0.8575]
set size: [20.43   18.745  16.9825 15.1175 14.1825]
time cost: 1.416891098022461
computing proposed method with precision score...
Conformity scores computed. shape of test:(400, 774)
coverage: [0.75   0.7075 0.655  0.555  0.4825]
set size: [14.805  12.695  10.6375  8.29    6.7575]
time cost: 1.5515804290771484
finished repeatition: 39 time cost: 3.683793306350708
Calibration size: 7600 test size: 400
average infected size: 33.0425
computing proposed method with recall score...
Conformity scores computed. shape of test:(400, 774)
coverage: [0.975  0.96   0.935  0.8925 0.85  ]
set size: [20.06   18.405  16.625  14.9275 13.9125]
time cost: 1.4139342308044434
computing proposed method with precision score...
Conformity scores computed. shape of test:(400, 774)
coverage: [0.815  0.7825 0.74   0.6425 0.5525]
set size: [16.285 14.225 11.785  9.305  7.555]
time cost: 1.5552723407745361
finished repeatition: 40 time cost: 3.6700191497802734
Calibration size: 7600 test size: 400
average infected size: 33.0425
computing proposed method with recall score...
Conformity scores computed. shape of test:(400, 774)
coverage: [0.97   0.9525 0.93   0.895  0.8475]
set size: [20.2825 18.4875 16.6925 14.8275 13.895 ]
time cost: 1.4075884819030762
computing proposed method with precision score...
Conformity scores computed. shape of test:(400, 774)
coverage: [0.785  0.7325 0.6775 0.57   0.4775]
set size: [15.055  13.035  10.915   8.4875  6.85  ]
time cost: 1.5419762134552002
finished repeatition: 41 time cost: 3.651235580444336
Calibration size: 7600 test size: 400
average infected size: 33.0425
computing proposed method with recall score...
Conformity scores computed. shape of test:(400, 774)
coverage: [0.9575 0.94   0.905  0.8625 0.8325]
set size: [19.5975 18.145  16.23   14.6475 13.64  ]
time cost: 1.4210841655731201
computing proposed method with precision score...
Conformity scores computed. shape of test:(400, 774)
coverage: [0.8    0.7625 0.72   0.6175 0.53  ]
set size: [15.7625 13.5675 11.4625  9.08    7.33  ]
time cost: 1.561537504196167
finished repeatition: 42 time cost: 3.686185121536255
Calibration size: 7600 test size: 400
average infected size: 33.0425
computing proposed method with recall score...
Conformity scores computed. shape of test:(400, 774)
coverage: [0.975  0.9575 0.935  0.9025 0.8775]
set size: [20.64   18.8925 17.09   15.26   14.2725]
time cost: 1.4177823066711426
computing proposed method with precision score...
Conformity scores computed. shape of test:(400, 774)
coverage: [0.795  0.7675 0.715  0.64   0.5325]
set size: [16.0775 14.0575 11.5525  8.91    7.2625]
time cost: 1.5569357872009277
finished repeatition: 43 time cost: 3.6834964752197266
Calibration size: 7600 test size: 400
average infected size: 33.0425
computing proposed method with recall score...
Conformity scores computed. shape of test:(400, 774)
coverage: [0.9725 0.955  0.925  0.89   0.86  ]
set size: [19.79   18.2325 16.4175 14.7325 13.8125]
time cost: 1.4038112163543701
computing proposed method with precision score...
Conformity scores computed. shape of test:(400, 774)
coverage: [0.765  0.735  0.6675 0.5975 0.52  ]
set size: [15.015  13.14   10.875   8.6025  7.0825]
time cost: 1.5265100002288818
finished repeatition: 44 time cost: 3.6330678462982178
Calibration size: 7600 test size: 400
average infected size: 33.0425
computing proposed method with recall score...
Conformity scores computed. shape of test:(400, 774)
coverage: [0.97  0.955 0.925 0.89  0.85 ]
set size: [19.4525 17.84   16.12   14.5325 13.54  ]
time cost: 1.5630764961242676
computing proposed method with precision score...
Conformity scores computed. shape of test:(400, 774)
coverage: [0.8025 0.7525 0.7075 0.5975 0.525 ]
set size: [15.1    12.7875 10.7925  8.3325  6.895 ]
time cost: 1.5384368896484375
finished repeatition: 45 time cost: 3.8311219215393066
Calibration size: 7600 test size: 400
average infected size: 33.0425
computing proposed method with recall score...
Conformity scores computed. shape of test:(400, 774)
coverage: [0.9725 0.9525 0.9275 0.8825 0.845 ]
set size: [20.4525 18.7825 17.0175 15.255  14.1675]
time cost: 1.4166133403778076
computing proposed method with precision score...
Conformity scores computed. shape of test:(400, 774)
coverage: [0.79   0.7475 0.69   0.605  0.5275]
set size: [15.6225 13.4875 11.1975  8.685   7.07  ]
time cost: 1.5595028400421143
finished repeatition: 46 time cost: 3.7044014930725098
Calibration size: 7600 test size: 400
average infected size: 33.0425
computing proposed method with recall score...
Conformity scores computed. shape of test:(400, 774)
coverage: [0.965  0.95   0.915  0.87   0.8275]
set size: [19.085  17.5175 15.75   14.1125 13.1625]
time cost: 1.425168514251709
computing proposed method with precision score...
Conformity scores computed. shape of test:(400, 774)
coverage: [0.7825 0.745  0.6975 0.6025 0.52  ]
set size: [14.5025 12.705  10.5675  8.25    6.68  ]
time cost: 1.5423099994659424
finished repeatition: 47 time cost: 3.668577194213867
Calibration size: 7600 test size: 400
average infected size: 33.0425
computing proposed method with recall score...
Conformity scores computed. shape of test:(400, 774)
coverage: [0.96   0.945  0.9325 0.9    0.8725]
set size: [19.7325 18.1275 16.4425 14.6975 13.745 ]
time cost: 1.4156010150909424
computing proposed method with precision score...
Conformity scores computed. shape of test:(400, 774)
coverage: [0.815  0.765  0.7275 0.6175 0.535 ]
set size: [16.3725 14.1625 11.85    9.2625  7.515 ]
time cost: 1.5587272644042969
finished repeatition: 48 time cost: 3.6764321327209473
Calibration size: 7600 test size: 400
average infected size: 33.0425
computing proposed method with recall score...
Conformity scores computed. shape of test:(400, 774)
coverage: [0.9775 0.9625 0.94   0.9075 0.8725]
set size: [20.4175 18.6325 16.9425 15.185  14.18  ]
time cost: 1.4216563701629639
computing proposed method with precision score...
Conformity scores computed. shape of test:(400, 774)
coverage: [0.825  0.77   0.7325 0.62   0.5475]
set size: [16.975  14.6575 12.1725  9.365   7.5625]
time cost: 1.5438196659088135
finished repeatition: 49 time cost: 3.6671786308288574

Coverage Results:
Method    α=0.05         α=0.07         α=0.10         α=0.15         α=0.20         
-------------------------------------------------------------------------------------
set_recall0.970 ± 0.006  0.953 ± 0.007  0.927 ± 0.009  0.888 ± 0.011  0.852 ± 0.014  
set_prec  0.795 ± 0.017  0.753 ± 0.016  0.705 ± 0.019  0.607 ± 0.019  0.524 ± 0.020  

Set Size Results:
Method    α=0.05         α=0.07         α=0.10         α=0.15         α=0.20         
-------------------------------------------------------------------------------------
set_recall19.967 ± 0.459 18.296 ± 0.428 16.535 ± 0.398 14.803 ± 0.353 13.823 ± 0.326 
set_prec  15.595 ± 0.579 13.477 ± 0.525 11.248 ± 0.408 8.756 ± 0.340  7.135 ± 0.274  

Time Cost Results:
Method    α=0.05         α=0.07         α=0.10         α=0.15         α=0.20         
-------------------------------------------------------------------------------------
set_recall1.420 ± 0.031  1.420 ± 0.031  1.420 ± 0.031  1.420 ± 0.031  1.420 ± 0.031  
set_prec  1.557 ± 0.038  1.557 ± 0.038  1.557 ± 0.038  1.557 ± 0.038  1.557 ± 0.038  
finished.
