2025-07-19 12:10:40.205268: I tensorflow/stream_executor/platform/default/dso_loader.cc:48] Successfully opened dynamic library libcudart.so.10.1
Number of nodes: 403
Number of edges: 9565
Number of samples: 8000 Calibration size: 7600 test size: 400
average infected size: 17.72
computing proposed method with recall score...
Conformity scores computed. shape of test:(400, 403)
coverage: [0.9325 0.91   0.8875 0.8425 0.79  ]
set size: [7.2625 6.71   5.535  4.605  4.0925]
time cost: 1.3789842128753662
computing proposed method with precision score...
Conformity scores computed. shape of test:(400, 403)
coverage: [0.95   0.9275 0.905  0.86   0.81  ]
set size: [11.18    9.9075  8.675   7.1725  5.98  ]
time cost: 1.5687158107757568
computing ArbiTree-CQC...
coverage: [0.965  0.9625 0.94   0.8975 0.855 ]
set size: [382.4425 375.775  360.39   336.9675 314.5   ]
time cost: 102.76294565200806
finished repeatition: 0 time cost: 105.72261118888855
Number of samples: 8000 Calibration size: 7600 test size: 400
average infected size: 19.12
computing proposed method with recall score...
Conformity scores computed. shape of test:(400, 403)
coverage: [0.955  0.9425 0.91   0.8475 0.8025]
set size: [7.7675 7.1375 5.8925 4.83   4.355 ]
time cost: 4.7952940464019775
computing proposed method with precision score...
Conformity scores computed. shape of test:(400, 403)
coverage: [0.94   0.9275 0.9    0.8475 0.81  ]
set size: [10.8225  9.525   8.28    6.755   5.7775]
time cost: 4.941312551498413
computing ArbiTree-CQC...
coverage: [0.9675 0.9375 0.9125 0.87   0.815 ]
set size: [374.565  362.2225 348.625  320.69   299.0775]
time cost: 84.15496730804443
finished repeatition: 1 time cost: 93.96080660820007
Number of samples: 8000 Calibration size: 7600 test size: 400
average infected size: 19.3825
computing proposed method with recall score...
Conformity scores computed. shape of test:(400, 403)
coverage: [0.9475 0.9325 0.9    0.8575 0.8225]
set size: [7.9575 7.2975 6.035  4.975  4.5025]
time cost: 5.279805898666382
computing proposed method with precision score...
Conformity scores computed. shape of test:(400, 403)
coverage: [0.97   0.955  0.9225 0.875  0.805 ]
set size: [11.5125 10.0875  8.69    7.1075  5.895 ]
time cost: 5.63880729675293
computing ArbiTree-CQC...
coverage: [0.9575 0.94   0.905  0.8575 0.81  ]
set size: [371.1225 361.665  344.655  321.8725 298.985 ]
time cost: 109.09560585021973
finished repeatition: 2 time cost: 120.04640340805054
Number of samples: 8000 Calibration size: 7600 test size: 400
average infected size: 19.63
computing proposed method with recall score...
Conformity scores computed. shape of test:(400, 403)
coverage: [0.945  0.9325 0.8975 0.835  0.7875]
set size: [8.085  7.41   6.1125 5.0525 4.5225]
time cost: 6.617981195449829
computing proposed method with precision score...
Conformity scores computed. shape of test:(400, 403)
coverage: [0.9425 0.9125 0.8825 0.8325 0.7775]
set size: [11.1925  9.785   8.52    7.0125  5.955 ]
time cost: 6.667817831039429
computing ArbiTree-CQC...
coverage: [0.945  0.93   0.9075 0.8625 0.81  ]
set size: [370.8375 357.44   345.545  317.3025 288.9975]
time cost: 115.11832547187805
finished repeatition: 3 time cost: 128.47343802452087
Number of samples: 8000 Calibration size: 7600 test size: 400
average infected size: 19.355
computing proposed method with recall score...
Conformity scores computed. shape of test:(400, 403)
coverage: [0.955  0.935  0.9125 0.8525 0.8025]
set size: [7.985  7.3175 6.0525 4.9875 4.4725]
time cost: 4.69553279876709
computing proposed method with precision score...
Conformity scores computed. shape of test:(400, 403)
coverage: [0.955  0.925  0.8925 0.855  0.795 ]
set size: [11.415   9.945   8.5625  6.9975  5.8675]
time cost: 4.728287696838379
computing ArbiTree-CQC...
coverage: [0.9725 0.96   0.915  0.8575 0.7925]
set size: [380.1175 365.215  345.8925 315.1025 288.7   ]
time cost: 81.93995499610901
finished repeatition: 4 time cost: 91.40751481056213
Number of samples: 8000 Calibration size: 7600 test size: 400
average infected size: 19.4975
computing proposed method with recall score...
Conformity scores computed. shape of test:(400, 403)
coverage: [0.945  0.9175 0.8975 0.8575 0.81  ]
set size: [7.98   7.31   6.065  5.035  4.4775]
time cost: 3.0294995307922363
computing proposed method with precision score...
Conformity scores computed. shape of test:(400, 403)
coverage: [0.9325 0.92   0.895  0.84   0.785 ]
set size: [10.9125  9.5025  8.155   6.5375  5.46  ]
time cost: 3.9506988525390625
computing ArbiTree-CQC...
coverage: [0.9575 0.935  0.91   0.8825 0.8475]
set size: [372.735  363.2375 354.05   329.995  311.44  ]
time cost: 86.35071134567261
finished repeatition: 5 time cost: 93.34642910957336
Number of samples: 8000 Calibration size: 7600 test size: 400
average infected size: 19.585
computing proposed method with recall score...
Conformity scores computed. shape of test:(400, 403)
coverage: [0.9525 0.935  0.9075 0.8725 0.8225]
set size: [8.     7.3275 6.0525 5.0225 4.52  ]
time cost: 5.289586067199707
computing proposed method with precision score...
Conformity scores computed. shape of test:(400, 403)
coverage: [0.96   0.945  0.92   0.885  0.8425]
set size: [11.4675 10.1025  8.8525  7.3625  6.2175]
time cost: 4.780264377593994
computing ArbiTree-CQC...
coverage: [0.955  0.9475 0.9175 0.87   0.815 ]
set size: [376.67   363.1525 348.77   321.59   300.56  ]
time cost: 91.26803374290466
finished repeatition: 6 time cost: 101.36559128761292
Number of samples: 8000 Calibration size: 7600 test size: 400
average infected size: 19.5025
computing proposed method with recall score...
Conformity scores computed. shape of test:(400, 403)
coverage: [0.965  0.9475 0.9325 0.885  0.845 ]
set size: [8.1375 7.3975 6.1525 5.0875 4.57  ]
time cost: 4.4551100730896
computing proposed method with precision score...
Conformity scores computed. shape of test:(400, 403)
coverage: [0.9675 0.95   0.9175 0.8625 0.82  ]
set size: [12.035  10.545   9.135   7.5175  6.29  ]
time cost: 5.127253532409668
computing ArbiTree-CQC...
coverage: [0.955  0.945  0.9    0.8575 0.815 ]
set size: [376.4975 361.1825 345.94   326.685  297.405 ]
time cost: 110.5508484840393
finished repeatition: 7 time cost: 120.16522002220154
Number of samples: 8000 Calibration size: 7600 test size: 400
average infected size: 19.5525
computing proposed method with recall score...
Conformity scores computed. shape of test:(400, 403)
coverage: [0.9625 0.9375 0.915  0.8625 0.815 ]
set size: [8.09   7.3825 6.135  5.035  4.5225]
time cost: 3.590315341949463
computing proposed method with precision score...
Conformity scores computed. shape of test:(400, 403)
coverage: [0.94   0.9075 0.8825 0.8325 0.7725]
set size: [11.0825  9.6025  8.305   6.75    5.63  ]
time cost: 2.7055535316467285
computing ArbiTree-CQC...
coverage: [0.97   0.96   0.915  0.865  0.8275]
set size: [381.6    363.32   347.2675 325.8375 299.3375]
time cost: 90.9822998046875
finished repeatition: 8 time cost: 97.30983924865723
Number of samples: 8000 Calibration size: 7600 test size: 400
average infected size: 18.47
computing proposed method with recall score...
Conformity scores computed. shape of test:(400, 403)
coverage: [0.945  0.92   0.8975 0.8625 0.805 ]
set size: [7.53   6.88   5.7275 4.7225 4.2175]
time cost: 3.8381240367889404
computing proposed method with precision score...
Conformity scores computed. shape of test:(400, 403)
coverage: [0.95   0.9375 0.9275 0.8875 0.8425]
set size: [11.38   10.085   8.8375  7.38    6.2425]
time cost: 4.945788860321045
computing ArbiTree-CQC...
coverage: [0.9625 0.95   0.93   0.88   0.8225]
set size: [376.115 371.81  352.355 327.845 302.34 ]
time cost: 109.71670126914978
finished repeatition: 9 time cost: 118.53230452537537
Number of samples: 8000 Calibration size: 7600 test size: 400
average infected size: 18.73
computing proposed method with recall score...
Conformity scores computed. shape of test:(400, 403)
coverage: [0.9525 0.9325 0.9075 0.8625 0.8325]
set size: [7.71  7.08  5.855 4.825 4.34 ]
time cost: 5.1186676025390625
computing proposed method with precision score...
Conformity scores computed. shape of test:(400, 403)
coverage: [0.945 0.925 0.905 0.86  0.795]
set size: [11.2425  9.92    8.6375  7.095   5.97  ]
time cost: 5.902661561965942
computing ArbiTree-CQC...
coverage: [0.9725 0.9525 0.9275 0.8925 0.8375]
set size: [380.3875 370.4975 356.865  331.29   306.515 ]
time cost: 108.22040820121765
finished repeatition: 10 time cost: 119.3017156124115
Number of samples: 8000 Calibration size: 7600 test size: 400
average infected size: 18.825
computing proposed method with recall score...
Conformity scores computed. shape of test:(400, 403)
coverage: [0.9475 0.9275 0.905  0.84   0.7875]
set size: [7.755  7.085  5.8875 4.7975 4.305 ]
time cost: 5.112932443618774
computing proposed method with precision score...
Conformity scores computed. shape of test:(400, 403)
coverage: [0.955  0.935  0.885  0.8425 0.8   ]
set size: [11.2575  9.795   8.4875  6.95    5.88  ]
time cost: 4.986457109451294
computing ArbiTree-CQC...
coverage: [0.97   0.955  0.935  0.8825 0.835 ]
set size: [381.7175 371.145  353.8475 333.9075 309.055 ]
time cost: 93.16019773483276
finished repeatition: 11 time cost: 103.29201626777649
Number of samples: 8000 Calibration size: 7600 test size: 400
average infected size: 18.4675
computing proposed method with recall score...
Conformity scores computed. shape of test:(400, 403)
coverage: [0.9625 0.9375 0.9125 0.8525 0.8025]
set size: [7.625  6.9625 5.785  4.7425 4.26  ]
time cost: 5.764451026916504
computing proposed method with precision score...
Conformity scores computed. shape of test:(400, 403)
coverage: [0.955  0.9425 0.9225 0.865  0.785 ]
set size: [11.0775  9.7825  8.49    6.975   5.805 ]
time cost: 7.1219282150268555
computing ArbiTree-CQC...
coverage: [0.9625 0.9475 0.9275 0.8825 0.8375]
set size: [377.825  371.67   354.0625 334.3125 314.6775]
time cost: 112.60220623016357
finished repeatition: 12 time cost: 125.52031564712524
Number of samples: 8000 Calibration size: 7600 test size: 400
average infected size: 18.5425
computing proposed method with recall score...
Conformity scores computed. shape of test:(400, 403)
coverage: [0.95   0.92   0.8925 0.86   0.8175]
set size: [7.5575 6.9    5.7175 4.7125 4.2275]
time cost: 5.304856538772583
computing proposed method with precision score...
Conformity scores computed. shape of test:(400, 403)
coverage: [0.94   0.9325 0.9025 0.8575 0.81  ]
set size: [10.9375  9.685   8.485   7.0575  6.045 ]
time cost: 4.776449918746948
computing ArbiTree-CQC...
coverage: [0.97   0.955  0.925  0.8975 0.845 ]
set size: [379.6975 370.8125 359.8725 337.8525 305.7275]
time cost: 106.50876355171204
finished repeatition: 13 time cost: 116.62172055244446
Number of samples: 8000 Calibration size: 7600 test size: 400
average infected size: 19.0225
computing proposed method with recall score...
Conformity scores computed. shape of test:(400, 403)
coverage: [0.9525 0.94   0.9025 0.8675 0.8225]
set size: [7.7375 7.125  5.8875 4.855  4.345 ]
time cost: 5.460604190826416
computing proposed method with precision score...
Conformity scores computed. shape of test:(400, 403)
coverage: [0.9625 0.935  0.92   0.855  0.8   ]
set size: [10.965   9.6275  8.4025  6.81    5.705 ]
time cost: 5.722288370132446
computing ArbiTree-CQC...
coverage: [0.9625 0.9525 0.9175 0.8775 0.8325]
set size: [375.245  365.72   352.1275 330.0475 306.645 ]
time cost: 102.06852531433105
finished repeatition: 14 time cost: 113.28767561912537
Number of samples: 8000 Calibration size: 7600 test size: 400
average infected size: 19.1475
computing proposed method with recall score...
Conformity scores computed. shape of test:(400, 403)
coverage: [0.9525 0.9275 0.9    0.845  0.7975]
set size: [7.93   7.2575 6.04   4.9625 4.485 ]
time cost: 4.173071622848511
computing proposed method with precision score...
Conformity scores computed. shape of test:(400, 403)
coverage: [0.945  0.9175 0.89   0.8325 0.79  ]
set size: [11.5725 10.14    8.88    7.3275  6.2125]
time cost: 4.602806091308594
computing ArbiTree-CQC...
coverage: [0.9625 0.945  0.9175 0.8775 0.845 ]
set size: [375.69 366.49 354.06 334.93 303.99]
time cost: 106.19979238510132
finished repeatition: 15 time cost: 114.99133944511414
Number of samples: 8000 Calibration size: 7600 test size: 400
average infected size: 18.145
computing proposed method with recall score...
Conformity scores computed. shape of test:(400, 403)
coverage: [0.95   0.925  0.9075 0.86   0.7975]
set size: [7.505  6.8775 5.7425 4.715  4.22  ]
time cost: 5.076856374740601
computing proposed method with precision score...
Conformity scores computed. shape of test:(400, 403)
coverage: [0.95   0.9275 0.9025 0.845  0.7775]
set size: [11.1875  9.8225  8.5425  6.995   5.885 ]
time cost: 5.52729868888855
computing ArbiTree-CQC...
coverage: [0.9775 0.96   0.9375 0.8875 0.835 ]
set size: [381.415  371.9875 357.93   330.4325 306.725 ]
time cost: 88.46049046516418
finished repeatition: 16 time cost: 99.09623956680298
Number of samples: 8000 Calibration size: 7600 test size: 400
average infected size: 19.81
computing proposed method with recall score...
Conformity scores computed. shape of test:(400, 403)
coverage: [0.9325 0.9175 0.895  0.8525 0.79  ]
set size: [8.055  7.43   6.1725 5.0925 4.5475]
time cost: 4.2189929485321045
computing proposed method with precision score...
Conformity scores computed. shape of test:(400, 403)
coverage: [0.935  0.9125 0.88   0.8275 0.77  ]
set size: [10.9525  9.5225  8.1925  6.6625  5.535 ]
time cost: 4.8762195110321045
computing ArbiTree-CQC...
coverage: [0.95   0.93   0.905  0.8475 0.8   ]
set size: [370.9025 360.67   341.0375 316.25   295.3775]
time cost: 98.93316292762756
finished repeatition: 17 time cost: 108.05186700820923
Number of samples: 8000 Calibration size: 7600 test size: 400
average infected size: 18.895
computing proposed method with recall score...
Conformity scores computed. shape of test:(400, 403)
coverage: [0.96   0.9375 0.915  0.8775 0.8275]
set size: [7.8875 7.1875 5.98   4.9425 4.4325]
time cost: 4.971514940261841
computing proposed method with precision score...
Conformity scores computed. shape of test:(400, 403)
coverage: [0.96   0.945  0.92   0.8775 0.8125]
set size: [11.715  10.2575  8.9025  7.275   6.0825]
time cost: 5.289930582046509
computing ArbiTree-CQC...
coverage: [0.9675 0.955  0.9325 0.8825 0.815 ]
set size: [380.6475 371.5225 354.3325 320.5225 291.805 ]
time cost: 111.34514307975769
finished repeatition: 18 time cost: 121.63049411773682
Number of samples: 8000 Calibration size: 7600 test size: 400
average infected size: 18.6
computing proposed method with recall score...
Conformity scores computed. shape of test:(400, 403)
coverage: [0.925  0.9025 0.8725 0.8175 0.7775]
set size: [7.555  6.965  5.7325 4.7575 4.2575]
time cost: 3.974169969558716
computing proposed method with precision score...
Conformity scores computed. shape of test:(400, 403)
coverage: [0.93   0.905  0.8775 0.795  0.74  ]
set size: [10.5875  9.3075  8.115   6.58    5.48  ]
time cost: 3.7284042835235596
computing ArbiTree-CQC...
coverage: [0.9575 0.94   0.9125 0.87   0.8125]
set size: [372.9575 365.6425 349.68   323.8125 300.38  ]
time cost: 116.36148834228516
finished repeatition: 19 time cost: 124.09591317176819
Number of samples: 8000 Calibration size: 7600 test size: 400
average infected size: 19.13
computing proposed method with recall score...
Conformity scores computed. shape of test:(400, 403)
coverage: [0.95   0.9275 0.9075 0.8725 0.8425]
set size: [7.7925 7.125  5.9075 4.855  4.3325]
time cost: 4.4822564125061035
computing proposed method with precision score...
Conformity scores computed. shape of test:(400, 403)
coverage: [0.945  0.93   0.9175 0.885  0.8475]
set size: [10.9925  9.6975  8.41    6.935   5.8325]
time cost: 4.035125255584717
computing ArbiTree-CQC...
coverage: [0.97   0.9525 0.9125 0.8525 0.795 ]
set size: [377.7725 363.8675 343.065  315.14   293.405 ]
time cost: 110.49961733818054
finished repeatition: 20 time cost: 119.06515383720398
Number of samples: 8000 Calibration size: 7600 test size: 400
average infected size: 18.8375
computing proposed method with recall score...
Conformity scores computed. shape of test:(400, 403)
coverage: [0.9575 0.9425 0.925  0.895  0.835 ]
set size: [7.7375 7.09   5.8425 4.875  4.335 ]
time cost: 4.539830207824707
computing proposed method with precision score...
Conformity scores computed. shape of test:(400, 403)
coverage: [0.9625 0.935  0.9025 0.8725 0.81  ]
set size: [11.1875  9.8075  8.555   7.1225  5.9975]
time cost: 5.162827968597412
computing ArbiTree-CQC...
coverage: [0.9825 0.9525 0.915  0.875  0.855 ]
set size: [376.0175 363.1475 354.025  339.385  316.515 ]
time cost: 106.69538283348083
finished repeatition: 21 time cost: 116.42983341217041
Number of samples: 8000 Calibration size: 7600 test size: 400
average infected size: 19.835
computing proposed method with recall score...
Conformity scores computed. shape of test:(400, 403)
coverage: [0.9425 0.9275 0.91   0.85   0.795 ]
set size: [8.095  7.42   6.1575 5.065  4.5425]
time cost: 4.462082862854004
computing proposed method with precision score...
Conformity scores computed. shape of test:(400, 403)
coverage: [0.9425 0.91   0.8725 0.815  0.7775]
set size: [11.11    9.6225  8.31    6.8775  5.88  ]
time cost: 5.677212238311768
computing ArbiTree-CQC...
coverage: [0.94   0.935  0.8975 0.8375 0.78  ]
set size: [369.045  355.32   336.8425 311.45   284.865 ]
time cost: 111.30630087852478
finished repeatition: 22 time cost: 121.47738838195801
Number of samples: 8000 Calibration size: 7600 test size: 400
average infected size: 16.9825
computing proposed method with recall score...
Conformity scores computed. shape of test:(400, 403)
coverage: [0.9325 0.9275 0.8775 0.825  0.78  ]
set size: [6.9325 6.4075 5.29   4.385  3.9225]
time cost: 2.199742317199707
computing proposed method with precision score...
Conformity scores computed. shape of test:(400, 403)
coverage: [0.97   0.945  0.9025 0.8425 0.7925]
set size: [10.64    9.3475  8.135   6.6075  5.51  ]
time cost: 3.5294806957244873
computing ArbiTree-CQC...
coverage: [0.9875 0.97   0.945  0.9    0.8725]
set size: [385.6175 377.35   361.115  342.875  323.5125]
time cost: 93.87464904785156
finished repeatition: 23 time cost: 99.6355996131897
Number of samples: 8000 Calibration size: 7600 test size: 400
average infected size: 19.22
computing proposed method with recall score...
Conformity scores computed. shape of test:(400, 403)
coverage: [0.955  0.93   0.8975 0.8475 0.795 ]
set size: [7.8675 7.2    5.94   4.9175 4.4   ]
time cost: 4.721526622772217
computing proposed method with precision score...
Conformity scores computed. shape of test:(400, 403)
coverage: [0.9575 0.9425 0.9025 0.84   0.7875]
set size: [11.0725  9.7475  8.4175  6.8675  5.7625]
time cost: 3.7850210666656494
computing ArbiTree-CQC...
coverage: [0.97   0.9575 0.9175 0.8725 0.835 ]
set size: [379.84   367.235  349.3025 329.2625 307.485 ]
time cost: 71.7966206073761
finished repeatition: 24 time cost: 80.32710409164429
Number of samples: 8000 Calibration size: 7600 test size: 400
average infected size: 18.085
computing proposed method with recall score...
Conformity scores computed. shape of test:(400, 403)
coverage: [0.945  0.9225 0.895  0.835  0.7725]
set size: [7.465  6.8425 5.6825 4.665  4.195 ]
time cost: 5.229040861129761
computing proposed method with precision score...
Conformity scores computed. shape of test:(400, 403)
coverage: [0.9675 0.9475 0.9175 0.865  0.8025]
set size: [11.46   10.0725  8.7325  7.1825  6.0025]
time cost: 5.783395051956177
computing ArbiTree-CQC...
coverage: [0.9775 0.96   0.94   0.8825 0.845 ]
set size: [381.65   374.175  355.755  334.6875 309.865 ]
time cost: 99.87627148628235
finished repeatition: 25 time cost: 110.92854762077332
Number of samples: 8000 Calibration size: 7600 test size: 400
average infected size: 18.5625
computing proposed method with recall score...
Conformity scores computed. shape of test:(400, 403)
coverage: [0.95   0.9225 0.895  0.84   0.7975]
set size: [7.6175 6.9625 5.81   4.7525 4.25  ]
time cost: 5.191250801086426
computing proposed method with precision score...
Conformity scores computed. shape of test:(400, 403)
coverage: [0.965  0.9475 0.9075 0.8425 0.7925]
set size: [11.1425  9.7325  8.44    6.86    5.8075]
time cost: 5.490856885910034
computing ArbiTree-CQC...
coverage: [0.975  0.9575 0.92   0.8775 0.825 ]
set size: [377.0475 367.4525 353.05   327.745  301.78  ]
time cost: 103.51827955245972
finished repeatition: 26 time cost: 114.21597003936768
Number of samples: 8000 Calibration size: 7600 test size: 400
average infected size: 18.1825
computing proposed method with recall score...
Conformity scores computed. shape of test:(400, 403)
coverage: [0.9375 0.915  0.8725 0.83   0.7825]
set size: [7.3925 6.81   5.625  4.6425 4.1375]
time cost: 4.054728746414185
computing proposed method with precision score...
Conformity scores computed. shape of test:(400, 403)
coverage: [0.96   0.9425 0.91   0.8575 0.8025]
set size: [10.6525  9.295   8.015   6.485   5.4375]
time cost: 4.80655574798584
computing ArbiTree-CQC...
coverage: [0.9675 0.945  0.92   0.8825 0.86  ]
set size: [379.6875 366.3525 354.5625 342.1975 325.5275]
time cost: 86.29669260978699
finished repeatition: 27 time cost: 95.18908739089966
Number of samples: 8000 Calibration size: 7600 test size: 400
average infected size: 19.9375
computing proposed method with recall score...
Conformity scores computed. shape of test:(400, 403)
coverage: [0.9325 0.8975 0.8675 0.8275 0.795 ]
set size: [8.0925 7.4475 6.1575 5.0675 4.61  ]
time cost: 5.412421703338623
computing proposed method with precision score...
Conformity scores computed. shape of test:(400, 403)
coverage: [0.93   0.91   0.8775 0.8325 0.78  ]
set size: [11.435  10.02    8.675   7.12    6.0175]
time cost: 5.728779077529907
computing ArbiTree-CQC...
coverage: [0.9825 0.9675 0.92   0.875  0.8175]
set size: [382.13   365.835  349.015  326.2675 296.395 ]
time cost: 85.03151202201843
finished repeatition: 28 time cost: 96.19539046287537
Number of samples: 8000 Calibration size: 7600 test size: 400
average infected size: 18.415
computing proposed method with recall score...
Conformity scores computed. shape of test:(400, 403)
coverage: [0.945  0.925  0.885  0.84   0.8025]
set size: [7.555  6.9275 5.7125 4.7125 4.235 ]
time cost: 5.826683044433594
computing proposed method with precision score...
Conformity scores computed. shape of test:(400, 403)
coverage: [0.9775 0.965  0.94   0.885  0.8325]
set size: [11.43   10.065   8.81    7.2725  6.13  ]
time cost: 5.951128005981445
computing ArbiTree-CQC...
coverage: [0.9675 0.95   0.9225 0.87   0.825 ]
set size: [374.2725 368.3725 349.1725 327.315  304.3025]
time cost: 109.78439974784851
finished repeatition: 29 time cost: 121.59239649772644
Number of samples: 8000 Calibration size: 7600 test size: 400
average infected size: 18.7225
computing proposed method with recall score...
Conformity scores computed. shape of test:(400, 403)
coverage: [0.9425 0.9225 0.9025 0.835  0.8   ]
set size: [7.6225 7.01   5.8275 4.7925 4.3275]
time cost: 4.7305262088775635
computing proposed method with precision score...
Conformity scores computed. shape of test:(400, 403)
coverage: [0.9275 0.895  0.86   0.815  0.78  ]
set size: [11.0725  9.815   8.575   7.155   6.0475]
time cost: 6.774675607681274
computing ArbiTree-CQC...
coverage: [0.9625 0.94   0.9225 0.8825 0.825 ]
set size: [375.6625 364.315  352.76   327.0075 307.4275]
time cost: 102.52409076690674
finished repeatition: 30 time cost: 114.05743098258972
Number of samples: 8000 Calibration size: 7600 test size: 400
average infected size: 19.5125
computing proposed method with recall score...
Conformity scores computed. shape of test:(400, 403)
coverage: [0.9375 0.915  0.8725 0.825  0.78  ]
set size: [7.9325 7.3125 6.015  4.9525 4.46  ]
time cost: 3.023764133453369
computing proposed method with precision score...
Conformity scores computed. shape of test:(400, 403)
coverage: [0.9525 0.9225 0.885  0.84   0.7775]
set size: [10.95    9.525   8.1875  6.6425  5.555 ]
time cost: 4.992966890335083
computing ArbiTree-CQC...
coverage: [0.9575 0.94   0.91   0.8625 0.81  ]
set size: [373.3725 360.76   343.8175 318.975  290.7725]
time cost: 79.40684413909912
finished repeatition: 31 time cost: 87.4552583694458
Number of samples: 8000 Calibration size: 7600 test size: 400
average infected size: 18.7725
computing proposed method with recall score...
Conformity scores computed. shape of test:(400, 403)
coverage: [0.9675 0.9475 0.9175 0.845  0.8075]
set size: [7.7275 7.015  5.795  4.765  4.275 ]
time cost: 5.313668251037598
computing proposed method with precision score...
Conformity scores computed. shape of test:(400, 403)
coverage: [0.955  0.9425 0.92   0.875  0.8225]
set size: [11.2925 10.0425  8.7475  7.285   6.1825]
time cost: 7.062483787536621
computing ArbiTree-CQC...
coverage: [0.98   0.965  0.935  0.8875 0.8325]
set size: [382.965  373.5675 355.53   333.24   309.91  ]
time cost: 108.52396774291992
finished repeatition: 32 time cost: 120.95405316352844
Number of samples: 8000 Calibration size: 7600 test size: 400
average infected size: 18.8325
computing proposed method with recall score...
Conformity scores computed. shape of test:(400, 403)
coverage: [0.95   0.9325 0.8925 0.8425 0.785 ]
set size: [7.7    7.0375 5.82   4.8075 4.305 ]
time cost: 4.9427502155303955
computing proposed method with precision score...
Conformity scores computed. shape of test:(400, 403)
coverage: [0.9475 0.925  0.89   0.8525 0.805 ]
set size: [10.7825  9.5125  8.2675  6.9     5.8375]
time cost: 4.963359117507935
computing ArbiTree-CQC...
coverage: [0.96   0.9375 0.9075 0.875  0.835 ]
set size: [369.2475 362.7175 351.37   331.5175 316.475 ]
time cost: 95.5195369720459
finished repeatition: 33 time cost: 105.47248864173889
Number of samples: 8000 Calibration size: 7600 test size: 400
average infected size: 19.56
computing proposed method with recall score...
Conformity scores computed. shape of test:(400, 403)
coverage: [0.965  0.935  0.9025 0.8425 0.7975]
set size: [8.0675 7.34   6.1    5.0025 4.4825]
time cost: 5.276320695877075
computing proposed method with precision score...
Conformity scores computed. shape of test:(400, 403)
coverage: [0.955  0.945  0.9075 0.8525 0.7925]
set size: [11.3825  9.975   8.625   7.055   5.95  ]
time cost: 5.17009162902832
computing ArbiTree-CQC...
coverage: [0.9725 0.9625 0.9325 0.8775 0.8025]
set size: [379.7975 371.305  349.9625 321.7925 299.0975]
time cost: 110.66643238067627
finished repeatition: 34 time cost: 121.17082667350769
Number of samples: 8000 Calibration size: 7600 test size: 400
average infected size: 18.3575
computing proposed method with recall score...
Conformity scores computed. shape of test:(400, 403)
coverage: [0.9525 0.93   0.89   0.84   0.79  ]
set size: [7.6175 6.96   5.7675 4.78   4.3   ]
time cost: 4.72198486328125
computing proposed method with precision score...
Conformity scores computed. shape of test:(400, 403)
coverage: [0.9325 0.9075 0.885  0.8325 0.78  ]
set size: [10.9825  9.655   8.395   6.8375  5.7325]
time cost: 4.694118499755859
computing ArbiTree-CQC...
coverage: [0.98   0.9675 0.935  0.885  0.8375]
set size: [381.2775 374.55   356.7825 330.445  309.545 ]
time cost: 94.75138401985168
finished repeatition: 35 time cost: 104.22749376296997
Number of samples: 8000 Calibration size: 7600 test size: 400
average infected size: 19.78
computing proposed method with recall score...
Conformity scores computed. shape of test:(400, 403)
coverage: [0.96   0.9525 0.9275 0.89   0.83  ]
set size: [8.1175 7.435  6.1975 5.1125 4.555 ]
time cost: 4.639430999755859
computing proposed method with precision score...
Conformity scores computed. shape of test:(400, 403)
coverage: [0.9525 0.9275 0.8825 0.8475 0.815 ]
set size: [11.6225 10.11    8.7375  7.1825  6.095 ]
time cost: 4.79058051109314
computing ArbiTree-CQC...
coverage: [0.9675 0.96   0.9325 0.8825 0.8175]
set size: [379.91   372.2075 355.4825 326.18   300.1825]
time cost: 85.84101748466492
finished repeatition: 36 time cost: 95.31112122535706
Number of samples: 8000 Calibration size: 7600 test size: 400
average infected size: 19.6075
computing proposed method with recall score...
Conformity scores computed. shape of test:(400, 403)
coverage: [0.97   0.95   0.9325 0.885  0.825 ]
set size: [8.1425 7.4325 6.175  5.09   4.5275]
time cost: 5.457183361053467
computing proposed method with precision score...
Conformity scores computed. shape of test:(400, 403)
coverage: [0.9475 0.9275 0.905  0.85   0.805 ]
set size: [11.6025 10.235   8.9275  7.3075  6.1375]
time cost: 5.761815786361694
computing ArbiTree-CQC...
coverage: [0.9675 0.955  0.9425 0.8825 0.8325]
set size: [381.545  374.7975 359.36   328.4025 304.84  ]
time cost: 51.46203923225403
finished repeatition: 37 time cost: 62.70528435707092
Number of samples: 8000 Calibration size: 7600 test size: 400
average infected size: 19.36
computing proposed method with recall score...
Conformity scores computed. shape of test:(400, 403)
coverage: [0.955  0.94   0.925  0.88   0.8275]
set size: [7.965  7.3    6.08   5.03   4.4925]
time cost: 4.494537830352783
computing proposed method with precision score...
Conformity scores computed. shape of test:(400, 403)
coverage: [0.9625 0.95   0.9225 0.8825 0.82  ]
set size: [11.8325 10.425   9.0175  7.395   6.1375]
time cost: 5.662910223007202
computing ArbiTree-CQC...
coverage: [0.965  0.9475 0.9225 0.87   0.83  ]
set size: [376.2775 366.835  346.54   323.73   296.795 ]
time cost: 96.09246444702148
finished repeatition: 38 time cost: 106.28696942329407
Number of samples: 8000 Calibration size: 7600 test size: 400
average infected size: 19.0625
computing proposed method with recall score...
Conformity scores computed. shape of test:(400, 403)
coverage: [0.9575 0.9375 0.9075 0.84   0.795 ]
set size: [7.8225 7.1825 5.9675 4.8925 4.395 ]
time cost: 4.250325679779053
computing proposed method with precision score...
Conformity scores computed. shape of test:(400, 403)
coverage: [0.9425 0.93   0.91   0.8625 0.8125]
set size: [11.245   9.9125  8.665   7.085   5.9875]
time cost: 4.8665266036987305
computing ArbiTree-CQC...
coverage: [0.955  0.9425 0.8975 0.8475 0.7925]
set size: [373.39   356.6575 338.1225 314.99   295.2525]
time cost: 112.13972163200378
finished repeatition: 39 time cost: 121.28839588165283
Number of samples: 8000 Calibration size: 7600 test size: 400
average infected size: 18.7375
computing proposed method with recall score...
Conformity scores computed. shape of test:(400, 403)
coverage: [0.9375 0.92   0.88   0.8325 0.7725]
set size: [7.64   7.0375 5.785  4.7725 4.2775]
time cost: 4.653531789779663
computing proposed method with precision score...
Conformity scores computed. shape of test:(400, 403)
coverage: [0.93   0.9125 0.89   0.8375 0.795 ]
set size: [10.645   9.415   8.16    6.67    5.6325]
time cost: 5.666131258010864
computing ArbiTree-CQC...
coverage: [0.9775 0.9575 0.92   0.8725 0.83  ]
set size: [378.555  366.66   351.0575 326.15   305.32  ]
time cost: 75.77177262306213
finished repeatition: 40 time cost: 86.15133571624756
Number of samples: 8000 Calibration size: 7600 test size: 400
average infected size: 18.265
computing proposed method with recall score...
Conformity scores computed. shape of test:(400, 403)
coverage: [0.9275 0.9075 0.88   0.8225 0.765 ]
set size: [7.4525 6.8925 5.6725 4.7025 4.215 ]
time cost: 5.177387714385986
computing proposed method with precision score...
Conformity scores computed. shape of test:(400, 403)
coverage: [0.95   0.9275 0.9075 0.85   0.8   ]
set size: [11.2625  9.94    8.755   7.2875  6.095 ]
time cost: 5.998399972915649
computing ArbiTree-CQC...
coverage: [0.9575 0.945  0.9175 0.8875 0.83  ]
set size: [373.8025 365.4675 355.2175 331.4575 303.925 ]
time cost: 89.51180267333984
finished repeatition: 41 time cost: 100.74756741523743
Number of samples: 8000 Calibration size: 7600 test size: 400
average infected size: 18.8525
computing proposed method with recall score...
Conformity scores computed. shape of test:(400, 403)
coverage: [0.955  0.925  0.8925 0.85   0.815 ]
set size: [7.8225 7.1075 5.93   4.8975 4.4075]
time cost: 3.8123271465301514
computing proposed method with precision score...
Conformity scores computed. shape of test:(400, 403)
coverage: [0.9625 0.94   0.925  0.855  0.815 ]
set size: [11.5725 10.1675  8.835   7.2125  6.0175]
time cost: 4.357200384140015
computing ArbiTree-CQC...
coverage: [0.97   0.9625 0.9425 0.885  0.8225]
set size: [383.6575 375.63   356.4475 325.865  297.935 ]
time cost: 62.25935077667236
finished repeatition: 42 time cost: 70.45676970481873
Number of samples: 8000 Calibration size: 7600 test size: 400
average infected size: 19.13
computing proposed method with recall score...
Conformity scores computed. shape of test:(400, 403)
coverage: [0.9525 0.935  0.915  0.8625 0.8   ]
set size: [7.88   7.2525 6.01   4.95   4.435 ]
time cost: 3.7348337173461914
computing proposed method with precision score...
Conformity scores computed. shape of test:(400, 403)
coverage: [0.945  0.9375 0.8875 0.8475 0.805 ]
set size: [11.165  9.77   8.38   6.9    5.785]
time cost: 4.696521997451782
computing ArbiTree-CQC...
coverage: [0.97   0.955  0.9225 0.8775 0.825 ]
set size: [378.2325 367.645  354.1775 327.5225 297.3425]
time cost: 44.776074171066284
finished repeatition: 43 time cost: 53.23965764045715
Number of samples: 8000 Calibration size: 7600 test size: 400
average infected size: 19.045
computing proposed method with recall score...
Conformity scores computed. shape of test:(400, 403)
coverage: [0.9475 0.9325 0.8925 0.835  0.795 ]
set size: [7.7775 7.1425 5.925  4.855  4.3575]
time cost: 2.445002555847168
computing proposed method with precision score...
Conformity scores computed. shape of test:(400, 403)
coverage: [0.945  0.9175 0.89   0.8375 0.795 ]
set size: [10.59    9.2425  8.065   6.6475  5.6375]
time cost: 2.8430216312408447
computing ArbiTree-CQC...
coverage: [0.985 0.96  0.945 0.895 0.855]
set size: [384.13   376.6825 360.0575 340.54   313.85  ]
time cost: 27.049437999725342
finished repeatition: 44 time cost: 32.35364365577698
Number of samples: 8000 Calibration size: 7600 test size: 400
average infected size: 19.91
computing proposed method with recall score...
Conformity scores computed. shape of test:(400, 403)
coverage: [0.955  0.9375 0.9025 0.855  0.8125]
set size: [8.205  7.485  6.2    5.06   4.5875]
time cost: 1.4505798816680908
computing proposed method with precision score...
Conformity scores computed. shape of test:(400, 403)
coverage: [0.9425 0.92   0.8825 0.84   0.805 ]
set size: [11.245   9.8375  8.4725  6.9175  5.8525]
time cost: 1.4710602760314941
computing ArbiTree-CQC...
coverage: [0.97   0.945  0.9225 0.8625 0.8325]
set size: [377.8325 365.83   346.73   328.83   298.86  ]
time cost: 33.030678272247314
finished repeatition: 45 time cost: 35.96311950683594
Number of samples: 8000 Calibration size: 7600 test size: 400
average infected size: 18.5075
computing proposed method with recall score...
Conformity scores computed. shape of test:(400, 403)
coverage: [0.9425 0.9275 0.895  0.855  0.8125]
set size: [7.6475 7.025  5.8375 4.8125 4.34  ]
time cost: 1.3870689868927002
computing proposed method with precision score...
Conformity scores computed. shape of test:(400, 403)
coverage: [0.955  0.93   0.8925 0.8675 0.815 ]
set size: [11.5625 10.185   8.8925  7.455   6.335 ]
time cost: 1.460982084274292
computing ArbiTree-CQC...
coverage: [0.97   0.9525 0.9275 0.8825 0.8325]
set size: [379.3375 370.0325 354.7625 329.52   300.325 ]
time cost: 31.15516448020935
finished repeatition: 46 time cost: 34.014057874679565
Number of samples: 8000 Calibration size: 7600 test size: 400
average infected size: 19.1475
computing proposed method with recall score...
Conformity scores computed. shape of test:(400, 403)
coverage: [0.94   0.9225 0.9    0.8775 0.835 ]
set size: [7.9225 7.3025 6.0625 5.0225 4.5025]
time cost: 1.3653321266174316
computing proposed method with precision score...
Conformity scores computed. shape of test:(400, 403)
coverage: [0.935  0.925  0.8925 0.8575 0.81  ]
set size: [11.72   10.42    9.015   7.3975  6.1925]
time cost: 1.4679231643676758
computing ArbiTree-CQC...
coverage: [0.97 0.96 0.91 0.85 0.81]
set size: [377.8925 364.8925 342.2175 321.2925 298.9825]
time cost: 31.87285828590393
finished repeatition: 47 time cost: 34.716832399368286
Number of samples: 8000 Calibration size: 7600 test size: 400
average infected size: 18.7025
computing proposed method with recall score...
Conformity scores computed. shape of test:(400, 403)
coverage: [0.935  0.9175 0.8875 0.8325 0.78  ]
set size: [7.625  7.04   5.83   4.805  4.2975]
time cost: 1.3297903537750244
computing proposed method with precision score...
Conformity scores computed. shape of test:(400, 403)
coverage: [0.93   0.915  0.885  0.83   0.7875]
set size: [10.855   9.5525  8.3325  6.835   5.8375]
time cost: 1.6121339797973633
computing ArbiTree-CQC...
coverage: [0.9775 0.95   0.93   0.885  0.8275]
set size: [378.8925 368.4075 353.545  328.6875 306.91  ]
time cost: 17.380560874938965
finished repeatition: 48 time cost: 20.33297038078308
Number of samples: 8000 Calibration size: 7600 test size: 400
average infected size: 19.9175
computing proposed method with recall score...
Conformity scores computed. shape of test:(400, 403)
coverage: [0.9575 0.95   0.9125 0.8625 0.7975]
set size: [8.2075 7.5675 6.2525 5.1525 4.6175]
time cost: 1.3417136669158936
computing proposed method with precision score...
Conformity scores computed. shape of test:(400, 403)
coverage: [0.96   0.935  0.9025 0.8475 0.7825]
set size: [11.4475  9.935   8.5875  6.9725  5.79  ]
time cost: 1.440843105316162
computing ArbiTree-CQC...
coverage: [0.975  0.9575 0.92   0.845  0.795 ]
set size: [382.2425 365.235  341.14   317.48   288.5925]
time cost: 19.13618803024292
finished repeatition: 49 time cost: 21.92932367324829

Coverage Results:
Method    α=0.05         α=0.07         α=0.10         α=0.15         α=0.20         
-------------------------------------------------------------------------------------
set_recall0.949 ± 0.010  0.929 ± 0.012  0.901 ± 0.015  0.852 ± 0.018  0.804 ± 0.019  
set_prec  0.950 ± 0.012  0.930 ± 0.015  0.900 ± 0.017  0.851 ± 0.019  0.800 ± 0.020  
ArbiTree-CQC0.967 ± 0.010  0.951 ± 0.010  0.922 ± 0.012  0.874 ± 0.014  0.826 ± 0.019  

Set Size Results:
Method    α=0.05         α=0.07         α=0.10         α=0.15         α=0.20         
-------------------------------------------------------------------------------------
set_recall7.791 ± 0.260  7.143 ± 0.230  5.919 ± 0.195  4.879 ± 0.158  4.376 ± 0.146  
set_prec  11.209 ± 0.332 9.841 ± 0.302  8.546 ± 0.273  7.016 ± 0.260  5.903 ± 0.227  
ArbiTree-CQC377.806 ± 3.988367.290 ± 5.227351.166 ± 5.845327.344 ± 7.308302.965 ± 8.666
finished.
