2025-07-19 12:05:40.357007: I tensorflow/stream_executor/platform/default/dso_loader.cc:48] Successfully opened dynamic library libcudart.so.10.1
Number of nodes: 58
Number of edges: 967
Number of samples: 8000 Calibration size: 7600 test size: 400
average infected size: 24.6175
computing proposed method with recall score...
Conformity scores computed. shape of test:(400, 58)
coverage: [1.     1.     1.     0.86   0.8225]
set size: [58.     58.     58.     23.2975 22.8475]
time cost: 1.127861499786377
computing proposed method with precision score...
Conformity scores computed. shape of test:(400, 58)
coverage: [0.9575 0.925  0.9    0.845  0.785 ]
set size: [31.02   29.3775 27.695  25.5575 23.9725]
time cost: 1.0905120372772217
computing ArbiTree-CQC...
coverage: [1.    1.    0.96  0.955 0.955]
set size: [58.     58.     57.4225 57.1975 57.0925]
time cost: 3.2902698516845703
finished repeatition: 0 time cost: 5.519729852676392
Number of samples: 8000 Calibration size: 7600 test size: 400
average infected size: 24.255
computing proposed method with recall score...
Conformity scores computed. shape of test:(400, 58)
coverage: [1.     1.     1.     0.885  0.8275]
set size: [58.     58.     58.     22.955  22.4775]
time cost: 1.0320241451263428
computing proposed method with precision score...
Conformity scores computed. shape of test:(400, 58)
coverage: [0.9375 0.925  0.8975 0.8125 0.75  ]
set size: [30.42   28.9025 27.2725 25.08   23.5725]
time cost: 1.1493804454803467
computing ArbiTree-CQC...
coverage: [1.     1.     0.9675 0.9675 0.9675]
set size: [58.     58.     57.185  57.0975 57.0425]
time cost: 3.6678073406219482
finished repeatition: 1 time cost: 5.859892845153809
Number of samples: 8000 Calibration size: 7600 test size: 400
average infected size: 22.665
computing proposed method with recall score...
Conformity scores computed. shape of test:(400, 58)
coverage: [1.    1.    1.    0.835 0.785]
set size: [58.     58.     58.     21.3975 20.985 ]
time cost: 1.5189006328582764
computing proposed method with precision score...
Conformity scores computed. shape of test:(400, 58)
coverage: [0.955  0.92   0.885  0.84   0.7825]
set size: [28.755  27.1175 25.475  23.585  22.26  ]
time cost: 1.648618221282959
computing ArbiTree-CQC...
coverage: [1.     1.     0.95   0.9375 0.9325]
set size: [58.    58.    57.515 57.245 57.095]
time cost: 3.01165771484375
finished repeatition: 2 time cost: 6.189915180206299
Number of samples: 8000 Calibration size: 7600 test size: 400
average infected size: 23.445
computing proposed method with recall score...
Conformity scores computed. shape of test:(400, 58)
coverage: [1.     1.     1.     0.8675 0.815 ]
set size: [58.     58.     58.     22.1625 21.7025]
time cost: 1.1510298252105713
computing proposed method with precision score...
Conformity scores computed. shape of test:(400, 58)
coverage: [0.9425 0.9225 0.88   0.8225 0.7875]
set size: [29.445  27.935  26.3125 24.3    22.9925]
time cost: 1.3934383392333984
computing ArbiTree-CQC...
coverage: [1. 1. 1. 1. 1.]
set size: [58.     58.     58.     58.     57.9425]
time cost: 2.9279465675354004
finished repeatition: 3 time cost: 5.486898183822632
Number of samples: 8000 Calibration size: 7600 test size: 400
average infected size: 22.95
computing proposed method with recall score...
Conformity scores computed. shape of test:(400, 58)
coverage: [1.     1.     1.     0.84   0.7875]
set size: [58.     58.     58.     21.66   21.2275]
time cost: 1.5182132720947266
computing proposed method with precision score...
Conformity scores computed. shape of test:(400, 58)
coverage: [0.955  0.9375 0.91   0.8625 0.815 ]
set size: [29.34   27.88   26.365  24.5125 23.14  ]
time cost: 1.715613842010498
computing ArbiTree-CQC...
coverage: [1.     1.     0.95   0.95   0.9475]
set size: [58.     58.     57.21   57.0875 57.0275]
time cost: 3.447829246520996
finished repeatition: 4 time cost: 6.6922667026519775
Number of samples: 8000 Calibration size: 7600 test size: 400
average infected size: 23.57
computing proposed method with recall score...
Conformity scores computed. shape of test:(400, 58)
coverage: [1.     1.     1.     0.8475 0.8   ]
set size: [58.    58.    58.    22.275 21.845]
time cost: 1.5844895839691162
computing proposed method with precision score...
Conformity scores computed. shape of test:(400, 58)
coverage: [0.965  0.9525 0.9175 0.865  0.8125]
set size: [29.9275 28.45   26.76   24.8125 23.4525]
time cost: 1.6942083835601807
computing ArbiTree-CQC...
coverage: [1.     1.     0.9425 0.94   0.9375]
set size: [58.   58.   57.34 57.15 57.07]
time cost: 3.3047680854797363
finished repeatition: 5 time cost: 6.59839653968811
Number of samples: 8000 Calibration size: 7600 test size: 400
average infected size: 23.7175
computing proposed method with recall score...
Conformity scores computed. shape of test:(400, 58)
coverage: [1.     1.     1.     0.8725 0.83  ]
set size: [58.     58.     58.     22.4375 21.9775]
time cost: 1.5781030654907227
computing proposed method with precision score...
Conformity scores computed. shape of test:(400, 58)
coverage: [0.94   0.9225 0.89   0.8475 0.81  ]
set size: [29.92   28.3975 26.8175 24.955  23.6125]
time cost: 1.699458360671997
computing ArbiTree-CQC...
coverage: [1.     1.     0.9875 0.955  0.9525]
set size: [58.    58.    57.665 57.28  57.145]
time cost: 2.8093318939208984
finished repeatition: 6 time cost: 6.101557016372681
Number of samples: 8000 Calibration size: 7600 test size: 400
average infected size: 24.245
computing proposed method with recall score...
Conformity scores computed. shape of test:(400, 58)
coverage: [1.    1.    1.    0.865 0.82 ]
set size: [58.     58.     58.     22.9375 22.4825]
time cost: 1.27956223487854
computing proposed method with precision score...
Conformity scores computed. shape of test:(400, 58)
coverage: [0.9525 0.9325 0.9075 0.845  0.805 ]
set size: [30.7475 29.2875 27.66   25.6125 24.2025]
time cost: 1.8826160430908203
computing ArbiTree-CQC...
coverage: [1.    1.    1.    1.    0.995]
set size: [58.    58.    58.    57.995 57.945]
time cost: 2.709599494934082
finished repeatition: 7 time cost: 5.882638692855835
Number of samples: 8000 Calibration size: 7600 test size: 400
average infected size: 23.805
computing proposed method with recall score...
Conformity scores computed. shape of test:(400, 58)
coverage: [1.     1.     1.     0.8275 0.775 ]
set size: [58.     58.     58.     22.4925 22.0575]
time cost: 1.448040246963501
computing proposed method with precision score...
Conformity scores computed. shape of test:(400, 58)
coverage: [0.9475 0.9225 0.9075 0.8725 0.78  ]
set size: [30.1675 28.575  27.0225 24.98   23.3575]
time cost: 1.9700937271118164
computing ArbiTree-CQC...
coverage: [1.     1.     0.9475 0.9425 0.9425]
set size: [58.     58.     57.2325 57.095  57.0475]
time cost: 2.613304615020752
finished repeatition: 8 time cost: 6.046348571777344
Number of samples: 8000 Calibration size: 7600 test size: 400
average infected size: 23.045
computing proposed method with recall score...
Conformity scores computed. shape of test:(400, 58)
coverage: [1.   1.   1.   0.85 0.78]
set size: [58.     58.     58.     21.7525 21.3325]
time cost: 1.190352439880371
computing proposed method with precision score...
Conformity scores computed. shape of test:(400, 58)
coverage: [0.9325 0.9075 0.875  0.82   0.7725]
set size: [28.8325 27.255  25.6625 23.75   22.4225]
time cost: 1.4797232151031494
computing ArbiTree-CQC...
coverage: [1.     1.     0.9975 0.9675 0.9575]
set size: [58.     58.     57.7575 57.365  57.1975]
time cost: 2.7484359741210938
finished repeatition: 9 time cost: 5.4332170486450195
Number of samples: 8000 Calibration size: 7600 test size: 400
average infected size: 22.8675
computing proposed method with recall score...
Conformity scores computed. shape of test:(400, 58)
coverage: [1.     1.     1.     0.8425 0.7875]
set size: [58.   58.   58.   21.6  21.19]
time cost: 1.5622296333312988
computing proposed method with precision score...
Conformity scores computed. shape of test:(400, 58)
coverage: [0.95   0.9325 0.8975 0.845  0.76  ]
set size: [28.9125 27.45   25.865  23.9625 22.5275]
time cost: 1.7865562438964844
computing ArbiTree-CQC...
coverage: [1. 1. 1. 1. 1.]
set size: [58.    58.    58.    57.995 57.895]
time cost: 2.681257724761963
finished repeatition: 10 time cost: 6.054194927215576
Number of samples: 8000 Calibration size: 7600 test size: 400
average infected size: 23.9
computing proposed method with recall score...
Conformity scores computed. shape of test:(400, 58)
coverage: [1.    1.    1.    0.875 0.81 ]
set size: [58.     58.     58.     22.605  22.1425]
time cost: 1.5403985977172852
computing proposed method with precision score...
Conformity scores computed. shape of test:(400, 58)
coverage: [0.965  0.9475 0.91   0.86   0.8025]
set size: [30.8625 29.2875 27.6075 25.5075 24.1225]
time cost: 1.875452995300293
computing ArbiTree-CQC...
coverage: [1.     1.     0.955  0.9525 0.9525]
set size: [58.     58.     57.1575 57.0525 57.0175]
time cost: 2.703510046005249
finished repeatition: 11 time cost: 6.134821891784668
Number of samples: 8000 Calibration size: 7600 test size: 400
average infected size: 23.0375
computing proposed method with recall score...
Conformity scores computed. shape of test:(400, 58)
coverage: [1.     1.     1.     0.86   0.8225]
set size: [58.     58.     58.     21.7475 21.355 ]
time cost: 1.177088737487793
computing proposed method with precision score...
Conformity scores computed. shape of test:(400, 58)
coverage: [0.9525 0.93   0.8975 0.855  0.8025]
set size: [29.0075 27.5125 25.93   24.015  22.655 ]
time cost: 1.538637399673462
computing ArbiTree-CQC...
coverage: [1.    1.    0.945 0.945 0.945]
set size: [58.     58.     57.1525 57.045  57.015 ]
time cost: 3.518082857131958
finished repeatition: 12 time cost: 6.245869398117065
Number of samples: 8000 Calibration size: 7600 test size: 400
average infected size: 23.7675
computing proposed method with recall score...
Conformity scores computed. shape of test:(400, 58)
coverage: [1.     1.     1.     0.8375 0.785 ]
set size: [58.     58.     58.     22.4475 22.0175]
time cost: 1.4834332466125488
computing proposed method with precision score...
Conformity scores computed. shape of test:(400, 58)
coverage: [0.965  0.9525 0.9275 0.88   0.82  ]
set size: [30.1675 28.6975 27.0175 25.145  23.6975]
time cost: 1.6228630542755127
computing ArbiTree-CQC...
coverage: [1.     1.     0.9475 0.9425 0.9425]
set size: [58.     58.     57.1975 57.0675 57.025 ]
time cost: 3.3075199127197266
finished repeatition: 13 time cost: 6.42836332321167
Number of samples: 8000 Calibration size: 7600 test size: 400
average infected size: 23.0625
computing proposed method with recall score...
Conformity scores computed. shape of test:(400, 58)
coverage: [1.    1.    1.    0.855 0.81 ]
set size: [58.     58.     58.     21.775  21.3475]
time cost: 1.5228111743927002
computing proposed method with precision score...
Conformity scores computed. shape of test:(400, 58)
coverage: [0.945 0.935 0.905 0.86  0.825]
set size: [29.1825 27.7425 26.125  24.2    22.8775]
time cost: 1.555286169052124
computing ArbiTree-CQC...
coverage: [1.     1.     0.9775 0.9625 0.9525]
set size: [58.     58.     57.6125 57.3075 57.1675]
time cost: 2.9007370471954346
finished repeatition: 14 time cost: 5.98940896987915
Number of samples: 8000 Calibration size: 7600 test size: 400
average infected size: 22.8825
computing proposed method with recall score...
Conformity scores computed. shape of test:(400, 58)
coverage: [1.    1.    1.    0.855 0.82 ]
set size: [58.     58.     58.     21.5975 21.175 ]
time cost: 1.198465347290039
computing proposed method with precision score...
Conformity scores computed. shape of test:(400, 58)
coverage: [0.9625 0.94   0.8775 0.845  0.8075]
set size: [29.2375 27.7025 25.89   24.045  22.7875]
time cost: 1.5981485843658447
computing ArbiTree-CQC...
coverage: [1.    1.    0.975 0.975 0.975]
set size: [58.   58.   57.17 57.05 57.02]
time cost: 3.2244017124176025
finished repeatition: 15 time cost: 6.036997556686401
Number of samples: 8000 Calibration size: 7600 test size: 400
average infected size: 22.205
computing proposed method with recall score...
Conformity scores computed. shape of test:(400, 58)
coverage: [1.     1.     1.     0.8575 0.7975]
set size: [58.    58.    58.    20.955 20.535]
time cost: 1.5522105693817139
computing proposed method with precision score...
Conformity scores computed. shape of test:(400, 58)
coverage: [0.935  0.9225 0.8925 0.8275 0.785 ]
set size: [28.1375 26.6925 25.165  23.2575 22.0475]
time cost: 1.7849395275115967
computing ArbiTree-CQC...
coverage: [1.     1.     0.9425 0.9425 0.94  ]
set size: [58.     58.     57.1725 57.075  57.03  ]
time cost: 2.6978156566619873
finished repeatition: 16 time cost: 6.050086498260498
Number of samples: 8000 Calibration size: 7600 test size: 400
average infected size: 23.1575
computing proposed method with recall score...
Conformity scores computed. shape of test:(400, 58)
coverage: [1.     1.     1.     0.8625 0.8075]
set size: [58.     58.     58.     21.865  21.4375]
time cost: 1.3764700889587402
computing proposed method with precision score...
Conformity scores computed. shape of test:(400, 58)
coverage: [0.955  0.9425 0.9125 0.8725 0.8175]
set size: [29.5625 28.0225 26.4275 24.57   23.205 ]
time cost: 1.6271963119506836
computing ArbiTree-CQC...
coverage: [1.     1.     0.9975 0.98   0.955 ]
set size: [58.   58.   57.98 57.57 57.28]
time cost: 2.775115966796875
finished repeatition: 17 time cost: 5.78973126411438
Number of samples: 8000 Calibration size: 7600 test size: 400
average infected size: 22.92
computing proposed method with recall score...
Conformity scores computed. shape of test:(400, 58)
coverage: [1.    1.    1.    0.855 0.815]
set size: [58.    58.    58.    21.675 21.21 ]
time cost: 1.3428442478179932
computing proposed method with precision score...
Conformity scores computed. shape of test:(400, 58)
coverage: [0.9375 0.9175 0.8875 0.8375 0.78  ]
set size: [29.0975 27.6075 25.98   24.125  22.8525]
time cost: 1.45318603515625
computing ArbiTree-CQC...
coverage: [1.    1.    0.95  0.945 0.945]
set size: [58.     58.     57.1875 57.0675 57.0275]
time cost: 2.8548872470855713
finished repeatition: 18 time cost: 5.661749839782715
Number of samples: 8000 Calibration size: 7600 test size: 400
average infected size: 24.1775
computing proposed method with recall score...
Conformity scores computed. shape of test:(400, 58)
coverage: [1.     1.     1.     0.825  0.7575]
set size: [58.     58.     58.     22.8625 22.385 ]
time cost: 1.565953016281128
computing proposed method with precision score...
Conformity scores computed. shape of test:(400, 58)
coverage: [0.955  0.9375 0.9    0.8625 0.795 ]
set size: [30.7625 29.2825 27.625  25.6825 24.2575]
time cost: 1.7328529357910156
computing ArbiTree-CQC...
coverage: [1.    1.    0.995 0.97  0.96 ]
set size: [58.     58.     57.9425 57.455  57.2075]
time cost: 3.0837743282318115
finished repeatition: 19 time cost: 6.39741325378418
Number of samples: 8000 Calibration size: 7600 test size: 400
average infected size: 24.27
computing proposed method with recall score...
Conformity scores computed. shape of test:(400, 58)
coverage: [1.     1.     1.     0.8475 0.8125]
set size: [58.   58.   58.   22.95 22.5 ]
time cost: 1.8215866088867188
computing proposed method with precision score...
Conformity scores computed. shape of test:(400, 58)
coverage: [0.96   0.9425 0.91   0.8625 0.83  ]
set size: [30.9775 29.43   27.7575 25.825  24.48  ]
time cost: 1.5007672309875488
computing ArbiTree-CQC...
coverage: [1.     1.     0.9675 0.965  0.9625]
set size: [58.     58.     57.1925 57.0675 57.025 ]
time cost: 3.1680350303649902
finished repeatition: 20 time cost: 6.505703926086426
Number of samples: 8000 Calibration size: 7600 test size: 400
average infected size: 22.44
computing proposed method with recall score...
Conformity scores computed. shape of test:(400, 58)
coverage: [1.    1.    1.    0.835 0.76 ]
set size: [58.     58.     58.     21.1825 20.745 ]
time cost: 1.5078730583190918
computing proposed method with precision score...
Conformity scores computed. shape of test:(400, 58)
coverage: [0.955  0.935  0.915  0.8525 0.8175]
set size: [28.645  27.14   25.6425 23.72   22.46  ]
time cost: 1.441532850265503
computing ArbiTree-CQC...
coverage: [1.     1.     0.9425 0.9425 0.9425]
set size: [58.     58.     57.215  57.0825 57.02  ]
time cost: 2.959670066833496
finished repeatition: 21 time cost: 5.919831275939941
Number of samples: 8000 Calibration size: 7600 test size: 400
average infected size: 23.3075
computing proposed method with recall score...
Conformity scores computed. shape of test:(400, 58)
coverage: [1.     1.     1.     0.87   0.8175]
set size: [58.     58.     58.     22.035  21.5925]
time cost: 1.358823537826538
computing proposed method with precision score...
Conformity scores computed. shape of test:(400, 58)
coverage: [0.9375 0.92   0.8725 0.825  0.7875]
set size: [29.4425 27.885  26.225  24.385  23.1275]
time cost: 1.7423806190490723
computing ArbiTree-CQC...
coverage: [1.     1.     0.975  0.96   0.9525]
set size: [58.    58.    57.37  57.185 57.065]
time cost: 2.7254879474639893
finished repeatition: 22 time cost: 5.8376758098602295
Number of samples: 8000 Calibration size: 7600 test size: 400
average infected size: 24.215
computing proposed method with recall score...
Conformity scores computed. shape of test:(400, 58)
coverage: [1.   1.   1.   0.84 0.79]
set size: [58.     58.     58.     22.91   22.4525]
time cost: 1.749199628829956
computing proposed method with precision score...
Conformity scores computed. shape of test:(400, 58)
coverage: [0.975  0.9525 0.9325 0.87   0.825 ]
set size: [31.1675 29.56   27.8775 25.8075 24.3725]
time cost: 1.587383508682251
computing ArbiTree-CQC...
coverage: [1.     1.     0.9575 0.945  0.94  ]
set size: [58.     58.     57.3775 57.1925 57.0925]
time cost: 3.0079522132873535
finished repeatition: 23 time cost: 6.364187240600586
Number of samples: 8000 Calibration size: 7600 test size: 400
average infected size: 23.495
computing proposed method with recall score...
Conformity scores computed. shape of test:(400, 58)
coverage: [1.     1.     1.     0.83   0.7775]
set size: [58.     58.     58.     22.1875 21.7525]
time cost: 1.6146903038024902
computing proposed method with precision score...
Conformity scores computed. shape of test:(400, 58)
coverage: [0.915  0.89   0.855  0.805  0.7375]
set size: [28.755  27.24   25.655  23.74   22.2375]
time cost: 1.6154797077178955
computing ArbiTree-CQC...
coverage: [1.     1.     0.955  0.9425 0.94  ]
set size: [58.     58.     57.4225 57.21   57.09  ]
time cost: 2.5537796020507812
finished repeatition: 24 time cost: 5.798930644989014
Number of samples: 8000 Calibration size: 7600 test size: 400
average infected size: 22.9275
computing proposed method with recall score...
Conformity scores computed. shape of test:(400, 58)
coverage: [1.     1.     1.     0.8225 0.7775]
set size: [58.     58.     58.     21.6425 21.2225]
time cost: 1.7785367965698242
computing proposed method with precision score...
Conformity scores computed. shape of test:(400, 58)
coverage: [0.9575 0.9425 0.905  0.855  0.8025]
set size: [29.31   27.8175 26.22   24.235  22.945 ]
time cost: 1.3495171070098877
computing ArbiTree-CQC...
coverage: [1.    1.    0.955 0.95  0.945]
set size: [58.     58.     57.365  57.1825 57.085 ]
time cost: 2.682100296020508
finished repeatition: 25 time cost: 5.825716257095337
Number of samples: 8000 Calibration size: 7600 test size: 400
average infected size: 23.135
computing proposed method with recall score...
Conformity scores computed. shape of test:(400, 58)
coverage: [1.    1.    1.    0.815 0.755]
set size: [58.     58.     58.     21.8375 21.3725]
time cost: 1.6978487968444824
computing proposed method with precision score...
Conformity scores computed. shape of test:(400, 58)
coverage: [0.955  0.9425 0.9    0.84   0.7975]
set size: [29.4375 27.9875 26.3225 24.33   22.9   ]
time cost: 1.5876178741455078
computing ArbiTree-CQC...
coverage: [1.     1.     0.955  0.9425 0.94  ]
set size: [58.     58.     57.425  57.1875 57.1025]
time cost: 2.479792356491089
finished repeatition: 26 time cost: 5.780909538269043
Number of samples: 8000 Calibration size: 7600 test size: 400
average infected size: 24.07
computing proposed method with recall score...
Conformity scores computed. shape of test:(400, 58)
coverage: [1.     1.     1.     0.8675 0.835 ]
set size: [58.    58.    58.    22.775 22.295]
time cost: 1.5917820930480957
computing proposed method with precision score...
Conformity scores computed. shape of test:(400, 58)
coverage: [0.94   0.92   0.9075 0.845  0.8075]
set size: [30.32   28.6825 27.165  25.1675 23.74  ]
time cost: 1.7023146152496338
computing ArbiTree-CQC...
coverage: [1.     1.     0.9525 0.945  0.9425]
set size: [58.     58.     57.32   57.1625 57.055 ]
time cost: 2.517622947692871
finished repeatition: 27 time cost: 5.823016166687012
Number of samples: 8000 Calibration size: 7600 test size: 400
average infected size: 24.715
computing proposed method with recall score...
Conformity scores computed. shape of test:(400, 58)
coverage: [1.     1.     1.     0.9    0.8375]
set size: [58.     58.     58.     23.395  22.9125]
time cost: 1.6691186428070068
computing proposed method with precision score...
Conformity scores computed. shape of test:(400, 58)
coverage: [0.965  0.9575 0.92   0.855  0.7975]
set size: [31.27   29.76   27.9875 25.8175 24.355 ]
time cost: 1.2945747375488281
computing ArbiTree-CQC...
coverage: [1.     1.     0.975  0.9625 0.9625]
set size: [58.     58.     57.52   57.2775 57.1225]
time cost: 2.427159070968628
finished repeatition: 28 time cost: 5.4101243019104
Number of samples: 8000 Calibration size: 7600 test size: 400
average infected size: 23.77
computing proposed method with recall score...
Conformity scores computed. shape of test:(400, 58)
coverage: [1.     1.     1.     0.87   0.8225]
set size: [58.     58.     58.     22.4675 22.03  ]
time cost: 1.728271722793579
computing proposed method with precision score...
Conformity scores computed. shape of test:(400, 58)
coverage: [0.945  0.9175 0.8825 0.84   0.8125]
set size: [30.0175 28.4325 26.8225 24.9125 23.5975]
time cost: 1.6508269309997559
computing ArbiTree-CQC...
coverage: [1. 1. 1. 1. 1.]
set size: [58.     58.     58.     57.9975 57.985 ]
time cost: 2.595876455307007
finished repeatition: 29 time cost: 5.990249156951904
Number of samples: 8000 Calibration size: 7600 test size: 400
average infected size: 23.52
computing proposed method with recall score...
Conformity scores computed. shape of test:(400, 58)
coverage: [1.    1.    1.    0.855 0.795]
set size: [58.    58.    58.    22.22  21.775]
time cost: 1.6801199913024902
computing proposed method with precision score...
Conformity scores computed. shape of test:(400, 58)
coverage: [0.9475 0.92   0.9025 0.8425 0.7975]
set size: [29.6075 28.0325 26.4375 24.415  22.985 ]
time cost: 1.6515331268310547
computing ArbiTree-CQC...
coverage: [1.     1.     0.9875 0.975  0.9725]
set size: [58.     58.     57.8325 57.4425 57.2275]
time cost: 2.499563217163086
finished repeatition: 30 time cost: 5.846070766448975
Number of samples: 8000 Calibration size: 7600 test size: 400
average infected size: 24.2125
computing proposed method with recall score...
Conformity scores computed. shape of test:(400, 58)
coverage: [1.     1.     1.     0.87   0.8225]
set size: [58.   58.   58.   22.92 22.44]
time cost: 1.7121877670288086
computing proposed method with precision score...
Conformity scores computed. shape of test:(400, 58)
coverage: [0.95   0.925  0.91   0.865  0.8075]
set size: [30.6025 29.0425 27.565  25.5725 24.2025]
time cost: 1.690073013305664
computing ArbiTree-CQC...
coverage: [1.     1.     1.     1.     0.9975]
set size: [58.     58.     58.     57.995  57.9475]
time cost: 2.8350346088409424
finished repeatition: 31 time cost: 6.252382278442383
Number of samples: 8000 Calibration size: 7600 test size: 400
average infected size: 23.15
computing proposed method with recall score...
Conformity scores computed. shape of test:(400, 58)
coverage: [1.     1.     1.     0.8425 0.7925]
set size: [58.     58.     58.     21.8725 21.415 ]
time cost: 1.7508149147033691
computing proposed method with precision score...
Conformity scores computed. shape of test:(400, 58)
coverage: [0.96   0.945  0.9275 0.8675 0.8175]
set size: [29.6375 28.12   26.535  24.605  23.32  ]
time cost: 1.396454095840454
computing ArbiTree-CQC...
coverage: [1. 1. 1. 1. 1.]
set size: [58.    58.    58.    58.    57.985]
time cost: 2.353933334350586
finished repeatition: 32 time cost: 5.51616907119751
Number of samples: 8000 Calibration size: 7600 test size: 400
average infected size: 22.03
computing proposed method with recall score...
Conformity scores computed. shape of test:(400, 58)
coverage: [1.     1.     1.     0.825  0.7875]
set size: [58.     58.     58.     20.75   20.3575]
time cost: 1.5676636695861816
computing proposed method with precision score...
Conformity scores computed. shape of test:(400, 58)
coverage: [0.935  0.9175 0.8925 0.83   0.755 ]
set size: [27.41   26.025  24.555  22.7075 21.2275]
time cost: 1.3507497310638428
computing ArbiTree-CQC...
coverage: [1.     1.     0.94   0.9375 0.9375]
set size: [58.    58.    57.155 57.045 57.01 ]
time cost: 2.8994553089141846
finished repeatition: 33 time cost: 5.832851409912109
Number of samples: 8000 Calibration size: 7600 test size: 400
average infected size: 23.78
computing proposed method with recall score...
Conformity scores computed. shape of test:(400, 58)
coverage: [1.     1.     1.     0.8125 0.78  ]
set size: [58.     58.     58.     22.4125 22.0325]
time cost: 1.4640731811523438
computing proposed method with precision score...
Conformity scores computed. shape of test:(400, 58)
coverage: [0.9475 0.9325 0.9125 0.875  0.8225]
set size: [29.6875 28.24   26.705  24.9175 23.6275]
time cost: 1.674522876739502
computing ArbiTree-CQC...
coverage: [1.   1.   1.   1.   0.97]
set size: [58.     58.     58.     57.95   57.5575]
time cost: 2.328946113586426
finished repeatition: 34 time cost: 5.483280658721924
Number of samples: 8000 Calibration size: 7600 test size: 400
average infected size: 24.325
computing proposed method with recall score...
Conformity scores computed. shape of test:(400, 58)
coverage: [1.    1.    1.    0.825 0.76 ]
set size: [58.     58.     58.     22.9925 22.52  ]
time cost: 1.316040277481079
computing proposed method with precision score...
Conformity scores computed. shape of test:(400, 58)
coverage: [0.9475 0.9225 0.89   0.835  0.77  ]
set size: [30.4225 28.7975 27.1225 25.1125 23.67  ]
time cost: 1.6293253898620605
computing ArbiTree-CQC...
coverage: [1.     1.     1.     1.     0.9975]
set size: [58.     58.     58.     58.     57.9975]
time cost: 2.776409387588501
finished repeatition: 35 time cost: 5.7329325675964355
Number of samples: 8000 Calibration size: 7600 test size: 400
average infected size: 24.1925
computing proposed method with recall score...
Conformity scores computed. shape of test:(400, 58)
coverage: [1.     1.     1.     0.8775 0.83  ]
set size: [58.     58.     58.     22.8975 22.4375]
time cost: 1.3970441818237305
computing proposed method with precision score...
Conformity scores computed. shape of test:(400, 58)
coverage: [0.935  0.92   0.89   0.8375 0.78  ]
set size: [30.4625 28.8775 27.305  25.3725 23.91  ]
time cost: 1.630380392074585
computing ArbiTree-CQC...
coverage: [1.    1.    0.985 0.955 0.95 ]
set size: [58.    58.    57.665 57.305 57.145]
time cost: 2.598278522491455
finished repeatition: 36 time cost: 5.64231014251709
Number of samples: 8000 Calibration size: 7600 test size: 400
average infected size: 22.205
computing proposed method with recall score...
Conformity scores computed. shape of test:(400, 58)
coverage: [1.     1.     1.     0.82   0.7925]
set size: [58.     58.     58.     20.9325 20.5425]
time cost: 1.56565523147583
computing proposed method with precision score...
Conformity scores computed. shape of test:(400, 58)
coverage: [0.945  0.93   0.9    0.845  0.7825]
set size: [28.145  26.765  25.2225 23.435  22.0625]
time cost: 1.6875228881835938
computing ArbiTree-CQC...
coverage: [1.   1.   0.95 0.95 0.95]
set size: [58.    58.    57.175 57.065 57.03 ]
time cost: 3.496405601501465
finished repeatition: 37 time cost: 6.764806509017944
Number of samples: 8000 Calibration size: 7600 test size: 400
average infected size: 23.795
computing proposed method with recall score...
Conformity scores computed. shape of test:(400, 58)
coverage: [1.    1.    1.    0.84  0.785]
set size: [58.     58.     58.     22.5    22.0525]
time cost: 1.675504446029663
computing proposed method with precision score...
Conformity scores computed. shape of test:(400, 58)
coverage: [0.965  0.9375 0.915  0.855  0.8075]
set size: [30.305  28.7575 27.0775 25.065  23.695 ]
time cost: 1.5503873825073242
computing ArbiTree-CQC...
coverage: [1.     1.     0.9575 0.9525 0.95  ]
set size: [58.     58.     57.2875 57.085  57.0275]
time cost: 3.271327495574951
finished repeatition: 38 time cost: 6.512796640396118
Number of samples: 8000 Calibration size: 7600 test size: 400
average infected size: 23.335
computing proposed method with recall score...
Conformity scores computed. shape of test:(400, 58)
coverage: [1.   1.   1.   0.83 0.77]
set size: [58.     58.     58.     22.03   21.5775]
time cost: 1.8410120010375977
computing proposed method with precision score...
Conformity scores computed. shape of test:(400, 58)
coverage: [0.945  0.93   0.9175 0.865  0.815 ]
set size: [29.4575 28.     26.4975 24.6225 23.315 ]
time cost: 1.2033846378326416
computing ArbiTree-CQC...
coverage: [1.     1.     0.9725 0.9675 0.9625]
set size: [58.     58.     57.335  57.1725 57.0525]
time cost: 3.0541131496429443
finished repeatition: 39 time cost: 6.113895654678345
Number of samples: 8000 Calibration size: 7600 test size: 400
average infected size: 23.6025
computing proposed method with recall score...
Conformity scores computed. shape of test:(400, 58)
coverage: [1.     1.     1.     0.8475 0.7975]
set size: [58.     58.     58.     22.3125 21.8475]
time cost: 1.6812891960144043
computing proposed method with precision score...
Conformity scores computed. shape of test:(400, 58)
coverage: [0.9325 0.9175 0.88   0.8275 0.7875]
set size: [29.4325 27.8675 26.22   24.3575 23.0725]
time cost: 1.6508960723876953
computing ArbiTree-CQC...
coverage: [1.     1.     1.     0.9975 0.99  ]
set size: [58.     58.     58.     57.9825 57.815 ]
time cost: 2.7446987628936768
finished repeatition: 40 time cost: 6.094642400741577
Number of samples: 8000 Calibration size: 7600 test size: 400
average infected size: 22.6775
computing proposed method with recall score...
Conformity scores computed. shape of test:(400, 58)
coverage: [1.    1.    1.    0.835 0.77 ]
set size: [58.     58.     58.     21.4125 20.9775]
time cost: 1.5881109237670898
computing proposed method with precision score...
Conformity scores computed. shape of test:(400, 58)
coverage: [0.9425 0.92   0.895  0.8575 0.8275]
set size: [28.8275 27.3475 25.81   24.0625 22.89  ]
time cost: 1.161508560180664
computing ArbiTree-CQC...
coverage: [1.   1.   1.   1.   0.99]
set size: [58.     58.     57.9975 57.9875 57.8925]
time cost: 2.415379047393799
finished repeatition: 41 time cost: 5.179811477661133
Number of samples: 8000 Calibration size: 7600 test size: 400
average infected size: 24.6925
computing proposed method with recall score...
Conformity scores computed. shape of test:(400, 58)
coverage: [1.     1.     1.     0.8725 0.83  ]
set size: [58.     58.     58.     23.3625 22.905 ]
time cost: 1.507638931274414
computing proposed method with precision score...
Conformity scores computed. shape of test:(400, 58)
coverage: [0.965  0.9475 0.91   0.8725 0.83  ]
set size: [31.56   29.94   28.2475 26.2575 24.9175]
time cost: 1.4023427963256836
computing ArbiTree-CQC...
coverage: [1.     1.     0.965  0.9625 0.9625]
set size: [58.     58.     57.24   57.0725 57.0225]
time cost: 2.9361884593963623
finished repeatition: 42 time cost: 5.857036590576172
Number of samples: 8000 Calibration size: 7600 test size: 400
average infected size: 23.47
computing proposed method with recall score...
Conformity scores computed. shape of test:(400, 58)
coverage: [1.    1.    1.    0.865 0.82 ]
set size: [58.     58.     58.     22.1775 21.7475]
time cost: 1.3688478469848633
computing proposed method with precision score...
Conformity scores computed. shape of test:(400, 58)
coverage: [0.945  0.9275 0.9025 0.8375 0.7775]
set size: [29.6125 28.165  26.6025 24.59   23.2425]
time cost: 1.620805263519287
computing ArbiTree-CQC...
coverage: [1.     1.     1.     0.985  0.9675]
set size: [58.     58.     57.98   57.5325 57.3125]
time cost: 2.405289649963379
finished repeatition: 43 time cost: 5.406071901321411
Number of samples: 8000 Calibration size: 7600 test size: 400
average infected size: 23.35
computing proposed method with recall score...
Conformity scores computed. shape of test:(400, 58)
coverage: [1.     1.     1.     0.88   0.8475]
set size: [58.     58.     58.     22.07   21.6175]
time cost: 1.3551056385040283
computing proposed method with precision score...
Conformity scores computed. shape of test:(400, 58)
coverage: [0.9425 0.94   0.9    0.84   0.805 ]
set size: [29.4275 28.0125 26.43   24.54   23.23  ]
time cost: 1.6385416984558105
computing ArbiTree-CQC...
coverage: [1.     1.     0.965  0.9625 0.96  ]
set size: [58.     58.     57.275  57.13   57.0325]
time cost: 2.9502153396606445
finished repeatition: 44 time cost: 5.962683439254761
Number of samples: 8000 Calibration size: 7600 test size: 400
average infected size: 24.455
computing proposed method with recall score...
Conformity scores computed. shape of test:(400, 58)
coverage: [1.     1.     1.     0.8725 0.81  ]
set size: [58.    58.    58.    23.15  22.665]
time cost: 1.3316218852996826
computing proposed method with precision score...
Conformity scores computed. shape of test:(400, 58)
coverage: [0.96   0.9325 0.89   0.83   0.79  ]
set size: [31.1825 29.475  27.7525 25.67   24.2375]
time cost: 1.5077846050262451
computing ArbiTree-CQC...
coverage: [1.     1.     0.9475 0.9475 0.9475]
set size: [58.     58.     57.1875 57.0725 57.0275]
time cost: 3.1908578872680664
finished repeatition: 45 time cost: 6.041145086288452
Number of samples: 8000 Calibration size: 7600 test size: 400
average infected size: 22.785
computing proposed method with recall score...
Conformity scores computed. shape of test:(400, 58)
coverage: [1.     1.     1.     0.8425 0.8   ]
set size: [58.     58.     58.     21.5225 21.085 ]
time cost: 1.4389288425445557
computing proposed method with precision score...
Conformity scores computed. shape of test:(400, 58)
coverage: [0.955  0.9325 0.8925 0.8425 0.7725]
set size: [28.85   27.3025 25.635  23.6725 22.3375]
time cost: 1.7412278652191162
computing ArbiTree-CQC...
coverage: [1.     1.     0.9425 0.935  0.935 ]
set size: [58.     58.     57.26   57.0875 57.025 ]
time cost: 3.0331008434295654
finished repeatition: 46 time cost: 6.228671550750732
Number of samples: 8000 Calibration size: 7600 test size: 400
average infected size: 23.1325
computing proposed method with recall score...
Conformity scores computed. shape of test:(400, 58)
coverage: [1.     1.     1.     0.8425 0.7775]
set size: [58.     58.     58.     21.8425 21.41  ]
time cost: 1.8720285892486572
computing proposed method with precision score...
Conformity scores computed. shape of test:(400, 58)
coverage: [0.9575 0.945  0.9075 0.8425 0.79  ]
set size: [29.425  27.965  26.2525 24.2225 22.85  ]
time cost: 1.568403720855713
computing ArbiTree-CQC...
coverage: [1.     1.     0.975  0.9675 0.965 ]
set size: [58.     58.     57.3875 57.2125 57.11  ]
time cost: 2.699946641921997
finished repeatition: 47 time cost: 6.1557252407073975
Number of samples: 8000 Calibration size: 7600 test size: 400
average infected size: 23.5375
computing proposed method with recall score...
Conformity scores computed. shape of test:(400, 58)
coverage: [1.    1.    1.    0.835 0.795]
set size: [58.     58.     58.     22.2625 21.7825]
time cost: 1.5186703205108643
computing proposed method with precision score...
Conformity scores computed. shape of test:(400, 58)
coverage: [0.95   0.9225 0.895  0.835  0.805 ]
set size: [29.41   27.8575 26.28   24.3575 23.0025]
time cost: 1.5696537494659424
computing ArbiTree-CQC...
coverage: [1.     1.     0.995  0.9775 0.9525]
set size: [58.     58.     57.935  57.5375 57.265 ]
time cost: 2.214378833770752
finished repeatition: 48 time cost: 5.317439317703247
Number of samples: 8000 Calibration size: 7600 test size: 400
average infected size: 23.535
computing proposed method with recall score...
Conformity scores computed. shape of test:(400, 58)
coverage: [1.    1.    1.    0.825 0.775]
set size: [58.     58.     58.     22.2425 21.795 ]
time cost: 1.174424409866333
computing proposed method with precision score...
Conformity scores computed. shape of test:(400, 58)
coverage: [0.94   0.92   0.885  0.835  0.7875]
set size: [29.71   28.1675 26.5425 24.68   23.325 ]
time cost: 1.3038783073425293
computing ArbiTree-CQC...
coverage: [1.    1.    0.935 0.935 0.935]
set size: [58.     58.     57.205  57.095  57.0225]
time cost: 2.140697717666626
finished repeatition: 49 time cost: 4.629590272903442

Coverage Results:
Method    α=0.05         α=0.07         α=0.10         α=0.15         α=0.20         
-------------------------------------------------------------------------------------
set_recall1.000 ± 0.000  1.000 ± 0.000  1.000 ± 0.000  0.850 ± 0.020  0.800 ± 0.023  
set_prec  0.950 ± 0.011  0.931 ± 0.013  0.900 ± 0.015  0.847 ± 0.017  0.797 ± 0.021  
ArbiTree-CQC1.000 ± 0.000  1.000 ± 0.000  0.971 ± 0.022  0.964 ± 0.022  0.960 ± 0.020  

Set Size Results:
Method    α=0.05         α=0.07         α=0.10         α=0.15         α=0.20         
-------------------------------------------------------------------------------------
set_recall58.000 ± 0.000 58.000 ± 0.000 58.000 ± 0.000 22.195 ± 0.645 21.752 ± 0.629 
set_prec  29.720 ± 0.884 28.197 ± 0.848 26.583 ± 0.815 24.637 ± 0.760 23.267 ± 0.734 
ArbiTree-CQC58.000 ± 0.000 58.000 ± 0.000 57.520 ± 0.330 57.350 ± 0.346 57.249 ± 0.336 
finished.
