2025-09-01 00:04:04.124470: I tensorflow/stream_executor/platform/default/dso_loader.cc:48] Successfully opened dynamic library libcudart.so.10.1
Number of nodes: 774
Number of edges: 7992
Calibration size: 7600 test size: 400
average infected size: 33.0425
computing proposed method with recall score...
Conformity scores computed. shape of test:(400, 774)
coverage: [1.   1.   1.   1.   0.86]
set size: [774.   774.   774.   774.    32.16]
time cost: 1.8796887397766113
computing proposed method with precision score...
Conformity scores computed. shape of test:(400, 774)
coverage: [0.7225 0.665  0.6    0.5075 0.4425]
set size: [29.1525 26.9025 24.17   20.2125 17.35  ]
time cost: 1.5660583972930908
finished repeatition: 0 time cost: 4.210674285888672
Calibration size: 7600 test size: 400
average infected size: 33.0425
computing proposed method with recall score...
Conformity scores computed. shape of test:(400, 774)
coverage: [1.    1.    1.    1.    0.865]
set size: [774.    774.    774.    774.     32.615]
time cost: 1.8947255611419678
computing proposed method with precision score...
Conformity scores computed. shape of test:(400, 774)
coverage: [0.76   0.695  0.635  0.545  0.4725]
set size: [30.3675 27.9125 25.075  21.14   18.365 ]
time cost: 1.5635015964508057
finished repeatition: 1 time cost: 4.2359514236450195
Calibration size: 7600 test size: 400
average infected size: 33.0425
computing proposed method with recall score...
Conformity scores computed. shape of test:(400, 774)
coverage: [1.     1.     1.     1.     0.8825]
set size: [774.    774.    774.    774.     34.625]
time cost: 1.8712434768676758
computing proposed method with precision score...
Conformity scores computed. shape of test:(400, 774)
coverage: [0.7325 0.6575 0.5825 0.4875 0.4275]
set size: [30.92   28.35   25.29   21.1625 18.2075]
time cost: 1.5688624382019043
finished repeatition: 2 time cost: 4.199840307235718
Calibration size: 7600 test size: 400
average infected size: 33.0425
computing proposed method with recall score...
Conformity scores computed. shape of test:(400, 774)
coverage: [1.     1.     1.     1.     0.8975]
set size: [774.   774.   774.   774.    32.89]
time cost: 1.8668591976165771
computing proposed method with precision score...
Conformity scores computed. shape of test:(400, 774)
coverage: [0.6975 0.635  0.5575 0.4775 0.4325]
set size: [28.22   26.06   23.2775 19.58   16.98  ]
time cost: 1.553438425064087
finished repeatition: 3 time cost: 4.17982292175293
Calibration size: 7600 test size: 400
average infected size: 33.0425
computing proposed method with recall score...
Conformity scores computed. shape of test:(400, 774)
coverage: [1.     1.     1.     1.     0.8925]
set size: [774.     774.     774.     774.      32.5025]
time cost: 1.8917427062988281
computing proposed method with precision score...
Conformity scores computed. shape of test:(400, 774)
coverage: [0.7275 0.66   0.5975 0.4975 0.43  ]
set size: [28.8375 26.2575 23.525  19.5975 16.8875]
time cost: 1.547933578491211
finished repeatition: 4 time cost: 4.2143309116363525
Calibration size: 7600 test size: 400
average infected size: 33.0425
computing proposed method with recall score...
Conformity scores computed. shape of test:(400, 774)
coverage: [1.     1.     1.     1.     0.8925]
set size: [774.     774.     774.     774.      32.2925]
time cost: 1.8841137886047363
computing proposed method with precision score...
Conformity scores computed. shape of test:(400, 774)
coverage: [0.715 0.645 0.58  0.49  0.435]
set size: [28.5175 26.1375 23.3    19.6    16.8525]
time cost: 1.5633432865142822
finished repeatition: 5 time cost: 4.2193603515625
Calibration size: 7600 test size: 400
average infected size: 33.0425
computing proposed method with recall score...
Conformity scores computed. shape of test:(400, 774)
coverage: [1.     1.     1.     1.     0.9075]
set size: [774.     774.     774.     774.      33.8625]
time cost: 1.892444372177124
computing proposed method with precision score...
Conformity scores computed. shape of test:(400, 774)
coverage: [0.7325 0.645  0.56   0.46   0.415 ]
set size: [29.9275 27.4375 24.4575 20.205  17.365 ]
time cost: 1.5799744129180908
finished repeatition: 6 time cost: 4.211709499359131
Calibration size: 7600 test size: 400
average infected size: 33.0425
computing proposed method with recall score...
Conformity scores computed. shape of test:(400, 774)
coverage: [1.     1.     1.     1.     0.8775]
set size: [774.     774.     774.     774.      32.3025]
time cost: 1.888899326324463
computing proposed method with precision score...
Conformity scores computed. shape of test:(400, 774)
coverage: [0.7425 0.68   0.6175 0.51   0.435 ]
set size: [29.6325 27.47   24.8125 21.165  18.115 ]
time cost: 1.5821137428283691
finished repeatition: 7 time cost: 4.240143060684204
Calibration size: 7600 test size: 400
average infected size: 33.0425
computing proposed method with recall score...
Conformity scores computed. shape of test:(400, 774)
coverage: [1.     1.     1.     1.     0.8775]
set size: [774.     774.     774.     774.      32.0175]
time cost: 1.8875226974487305
computing proposed method with precision score...
Conformity scores computed. shape of test:(400, 774)
coverage: [0.7175 0.645  0.575  0.4675 0.4075]
set size: [28.4875 26.3375 23.4675 19.7575 17.0625]
time cost: 1.5580451488494873
finished repeatition: 8 time cost: 4.218143701553345
Calibration size: 7600 test size: 400
average infected size: 33.0425
computing proposed method with recall score...
Conformity scores computed. shape of test:(400, 774)
coverage: [1.     1.     1.     1.     0.8825]
set size: [774.     774.     774.     774.      33.0075]
time cost: 1.8949196338653564
computing proposed method with precision score...
Conformity scores computed. shape of test:(400, 774)
coverage: [0.735  0.6625 0.57   0.495  0.43  ]
set size: [28.9175 26.5125 23.4975 19.9875 17.36  ]
time cost: 1.5592975616455078
finished repeatition: 9 time cost: 4.225632429122925
Calibration size: 7600 test size: 400
average infected size: 33.0425
computing proposed method with recall score...
Conformity scores computed. shape of test:(400, 774)
coverage: [1.     1.     1.     1.     0.8675]
set size: [774.     774.     774.     774.      33.6225]
time cost: 1.8928864002227783
computing proposed method with precision score...
Conformity scores computed. shape of test:(400, 774)
coverage: [0.7025 0.6425 0.5875 0.49   0.42  ]
set size: [29.7225 27.1975 24.4325 20.565  17.67  ]
time cost: 1.5820403099060059
finished repeatition: 10 time cost: 4.260563135147095
Calibration size: 7600 test size: 400
average infected size: 33.0425
computing proposed method with recall score...
Conformity scores computed. shape of test:(400, 774)
coverage: [1.   1.   1.   1.   0.91]
set size: [774.    774.    774.    774.     31.975]
time cost: 1.8892319202423096
computing proposed method with precision score...
Conformity scores computed. shape of test:(400, 774)
coverage: [0.7525 0.6925 0.635  0.53   0.46  ]
set size: [28.92   26.735  24.0125 20.1875 17.3975]
time cost: 1.5462901592254639
finished repeatition: 11 time cost: 4.190852403640747
Calibration size: 7600 test size: 400
average infected size: 33.0425
computing proposed method with recall score...
Conformity scores computed. shape of test:(400, 774)
coverage: [1.    1.    1.    1.    0.885]
set size: [774.     774.     774.     774.      33.0025]
time cost: 1.8858222961425781
computing proposed method with precision score...
Conformity scores computed. shape of test:(400, 774)
coverage: [0.7175 0.6475 0.585  0.475  0.415 ]
set size: [29.03   26.5775 23.7875 19.925  17.0975]
time cost: 1.5664424896240234
finished repeatition: 12 time cost: 4.221787452697754
Calibration size: 7600 test size: 400
average infected size: 33.0425
computing proposed method with recall score...
Conformity scores computed. shape of test:(400, 774)
coverage: [1.    1.    1.    1.    0.905]
set size: [774.   774.   774.   774.    32.01]
time cost: 1.8833913803100586
computing proposed method with precision score...
Conformity scores computed. shape of test:(400, 774)
coverage: [0.7325 0.6625 0.6    0.505  0.4475]
set size: [28.105  25.935  23.33   19.5225 16.83  ]
time cost: 1.5711450576782227
finished repeatition: 13 time cost: 4.225975751876831
Calibration size: 7600 test size: 400
average infected size: 33.0425
computing proposed method with recall score...
Conformity scores computed. shape of test:(400, 774)
coverage: [1.     1.     1.     1.     0.8925]
set size: [774.     774.     774.     774.      32.5175]
time cost: 1.8897626399993896
computing proposed method with precision score...
Conformity scores computed. shape of test:(400, 774)
coverage: [0.76   0.665  0.6025 0.505  0.425 ]
set size: [29.16   26.69   24.1575 20.11   17.11  ]
time cost: 1.572239875793457
finished repeatition: 14 time cost: 4.234499454498291
Calibration size: 7600 test size: 400
average infected size: 33.0425
computing proposed method with recall score...
Conformity scores computed. shape of test:(400, 774)
coverage: [1.     1.     1.     1.     0.8775]
set size: [774.    774.    774.    774.     32.175]
time cost: 1.8725483417510986
computing proposed method with precision score...
Conformity scores computed. shape of test:(400, 774)
coverage: [0.7475 0.6825 0.5975 0.5325 0.4625]
set size: [28.52   26.1575 23.26   19.775  17.11  ]
time cost: 1.5593690872192383
finished repeatition: 15 time cost: 4.212408065795898
Calibration size: 7600 test size: 400
average infected size: 33.0425
computing proposed method with recall score...
Conformity scores computed. shape of test:(400, 774)
coverage: [1.     1.     1.     1.     0.8525]
set size: [774.   774.   774.   774.    31.93]
time cost: 1.8784770965576172
computing proposed method with precision score...
Conformity scores computed. shape of test:(400, 774)
coverage: [0.725  0.6675 0.5925 0.5    0.4225]
set size: [28.6725 26.29   23.7075 19.8675 16.97  ]
time cost: 1.5797429084777832
finished repeatition: 16 time cost: 4.205705881118774
Calibration size: 7600 test size: 400
average infected size: 33.0425
computing proposed method with recall score...
Conformity scores computed. shape of test:(400, 774)
coverage: [1.     1.     1.     1.     0.8775]
set size: [774.    774.    774.    774.     34.305]
time cost: 1.8855211734771729
computing proposed method with precision score...
Conformity scores computed. shape of test:(400, 774)
coverage: [0.725  0.6675 0.5875 0.4925 0.415 ]
set size: [30.4425 28.015  25.0125 21.02   18.185 ]
time cost: 1.5574421882629395
finished repeatition: 17 time cost: 4.197162866592407
Calibration size: 7600 test size: 400
average infected size: 33.0425
computing proposed method with recall score...
Conformity scores computed. shape of test:(400, 774)
coverage: [1.    1.    1.    1.    0.885]
set size: [774.    774.    774.    774.     32.565]
time cost: 1.8589963912963867
computing proposed method with precision score...
Conformity scores computed. shape of test:(400, 774)
coverage: [0.7275 0.665  0.5875 0.485  0.4275]
set size: [28.7725 26.37   23.68   19.8975 17.1525]
time cost: 1.5578036308288574
finished repeatition: 18 time cost: 4.184508562088013
Calibration size: 7600 test size: 400
average infected size: 33.0425
computing proposed method with recall score...
Conformity scores computed. shape of test:(400, 774)
coverage: [1.    1.    1.    1.    0.885]
set size: [774.   774.   774.   774.    33.18]
time cost: 1.8931050300598145
computing proposed method with precision score...
Conformity scores computed. shape of test:(400, 774)
coverage: [0.7525 0.67   0.585  0.4975 0.4275]
set size: [29.5875 27.1175 24.17   20.4725 17.7275]
time cost: 1.5681519508361816
finished repeatition: 19 time cost: 4.2307469844818115
Calibration size: 7600 test size: 400
average infected size: 33.0425
computing proposed method with recall score...
Conformity scores computed. shape of test:(400, 774)
coverage: [1.     1.     1.     1.     0.8975]
set size: [774.     774.     774.     774.      32.5775]
time cost: 1.8766567707061768
computing proposed method with precision score...
Conformity scores computed. shape of test:(400, 774)
coverage: [0.7625 0.68   0.6125 0.5    0.445 ]
set size: [29.43   26.83   23.93   20.005  17.1925]
time cost: 1.5572307109832764
finished repeatition: 20 time cost: 4.2111382484436035
Calibration size: 7600 test size: 400
average infected size: 33.0425
computing proposed method with recall score...
Conformity scores computed. shape of test:(400, 774)
coverage: [1.     1.     1.     1.     0.9075]
set size: [774.     774.     774.     774.      33.9775]
time cost: 1.8695173263549805
computing proposed method with precision score...
Conformity scores computed. shape of test:(400, 774)
coverage: [0.7175 0.6375 0.57   0.4825 0.42  ]
set size: [29.885  27.1875 24.2325 20.355  17.41  ]
time cost: 1.5788376331329346
finished repeatition: 21 time cost: 4.211426258087158
Calibration size: 7600 test size: 400
average infected size: 33.0425
computing proposed method with recall score...
Conformity scores computed. shape of test:(400, 774)
coverage: [1.    1.    1.    1.    0.865]
set size: [774.    774.    774.    774.     32.045]
time cost: 1.885880708694458
computing proposed method with precision score...
Conformity scores computed. shape of test:(400, 774)
coverage: [0.7275 0.6675 0.615  0.5175 0.45  ]
set size: [28.4275 26.0975 23.4775 19.9    17.3025]
time cost: 1.5803627967834473
finished repeatition: 22 time cost: 4.220189809799194
Calibration size: 7600 test size: 400
average infected size: 33.0425
computing proposed method with recall score...
Conformity scores computed. shape of test:(400, 774)
coverage: [1.     1.     1.     1.     0.8925]
set size: [774.   774.   774.   774.    33.05]
time cost: 1.8788361549377441
computing proposed method with precision score...
Conformity scores computed. shape of test:(400, 774)
coverage: [0.715  0.66   0.595  0.4825 0.4225]
set size: [28.9825 26.76   23.76   20.11   17.34  ]
time cost: 1.5801560878753662
finished repeatition: 23 time cost: 4.220483303070068
Calibration size: 7600 test size: 400
average infected size: 33.0425
computing proposed method with recall score...
Conformity scores computed. shape of test:(400, 774)
coverage: [1.     1.     1.     1.     0.8925]
set size: [774.   774.   774.   774.    32.22]
time cost: 1.887665033340454
computing proposed method with precision score...
Conformity scores computed. shape of test:(400, 774)
coverage: [0.7475 0.6725 0.61   0.52   0.4475]
set size: [28.7475 26.4625 23.695  20.0225 17.31  ]
time cost: 1.5752835273742676
finished repeatition: 24 time cost: 4.224644422531128
Calibration size: 7600 test size: 400
average infected size: 33.0425
computing proposed method with recall score...
Conformity scores computed. shape of test:(400, 774)
coverage: [1.     1.     1.     1.     0.8975]
set size: [774.    774.    774.    774.     33.665]
time cost: 1.8791496753692627
computing proposed method with precision score...
Conformity scores computed. shape of test:(400, 774)
coverage: [0.755  0.6625 0.5825 0.48   0.41  ]
set size: [30.1425 27.54   24.5525 20.5975 17.61  ]
time cost: 1.5768473148345947
finished repeatition: 25 time cost: 4.202356815338135
Calibration size: 7600 test size: 400
average infected size: 33.0425
computing proposed method with recall score...
Conformity scores computed. shape of test:(400, 774)
coverage: [1.     1.     1.     1.     0.8975]
set size: [774.    774.    774.    774.     33.165]
time cost: 1.8885774612426758
computing proposed method with precision score...
Conformity scores computed. shape of test:(400, 774)
coverage: [0.7475 0.6825 0.6075 0.5025 0.435 ]
set size: [29.73   27.4425 24.595  20.5325 17.565 ]
time cost: 1.571953535079956
finished repeatition: 26 time cost: 4.2279393672943115
Calibration size: 7600 test size: 400
average infected size: 33.0425
computing proposed method with recall score...
Conformity scores computed. shape of test:(400, 774)
coverage: [1.     1.     1.     1.     0.8875]
set size: [774.     774.     774.     774.      31.8175]
time cost: 1.8819494247436523
computing proposed method with precision score...
Conformity scores computed. shape of test:(400, 774)
coverage: [0.7275 0.675  0.6075 0.5025 0.45  ]
set size: [28.73   26.2925 23.58   19.7525 17.1   ]
time cost: 1.5629642009735107
finished repeatition: 27 time cost: 4.214053630828857
Calibration size: 7600 test size: 400
average infected size: 33.0425
computing proposed method with recall score...
Conformity scores computed. shape of test:(400, 774)
coverage: [1.     1.     1.     1.     0.8825]
set size: [774.    774.    774.    774.     33.395]
time cost: 1.8851158618927002
computing proposed method with precision score...
Conformity scores computed. shape of test:(400, 774)
coverage: [0.7    0.6475 0.5725 0.4725 0.4325]
set size: [29.135  26.6875 23.7025 20.0025 17.1775]
time cost: 1.5498883724212646
finished repeatition: 28 time cost: 4.177808046340942
Calibration size: 7600 test size: 400
average infected size: 33.0425
computing proposed method with recall score...
Conformity scores computed. shape of test:(400, 774)
coverage: [1.   1.   1.   1.   0.88]
set size: [774.   774.   774.   774.    33.19]
time cost: 1.8703372478485107
computing proposed method with precision score...
Conformity scores computed. shape of test:(400, 774)
coverage: [0.76   0.6825 0.6225 0.525  0.4625]
set size: [30.11   27.4075 24.79   21.04   18.06  ]
time cost: 1.7247400283813477
finished repeatition: 29 time cost: 4.340832471847534
Calibration size: 7600 test size: 400
average infected size: 33.0425
computing proposed method with recall score...
Conformity scores computed. shape of test:(400, 774)
coverage: [1.     1.     1.     1.     0.8575]
set size: [774.     774.     774.     774.      32.5375]
time cost: 1.8789069652557373
computing proposed method with precision score...
Conformity scores computed. shape of test:(400, 774)
coverage: [0.745  0.67   0.6075 0.4975 0.4125]
set size: [28.165  25.96   23.1475 19.365  16.6175]
time cost: 1.5689175128936768
finished repeatition: 30 time cost: 4.2034924030303955
Calibration size: 7600 test size: 400
average infected size: 33.0425
computing proposed method with recall score...
Conformity scores computed. shape of test:(400, 774)
coverage: [1.   1.   1.   1.   0.89]
set size: [774.     774.     774.     774.      32.6975]
time cost: 1.8732991218566895
computing proposed method with precision score...
Conformity scores computed. shape of test:(400, 774)
coverage: [0.77   0.7075 0.625  0.505  0.4525]
set size: [29.7425 27.47   24.6775 20.5075 17.62  ]
time cost: 1.5592472553253174
finished repeatition: 31 time cost: 4.203173875808716
Calibration size: 7600 test size: 400
average infected size: 33.0425
computing proposed method with recall score...
Conformity scores computed. shape of test:(400, 774)
coverage: [1.     1.     1.     1.     0.8775]
set size: [774.    774.    774.    774.     31.895]
time cost: 1.8864493370056152
computing proposed method with precision score...
Conformity scores computed. shape of test:(400, 774)
coverage: [0.755  0.695  0.6275 0.5225 0.4625]
set size: [29.115  26.775  24.0075 20.145  17.31  ]
time cost: 1.7503986358642578
finished repeatition: 32 time cost: 4.399948835372925
Calibration size: 7600 test size: 400
average infected size: 33.0425
computing proposed method with recall score...
Conformity scores computed. shape of test:(400, 774)
coverage: [1.     1.     1.     1.     0.8875]
set size: [774.   774.   774.   774.    32.82]
time cost: 1.880263328552246
computing proposed method with precision score...
Conformity scores computed. shape of test:(400, 774)
coverage: [0.7175 0.645  0.58   0.47   0.4   ]
set size: [27.995  25.595  22.7675 19.05   16.33  ]
time cost: 1.560610055923462
finished repeatition: 33 time cost: 4.207443952560425
Calibration size: 7600 test size: 400
average infected size: 33.0425
computing proposed method with recall score...
Conformity scores computed. shape of test:(400, 774)
coverage: [1.     1.     1.     1.     0.8775]
set size: [774.    774.    774.    774.     32.625]
time cost: 1.8826463222503662
computing proposed method with precision score...
Conformity scores computed. shape of test:(400, 774)
coverage: [0.7275 0.6675 0.59   0.49   0.425 ]
set size: [29.1325 26.77   23.8775 19.905  17.16  ]
time cost: 1.7373948097229004
finished repeatition: 34 time cost: 4.3875343799591064
Calibration size: 7600 test size: 400
average infected size: 33.0425
computing proposed method with recall score...
Conformity scores computed. shape of test:(400, 774)
coverage: [1.     1.     1.     1.     0.8825]
set size: [774.   774.   774.   774.    31.83]
time cost: 1.8778553009033203
computing proposed method with precision score...
Conformity scores computed. shape of test:(400, 774)
coverage: [0.725  0.6625 0.6075 0.5025 0.435 ]
set size: [28.0675 25.935  23.46   19.7225 16.8875]
time cost: 1.5721189975738525
finished repeatition: 35 time cost: 4.221401691436768
Calibration size: 7600 test size: 400
average infected size: 33.0425
computing proposed method with recall score...
Conformity scores computed. shape of test:(400, 774)
coverage: [1.     1.     1.     1.     0.8775]
set size: [774.    774.    774.    774.     32.815]
time cost: 1.8905589580535889
computing proposed method with precision score...
Conformity scores computed. shape of test:(400, 774)
coverage: [0.745  0.655  0.5825 0.4825 0.4025]
set size: [28.675  26.3175 23.42   19.435  16.4575]
time cost: 1.5657050609588623
finished repeatition: 36 time cost: 4.230238437652588
Calibration size: 7600 test size: 400
average infected size: 33.0425
computing proposed method with recall score...
Conformity scores computed. shape of test:(400, 774)
coverage: [1.     1.     1.     1.     0.8925]
set size: [774.   774.   774.   774.    31.64]
time cost: 1.8831088542938232
computing proposed method with precision score...
Conformity scores computed. shape of test:(400, 774)
coverage: [0.735 0.67  0.595 0.495 0.43 ]
set size: [28.8875 26.7    24.175  20.245  17.5775]
time cost: 1.5703351497650146
finished repeatition: 37 time cost: 4.233285903930664
Calibration size: 7600 test size: 400
average infected size: 33.0425
computing proposed method with recall score...
Conformity scores computed. shape of test:(400, 774)
coverage: [1.     1.     1.     1.     0.8825]
set size: [774.     774.     774.     774.      34.7225]
time cost: 1.8946280479431152
computing proposed method with precision score...
Conformity scores computed. shape of test:(400, 774)
coverage: [0.7275 0.6475 0.58   0.48   0.42  ]
set size: [30.605  28.215  25.205  21.215  18.2025]
time cost: 1.569751262664795
finished repeatition: 38 time cost: 4.226599454879761
Calibration size: 7600 test size: 400
average infected size: 33.0425
computing proposed method with recall score...
Conformity scores computed. shape of test:(400, 774)
coverage: [1.     1.     1.     1.     0.8675]
set size: [774.     774.     774.     774.      33.6975]
time cost: 1.8865478038787842
computing proposed method with precision score...
Conformity scores computed. shape of test:(400, 774)
coverage: [0.685  0.6275 0.5475 0.4425 0.3675]
set size: [28.77   26.4025 23.025  19.355  16.4575]
time cost: 1.5699763298034668
finished repeatition: 39 time cost: 4.191989421844482
Calibration size: 7600 test size: 400
average infected size: 33.0425
computing proposed method with recall score...
Conformity scores computed. shape of test:(400, 774)
coverage: [1.     1.     1.     1.     0.8775]
set size: [774.   774.   774.   774.    33.22]
time cost: 1.8886146545410156
computing proposed method with precision score...
Conformity scores computed. shape of test:(400, 774)
coverage: [0.745  0.685  0.6225 0.51   0.4425]
set size: [29.7325 27.32   24.835  21.07   18.1675]
time cost: 1.5726902484893799
finished repeatition: 40 time cost: 4.229357957839966
Calibration size: 7600 test size: 400
average infected size: 33.0425
computing proposed method with recall score...
Conformity scores computed. shape of test:(400, 774)
coverage: [1.    1.    1.    1.    0.895]
set size: [774.     774.     774.     774.      32.9075]
time cost: 1.8910329341888428
computing proposed method with precision score...
Conformity scores computed. shape of test:(400, 774)
coverage: [0.7175 0.67   0.5975 0.485  0.43  ]
set size: [29.27   27.0325 24.005  20.04   17.2625]
time cost: 1.570528268814087
finished repeatition: 41 time cost: 4.183514833450317
Calibration size: 7600 test size: 400
average infected size: 33.0425
computing proposed method with recall score...
Conformity scores computed. shape of test:(400, 774)
coverage: [1.     1.     1.     1.     0.8875]
set size: [774.     774.     774.     774.      32.1475]
time cost: 1.886183738708496
computing proposed method with precision score...
Conformity scores computed. shape of test:(400, 774)
coverage: [0.735  0.67   0.5975 0.5125 0.4525]
set size: [29.0075 26.53   23.5625 20.15   17.42  ]
time cost: 1.5658395290374756
finished repeatition: 42 time cost: 4.233179330825806
Calibration size: 7600 test size: 400
average infected size: 33.0425
computing proposed method with recall score...
Conformity scores computed. shape of test:(400, 774)
coverage: [1.    1.    1.    1.    0.865]
set size: [774.     774.     774.     774.      33.8925]
time cost: 1.8882324695587158
computing proposed method with precision score...
Conformity scores computed. shape of test:(400, 774)
coverage: [0.71   0.64   0.5875 0.495  0.4175]
set size: [29.575  26.9125 23.985  20.2575 17.4425]
time cost: 1.74611234664917
finished repeatition: 43 time cost: 4.395517826080322
Calibration size: 7600 test size: 400
average infected size: 33.0425
computing proposed method with recall score...
Conformity scores computed. shape of test:(400, 774)
coverage: [1.    1.    1.    1.    0.895]
set size: [774.   774.   774.   774.    32.58]
time cost: 1.8830029964447021
computing proposed method with precision score...
Conformity scores computed. shape of test:(400, 774)
coverage: [0.715  0.6425 0.5875 0.485  0.405 ]
set size: [28.71  26.175 23.37  19.565 16.91 ]
time cost: 1.5479090213775635
finished repeatition: 44 time cost: 4.188583612442017
Calibration size: 7600 test size: 400
average infected size: 33.0425
computing proposed method with recall score...
Conformity scores computed. shape of test:(400, 774)
coverage: [1.     1.     1.     1.     0.8975]
set size: [774.   774.   774.   774.    32.06]
time cost: 1.855924367904663
computing proposed method with precision score...
Conformity scores computed. shape of test:(400, 774)
coverage: [0.735  0.6725 0.6125 0.535  0.475 ]
set size: [28.365  25.9375 23.4725 19.5625 16.8575]
time cost: 1.521977424621582
finished repeatition: 45 time cost: 4.105850458145142
Calibration size: 7600 test size: 400
average infected size: 33.0425
computing proposed method with recall score...
Conformity scores computed. shape of test:(400, 774)
coverage: [1.     1.     1.     1.     0.8625]
set size: [774.    774.    774.    774.     33.535]
time cost: 1.8521435260772705
computing proposed method with precision score...
Conformity scores computed. shape of test:(400, 774)
coverage: [0.71  0.64  0.575 0.485 0.44 ]
set size: [29.29   26.76   23.9425 20.0525 17.3   ]
time cost: 1.5477783679962158
finished repeatition: 46 time cost: 4.143733501434326
Calibration size: 7600 test size: 400
average infected size: 33.0425
computing proposed method with recall score...
Conformity scores computed. shape of test:(400, 774)
coverage: [1.     1.     1.     1.     0.8925]
set size: [774.     774.     774.     774.      31.4025]
time cost: 1.843315839767456
computing proposed method with precision score...
Conformity scores computed. shape of test:(400, 774)
coverage: [0.7275 0.6575 0.6075 0.5225 0.465 ]
set size: [27.4575 25.3075 22.7125 19.0575 16.4075]
time cost: 1.5292654037475586
finished repeatition: 47 time cost: 4.11989164352417
Calibration size: 7600 test size: 400
average infected size: 33.0425
computing proposed method with recall score...
Conformity scores computed. shape of test:(400, 774)
coverage: [1.    1.    1.    1.    0.865]
set size: [774.     774.     774.     774.      32.3975]
time cost: 1.8438024520874023
computing proposed method with precision score...
Conformity scores computed. shape of test:(400, 774)
coverage: [0.76  0.69  0.62  0.53  0.445]
set size: [30.03   27.755  24.965  21.0775 18.2   ]
time cost: 1.523169755935669
finished repeatition: 48 time cost: 4.123044967651367
Calibration size: 7600 test size: 400
average infected size: 33.0425
computing proposed method with recall score...
Conformity scores computed. shape of test:(400, 774)
coverage: [1.     1.     1.     1.     0.8775]
set size: [774.   774.   774.   774.    33.56]
time cost: 1.834472894668579
computing proposed method with precision score...
Conformity scores computed. shape of test:(400, 774)
coverage: [0.72   0.6625 0.585  0.5    0.4475]
set size: [30.2175 27.96   24.975  21.2675 18.29  ]
time cost: 1.5227861404418945
finished repeatition: 49 time cost: 4.097790002822876

Coverage Results:
Method    α=0.05         α=0.07         α=0.10         α=0.15         α=0.20         
-------------------------------------------------------------------------------------
set_recall1.000 ± 0.000  1.000 ± 0.000  1.000 ± 0.000  1.000 ± 0.000  0.884 ± 0.013  
set_prec  0.732 ± 0.019  0.664 ± 0.017  0.595 ± 0.020  0.498 ± 0.020  0.433 ± 0.021  

Set Size Results:
Method    α=0.05         α=0.07         α=0.10         α=0.15         α=0.20         
-------------------------------------------------------------------------------------
set_recall774.000 ± 0.000774.000 ± 0.000774.000 ± 0.000774.000 ± 0.00032.793 ± 0.774 
set_prec  29.161 ± 0.745 26.780 ± 0.687 23.966 ± 0.646 20.142 ± 0.578 17.335 ± 0.515 

Time Cost Results:
Method    α=0.05         α=0.07         α=0.10         α=0.15         α=0.20         
-------------------------------------------------------------------------------------
set_recall1.880 ± 0.014  1.880 ± 0.014  1.880 ± 0.014  1.880 ± 0.014  1.880 ± 0.014  
set_prec  1.577 ± 0.050  1.577 ± 0.050  1.577 ± 0.050  1.577 ± 0.050  1.577 ± 0.050  
finished.
