2025-09-01 00:01:22.645520: I tensorflow/stream_executor/platform/default/dso_loader.cc:48] Successfully opened dynamic library libcudart.so.10.1
Number of nodes: 774
Number of edges: 7992
Calibration size: 7600 test size: 400
average infected size: 33.0425
coverage: [0.91 0.89 0.85 0.81 0.76]
set size: [33.2675 32.815  32.1975 31.2825 30.365 ]
time cost: 1.4243416786193848
computing proposed method with precision score...
Conformity scores computed. shape of test:(400, 774)
coverage: [1.     0.9875 0.98   0.945  0.915 ]
set size: [48.52   46.8925 44.9275 42.0075 39.4325]
time cost: 1.5677125453948975
finished repeatition: 0 time cost: 2.003321886062622
Calibration size: 7600 test size: 400
average infected size: 33.0425
coverage: [0.955 0.935 0.9   0.845 0.79 ]
set size: [34.1    33.58   32.925  31.8725 30.9275]
time cost: 1.4121489524841309
computing proposed method with precision score...
Conformity scores computed. shape of test:(400, 774)
coverage: [0.985  0.975  0.965  0.945  0.9175]
set size: [49.84   48.2125 46.1675 43.0975 40.49  ]
time cost: 1.5912768840789795
finished repeatition: 1 time cost: 2.0192909240722656
Calibration size: 7600 test size: 400
average infected size: 33.0425
coverage: [0.9275 0.9125 0.8725 0.82   0.77  ]
set size: [35.8    35.2825 34.5575 33.5525 32.47  ]
time cost: 1.4248578548431396
computing proposed method with precision score...
Conformity scores computed. shape of test:(400, 774)
coverage: [0.99   0.9825 0.97   0.9375 0.9075]
set size: [51.2225 49.4375 47.2075 44.2475 41.4975]
time cost: 1.596930742263794
finished repeatition: 2 time cost: 2.0278825759887695
Calibration size: 7600 test size: 400
average infected size: 33.0425
coverage: [0.94   0.9275 0.8825 0.835  0.795 ]
set size: [34.0075 33.4825 32.7675 31.8025 30.825 ]
time cost: 1.4141013622283936
computing proposed method with precision score...
Conformity scores computed. shape of test:(400, 774)
coverage: [0.99   0.98   0.9675 0.9425 0.9125]
set size: [48.525  46.8575 44.735  41.8875 39.3325]
time cost: 1.592360258102417
finished repeatition: 3 time cost: 2.0207417011260986
Calibration size: 7600 test size: 400
average infected size: 33.0425
coverage: [1.     0.9075 0.885  0.825  0.785 ]
set size: [774.      33.2525  32.6375  31.5925  30.6225]
time cost: 1.558680772781372
computing proposed method with precision score...
Conformity scores computed. shape of test:(400, 774)
coverage: [0.99   0.9775 0.97   0.9375 0.9225]
set size: [48.4175 46.735  44.8975 41.905  39.31  ]
time cost: 1.585742473602295
finished repeatition: 4 time cost: 2.016035556793213
Calibration size: 7600 test size: 400
average infected size: 33.0425
coverage: [0.9275 0.915  0.8775 0.815  0.775 ]
set size: [33.525  33.0975 32.46   31.5425 30.5475]
time cost: 1.421811580657959
computing proposed method with precision score...
Conformity scores computed. shape of test:(400, 774)
coverage: [0.99   0.9775 0.9625 0.935  0.905 ]
set size: [48.045  46.28   44.275  41.1675 38.61  ]
time cost: 1.5984306335449219
finished repeatition: 5 time cost: 2.0307817459106445
Calibration size: 7600 test size: 400
average infected size: 33.0425
coverage: [0.9325 0.9125 0.8675 0.8175 0.7825]
set size: [34.97   34.42   33.79   32.8075 31.785 ]
time cost: 1.4384615421295166
computing proposed method with precision score...
Conformity scores computed. shape of test:(400, 774)
coverage: [0.98   0.97   0.9575 0.93   0.9025]
set size: [49.1775 47.495  45.455  42.4975 39.78  ]
time cost: 1.6003365516662598
finished repeatition: 6 time cost: 2.0294792652130127
Calibration size: 7600 test size: 400
average infected size: 33.0425
coverage: [0.925  0.9075 0.875  0.8125 0.765 ]
set size: [33.5275 33.035  32.385  31.4175 30.4425]
time cost: 1.5835542678833008
computing proposed method with precision score...
Conformity scores computed. shape of test:(400, 774)
coverage: [0.99   0.98   0.975  0.9575 0.9325]
set size: [49.3225 47.5225 45.6975 42.85   40.35  ]
time cost: 1.5911095142364502
finished repeatition: 7 time cost: 2.0213592052459717
Calibration size: 7600 test size: 400
average infected size: 33.0425
coverage: [0.9225 0.8975 0.86   0.7925 0.74  ]
set size: [33.2375 32.765  32.18   31.16   30.22  ]
time cost: 1.5946154594421387
computing proposed method with precision score...
Conformity scores computed. shape of test:(400, 774)
coverage: [0.9925 0.9825 0.975  0.935  0.91  ]
set size: [48.1825 46.5625 44.405  41.495  38.7325]
time cost: 1.5930962562561035
finished repeatition: 8 time cost: 2.022540807723999
Calibration size: 7600 test size: 400
average infected size: 33.0425
coverage: [0.9175 0.9075 0.8575 0.805  0.775 ]
set size: [34.23   33.695  33.0625 32.0475 31.0875]
time cost: 1.5999019145965576
computing proposed method with precision score...
Conformity scores computed. shape of test:(400, 774)
coverage: [0.985  0.975  0.9675 0.9425 0.9125]
set size: [49.2125 47.33   45.3925 42.3475 39.6   ]
time cost: 1.5944983959197998
finished repeatition: 9 time cost: 2.022886037826538
Calibration size: 7600 test size: 400
average infected size: 33.0425
coverage: [0.915  0.8925 0.8575 0.7975 0.7525]
set size: [34.8675 34.285  33.5975 32.55   31.57  ]
time cost: 1.5927693843841553
computing proposed method with precision score...
Conformity scores computed. shape of test:(400, 774)
coverage: [0.99   0.98   0.9775 0.935  0.905 ]
set size: [50.0925 48.2525 46.0975 43.0475 40.305 ]
time cost: 1.5720934867858887
finished repeatition: 10 time cost: 2.0002901554107666
Calibration size: 7600 test size: 400
average infected size: 33.0425
coverage: [0.92   0.9025 0.8775 0.81   0.765 ]
set size: [33.0275 32.545  31.955  31.0325 30.12  ]
time cost: 1.5953164100646973
computing proposed method with precision score...
Conformity scores computed. shape of test:(400, 774)
coverage: [0.9975 0.985  0.9825 0.955  0.9225]
set size: [48.49   46.96   45.08   42.2175 39.2775]
time cost: 1.5702259540557861
finished repeatition: 11 time cost: 1.9990737438201904
Calibration size: 7600 test size: 400
average infected size: 33.0425
coverage: [0.9475 0.9325 0.8975 0.82   0.775 ]
set size: [34.3725 33.8675 33.195  32.1125 31.205 ]
time cost: 1.5731260776519775
computing proposed method with precision score...
Conformity scores computed. shape of test:(400, 774)
coverage: [0.975  0.965  0.955  0.935  0.8975]
set size: [48.695  47.0525 45.1825 42.42   39.53  ]
time cost: 1.5901405811309814
finished repeatition: 12 time cost: 2.0176055431365967
Calibration size: 7600 test size: 400
average infected size: 33.0425
coverage: [0.93   0.9125 0.875  0.82   0.7675]
set size: [33.12   32.6775 32.03   31.0625 30.1175]
time cost: 1.5883986949920654
computing proposed method with precision score...
Conformity scores computed. shape of test:(400, 774)
coverage: [0.985  0.965  0.955  0.935  0.9125]
set size: [47.85   46.1325 44.0275 41.255  38.7025]
time cost: 1.5842018127441406
finished repeatition: 13 time cost: 2.014927387237549
Calibration size: 7600 test size: 400
average infected size: 33.0425
coverage: [0.935 0.93  0.88  0.825 0.77 ]
set size: [33.7775 33.1775 32.4725 31.475  30.5175]
time cost: 1.5836889743804932
computing proposed method with precision score...
Conformity scores computed. shape of test:(400, 774)
coverage: [0.995  0.9825 0.9725 0.9475 0.9225]
set size: [48.4775 46.5575 44.55   41.7725 39.285 ]
time cost: 1.5862078666687012
finished repeatition: 14 time cost: 2.015800952911377
Calibration size: 7600 test size: 400
average infected size: 33.0425
coverage: [0.9275 0.9125 0.8725 0.8    0.7625]
set size: [33.21   32.7475 32.0975 31.1    30.1725]
time cost: 1.425631046295166
computing proposed method with precision score...
Conformity scores computed. shape of test:(400, 774)
coverage: [0.985  0.98   0.9675 0.9425 0.9225]
set size: [48.0375 46.225  44.1225 41.3275 38.73  ]
time cost: 1.5906929969787598
finished repeatition: 15 time cost: 2.019745111465454
Calibration size: 7600 test size: 400
average infected size: 33.0425
coverage: [0.91   0.89   0.845  0.7975 0.7425]
set size: [33.025  32.5525 31.8925 30.9775 30.01  ]
time cost: 1.4200961589813232
computing proposed method with precision score...
Conformity scores computed. shape of test:(400, 774)
coverage: [0.985  0.97   0.965  0.945  0.9225]
set size: [47.9425 46.2    44.325  41.4375 39.0025]
time cost: 1.5816528797149658
finished repeatition: 16 time cost: 2.0116090774536133
Calibration size: 7600 test size: 400
average infected size: 33.0425
coverage: [1.     0.94   0.905  0.845  0.7925]
set size: [774.      35.2275  34.505   33.43    32.4625]
time cost: 1.5529758930206299
computing proposed method with precision score...
Conformity scores computed. shape of test:(400, 774)
coverage: [0.975  0.9675 0.955  0.9325 0.905 ]
set size: [50.395  48.73   46.6475 43.7875 41.1125]
time cost: 1.5853309631347656
finished repeatition: 17 time cost: 2.016061782836914
Calibration size: 7600 test size: 400
average infected size: 33.0425
coverage: [0.935  0.9225 0.8825 0.8425 0.7975]
set size: [33.8925 33.3525 32.6825 31.62   30.6775]
time cost: 1.4083666801452637
computing proposed method with precision score...
Conformity scores computed. shape of test:(400, 774)
coverage: [0.985  0.9775 0.96   0.935  0.91  ]
set size: [48.465  46.62   44.6375 41.7375 39.11  ]
time cost: 1.580082654953003
finished repeatition: 18 time cost: 2.0084950923919678
Calibration size: 7600 test size: 400
average infected size: 33.0425
coverage: [0.925  0.9075 0.865  0.8    0.7625]
set size: [34.5075 33.995  33.365  32.3875 31.4375]
time cost: 1.4138989448547363
computing proposed method with precision score...
Conformity scores computed. shape of test:(400, 774)
coverage: [0.9825 0.975  0.9725 0.95   0.915 ]
set size: [49.27   47.705  45.74   42.805  39.9275]
time cost: 1.5842599868774414
finished repeatition: 19 time cost: 2.012929916381836
Calibration size: 7600 test size: 400
average infected size: 33.0425
coverage: [0.9275 0.9075 0.8625 0.795  0.765 ]
set size: [33.67   33.08   32.435  31.43   30.4375]
time cost: 1.4061720371246338
computing proposed method with precision score...
Conformity scores computed. shape of test:(400, 774)
coverage: [0.9925 0.98   0.9675 0.9475 0.925 ]
set size: [48.71   46.9625 45.0125 42.1225 39.58  ]
time cost: 1.5936555862426758
finished repeatition: 20 time cost: 2.025764226913452
Calibration size: 7600 test size: 400
average infected size: 33.0425
coverage: [0.94   0.92   0.8975 0.83   0.8075]
set size: [35.1275 34.5825 33.905  32.8975 31.89  ]
time cost: 1.40999436378479
computing proposed method with precision score...
Conformity scores computed. shape of test:(400, 774)
coverage: [0.9925 0.985  0.9775 0.9475 0.915 ]
set size: [50.0075 48.2425 46.1675 43.2625 40.3625]
time cost: 1.585707187652588
finished repeatition: 21 time cost: 2.0152511596679688
Calibration size: 7600 test size: 400
average infected size: 33.0425
coverage: [0.9225 0.9125 0.8775 0.8125 0.7625]
set size: [33.175  32.7325 32.085  31.0975 30.1475]
time cost: 1.4156718254089355
computing proposed method with precision score...
Conformity scores computed. shape of test:(400, 774)
coverage: [0.9925 0.985  0.975  0.9525 0.9275]
set size: [48.405  46.685  44.6525 41.8925 39.205 ]
time cost: 1.5931472778320312
finished repeatition: 22 time cost: 2.0244767665863037
Calibration size: 7600 test size: 400
average infected size: 33.0425
coverage: [0.9275 0.9125 0.8625 0.8    0.75  ]
set size: [34.185  33.675  33.015  32.0225 31.0025]
time cost: 1.4135749340057373
computing proposed method with precision score...
Conformity scores computed. shape of test:(400, 774)
coverage: [0.9925 0.98   0.9725 0.9425 0.9125]
set size: [48.82   47.2025 45.3625 42.42   39.81  ]
time cost: 1.5917637348175049
finished repeatition: 23 time cost: 2.023625373840332
Calibration size: 7600 test size: 400
average infected size: 33.0425
coverage: [0.945  0.9275 0.8775 0.8225 0.775 ]
set size: [33.41   32.8275 32.1575 31.2275 30.2225]
time cost: 1.4047911167144775
computing proposed method with precision score...
Conformity scores computed. shape of test:(400, 774)
coverage: [0.985  0.98   0.97   0.94   0.9175]
set size: [47.9425 46.2    44.2075 41.385  38.9   ]
time cost: 1.582435131072998
finished repeatition: 24 time cost: 2.011660099029541
Calibration size: 7600 test size: 400
average infected size: 33.0425
coverage: [0.94   0.9325 0.8925 0.845  0.7975]
set size: [35.0325 34.5575 33.7875 32.735  31.7925]
time cost: 1.4264295101165771
computing proposed method with precision score...
Conformity scores computed. shape of test:(400, 774)
coverage: [0.9875 0.97   0.9625 0.9325 0.905 ]
set size: [49.33   47.7    45.735  42.6825 39.9175]
time cost: 1.5975241661071777
finished repeatition: 25 time cost: 2.0289852619171143
Calibration size: 7600 test size: 400
average infected size: 33.0425
coverage: [0.9225 0.9075 0.87   0.7925 0.755 ]
set size: [34.21   33.7    33.0325 31.95   30.95  ]
time cost: 1.4242377281188965
computing proposed method with precision score...
Conformity scores computed. shape of test:(400, 774)
coverage: [0.985  0.98   0.9725 0.9425 0.925 ]
set size: [49.58   47.8675 45.9125 43.0125 40.46  ]
time cost: 1.5784127712249756
finished repeatition: 26 time cost: 2.006904125213623
Calibration size: 7600 test size: 400
average infected size: 33.0425
coverage: [0.93   0.9125 0.8725 0.8175 0.775 ]
set size: [32.7875 32.3375 31.715  30.7925 29.895 ]
time cost: 1.4114036560058594
computing proposed method with precision score...
Conformity scores computed. shape of test:(400, 774)
coverage: [0.9875 0.975  0.9725 0.94   0.905 ]
set size: [47.9675 46.3075 44.2375 41.3875 38.59  ]
time cost: 1.5809483528137207
finished repeatition: 27 time cost: 2.0104262828826904
Calibration size: 7600 test size: 400
average infected size: 33.0425
coverage: [0.925  0.92   0.8525 0.805  0.77  ]
set size: [34.8975 34.335  33.5525 32.5675 31.615 ]
time cost: 1.425668478012085
computing proposed method with precision score...
Conformity scores computed. shape of test:(400, 774)
coverage: [0.99   0.98   0.97   0.9375 0.9075]
set size: [49.5125 47.7525 45.635  42.645  39.97  ]
time cost: 1.5826892852783203
finished repeatition: 28 time cost: 2.0088346004486084
Calibration size: 7600 test size: 400
average infected size: 33.0425
coverage: [0.9275 0.91   0.865  0.8025 0.7725]
set size: [34.4975 33.9425 33.3075 32.2525 31.2725]
time cost: 1.4278767108917236
computing proposed method with precision score...
Conformity scores computed. shape of test:(400, 774)
coverage: [0.99   0.98   0.9775 0.95   0.9125]
set size: [49.7825 48.07   46.105  43.025  40.2775]
time cost: 1.5790624618530273
finished repeatition: 29 time cost: 2.0074985027313232
Calibration size: 7600 test size: 400
average infected size: 33.0425
coverage: [0.9175 0.905  0.8725 0.805  0.77  ]
set size: [33.7875 33.2225 32.6    31.615  30.68  ]
time cost: 1.4185142517089844
computing proposed method with precision score...
Conformity scores computed. shape of test:(400, 774)
coverage: [0.995  0.9925 0.985  0.9575 0.9225]
set size: [47.865  46.1025 44.31   41.48   38.685 ]
time cost: 1.5785481929779053
finished repeatition: 30 time cost: 2.0036799907684326
Calibration size: 7600 test size: 400
average infected size: 33.0425
coverage: [0.9175 0.9075 0.875  0.8125 0.775 ]
set size: [33.825  33.3225 32.65   31.58   30.565 ]
time cost: 1.4214649200439453
computing proposed method with precision score...
Conformity scores computed. shape of test:(400, 774)
coverage: [0.99   0.98   0.9625 0.9375 0.9075]
set size: [48.3575 46.6475 44.63   41.8075 39.075 ]
time cost: 1.5839099884033203
finished repeatition: 31 time cost: 2.0095338821411133
Calibration size: 7600 test size: 400
average infected size: 33.0425
coverage: [0.9275 0.9075 0.8775 0.81   0.7575]
set size: [33.055  32.5675 31.9075 30.92   29.99  ]
time cost: 1.4161715507507324
computing proposed method with precision score...
Conformity scores computed. shape of test:(400, 774)
coverage: [0.9875 0.9825 0.975  0.955  0.9225]
set size: [47.7025 46.2375 44.355  41.6875 39.0575]
time cost: 1.5885841846466064
finished repeatition: 32 time cost: 2.018472194671631
Calibration size: 7600 test size: 400
average infected size: 33.0425
coverage: [0.915  0.9    0.8725 0.815  0.7725]
set size: [33.875  33.325  32.6925 31.81   30.8475]
time cost: 1.4199063777923584
computing proposed method with precision score...
Conformity scores computed. shape of test:(400, 774)
coverage: [0.985  0.9775 0.9625 0.94   0.92  ]
set size: [48.2725 46.6075 44.6275 41.7875 39.025 ]
time cost: 1.5799400806427002
finished repeatition: 33 time cost: 2.0065689086914062
Calibration size: 7600 test size: 400
average infected size: 33.0425
coverage: [0.925  0.9075 0.8725 0.8125 0.775 ]
set size: [33.955  33.4325 32.785  31.815  30.88  ]
time cost: 1.4106953144073486
computing proposed method with precision score...
Conformity scores computed. shape of test:(400, 774)
coverage: [0.9875 0.9775 0.9675 0.935  0.915 ]
set size: [48.595  46.8675 44.955  42.0475 39.4675]
time cost: 1.5949487686157227
finished repeatition: 34 time cost: 2.0215282440185547
Calibration size: 7600 test size: 400
average infected size: 33.0425
coverage: [0.9225 0.9075 0.8775 0.8175 0.7875]
set size: [32.9525 32.4675 31.825  30.85   29.9625]
time cost: 1.4150950908660889
computing proposed method with precision score...
Conformity scores computed. shape of test:(400, 774)
coverage: [0.9975 0.995  0.985  0.9525 0.9225]
set size: [47.295  45.765  43.7375 40.9125 38.4425]
time cost: 1.5741760730743408
finished repeatition: 35 time cost: 2.0053060054779053
Calibration size: 7600 test size: 400
average infected size: 33.0425
coverage: [0.8975 0.8925 0.85   0.8075 0.7625]
set size: [33.965  33.4775 32.735  31.7375 30.8125]
time cost: 1.4183461666107178
computing proposed method with precision score...
Conformity scores computed. shape of test:(400, 774)
coverage: [0.985  0.9825 0.975  0.9475 0.925 ]
set size: [48.5375 46.835  44.885  42.0775 39.2675]
time cost: 1.585892915725708
finished repeatition: 36 time cost: 2.0034918785095215
Calibration size: 7600 test size: 400
average infected size: 33.0425
coverage: [0.95   0.9325 0.9    0.83   0.8   ]
set size: [32.8575 32.3475 31.745  30.8    29.91  ]
time cost: 1.4169108867645264
computing proposed method with precision score...
Conformity scores computed. shape of test:(400, 774)
coverage: [0.9925 0.985  0.98   0.9575 0.925 ]
set size: [48.58   46.7225 44.7575 42.0475 39.415 ]
time cost: 1.5940606594085693
finished repeatition: 37 time cost: 2.0232980251312256
Calibration size: 7600 test size: 400
average infected size: 33.0425
coverage: [0.9225 0.905  0.85   0.7975 0.7375]
set size: [35.8475 35.3075 34.595  33.5875 32.5425]
time cost: 1.4287161827087402
computing proposed method with precision score...
Conformity scores computed. shape of test:(400, 774)
coverage: [0.9825 0.9775 0.9675 0.9325 0.9025]
set size: [51.1425 49.3    47.1675 44.13   41.1275]
time cost: 1.582261562347412
finished repeatition: 38 time cost: 2.01116681098938
Calibration size: 7600 test size: 400
average infected size: 33.0425
coverage: [0.92   0.9    0.86   0.8025 0.76  ]
set size: [35.1075 34.5375 33.86   32.8875 31.8625]
time cost: 1.4142038822174072
computing proposed method with precision score...
Conformity scores computed. shape of test:(400, 774)
coverage: [0.985  0.975  0.9675 0.925  0.8925]
set size: [49.14   47.385  45.2575 42.2875 39.6675]
time cost: 1.557176113128662
finished repeatition: 39 time cost: 1.985227346420288
Calibration size: 7600 test size: 400
average infected size: 33.0425
coverage: [0.935  0.9175 0.8725 0.8075 0.7625]
set size: [34.62   34.03   33.3475 32.2975 31.295 ]
time cost: 1.4116992950439453
computing proposed method with precision score...
Conformity scores computed. shape of test:(400, 774)
coverage: [0.995  0.9875 0.9825 0.955  0.9325]
set size: [50.055  48.3525 46.3125 43.1475 40.5275]
time cost: 1.5880587100982666
finished repeatition: 40 time cost: 2.018484354019165
Calibration size: 7600 test size: 400
average infected size: 33.0425
coverage: [0.9375 0.9225 0.8825 0.805  0.775 ]
set size: [34.2375 33.705  33.0475 32.02   30.9925]
time cost: 1.4146173000335693
computing proposed method with precision score...
Conformity scores computed. shape of test:(400, 774)
coverage: [0.9825 0.975  0.97   0.9425 0.915 ]
set size: [48.685  46.97   45.0075 42.0575 39.465 ]
time cost: 1.5838356018066406
finished repeatition: 41 time cost: 2.01601243019104
Calibration size: 7600 test size: 400
average infected size: 33.0425
coverage: [0.935 0.92  0.875 0.82  0.78 ]
set size: [33.22   32.7775 32.12   31.175  30.1825]
time cost: 1.4147768020629883
computing proposed method with precision score...
Conformity scores computed. shape of test:(400, 774)
coverage: [0.99   0.985  0.9775 0.96   0.9275]
set size: [48.26   46.5625 44.7525 41.8475 39.2275]
time cost: 1.58107328414917
finished repeatition: 42 time cost: 2.0078444480895996
Calibration size: 7600 test size: 400
average infected size: 33.0425
coverage: [0.93   0.9125 0.8725 0.8125 0.7825]
set size: [35.2525 34.7225 33.995  32.99   31.9525]
time cost: 1.406099796295166
computing proposed method with precision score...
Conformity scores computed. shape of test:(400, 774)
coverage: [0.985  0.98   0.9725 0.935  0.8875]
set size: [50.28   48.435  46.2275 43.2725 40.33  ]
time cost: 1.5749285221099854
finished repeatition: 43 time cost: 2.0082361698150635
Calibration size: 7600 test size: 400
average infected size: 33.0425
coverage: [0.9175 0.905  0.8675 0.8    0.76  ]
set size: [33.71   33.2425 32.62   31.6325 30.6875]
time cost: 1.391378402709961
computing proposed method with precision score...
Conformity scores computed. shape of test:(400, 774)
coverage: [0.985  0.9725 0.9625 0.925  0.89  ]
set size: [48.0275 46.3375 44.2925 41.31   38.7125]
time cost: 1.5818607807159424
finished repeatition: 44 time cost: 2.0109450817108154
Calibration size: 7600 test size: 400
average infected size: 33.0425
coverage: [0.94   0.93   0.895  0.84   0.8125]
set size: [33.21   32.68   32.0425 31.06   30.2   ]
time cost: 1.423206090927124
computing proposed method with precision score...
Conformity scores computed. shape of test:(400, 774)
coverage: [0.9875 0.98   0.9725 0.95   0.915 ]
set size: [48.055  46.2875 44.3125 41.3425 38.795 ]
time cost: 1.5960090160369873
finished repeatition: 45 time cost: 2.023085832595825
Calibration size: 7600 test size: 400
average infected size: 33.0425
coverage: [0.93   0.91   0.8775 0.8125 0.7725]
set size: [34.9    34.3225 33.6575 32.6525 31.615 ]
time cost: 1.4193141460418701
computing proposed method with precision score...
Conformity scores computed. shape of test:(400, 774)
coverage: [0.9925 0.9875 0.975  0.9475 0.91  ]
set size: [49.705  47.93   45.9825 42.9575 40.1225]
time cost: 1.584615707397461
finished repeatition: 46 time cost: 2.008380651473999
Calibration size: 7600 test size: 400
average infected size: 33.0425
coverage: [0.9225 0.9    0.8725 0.8225 0.78  ]
set size: [32.6025 32.12   31.5125 30.615  29.65  ]
time cost: 1.4147095680236816
computing proposed method with precision score...
Conformity scores computed. shape of test:(400, 774)
coverage: [0.99   0.9825 0.97   0.9325 0.8975]
set size: [46.7875 45.225  43.1075 40.235  37.3275]
time cost: 1.5951900482177734
finished repeatition: 47 time cost: 2.02634859085083
Calibration size: 7600 test size: 400
average infected size: 33.0425
coverage: [0.915  0.89   0.85   0.7825 0.745 ]
set size: [33.605  33.11   32.4825 31.5075 30.575 ]
time cost: 1.4870126247406006
computing proposed method with precision score...
Conformity scores computed. shape of test:(400, 774)
coverage: [0.99   0.9775 0.9725 0.9475 0.9125]
set size: [48.64   46.9625 44.925  42.025  39.435 ]
time cost: 1.6024608612060547
finished repeatition: 48 time cost: 2.027296304702759
Calibration size: 7600 test size: 400
average infected size: 33.0425
coverage: [0.915  0.9025 0.865  0.815  0.76  ]
set size: [34.9475 34.37   33.6825 32.7325 31.76  ]
time cost: 1.4342336654663086
computing proposed method with precision score...
Conformity scores computed. shape of test:(400, 774)
coverage: [0.99   0.98   0.9625 0.9375 0.905 ]
set size: [50.385  48.575  46.295  43.2875 40.4775]
time cost: 1.5801315307617188
finished repeatition: 49 time cost: 2.017069101333618

Coverage Results:
Method    α=0.05         α=0.07         α=0.10         α=0.15         α=0.20         
-------------------------------------------------------------------------------------
set_recall0.930 ± 0.018  0.912 ± 0.012  0.873 ± 0.014  0.814 ± 0.014  0.772 ± 0.016  
set_prec  0.988 ± 0.005  0.979 ± 0.006  0.970 ± 0.007  0.943 ± 0.009  0.913 ± 0.010  

Set Size Results:
Method    α=0.05         α=0.07         α=0.10         α=0.15         α=0.20         
-------------------------------------------------------------------------------------
set_recall63.580 ± 145.01633.494 ± 0.810 32.833 ± 0.784 31.842 ± 0.761 30.875 ± 0.733 
set_prec  48.852 ± 0.941 47.137 ± 0.909 45.130 ± 0.873 42.218 ± 0.823 39.537 ± 0.781 

Time Cost Results:
Method    α=0.05         α=0.07         α=0.10         α=0.15         α=0.20         
-------------------------------------------------------------------------------------
set_recall1.452 ± 0.067  1.452 ± 0.067  1.452 ± 0.067  1.452 ± 0.067  1.452 ± 0.067  
set_prec  1.586 ± 0.009  1.586 ± 0.009  1.586 ± 0.009  1.586 ± 0.009  1.586 ± 0.009  
finished.
