2025-09-01 00:07:40.200457: I tensorflow/stream_executor/platform/default/dso_loader.cc:48] Successfully opened dynamic library libcudart.so.10.1
Number of nodes: 774
Number of edges: 7992
Calibration size: 7600 test size: 400
average infected size: 33.0425
coverage: [0.955  0.9325 0.9125 0.8675 0.8375]
set size: [13.4775 11.8775  9.4     7.305   6.175 ]
time cost: 1.420095682144165
computing proposed method with precision score...
Conformity scores computed. shape of test:(400, 774)
coverage: [0.965  0.9475 0.9175 0.88   0.81  ]
set size: [22.485  19.08   15.185  11.265   8.3725]
time cost: 1.5538501739501953
finished repeatition: 0 time cost: 1.9374339580535889
Calibration size: 7600 test size: 400
average infected size: 33.0425
coverage: [0.96   0.9425 0.905  0.8575 0.82  ]
set size: [13.905  12.55    9.7425  7.68    6.51  ]
time cost: 1.3968281745910645
computing proposed method with precision score...
Conformity scores computed. shape of test:(400, 774)
coverage: [0.96   0.9425 0.9075 0.86   0.795 ]
set size: [23.865  19.6775 16.0525 11.6675  8.9425]
time cost: 1.5378954410552979
finished repeatition: 1 time cost: 1.9161169528961182
Calibration size: 7600 test size: 400
average infected size: 33.0425
coverage: [0.9625 0.94   0.9075 0.8725 0.845 ]
set size: [14.425  12.6225  9.8925  7.825   6.63  ]
time cost: 1.4137070178985596
computing proposed method with precision score...
Conformity scores computed. shape of test:(400, 774)
coverage: [0.955  0.945  0.9125 0.875  0.7875]
set size: [23.545  19.465  15.7425 11.45    8.775 ]
time cost: 1.5461525917053223
finished repeatition: 2 time cost: 1.925126552581787
Calibration size: 7600 test size: 400
average infected size: 33.0425
coverage: [0.96   0.9325 0.895  0.8525 0.8325]
set size: [13.425  11.5475  9.1375  7.3775  6.285 ]
time cost: 1.412114143371582
computing proposed method with precision score...
Conformity scores computed. shape of test:(400, 774)
coverage: [0.9625 0.9425 0.9075 0.865  0.805 ]
set size: [22.1375 18.2975 14.7775 10.8225  8.15  ]
time cost: 1.5469589233398438
finished repeatition: 3 time cost: 1.9251999855041504
Calibration size: 7600 test size: 400
average infected size: 33.0425
coverage: [0.9525 0.9225 0.9025 0.855  0.8275]
set size: [13.225  11.535   9.34    7.39    6.2225]
time cost: 1.4013891220092773
computing proposed method with precision score...
Conformity scores computed. shape of test:(400, 774)
coverage: [0.955  0.9325 0.9025 0.8375 0.78  ]
set size: [23.2125 18.8075 15.42   10.73    8.045 ]
time cost: 1.548417091369629
finished repeatition: 4 time cost: 1.9259514808654785
Calibration size: 7600 test size: 400
average infected size: 33.0425
coverage: [0.9625 0.945  0.9175 0.875  0.84  ]
set size: [13.91   12.1575  9.4875  7.365   6.28  ]
time cost: 1.4047281742095947
computing proposed method with precision score...
Conformity scores computed. shape of test:(400, 774)
coverage: [0.9475 0.935  0.89   0.84   0.765 ]
set size: [21.3325 17.8325 14.4    10.37    7.8625]
time cost: 1.5579380989074707
finished repeatition: 5 time cost: 1.9367222785949707
Calibration size: 7600 test size: 400
average infected size: 33.0425
coverage: [0.9675 0.94   0.905  0.8625 0.83  ]
set size: [14.4625 12.87    9.9775  7.84    6.6075]
time cost: 1.413557767868042
computing proposed method with precision score...
Conformity scores computed. shape of test:(400, 774)
coverage: [0.95   0.935  0.8775 0.835  0.77  ]
set size: [22.1825 18.3175 14.16   10.18    7.7175]
time cost: 1.5581541061401367
finished repeatition: 6 time cost: 1.936492919921875
Calibration size: 7600 test size: 400
average infected size: 33.0425
coverage: [0.9625 0.9275 0.9025 0.855  0.835 ]
set size: [13.3675 11.365   9.3075  7.3725  6.2275]
time cost: 1.3927099704742432
computing proposed method with precision score...
Conformity scores computed. shape of test:(400, 774)
coverage: [0.96   0.9475 0.9175 0.86   0.8   ]
set size: [23.075  19.3925 15.715  11.4925  8.79  ]
time cost: 1.543938398361206
finished repeatition: 7 time cost: 1.9210541248321533
Calibration size: 7600 test size: 400
average infected size: 33.0425
coverage: [0.95   0.9325 0.9    0.86   0.8225]
set size: [13.585  12.195   9.4875  7.495   6.3975]
time cost: 1.3930375576019287
computing proposed method with precision score...
Conformity scores computed. shape of test:(400, 774)
coverage: [0.9475 0.93   0.9025 0.855  0.7975]
set size: [22.895  19.3    14.97   10.8675  8.335 ]
time cost: 1.5642569065093994
finished repeatition: 8 time cost: 1.9416382312774658
Calibration size: 7600 test size: 400
average infected size: 33.0425
coverage: [0.9525 0.9375 0.9225 0.8825 0.8475]
set size: [13.5125 12.205   9.5725  7.47    6.295 ]
time cost: 1.4043631553649902
computing proposed method with precision score...
Conformity scores computed. shape of test:(400, 774)
coverage: [0.965  0.9525 0.91   0.8625 0.795 ]
set size: [22.62   18.6725 14.97   11.06    8.3175]
time cost: 1.5605964660644531
finished repeatition: 9 time cost: 1.9393224716186523
Calibration size: 7600 test size: 400
average infected size: 33.0425
coverage: [0.965  0.95   0.925  0.885  0.8525]
set size: [14.005  12.5825  9.9025  7.7625  6.555 ]
time cost: 1.4160432815551758
computing proposed method with precision score...
Conformity scores computed. shape of test:(400, 774)
coverage: [0.95   0.94   0.9125 0.8675 0.8075]
set size: [23.055  18.7825 15.11   10.895   8.2725]
time cost: 1.5583913326263428
finished repeatition: 10 time cost: 1.9359722137451172
Calibration size: 7600 test size: 400
average infected size: 33.0425
coverage: [0.9525 0.94   0.915  0.8675 0.845 ]
set size: [13.675  12.225   9.5575  7.43    6.295 ]
time cost: 1.413254737854004
computing proposed method with precision score...
Conformity scores computed. shape of test:(400, 774)
coverage: [0.965  0.9525 0.925  0.8725 0.8075]
set size: [22.97   18.9675 15.285  11.1525  8.175 ]
time cost: 1.5500433444976807
finished repeatition: 11 time cost: 1.9289774894714355
Calibration size: 7600 test size: 400
average infected size: 33.0425
coverage: [0.9525 0.9325 0.9175 0.8875 0.86  ]
set size: [13.41   11.8875  9.6375  7.6     6.49  ]
time cost: 1.4079058170318604
computing proposed method with precision score...
Conformity scores computed. shape of test:(400, 774)
coverage: [0.96  0.94  0.915 0.86  0.78 ]
set size: [23.145  18.9525 15.0425 11.0825  8.3125]
time cost: 1.551231861114502
finished repeatition: 12 time cost: 1.9300816059112549
Calibration size: 7600 test size: 400
average infected size: 33.0425
coverage: [0.965  0.9525 0.925  0.875  0.8475]
set size: [13.43   12.065   9.44    7.3875  6.3   ]
time cost: 1.4073946475982666
computing proposed method with precision score...
Conformity scores computed. shape of test:(400, 774)
coverage: [0.9425 0.9325 0.91   0.8525 0.7875]
set size: [21.4525 18.03   14.9225 10.9875  8.4325]
time cost: 1.5659093856811523
finished repeatition: 13 time cost: 1.9439129829406738
Calibration size: 7600 test size: 400
average infected size: 33.0425
coverage: [0.9575 0.9375 0.905  0.87   0.8475]
set size: [13.72   12.17    9.3875  7.3925  6.255 ]
time cost: 1.4060704708099365
computing proposed method with precision score...
Conformity scores computed. shape of test:(400, 774)
coverage: [0.9625 0.9425 0.8975 0.8475 0.775 ]
set size: [21.9575 18.2425 14.76   10.695   8.13  ]
time cost: 1.5579273700714111
finished repeatition: 14 time cost: 1.9379265308380127
Calibration size: 7600 test size: 400
average infected size: 33.0425
coverage: [0.935  0.9075 0.8775 0.825  0.7875]
set size: [13.3425 11.805   9.2275  7.2525  6.1325]
time cost: 1.4065825939178467
computing proposed method with precision score...
Conformity scores computed. shape of test:(400, 774)
coverage: [0.9375 0.9275 0.89   0.8525 0.775 ]
set size: [22.17   18.72   15.1975 11.0475  8.33  ]
time cost: 1.5927670001983643
finished repeatition: 15 time cost: 1.9734721183776855
Calibration size: 7600 test size: 400
average infected size: 33.0425
coverage: [0.9525 0.9275 0.91   0.8625 0.8225]
set size: [13.3075 11.765   9.3     7.3625  6.27  ]
time cost: 1.4205026626586914
computing proposed method with precision score...
Conformity scores computed. shape of test:(400, 774)
coverage: [0.95   0.93   0.895  0.845  0.7825]
set size: [21.96   18.32   14.7625 10.845   8.1375]
time cost: 1.5627338886260986
finished repeatition: 16 time cost: 1.94404935836792
Calibration size: 7600 test size: 400
average infected size: 33.0425
coverage: [0.9725 0.9575 0.93   0.88   0.8475]
set size: [14.6325 13.0225 10.04    7.815   6.66  ]
time cost: 1.4214835166931152
computing proposed method with precision score...
Conformity scores computed. shape of test:(400, 774)
coverage: [0.95   0.9275 0.8975 0.8525 0.795 ]
set size: [22.715  18.79   15.14   11.055   8.6525]
time cost: 1.5543668270111084
finished repeatition: 17 time cost: 1.9352753162384033
Calibration size: 7600 test size: 400
average infected size: 33.0425
coverage: [0.955  0.9325 0.905  0.8625 0.835 ]
set size: [13.715  12.125   9.4375  7.4525  6.315 ]
time cost: 1.4094629287719727
computing proposed method with precision score...
Conformity scores computed. shape of test:(400, 774)
coverage: [0.94  0.93  0.895 0.85  0.785]
set size: [22.33   18.4875 14.9525 11.0175  8.1175]
time cost: 1.561844825744629
finished repeatition: 18 time cost: 1.9417915344238281
Calibration size: 7600 test size: 400
average infected size: 33.0425
coverage: [0.9575 0.9375 0.91   0.88   0.84  ]
set size: [13.95   12.6475 10.0825  7.8125  6.5675]
time cost: 1.416259527206421
computing proposed method with precision score...
Conformity scores computed. shape of test:(400, 774)
coverage: [0.945  0.9375 0.9075 0.8475 0.7875]
set size: [22.2925 18.73   15.235  10.9725  8.195 ]
time cost: 1.54496169090271
finished repeatition: 19 time cost: 1.9241464138031006
Calibration size: 7600 test size: 400
average infected size: 33.0425
coverage: [0.9675 0.9525 0.9275 0.8975 0.8575]
set size: [13.595  12.2375  9.55    7.5225  6.325 ]
time cost: 1.4145336151123047
computing proposed method with precision score...
Conformity scores computed. shape of test:(400, 774)
coverage: [0.975  0.9575 0.915  0.86   0.795 ]
set size: [22.785  18.56   14.495  10.375   7.9025]
time cost: 1.553318738937378
finished repeatition: 20 time cost: 1.9322614669799805
Calibration size: 7600 test size: 400
average infected size: 33.0425
coverage: [0.9625 0.9425 0.9175 0.8725 0.845 ]
set size: [14.0525 12.185   9.8725  7.695   6.6075]
time cost: 1.4022095203399658
computing proposed method with precision score...
Conformity scores computed. shape of test:(400, 774)
coverage: [0.9575 0.945  0.91   0.8525 0.79  ]
set size: [23.165  19.0925 15.2125 11.1725  8.5725]
time cost: 1.5610508918762207
finished repeatition: 21 time cost: 1.9387235641479492
Calibration size: 7600 test size: 400
average infected size: 33.0425
coverage: [0.95   0.935  0.9075 0.865  0.8225]
set size: [13.2675 11.59    9.2825  7.4175  6.2325]
time cost: 1.4170753955841064
computing proposed method with precision score...
Conformity scores computed. shape of test:(400, 774)
coverage: [0.9575 0.94   0.91   0.86   0.7975]
set size: [22.73   19.0125 15.3025 11.1875  8.6475]
time cost: 1.5534968376159668
finished repeatition: 22 time cost: 1.9308838844299316
Calibration size: 7600 test size: 400
average infected size: 33.0425
coverage: [0.955  0.93   0.895  0.865  0.8375]
set size: [13.49   11.6825  9.4175  7.4225  6.2425]
time cost: 1.415907382965088
computing proposed method with precision score...
Conformity scores computed. shape of test:(400, 774)
coverage: [0.965  0.9525 0.9175 0.855  0.7925]
set size: [22.5875 18.3975 14.6    10.5125  8.0925]
time cost: 1.5424342155456543
finished repeatition: 23 time cost: 1.9198112487792969
Calibration size: 7600 test size: 400
average infected size: 33.0425
coverage: [0.945  0.9175 0.8775 0.8325 0.785 ]
set size: [13.29   11.8375  9.36    7.25    6.13  ]
time cost: 1.4138035774230957
computing proposed method with precision score...
Conformity scores computed. shape of test:(400, 774)
coverage: [0.9575 0.94   0.9175 0.8575 0.7925]
set size: [21.845  18.3175 14.9875 10.76    8.005 ]
time cost: 1.5594468116760254
finished repeatition: 24 time cost: 1.9371674060821533
Calibration size: 7600 test size: 400
average infected size: 33.0425
coverage: [0.955  0.9375 0.91   0.8675 0.8275]
set size: [13.805  12.2775  9.6225  7.7175  6.5325]
time cost: 1.4113364219665527
computing proposed method with precision score...
Conformity scores computed. shape of test:(400, 774)
coverage: [0.95   0.9325 0.89   0.8475 0.7775]
set size: [21.945  18.3325 14.7    10.5575  8.1   ]
time cost: 1.5579557418823242
finished repeatition: 25 time cost: 1.9379503726959229
Calibration size: 7600 test size: 400
average infected size: 33.0425
coverage: [0.965  0.95   0.9175 0.8725 0.83  ]
set size: [13.8825 12.4075  9.71    7.64    6.475 ]
time cost: 1.4082136154174805
computing proposed method with precision score...
Conformity scores computed. shape of test:(400, 774)
coverage: [0.96   0.95   0.9125 0.865  0.805 ]
set size: [23.155  19.3375 15.49   11.145   8.585 ]
time cost: 1.5504868030548096
finished repeatition: 26 time cost: 1.928144931793213
Calibration size: 7600 test size: 400
average infected size: 33.0425
coverage: [0.965  0.935  0.9175 0.885  0.8525]
set size: [13.4025 12.005   9.3975  7.415   6.3725]
time cost: 1.4062471389770508
computing proposed method with precision score...
Conformity scores computed. shape of test:(400, 774)
coverage: [0.9425 0.9225 0.8875 0.8425 0.7725]
set size: [22.1125 18.44   14.9525 10.8725  8.22  ]
time cost: 1.5529825687408447
finished repeatition: 27 time cost: 1.9302458763122559
Calibration size: 7600 test size: 400
average infected size: 33.0425
coverage: [0.9625 0.9525 0.9225 0.88   0.84  ]
set size: [13.8775 12.385   9.5825  7.5125  6.385 ]
time cost: 1.4014463424682617
computing proposed method with precision score...
Conformity scores computed. shape of test:(400, 774)
coverage: [0.9525 0.945  0.9075 0.8675 0.7975]
set size: [22.955  18.7225 14.72   10.7275  8.14  ]
time cost: 1.5552732944488525
finished repeatition: 28 time cost: 1.9331369400024414
Calibration size: 7600 test size: 400
average infected size: 33.0425
coverage: [0.96   0.94   0.91   0.8725 0.845 ]
set size: [13.9625 12.4275  9.855   7.7275  6.565 ]
time cost: 1.4024667739868164
computing proposed method with precision score...
Conformity scores computed. shape of test:(400, 774)
coverage: [0.9675 0.9575 0.9375 0.895  0.82  ]
set size: [23.745  20.08   16.22   12.0475  9.09  ]
time cost: 1.5588140487670898
finished repeatition: 29 time cost: 1.9379491806030273
Calibration size: 7600 test size: 400
average infected size: 33.0425
coverage: [0.9425 0.9225 0.89   0.8425 0.8075]
set size: [13.7925 12.3025  9.645   7.46    6.3275]
time cost: 1.4084088802337646
computing proposed method with precision score...
Conformity scores computed. shape of test:(400, 774)
coverage: [0.9525 0.9425 0.9    0.855  0.79  ]
set size: [21.4775 17.745  14.08   10.435   7.85  ]
time cost: 1.563209056854248
finished repeatition: 30 time cost: 1.9490153789520264
Calibration size: 7600 test size: 400
average infected size: 33.0425
coverage: [0.97   0.945  0.915  0.8775 0.8475]
set size: [13.715  12.2375  9.4625  7.415   6.27  ]
time cost: 1.4117069244384766
computing proposed method with precision score...
Conformity scores computed. shape of test:(400, 774)
coverage: [0.9575 0.9425 0.9    0.8575 0.7925]
set size: [22.1475 18.5325 14.6725 10.7375  8.065 ]
time cost: 1.5514376163482666
finished repeatition: 31 time cost: 1.9296612739562988
Calibration size: 7600 test size: 400
average infected size: 33.0425
coverage: [0.96   0.935  0.9025 0.8425 0.8075]
set size: [13.4575 12.0425  9.305   7.26    6.17  ]
time cost: 1.4074840545654297
computing proposed method with precision score...
Conformity scores computed. shape of test:(400, 774)
coverage: [0.965  0.95   0.9075 0.8675 0.8075]
set size: [22.715  18.9375 14.975  10.7025  8.0825]
time cost: 1.5713789463043213
finished repeatition: 32 time cost: 1.950371503829956
Calibration size: 7600 test size: 400
average infected size: 33.0425
coverage: [0.9475 0.9225 0.9    0.8575 0.8325]
set size: [13.4675 11.89    9.565   7.5225  6.45  ]
time cost: 1.41035795211792
computing proposed method with precision score...
Conformity scores computed. shape of test:(400, 774)
coverage: [0.955  0.935  0.8975 0.8325 0.77  ]
set size: [21.585  17.7325 14.345  10.37    7.8225]
time cost: 1.5620853900909424
finished repeatition: 33 time cost: 1.9409081935882568
Calibration size: 7600 test size: 400
average infected size: 33.0425
coverage: [0.955  0.935  0.9075 0.875  0.8475]
set size: [13.615 12.35   9.74   7.585  6.42 ]
time cost: 1.4136195182800293
computing proposed method with precision score...
Conformity scores computed. shape of test:(400, 774)
coverage: [0.96   0.945  0.905  0.8575 0.7775]
set size: [22.075  18.0275 14.8275 10.8525  8.105 ]
time cost: 1.569258213043213
finished repeatition: 34 time cost: 1.9473178386688232
Calibration size: 7600 test size: 400
average infected size: 33.0425
coverage: [0.955  0.935  0.9125 0.87   0.835 ]
set size: [12.8175 11.0325  8.885   7.035   6.01  ]
time cost: 1.4172494411468506
computing proposed method with precision score...
Conformity scores computed. shape of test:(400, 774)
coverage: [0.9575 0.9425 0.905  0.8475 0.7675]
set size: [21.135  17.6575 13.8875 10.205   7.7475]
time cost: 1.5625360012054443
finished repeatition: 35 time cost: 1.9387578964233398
Calibration size: 7600 test size: 400
average infected size: 33.0425
coverage: [0.965  0.95   0.915  0.8825 0.85  ]
set size: [13.9025 12.375   9.675   7.42    6.2575]
time cost: 1.408588171005249
computing proposed method with precision score...
Conformity scores computed. shape of test:(400, 774)
coverage: [0.9675 0.96   0.9125 0.8775 0.8175]
set size: [22.4775 18.55   14.3    10.6175  8.    ]
time cost: 1.5509209632873535
finished repeatition: 36 time cost: 1.9309909343719482
Calibration size: 7600 test size: 400
average infected size: 33.0425
coverage: [0.9725 0.955  0.93   0.8825 0.8475]
set size: [13.195  11.7875  9.2525  7.2325  6.165 ]
time cost: 1.4093906879425049
computing proposed method with precision score...
Conformity scores computed. shape of test:(400, 774)
coverage: [0.9525 0.9325 0.89   0.8475 0.775 ]
set size: [22.38   18.5775 14.9325 10.8975  8.2675]
time cost: 1.7421584129333496
finished repeatition: 37 time cost: 2.159303665161133
Calibration size: 7600 test size: 400
average infected size: 33.0425
coverage: [0.965  0.935  0.905  0.8575 0.835 ]
set size: [14.2675 12.6375 10.0375  7.8875  6.7075]
time cost: 1.4115374088287354
computing proposed method with precision score...
Conformity scores computed. shape of test:(400, 774)
coverage: [0.95   0.925  0.8875 0.8525 0.7925]
set size: [22.7825 19.1925 15.1425 11.1525  8.3575]
time cost: 1.55867600440979
finished repeatition: 38 time cost: 1.9442081451416016
Calibration size: 7600 test size: 400
average infected size: 33.0425
coverage: [0.97   0.9425 0.915  0.8625 0.815 ]
set size: [13.8075 12.15    9.7225  7.6025  6.39  ]
time cost: 1.4063770771026611
computing proposed method with precision score...
Conformity scores computed. shape of test:(400, 774)
coverage: [0.9475 0.925  0.8775 0.835  0.7625]
set size: [21.3825 17.625  13.775  10.1425  7.71  ]
time cost: 1.5573537349700928
finished repeatition: 39 time cost: 1.9376490116119385
Calibration size: 7600 test size: 400
average infected size: 33.0425
coverage: [0.97   0.945  0.9225 0.875  0.8475]
set size: [13.52   11.565   9.4225  7.4275  6.31  ]
time cost: 1.4243242740631104
computing proposed method with precision score...
Conformity scores computed. shape of test:(400, 774)
coverage: [0.975  0.955  0.9325 0.885  0.8225]
set size: [22.9475 19.13   15.62   11.255   8.64  ]
time cost: 1.5554313659667969
finished repeatition: 40 time cost: 1.9354395866394043
Calibration size: 7600 test size: 400
average infected size: 33.0425
coverage: [0.955  0.93   0.9075 0.85   0.8175]
set size: [13.67   12.2075  9.57    7.4725  6.35  ]
time cost: 1.4197912216186523
computing proposed method with precision score...
Conformity scores computed. shape of test:(400, 774)
coverage: [0.9625 0.935  0.8975 0.86   0.775 ]
set size: [23.42   18.7375 15.05   11.27    8.3475]
time cost: 1.5660021305084229
finished repeatition: 41 time cost: 1.9459636211395264
Calibration size: 7600 test size: 400
average infected size: 33.0425
coverage: [0.95   0.925  0.895  0.8675 0.8375]
set size: [13.31   11.7625  9.4275  7.4425  6.2875]
time cost: 1.4024739265441895
computing proposed method with precision score...
Conformity scores computed. shape of test:(400, 774)
coverage: [0.9575 0.95   0.9125 0.8675 0.8175]
set size: [22.7275 18.75   14.9375 10.9925  8.6325]
time cost: 1.540893793106079
finished repeatition: 42 time cost: 1.9209980964660645
Calibration size: 7600 test size: 400
average infected size: 33.0425
coverage: [0.975  0.9575 0.935  0.895  0.8625]
set size: [14.1825 12.4575  9.8375  7.7325  6.565 ]
time cost: 1.404268503189087
computing proposed method with precision score...
Conformity scores computed. shape of test:(400, 774)
coverage: [0.9525 0.935  0.895  0.86   0.8   ]
set size: [22.985  19.035  15.3275 11.315   8.61  ]
time cost: 1.5493507385253906
finished repeatition: 43 time cost: 1.9307646751403809
Calibration size: 7600 test size: 400
average infected size: 33.0425
coverage: [0.96   0.9325 0.91   0.875  0.83  ]
set size: [13.3925 11.4525  9.2725  7.4425  6.355 ]
time cost: 1.4033184051513672
computing proposed method with precision score...
Conformity scores computed. shape of test:(400, 774)
coverage: [0.95   0.9275 0.895  0.8425 0.7825]
set size: [22.235  18.375  14.8525 10.78    8.21  ]
time cost: 1.751387357711792
finished repeatition: 44 time cost: 2.146761655807495
Calibration size: 7600 test size: 400
average infected size: 33.0425
coverage: [0.955  0.9325 0.9025 0.87   0.84  ]
set size: [13.42   11.6825  9.36    7.365   6.2725]
time cost: 1.4099905490875244
computing proposed method with precision score...
Conformity scores computed. shape of test:(400, 774)
coverage: [0.9525 0.9375 0.915  0.8675 0.795 ]
set size: [21.7025 18.46   14.96   10.9075  8.3125]
time cost: 1.5678863525390625
finished repeatition: 45 time cost: 1.9689116477966309
Calibration size: 7600 test size: 400
average infected size: 33.0425
coverage: [0.9525 0.94   0.9075 0.8575 0.8275]
set size: [13.9075 12.6     9.92    7.7525  6.5625]
time cost: 1.4108710289001465
computing proposed method with precision score...
Conformity scores computed. shape of test:(400, 774)
coverage: [0.96   0.9375 0.9075 0.8575 0.79  ]
set size: [23.1025 18.895  15.1175 11.4025  8.57  ]
time cost: 1.5448739528656006
finished repeatition: 46 time cost: 1.9247894287109375
Calibration size: 7600 test size: 400
average infected size: 33.0425
coverage: [0.95   0.9325 0.9075 0.855  0.82  ]
set size: [12.9725 11.5825  9.175   7.2675  6.1775]
time cost: 1.4203784465789795
computing proposed method with precision score...
Conformity scores computed. shape of test:(400, 774)
coverage: [0.945  0.925  0.88   0.8325 0.765 ]
set size: [21.1475 17.715  13.87   10.1125  7.755 ]
time cost: 1.5632734298706055
finished repeatition: 47 time cost: 1.944000482559204
Calibration size: 7600 test size: 400
average infected size: 33.0425
coverage: [0.9725 0.96   0.935  0.8925 0.845 ]
set size: [13.555  12.0425  9.4575  7.54    6.365 ]
time cost: 1.3977539539337158
computing proposed method with precision score...
Conformity scores computed. shape of test:(400, 774)
coverage: [0.9625 0.9475 0.9125 0.8725 0.8075]
set size: [23.145  19.1475 15.11   11.13    8.5425]
time cost: 1.5655460357666016
finished repeatition: 48 time cost: 1.945957899093628
Calibration size: 7600 test size: 400
average infected size: 33.0425
coverage: [0.97   0.9425 0.9125 0.8525 0.835 ]
set size: [13.9425 12.315   9.65    7.64    6.4825]
time cost: 1.3970799446105957
computing proposed method with precision score...
Conformity scores computed. shape of test:(400, 774)
coverage: [0.96   0.9425 0.925  0.8925 0.805 ]
set size: [24.175  19.9025 15.9475 11.58    8.675 ]
time cost: 1.5585429668426514
finished repeatition: 49 time cost: 1.9402427673339844

Coverage Results:
Method    α=0.05         α=0.07         α=0.10         α=0.15         α=0.20         
-------------------------------------------------------------------------------------
set_recall0.959 ± 0.008  0.938 ± 0.011  0.910 ± 0.012  0.868 ± 0.015  0.835 ± 0.016  
set_prec  0.956 ± 0.008  0.940 ± 0.009  0.905 ± 0.013  0.858 ± 0.014  0.791 ± 0.015  

Set Size Results:
Method    α=0.05         α=0.07         α=0.10         α=0.15         α=0.20         
-------------------------------------------------------------------------------------
set_recall13.660 ± 0.364 12.095 ± 0.407 9.548 ± 0.259  7.504 ± 0.186  6.365 ± 0.158  
set_prec  22.523 ± 0.706 18.678 ± 0.559 14.964 ± 0.522 10.917 ± 0.404 8.274 ± 0.323  

Time Cost Results:
Method    α=0.05         α=0.07         α=0.10         α=0.15         α=0.20         
-------------------------------------------------------------------------------------
set_recall1.409 ± 0.007  1.409 ± 0.007  1.409 ± 0.007  1.409 ± 0.007  1.409 ± 0.007  
set_prec  1.564 ± 0.038  1.564 ± 0.038  1.564 ± 0.038  1.564 ± 0.038  1.564 ± 0.038  
finished.
