2025-07-19 13:31:04.113291: I tensorflow/stream_executor/platform/default/dso_loader.cc:48] Successfully opened dynamic library libcudart.so.10.1
Number of nodes: 403
Number of edges: 9565
Number of samples: 8000 Calibration size: 7600 test size: 400
average infected size: 42.7225
computing proposed method with recall score...
Conformity scores computed. shape of test:(400, 403)
coverage: [0.9375 0.915  0.87   0.8175 0.77  ]
set size: [34.385  32.6875 30.3875 27.6575 25.765 ]
time cost: 1.4104301929473877
computing proposed method with precision score...
Conformity scores computed. shape of test:(400, 403)
coverage: [0.955  0.935  0.9125 0.85   0.82  ]
set size: [43.6925 40.9325 37.6375 33.2825 30.245 ]
time cost: 1.516446590423584
computing ArbiTree-CQC...
coverage: [1.     0.9925 0.9875 0.98   0.9525]
set size: [400.9175 396.815  395.11   389.7425 376.34  ]
time cost: 46.65858030319214
finished repeatition: 0 time cost: 49.59609365463257
Number of samples: 8000 Calibration size: 7600 test size: 400
average infected size: 41.695
computing proposed method with recall score...
Conformity scores computed. shape of test:(400, 403)
coverage: [0.96   0.95   0.925  0.875  0.8375]
set size: [33.635  32.01   29.7725 27.06   25.185 ]
time cost: 1.6175360679626465
computing proposed method with precision score...
Conformity scores computed. shape of test:(400, 403)
coverage: [0.955  0.9325 0.9075 0.8675 0.8275]
set size: [42.7825 40.1225 36.91   32.59   29.5525]
time cost: 1.5107131004333496
computing ArbiTree-CQC...
coverage: [1.     0.9975 0.9925 0.98   0.9625]
set size: [400.675  399.1425 395.935  389.005  379.775 ]
time cost: 37.545830726623535
finished repeatition: 1 time cost: 40.68513035774231
Number of samples: 8000 Calibration size: 7600 test size: 400
average infected size: 42.785
computing proposed method with recall score...
Conformity scores computed. shape of test:(400, 403)
coverage: [0.9625 0.9275 0.8925 0.835  0.795 ]
set size: [34.535  32.71   30.445  27.6675 25.8125]
time cost: 2.970121145248413
computing proposed method with precision score...
Conformity scores computed. shape of test:(400, 403)
coverage: [0.95   0.935  0.905  0.8575 0.8025]
set size: [42.715 40.01  36.76  32.35  29.21 ]
time cost: 3.2818329334259033
computing ArbiTree-CQC...
coverage: [0.9925 0.99   0.9825 0.97   0.95  ]
set size: [398.3925 396.555  393.29   388.02   376.7425]
time cost: 55.32339119911194
finished repeatition: 2 time cost: 61.59166383743286
Number of samples: 8000 Calibration size: 7600 test size: 400
average infected size: 44.065
computing proposed method with recall score...
Conformity scores computed. shape of test:(400, 403)
coverage: [0.965  0.9475 0.92   0.8775 0.81  ]
set size: [35.5875 33.8275 31.53   28.6275 26.6025]
time cost: 2.286398410797119
computing proposed method with precision score...
Conformity scores computed. shape of test:(400, 403)
coverage: [0.9475 0.9325 0.905  0.845  0.79  ]
set size: [42.8375 40.045  36.7575 32.2025 29.06  ]
time cost: 1.5303740501403809
computing ArbiTree-CQC...
coverage: [0.9975 0.985  0.9775 0.97   0.9425]
set size: [399.94   395.4    391.3425 385.06   373.8225]
time cost: 40.7576847076416
finished repeatition: 3 time cost: 44.59031105041504
Number of samples: 8000 Calibration size: 7600 test size: 400
average infected size: 40.9875
computing proposed method with recall score...
Conformity scores computed. shape of test:(400, 403)
coverage: [0.9375 0.9275 0.8775 0.825  0.77  ]
set size: [32.9525 31.3775 29.1425 26.55   24.77  ]
time cost: 2.723126173019409
computing proposed method with precision score...
Conformity scores computed. shape of test:(400, 403)
coverage: [0.95   0.9325 0.91   0.87   0.8175]
set size: [42.47   39.855  36.745  32.555  29.7025]
time cost: 3.1811342239379883
computing ArbiTree-CQC...
coverage: [1.     1.     0.995  0.985  0.9575]
set size: [401.38   400.19   399.495  392.2725 380.7675]
time cost: 44.43812823295593
finished repeatition: 4 time cost: 50.35805034637451
Number of samples: 8000 Calibration size: 7600 test size: 400
average infected size: 41.45
computing proposed method with recall score...
Conformity scores computed. shape of test:(400, 403)
coverage: [0.925  0.9    0.855  0.8175 0.7625]
set size: [33.3325 31.67   29.4075 26.81   24.9875]
time cost: 2.9248626232147217
computing proposed method with precision score...
Conformity scores computed. shape of test:(400, 403)
coverage: [0.9275 0.91   0.8925 0.815  0.7775]
set size: [40.6275 37.8875 34.815  30.505  27.6625]
time cost: 2.8431594371795654
computing ArbiTree-CQC...
coverage: [0.995  0.985  0.9825 0.97   0.95  ]
set size: [399.875  395.625  393.7725 386.505  375.2075]
time cost: 30.469356298446655
finished repeatition: 5 time cost: 36.253422021865845
Number of samples: 8000 Calibration size: 7600 test size: 400
average infected size: 41.775
computing proposed method with recall score...
Conformity scores computed. shape of test:(400, 403)
coverage: [0.95   0.925  0.8925 0.8225 0.7725]
set size: [33.715  31.98   29.7825 27.0675 25.2625]
time cost: 2.9818499088287354
computing proposed method with precision score...
Conformity scores computed. shape of test:(400, 403)
coverage: [0.95   0.9325 0.8925 0.845  0.81  ]
set size: [42.415  39.68   36.4375 32.08   29.0975]
time cost: 3.1573140621185303
computing ArbiTree-CQC...
coverage: [0.995  0.9925 0.985  0.9775 0.9375]
set size: [399.005  395.26   393.905  383.585  368.8575]
time cost: 43.53778433799744
finished repeatition: 6 time cost: 49.693822622299194
Number of samples: 8000 Calibration size: 7600 test size: 400
average infected size: 42.75
computing proposed method with recall score...
Conformity scores computed. shape of test:(400, 403)
coverage: [0.9675 0.9525 0.915  0.8725 0.8125]
set size: [34.5275 32.7875 30.4775 27.6925 25.75  ]
time cost: 2.2692782878875732
computing proposed method with precision score...
Conformity scores computed. shape of test:(400, 403)
coverage: [0.9425 0.925  0.9    0.8675 0.8025]
set size: [42.0275 39.275  36.0275 31.6925 28.6825]
time cost: 2.418492078781128
computing ArbiTree-CQC...
coverage: [0.9975 0.9975 0.995  0.985  0.9675]
set size: [400.7125 400.57   398.6425 393.4925 384.7325]
time cost: 56.723376989364624
finished repeatition: 7 time cost: 61.427011013031006
Number of samples: 8000 Calibration size: 7600 test size: 400
average infected size: 41.415
computing proposed method with recall score...
Conformity scores computed. shape of test:(400, 403)
coverage: [0.9375 0.92   0.8875 0.85   0.7925]
set size: [33.275  31.5975 29.3975 26.7625 24.885 ]
time cost: 2.7010486125946045
computing proposed method with precision score...
Conformity scores computed. shape of test:(400, 403)
coverage: [0.9475 0.925  0.905  0.86   0.8075]
set size: [41.6    38.885  35.735  31.4125 28.42  ]
time cost: 2.416816234588623
computing ArbiTree-CQC...
coverage: [1.     1.     0.9975 0.9775 0.9475]
set size: [401.45   401.185  397.53   388.2925 376.835 ]
time cost: 43.0911808013916
finished repeatition: 8 time cost: 48.24101233482361
Number of samples: 8000 Calibration size: 7600 test size: 400
average infected size: 42.9325
computing proposed method with recall score...
Conformity scores computed. shape of test:(400, 403)
coverage: [0.9625 0.94   0.9175 0.86   0.83  ]
set size: [34.6075 32.8525 30.6175 27.8325 25.92  ]
time cost: 2.217304229736328
computing proposed method with precision score...
Conformity scores computed. shape of test:(400, 403)
coverage: [0.9575 0.9375 0.9075 0.8625 0.8175]
set size: [43.5625 40.8875 37.6075 33.2825 30.2675]
time cost: 2.4132938385009766
computing ArbiTree-CQC...
coverage: [0.9975 0.995  0.99   0.98   0.955 ]
set size: [399.0375 397.5275 395.4175 388.0275 375.63  ]
time cost: 30.22311282157898
finished repeatition: 9 time cost: 34.86958599090576
Number of samples: 8000 Calibration size: 7600 test size: 400
average infected size: 39.9375
computing proposed method with recall score...
Conformity scores computed. shape of test:(400, 403)
coverage: [0.9525 0.93   0.8975 0.8625 0.8225]
set size: [32.265  30.5725 28.475  25.9775 24.17  ]
time cost: 2.201385498046875
computing proposed method with precision score...
Conformity scores computed. shape of test:(400, 403)
coverage: [0.9575 0.935  0.91   0.87   0.8275]
set size: [41.01   38.4475 35.34   31.1925 28.35  ]
time cost: 2.8766701221466064
computing ArbiTree-CQC...
coverage: [0.9975 0.995  0.995  0.98   0.9575]
set size: [399.8325 398.3575 395.465  390.21   379.8975]
time cost: 32.8431293964386
finished repeatition: 10 time cost: 37.95014476776123
Number of samples: 8000 Calibration size: 7600 test size: 400
average infected size: 40.6575
computing proposed method with recall score...
Conformity scores computed. shape of test:(400, 403)
coverage: [0.9325 0.9225 0.88   0.835  0.7775]
set size: [32.68   31.07   28.895  26.3125 24.48  ]
time cost: 2.226506471633911
computing proposed method with precision score...
Conformity scores computed. shape of test:(400, 403)
coverage: [0.9675 0.935  0.905  0.86   0.8225]
set size: [40.9025 38.2    35.09   30.965  28.08  ]
time cost: 2.9256064891815186
computing ArbiTree-CQC...
coverage: [1.     1.     0.9925 0.9725 0.95  ]
set size: [400.7525 400.2225 395.17   385.6075 373.77  ]
time cost: 41.678170919418335
finished repeatition: 11 time cost: 46.846354722976685
Number of samples: 8000 Calibration size: 7600 test size: 400
average infected size: 40.0925
computing proposed method with recall score...
Conformity scores computed. shape of test:(400, 403)
coverage: [0.9475 0.9325 0.9025 0.8525 0.81  ]
set size: [32.31  30.66  28.52  25.995 24.185]
time cost: 2.2815513610839844
computing proposed method with precision score...
Conformity scores computed. shape of test:(400, 403)
coverage: [0.945  0.935  0.9125 0.8575 0.8125]
set size: [40.3725 37.7975 34.7375 30.395  27.49  ]
time cost: 2.426647424697876
computing ArbiTree-CQC...
coverage: [0.9975 0.995  0.9925 0.99   0.9725]
set size: [400.8625 399.795  398.6925 395.7825 387.8675]
time cost: 56.18222451210022
finished repeatition: 12 time cost: 60.9062774181366
Number of samples: 8000 Calibration size: 7600 test size: 400
average infected size: 41.38
computing proposed method with recall score...
Conformity scores computed. shape of test:(400, 403)
coverage: [0.95   0.9375 0.905  0.86   0.8225]
set size: [33.39   31.7125 29.5375 26.8725 25.03  ]
time cost: 3.1465704441070557
computing proposed method with precision score...
Conformity scores computed. shape of test:(400, 403)
coverage: [0.9475 0.92   0.885  0.835  0.7925]
set size: [40.575  37.7625 34.575  30.33   27.4625]
time cost: 3.2556397914886475
computing ArbiTree-CQC...
coverage: [0.9975 0.9975 0.9925 0.9825 0.9625]
set size: [401.535  401.25   399.0275 392.17   384.39  ]
time cost: 49.91256260871887
finished repeatition: 13 time cost: 56.34352493286133
Number of samples: 8000 Calibration size: 7600 test size: 400
average infected size: 44.5725
computing proposed method with recall score...
Conformity scores computed. shape of test:(400, 403)
coverage: [0.94   0.92   0.8825 0.845  0.7975]
set size: [35.865  34.05   31.6475 28.8325 26.83  ]
time cost: 2.8241522312164307
computing proposed method with precision score...
Conformity scores computed. shape of test:(400, 403)
coverage: [0.945  0.9325 0.9    0.8425 0.7975]
set size: [43.5675 40.6175 37.025  32.3225 29.195 ]
time cost: 2.6774089336395264
computing ArbiTree-CQC...
coverage: [0.9975 0.9925 0.99   0.975  0.95  ]
set size: [399.5775 397.1775 394.865  387.365  377.7925]
time cost: 33.75025725364685
finished repeatition: 14 time cost: 39.26777148246765
Number of samples: 8000 Calibration size: 7600 test size: 400
average infected size: 44.1075
computing proposed method with recall score...
Conformity scores computed. shape of test:(400, 403)
coverage: [0.945  0.9125 0.8925 0.8325 0.775 ]
set size: [35.5725 33.7475 31.4    28.595  26.64  ]
time cost: 2.2241055965423584
computing proposed method with precision score...
Conformity scores computed. shape of test:(400, 403)
coverage: [0.9475 0.93   0.8925 0.8375 0.78  ]
set size: [44.06   41.2    37.78   33.1575 29.9725]
time cost: 2.444608211517334
computing ArbiTree-CQC...
coverage: [0.9975 0.9975 0.9875 0.9625 0.93  ]
set size: [400.5175 399.6575 393.4825 383.25   367.97  ]
time cost: 30.862083673477173
finished repeatition: 15 time cost: 35.546627044677734
Number of samples: 8000 Calibration size: 7600 test size: 400
average infected size: 42.305
computing proposed method with recall score...
Conformity scores computed. shape of test:(400, 403)
coverage: [0.945 0.915 0.885 0.835 0.76 ]
set size: [34.0925 32.3475 30.1275 27.435  25.51  ]
time cost: 2.3298232555389404
computing proposed method with precision score...
Conformity scores computed. shape of test:(400, 403)
coverage: [0.95   0.93   0.8975 0.85   0.795 ]
set size: [42.275  39.515  36.235  31.9175 28.945 ]
time cost: 2.501248836517334
computing ArbiTree-CQC...
coverage: [0.995  0.99   0.985  0.9675 0.955 ]
set size: [399.7625 398.2075 393.9425 385.695  380.5675]
time cost: 42.843971967697144
finished repeatition: 16 time cost: 47.68658471107483
Number of samples: 8000 Calibration size: 7600 test size: 400
average infected size: 42.305
computing proposed method with recall score...
Conformity scores computed. shape of test:(400, 403)
coverage: [0.9525 0.9375 0.8925 0.845  0.79  ]
set size: [34.16   32.4575 30.16   27.475  25.575 ]
time cost: 3.052922248840332
computing proposed method with precision score...
Conformity scores computed. shape of test:(400, 403)
coverage: [0.955  0.9275 0.885  0.83   0.7675]
set size: [42.735  39.89   36.5975 32.28   29.23  ]
time cost: 3.6781938076019287
computing ArbiTree-CQC...
coverage: [0.995  0.9875 0.9825 0.9725 0.94  ]
set size: [398.655  395.995  392.995  385.1775 374.24  ]
time cost: 45.60128617286682
finished repeatition: 17 time cost: 52.34834432601929
Number of samples: 8000 Calibration size: 7600 test size: 400
average infected size: 43.0875
computing proposed method with recall score...
Conformity scores computed. shape of test:(400, 403)
coverage: [0.9525 0.945  0.905  0.8375 0.8025]
set size: [34.755  33.035  30.7    27.865  25.9625]
time cost: 2.7919692993164062
computing proposed method with precision score...
Conformity scores computed. shape of test:(400, 403)
coverage: [0.92   0.8925 0.87   0.8225 0.7775]
set size: [41.32   38.49   35.275  30.93   27.9525]
time cost: 2.817092180252075
computing ArbiTree-CQC...
coverage: [0.9975 0.99   0.985  0.97   0.9525]
set size: [399.5375 397.3175 393.5775 387.1075 376.33  ]
time cost: 48.04748725891113
finished repeatition: 18 time cost: 53.68859791755676
Number of samples: 8000 Calibration size: 7600 test size: 400
average infected size: 45.39
computing proposed method with recall score...
Conformity scores computed. shape of test:(400, 403)
coverage: [0.9625 0.9475 0.8975 0.85   0.7975]
set size: [36.67   34.8775 32.3625 29.4475 27.4225]
time cost: 2.7926154136657715
computing proposed method with precision score...
Conformity scores computed. shape of test:(400, 403)
coverage: [0.9425 0.92   0.88   0.805  0.77  ]
set size: [44.185  41.1775 37.6975 33.055  29.95  ]
time cost: 2.8415842056274414
computing ArbiTree-CQC...
coverage: [0.9975 0.9925 0.9925 0.965  0.9375]
set size: [398.76   397.9625 394.9925 382.445  373.0775]
time cost: 49.723689794540405
finished repeatition: 19 time cost: 55.40206551551819
Number of samples: 8000 Calibration size: 7600 test size: 400
average infected size: 40.5175
computing proposed method with recall score...
Conformity scores computed. shape of test:(400, 403)
coverage: [0.9475 0.945  0.915  0.8625 0.8075]
set size: [32.6425 31.075  28.9425 26.2775 24.4525]
time cost: 2.2093656063079834
computing proposed method with precision score...
Conformity scores computed. shape of test:(400, 403)
coverage: [0.95   0.93   0.9125 0.8625 0.8125]
set size: [40.985  38.3825 35.39   31.3125 28.4725]
time cost: 2.5433504581451416
computing ArbiTree-CQC...
coverage: [0.9975 0.99   0.9825 0.9675 0.95  ]
set size: [400.175  397.1375 394.7775 386.13   379.175 ]
time cost: 67.37003087997437
finished repeatition: 20 time cost: 72.13445734977722
Number of samples: 8000 Calibration size: 7600 test size: 400
average infected size: 43.36
computing proposed method with recall score...
Conformity scores computed. shape of test:(400, 403)
coverage: [0.97   0.9475 0.9175 0.8775 0.81  ]
set size: [35.0675 33.2675 30.9825 28.16   26.1675]
time cost: 3.893480062484741
computing proposed method with precision score...
Conformity scores computed. shape of test:(400, 403)
coverage: [0.96   0.9525 0.9175 0.8625 0.8275]
set size: [43.27   40.4625 37.1325 32.535  29.53  ]
time cost: 2.409224271774292
computing ArbiTree-CQC...
coverage: [0.99   0.98   0.9725 0.9575 0.9375]
set size: [395.21   393.2125 389.43   383.575  372.3975]
time cost: 56.341843128204346
finished repeatition: 21 time cost: 62.66035008430481
Number of samples: 8000 Calibration size: 7600 test size: 400
average infected size: 41.0375
computing proposed method with recall score...
Conformity scores computed. shape of test:(400, 403)
coverage: [0.9475 0.9375 0.9    0.855  0.82  ]
set size: [33.1    31.45   29.2475 26.645  24.81  ]
time cost: 1.4048030376434326
computing proposed method with precision score...
Conformity scores computed. shape of test:(400, 403)
coverage: [0.9575 0.9275 0.9    0.845  0.7975]
set size: [41.     38.2675 35.2    31.0975 28.2325]
time cost: 1.5878398418426514
computing ArbiTree-CQC...
coverage: [0.995  0.9925 0.9925 0.98   0.9675]
set size: [400.205  398.655  397.9175 391.1525 383.9025]
time cost: 38.164844036102295
finished repeatition: 22 time cost: 41.16856932640076
Number of samples: 8000 Calibration size: 7600 test size: 400
average infected size: 41.6975
computing proposed method with recall score...
Conformity scores computed. shape of test:(400, 403)
coverage: [0.9475 0.9225 0.9025 0.855  0.8025]
set size: [33.6325 31.905  29.7275 27.025  25.165 ]
time cost: 2.2744510173797607
computing proposed method with precision score...
Conformity scores computed. shape of test:(400, 403)
coverage: [0.9575 0.9425 0.915  0.8625 0.8225]
set size: [41.1875 38.58   35.3875 31.035  28.125 ]
time cost: 2.835923194885254
computing ArbiTree-CQC...
coverage: [0.995  0.99   0.9875 0.975  0.95  ]
set size: [400.2775 399.02   397.1575 389.83   376.6575]
time cost: 56.91897892951965
finished repeatition: 23 time cost: 62.04512667655945
Number of samples: 8000 Calibration size: 7600 test size: 400
average infected size: 44.295
computing proposed method with recall score...
Conformity scores computed. shape of test:(400, 403)
coverage: [0.97   0.9525 0.935  0.8725 0.8125]
set size: [35.85   34.0725 31.7825 28.84   26.8625]
time cost: 2.802309513092041
computing proposed method with precision score...
Conformity scores computed. shape of test:(400, 403)
coverage: [0.9375 0.9075 0.875  0.8125 0.78  ]
set size: [43.24   40.2675 36.8225 32.2525 29.1675]
time cost: 3.4332311153411865
computing ArbiTree-CQC...
coverage: [0.9925 0.9875 0.9675 0.9525 0.935 ]
set size: [397.72   394.665  388.2    381.1925 372.44  ]
time cost: 65.0000991821289
finished repeatition: 24 time cost: 71.25167226791382
Number of samples: 8000 Calibration size: 7600 test size: 400
average infected size: 41.585
computing proposed method with recall score...
Conformity scores computed. shape of test:(400, 403)
coverage: [0.945  0.92   0.88   0.83   0.7875]
set size: [33.515  31.825  29.625  26.905  25.0825]
time cost: 2.264113187789917
computing proposed method with precision score...
Conformity scores computed. shape of test:(400, 403)
coverage: [0.95   0.925  0.89   0.8375 0.7975]
set size: [41.7625 39.0075 35.8425 31.6325 28.67  ]
time cost: 2.667673349380493
computing ArbiTree-CQC...
coverage: [0.995  0.99   0.985  0.9675 0.9475]
set size: [399.43   398.02   394.2675 387.0225 378.5325]
time cost: 51.045748710632324
finished repeatition: 25 time cost: 55.99350142478943
Number of samples: 8000 Calibration size: 7600 test size: 400
average infected size: 42.405
computing proposed method with recall score...
Conformity scores computed. shape of test:(400, 403)
coverage: [0.9675 0.95   0.8925 0.84   0.7975]
set size: [34.295  32.62   30.2325 27.545  25.655 ]
time cost: 2.434129238128662
computing proposed method with precision score...
Conformity scores computed. shape of test:(400, 403)
coverage: [0.9425 0.93   0.88   0.8225 0.7725]
set size: [42.0775 39.2925 35.8725 31.5075 28.3875]
time cost: 2.537409543991089
computing ArbiTree-CQC...
coverage: [1.     1.     0.9875 0.975  0.955 ]
set size: [401.595  399.7325 394.58   387.29   377.2375]
time cost: 48.875489234924316
finished repeatition: 26 time cost: 53.86340808868408
Number of samples: 8000 Calibration size: 7600 test size: 400
average infected size: 43.0625
computing proposed method with recall score...
Conformity scores computed. shape of test:(400, 403)
coverage: [0.9475 0.9325 0.905  0.855  0.7975]
set size: [34.7325 32.9825 30.735  27.975  25.9925]
time cost: 3.0924599170684814
computing proposed method with precision score...
Conformity scores computed. shape of test:(400, 403)
coverage: [0.935  0.92   0.8975 0.835  0.785 ]
set size: [42.6675 39.8025 36.5275 32.     28.8475]
time cost: 3.1734395027160645
computing ArbiTree-CQC...
coverage: [0.9925 0.9925 0.9825 0.9575 0.95  ]
set size: [398.8175 397.1675 392.325  383.81   376.0775]
time cost: 63.69066882133484
finished repeatition: 27 time cost: 69.99685955047607
Number of samples: 8000 Calibration size: 7600 test size: 400
average infected size: 42.1175
computing proposed method with recall score...
Conformity scores computed. shape of test:(400, 403)
coverage: [0.9525 0.9225 0.8925 0.835  0.7975]
set size: [33.965  32.2175 29.925  27.2475 25.3875]
time cost: 2.3469903469085693
computing proposed method with precision score...
Conformity scores computed. shape of test:(400, 403)
coverage: [0.95   0.9375 0.9075 0.855  0.815 ]
set size: [42.475  39.785  36.5925 32.2725 29.305 ]
time cost: 2.5527734756469727
computing ArbiTree-CQC...
coverage: [0.9975 0.995  0.9925 0.975  0.96  ]
set size: [399.4775 398.835  397.34   389.07   379.39  ]
time cost: 42.60241985321045
finished repeatition: 28 time cost: 47.51812982559204
Number of samples: 8000 Calibration size: 7600 test size: 400
average infected size: 43.1075
computing proposed method with recall score...
Conformity scores computed. shape of test:(400, 403)
coverage: [0.945 0.93  0.895 0.85  0.81 ]
set size: [34.78   32.985  30.6925 27.9575 26.0525]
time cost: 2.817781925201416
computing proposed method with precision score...
Conformity scores computed. shape of test:(400, 403)
coverage: [0.97   0.945  0.8975 0.835  0.79  ]
set size: [43.4625 40.545  37.07   32.52   29.405 ]
time cost: 3.543489694595337
computing ArbiTree-CQC...
coverage: [0.9975 0.9925 0.9875 0.9625 0.9325]
set size: [400.125  398.4725 395.2325 383.235  372.23  ]
time cost: 39.403706073760986
finished repeatition: 29 time cost: 45.79716372489929
Number of samples: 8000 Calibration size: 7600 test size: 400
average infected size: 40.7525
computing proposed method with recall score...
Conformity scores computed. shape of test:(400, 403)
coverage: [0.9575 0.945  0.9125 0.87   0.8075]
set size: [32.875  31.2325 29.08   26.4375 24.61  ]
time cost: 2.668299436569214
computing proposed method with precision score...
Conformity scores computed. shape of test:(400, 403)
coverage: [0.9625 0.95   0.9275 0.8725 0.8275]
set size: [42.205  39.6525 36.51   32.1475 29.2825]
time cost: 3.4899866580963135
computing ArbiTree-CQC...
coverage: [0.9925 0.99   0.9875 0.9725 0.955 ]
set size: [399.2675 397.9425 396.4675 388.535  380.07  ]
time cost: 44.047117948532104
finished repeatition: 30 time cost: 50.23375177383423
Number of samples: 8000 Calibration size: 7600 test size: 400
average infected size: 43.0625
computing proposed method with recall score...
Conformity scores computed. shape of test:(400, 403)
coverage: [0.9525 0.9325 0.895  0.8625 0.8075]
set size: [34.745  32.9775 30.6925 27.99   26.025 ]
time cost: 2.876765012741089
computing proposed method with precision score...
Conformity scores computed. shape of test:(400, 403)
coverage: [0.9475 0.93   0.895  0.83   0.785 ]
set size: [42.87   40.0075 36.6925 32.2575 29.3   ]
time cost: 3.1542959213256836
computing ArbiTree-CQC...
coverage: [0.9975 0.995  0.985  0.9675 0.9575]
set size: [400.515  396.5025 392.8575 386.395  380.2825]
time cost: 52.554776430130005
finished repeatition: 31 time cost: 58.60195016860962
Number of samples: 8000 Calibration size: 7600 test size: 400
average infected size: 42.81
computing proposed method with recall score...
Conformity scores computed. shape of test:(400, 403)
coverage: [0.9575 0.9325 0.9    0.8575 0.8275]
set size: [34.5475 32.78   30.5325 27.805  25.86  ]
time cost: 2.2231991291046143
computing proposed method with precision score...
Conformity scores computed. shape of test:(400, 403)
coverage: [0.94   0.92   0.9    0.8575 0.8125]
set size: [42.0725 39.29   36.085  31.745  28.7775]
time cost: 2.523226261138916
computing ArbiTree-CQC...
coverage: [0.9925 0.9875 0.9775 0.965  0.9425]
set size: [397.31   395.94   391.8675 384.48   372.87  ]
time cost: 46.4878351688385
finished repeatition: 32 time cost: 51.250162839889526
Number of samples: 8000 Calibration size: 7600 test size: 400
average infected size: 41.4
computing proposed method with recall score...
Conformity scores computed. shape of test:(400, 403)
coverage: [0.9675 0.955  0.9225 0.8525 0.7925]
set size: [33.475  31.8425 29.595  26.87   24.9725]
time cost: 2.2830212116241455
computing proposed method with precision score...
Conformity scores computed. shape of test:(400, 403)
coverage: [0.9675 0.9475 0.8975 0.85   0.8225]
set size: [41.7325 38.945  35.645  31.4675 28.6725]
time cost: 2.616442918777466
computing ArbiTree-CQC...
coverage: [0.9975 0.9975 0.9925 0.9775 0.96  ]
set size: [400.0325 399.4725 395.55   387.9175 381.6525]
time cost: 31.609219312667847
finished repeatition: 33 time cost: 36.54060673713684
Number of samples: 8000 Calibration size: 7600 test size: 400
average infected size: 43.7175
computing proposed method with recall score...
Conformity scores computed. shape of test:(400, 403)
coverage: [0.96   0.935  0.91   0.8775 0.8375]
set size: [35.3275 33.49   31.1925 28.4025 26.44  ]
time cost: 1.662287712097168
computing proposed method with precision score...
Conformity scores computed. shape of test:(400, 403)
coverage: [0.965  0.9525 0.9125 0.8725 0.81  ]
set size: [44.1825 41.3975 37.9825 33.56   30.405 ]
time cost: 2.42507004737854
computing ArbiTree-CQC...
coverage: [0.995  0.9925 0.99   0.965  0.9225]
set size: [400.105  398.7825 397.38   381.5275 368.235 ]
time cost: 48.2901086807251
finished repeatition: 34 time cost: 52.388763427734375
Number of samples: 8000 Calibration size: 7600 test size: 400
average infected size: 43.7375
computing proposed method with recall score...
Conformity scores computed. shape of test:(400, 403)
coverage: [0.9675 0.95   0.92   0.875  0.8525]
set size: [35.3275 33.6    31.255  28.4225 26.505 ]
time cost: 2.0450899600982666
computing proposed method with precision score...
Conformity scores computed. shape of test:(400, 403)
coverage: [0.9575 0.945  0.92   0.865  0.815 ]
set size: [44.045  41.2225 37.8675 33.285  30.2025]
time cost: 2.4216959476470947
computing ArbiTree-CQC...
coverage: [0.9975 0.995  0.99   0.985  0.9375]
set size: [400.5025 398.4975 396.28   389.46   372.0825]
time cost: 53.47233986854553
finished repeatition: 35 time cost: 57.95075559616089
Number of samples: 8000 Calibration size: 7600 test size: 400
average infected size: 40.3275
computing proposed method with recall score...
Conformity scores computed. shape of test:(400, 403)
coverage: [0.9525 0.9325 0.8975 0.8325 0.785 ]
set size: [32.5225 30.86   28.76   26.115  24.3675]
time cost: 2.3146722316741943
computing proposed method with precision score...
Conformity scores computed. shape of test:(400, 403)
coverage: [0.94   0.92   0.9025 0.8775 0.8275]
set size: [41.78 39.2  36.19 32.08 29.22]
time cost: 2.4341046810150146
computing ArbiTree-CQC...
coverage: [0.9975 0.9975 0.9925 0.9825 0.9625]
set size: [400.1375 399.2225 396.1225 390.6725 380.5575]
time cost: 21.799794673919678
finished repeatition: 36 time cost: 26.564927577972412
Number of samples: 8000 Calibration size: 7600 test size: 400
average infected size: 42.8725
computing proposed method with recall score...
Conformity scores computed. shape of test:(400, 403)
coverage: [0.94   0.9225 0.8975 0.8475 0.8   ]
set size: [34.4675 32.75   30.4825 27.7525 25.8275]
time cost: 2.2832114696502686
computing proposed method with precision score...
Conformity scores computed. shape of test:(400, 403)
coverage: [0.955  0.94   0.91   0.8625 0.8025]
set size: [42.2075 39.4025 35.9575 31.4325 28.31  ]
time cost: 2.3638381958007812
computing ArbiTree-CQC...
coverage: [0.9975 0.995  0.99   0.9875 0.955 ]
set size: [399.9625 398.4475 395.7225 391.8575 376.1325]
time cost: 33.54163455963135
finished repeatition: 37 time cost: 38.20452308654785
Number of samples: 8000 Calibration size: 7600 test size: 400
average infected size: 41.9025
computing proposed method with recall score...
Conformity scores computed. shape of test:(400, 403)
coverage: [0.97   0.9575 0.9475 0.9    0.83  ]
set size: [33.885  32.2175 30.0225 27.3    25.3575]
time cost: 3.3349549770355225
computing proposed method with precision score...
Conformity scores computed. shape of test:(400, 403)
coverage: [0.9425 0.9225 0.9075 0.8575 0.815 ]
set size: [41.96   39.1725 35.955  31.5125 28.515 ]
time cost: 2.822023391723633
computing ArbiTree-CQC...
coverage: [0.9975 0.99   0.98   0.9575 0.9425]
set size: [399.7725 395.9775 391.18   382.4875 374.2   ]
time cost: 43.47157168388367
finished repeatition: 38 time cost: 49.644575119018555
Number of samples: 8000 Calibration size: 7600 test size: 400
average infected size: 41.78
computing proposed method with recall score...
Conformity scores computed. shape of test:(400, 403)
coverage: [0.9475 0.9375 0.9175 0.86   0.81  ]
set size: [33.66   31.965  29.8325 27.075  25.19  ]
time cost: 2.2102553844451904
computing proposed method with precision score...
Conformity scores computed. shape of test:(400, 403)
coverage: [0.9475 0.9325 0.905  0.8625 0.805 ]
set size: [41.2325 38.5225 35.36   31.115  28.16  ]
time cost: 2.4025819301605225
computing ArbiTree-CQC...
coverage: [0.995  0.9925 0.99   0.9825 0.9625]
set size: [400.7425 400.5375 396.9125 393.535  384.42  ]
time cost: 57.98480463027954
finished repeatition: 39 time cost: 62.613646030426025
Number of samples: 8000 Calibration size: 7600 test size: 400
average infected size: 44.365
computing proposed method with recall score...
Conformity scores computed. shape of test:(400, 403)
coverage: [0.9525 0.9375 0.925  0.8725 0.81  ]
set size: [35.8375 34.04   31.79   28.875  26.8825]
time cost: 2.2343955039978027
computing proposed method with precision score...
Conformity scores computed. shape of test:(400, 403)
coverage: [0.9525 0.9375 0.905  0.8425 0.7925]
set size: [44.59   41.755  38.3425 33.75   30.5525]
time cost: 2.5954859256744385
computing ArbiTree-CQC...
coverage: [0.9925 0.99   0.985  0.9675 0.9375]
set size: [398.9575 396.78   395.1575 383.62   369.4775]
time cost: 48.712417125701904
finished repeatition: 40 time cost: 53.55843806266785
Number of samples: 8000 Calibration size: 7600 test size: 400
average infected size: 41.56
computing proposed method with recall score...
Conformity scores computed. shape of test:(400, 403)
coverage: [0.945  0.9175 0.8725 0.835  0.7975]
set size: [33.5175 31.8    29.5675 26.95   25.1275]
time cost: 2.5388755798339844
computing proposed method with precision score...
Conformity scores computed. shape of test:(400, 403)
coverage: [0.9525 0.9275 0.895  0.85   0.805 ]
set size: [41.58   38.89   35.73   31.3975 28.385 ]
time cost: 2.493022918701172
computing ArbiTree-CQC...
coverage: [0.9975 0.99   0.99   0.98   0.955 ]
set size: [399.7875 397.0975 394.955  390.0825 378.1925]
time cost: 32.972782135009766
finished repeatition: 41 time cost: 38.020745515823364
Number of samples: 8000 Calibration size: 7600 test size: 400
average infected size: 41.1975
computing proposed method with recall score...
Conformity scores computed. shape of test:(400, 403)
coverage: [0.97   0.945  0.91   0.85   0.8025]
set size: [33.3    31.6125 29.425  26.7475 24.91  ]
time cost: 3.064640522003174
computing proposed method with precision score...
Conformity scores computed. shape of test:(400, 403)
coverage: [0.9675 0.95   0.8975 0.845  0.77  ]
set size: [41.1    38.3925 35.0575 30.785  27.785 ]
time cost: 3.536781072616577
computing ArbiTree-CQC...
coverage: [0.9975 0.995  0.9875 0.97   0.9525]
set size: [400.3775 398.0625 393.9325 387.5675 379.8675]
time cost: 32.761003494262695
finished repeatition: 42 time cost: 39.378429889678955
Number of samples: 8000 Calibration size: 7600 test size: 400
average infected size: 44.0925
computing proposed method with recall score...
Conformity scores computed. shape of test:(400, 403)
coverage: [0.945  0.9275 0.9075 0.8725 0.8375]
set size: [35.57   33.7375 31.4625 28.635  26.6825]
time cost: 2.214653253555298
computing proposed method with precision score...
Conformity scores computed. shape of test:(400, 403)
coverage: [0.96   0.94   0.9175 0.8525 0.805 ]
set size: [43.5475 40.6075 37.2725 32.605  29.505 ]
time cost: 2.418717622756958
computing ArbiTree-CQC...
coverage: [0.9975 0.9825 0.98   0.975  0.9475]
set size: [400.9725 395.9725 393.765  389.2475 377.24  ]
time cost: 60.87964224815369
finished repeatition: 43 time cost: 65.52911067008972
Number of samples: 8000 Calibration size: 7600 test size: 400
average infected size: 45.8325
computing proposed method with recall score...
Conformity scores computed. shape of test:(400, 403)
coverage: [0.965  0.9475 0.9    0.8375 0.76  ]
set size: [37.0575 35.21   32.7325 29.7575 27.6525]
time cost: 2.2208845615386963
computing proposed method with precision score...
Conformity scores computed. shape of test:(400, 403)
coverage: [0.9225 0.895  0.8575 0.7925 0.7325]
set size: [43.2175 40.1125 36.5275 31.8075 28.5975]
time cost: 2.4027276039123535
computing ArbiTree-CQC...
coverage: [0.9975 0.995  0.9875 0.975  0.95  ]
set size: [399.6525 398.1975 394.04   388.215  372.265 ]
time cost: 43.58199167251587
finished repeatition: 44 time cost: 48.222142934799194
Number of samples: 8000 Calibration size: 7600 test size: 400
average infected size: 42.7975
computing proposed method with recall score...
Conformity scores computed. shape of test:(400, 403)
coverage: [0.965  0.9525 0.9175 0.8675 0.8125]
set size: [34.59   32.9125 30.645  27.8425 25.895 ]
time cost: 2.2285313606262207
computing proposed method with precision score...
Conformity scores computed. shape of test:(400, 403)
coverage: [0.95   0.925  0.895  0.845  0.7875]
set size: [43.02   40.1975 36.895  32.3725 29.2725]
time cost: 2.2396068572998047
computing ArbiTree-CQC...
coverage: [1.     0.9975 0.9875 0.9825 0.955 ]
set size: [401.3775 399.8425 396.7675 390.6925 380.1575]
time cost: 61.07636880874634
finished repeatition: 45 time cost: 65.56129026412964
Number of samples: 8000 Calibration size: 7600 test size: 400
average infected size: 42.235
computing proposed method with recall score...
Conformity scores computed. shape of test:(400, 403)
coverage: [0.95   0.93   0.8975 0.855  0.8   ]
set size: [34.1025 32.3375 30.1175 27.44   25.5025]
time cost: 2.222632884979248
computing proposed method with precision score...
Conformity scores computed. shape of test:(400, 403)
coverage: [0.9475 0.935  0.92   0.8525 0.795 ]
set size: [42.1075 39.405  36.245  31.78   28.745 ]
time cost: 2.4176487922668457
computing ArbiTree-CQC...
coverage: [0.9975 0.995  0.985  0.975  0.9525]
set size: [399.4    397.695  392.8875 387.14   376.63  ]
time cost: 30.378251791000366
finished repeatition: 46 time cost: 35.03431701660156
Number of samples: 8000 Calibration size: 7600 test size: 400
average infected size: 41.6025
computing proposed method with recall score...
Conformity scores computed. shape of test:(400, 403)
coverage: [0.9525 0.9375 0.9    0.855  0.7925]
set size: [33.5525 31.885  29.6325 27.0275 25.0775]
time cost: 1.415231704711914
computing proposed method with precision score...
Conformity scores computed. shape of test:(400, 403)
coverage: [0.945  0.92   0.9    0.8575 0.79  ]
set size: [40.5325 37.7375 34.53   30.205  27.2175]
time cost: 2.472118377685547
computing ArbiTree-CQC...
coverage: [1.     1.     0.99   0.9725 0.9475]
set size: [401.455  401.225  397.0475 388.21   378.7975]
time cost: 53.526920557022095
finished repeatition: 47 time cost: 57.42579388618469
Number of samples: 8000 Calibration size: 7600 test size: 400
average infected size: 42.8525
computing proposed method with recall score...
Conformity scores computed. shape of test:(400, 403)
coverage: [0.945  0.9225 0.8925 0.85   0.7975]
set size: [34.5975 32.8575 30.57   27.8775 25.955 ]
time cost: 1.4333820343017578
computing proposed method with precision score...
Conformity scores computed. shape of test:(400, 403)
coverage: [0.9475 0.93   0.8975 0.845  0.8   ]
set size: [42.9225 40.1875 36.9525 32.6025 29.6025]
time cost: 1.8419320583343506
computing ArbiTree-CQC...
coverage: [1.     0.9925 0.9925 0.985  0.9525]
set size: [400.1825 397.655  397.0875 390.145  378.7225]
time cost: 37.13862681388855
finished repeatition: 48 time cost: 40.42505621910095
Number of samples: 8000 Calibration size: 7600 test size: 400
average infected size: 42.3425
computing proposed method with recall score...
Conformity scores computed. shape of test:(400, 403)
coverage: [0.95   0.9175 0.8825 0.825  0.7575]
set size: [34.1725 32.4025 30.1725 27.4525 25.57  ]
time cost: 1.4104490280151367
computing proposed method with precision score...
Conformity scores computed. shape of test:(400, 403)
coverage: [0.95   0.93   0.905  0.8475 0.7875]
set size: [43.06   40.34   37.0725 32.6425 29.625 ]
time cost: 1.513657808303833
computing ArbiTree-CQC...
coverage: [0.9975 0.995  0.99   0.98   0.95  ]
set size: [399.775  397.5475 395.79   389.7475 376.6575]
time cost: 25.060595989227295
finished repeatition: 49 time cost: 27.99584698677063

Coverage Results:
Method    α=0.05         α=0.07         α=0.10         α=0.15         α=0.20         
-------------------------------------------------------------------------------------
set_recall0.953 ± 0.011  0.934 ± 0.013  0.901 ± 0.017  0.852 ± 0.018  0.801 ± 0.021  
set_prec  0.950 ± 0.010  0.930 ± 0.012  0.901 ± 0.013  0.848 ± 0.018  0.800 ± 0.020  
ArbiTree-CQC0.997 ± 0.002  0.993 ± 0.005  0.987 ± 0.006  0.974 ± 0.008  0.950 ± 0.010  

Set Size Results:
Method    α=0.05         α=0.07         α=0.10         α=0.15         α=0.20         
-------------------------------------------------------------------------------------
set_recall34.220 ± 1.089 32.499 ± 1.034 30.245 ± 0.965 27.518 ± 0.871 25.616 ± 0.808 
set_prec  42.356 ± 1.083 39.590 ± 1.026 36.330 ± 0.941 31.944 ± 0.850 28.936 ± 0.796 
ArbiTree-CQC399.890 ± 1.149398.011 ± 1.769394.993 ± 2.315387.653 ± 3.293377.023 ± 4.338
finished.
