2025-09-16 21:43:22.373995: I tensorflow/stream_executor/platform/default/dso_loader.cc:48] Successfully opened dynamic library libcudart.so.10.1
Number of nodes: 774
Number of edges: 7992
Number of samples: 8000 Calibration size: 7600 test size: 400
average infected size: 20.3
coverage: [0.955  0.925  0.8925 0.8375 0.8   ]
set size: [11.6125 10.6375  9.6575  8.7025  8.1175]
time cost: 2.727494716644287
coverage: [0.945  0.915  0.8875 0.855  0.8025]
set size: [15.88   14.73   13.31   11.5775 10.2425]
time cost: 1.9699978828430176
computing proposed method with min score...
Conformity scores computed. shape of test:(400, 774)
coverage: [0.9425 0.91   0.89   0.8325 0.7975]
set size: [12.9475 12.2475 11.4575 10.405   9.49  ]
time cost: 1.989835262298584
coverage: [0.9875 0.9775 0.955  0.9175 0.8675]
set size: [752.7525 743.11   717.335  670.3575 638.83  ]
time cost: 240.8473129272461
finished repeatition: 0 time cost: 2.4791572093963623
Number of samples: 8000 Calibration size: 7600 test size: 400
average infected size: 20.125
coverage: [0.9575 0.93   0.91   0.8425 0.7775]
set size: [11.5875 10.6025  9.6425  8.695   8.0375]
time cost: 6.998612642288208
coverage: [0.945  0.9325 0.9    0.8425 0.805 ]
set size: [16.025  14.905  13.315  11.3775  9.9225]
time cost: 7.058099985122681
computing proposed method with min score...
Conformity scores computed. shape of test:(400, 774)
coverage: [0.9475 0.9325 0.8975 0.8575 0.8075]
set size: [13.39  12.685 11.725 10.545  9.435]
time cost: 1.9886689186096191
coverage: [0.9875 0.975  0.9625 0.9325 0.875 ]
set size: [751.66   740.945  725.245  681.9525 631.1825]
time cost: 304.95089745521545
finished repeatition: 1 time cost: 2.438730239868164
Number of samples: 8000 Calibration size: 7600 test size: 400
average infected size: 20.37
coverage: [0.9625 0.9375 0.9075 0.845  0.775 ]
set size: [11.7925 10.81    9.7925  8.83    8.215 ]
time cost: 7.37894344329834
coverage: [0.9475 0.9275 0.895  0.845  0.805 ]
set size: [16.6875 15.4675 13.8725 11.9225 10.4475]
time cost: 6.643274545669556
computing proposed method with min score...
Conformity scores computed. shape of test:(400, 774)
coverage: [0.9525 0.93   0.895  0.8325 0.795 ]
set size: [13.825  13.0875 12.0825 10.8375  9.72  ]
time cost: 1.971811294555664
coverage: [0.9825 0.98   0.9475 0.9025 0.8675]
set size: [751.65   735.895  713.53   670.3275 638.74  ]
time cost: 261.35387444496155
finished repeatition: 2 time cost: 2.420252561569214
Number of samples: 8000 Calibration size: 7600 test size: 400
average infected size: 20.5525
coverage: [0.9475 0.93   0.9025 0.82   0.765 ]
set size: [11.795  10.835   9.8325  8.84    8.2175]
time cost: 8.689208984375
coverage: [0.955  0.945  0.9025 0.855  0.8125]
set size: [16.685  15.4925 13.845  11.95   10.505 ]
time cost: 8.901778936386108
computing proposed method with min score...
Conformity scores computed. shape of test:(400, 774)
coverage: [0.965  0.9325 0.895  0.8375 0.8   ]
set size: [13.8725 13.0375 11.9425 10.6925  9.6125]
time cost: 1.9649162292480469
coverage: [0.98   0.975  0.9475 0.9125 0.8525]
set size: [750.045  730.33   705.8875 661.385  614.63  ]
time cost: 265.4717261791229
finished repeatition: 3 time cost: 2.41770339012146
Number of samples: 8000 Calibration size: 7600 test size: 400
average infected size: 21.0
coverage: [0.9675 0.9425 0.91   0.85   0.8175]
set size: [12.165  11.1425 10.1025  9.12    8.515 ]
time cost: 5.612866163253784
coverage: [0.9475 0.9325 0.9025 0.8425 0.795 ]
set size: [17.245  16.04   14.425  12.44   10.9625]
time cost: 5.344730615615845
computing proposed method with min score...
Conformity scores computed. shape of test:(400, 774)
coverage: [0.9475 0.945  0.92   0.8375 0.8075]
set size: [14.2975 13.5675 12.58   11.3125 10.205 ]
time cost: 2.0048022270202637
coverage: [0.975  0.965  0.9525 0.8875 0.84  ]
set size: [743.11   735.49   706.2075 655.0675 605.705 ]
time cost: 291.699343919754
finished repeatition: 4 time cost: 2.4561338424682617
Number of samples: 8000 Calibration size: 7600 test size: 400
average infected size: 20.275
coverage: [0.95   0.9225 0.89   0.8375 0.7825]
set size: [11.69   10.715   9.7275  8.7925  8.165 ]
time cost: 6.995936870574951
coverage: [0.95   0.93   0.8975 0.8375 0.79  ]
set size: [16.5575 15.3475 13.7675 11.795  10.2275]
time cost: 7.185146808624268
computing proposed method with min score...
Conformity scores computed. shape of test:(400, 774)
coverage: [0.9625 0.9475 0.915  0.865  0.8075]
set size: [13.9    13.17   12.24   10.9575  9.73  ]
time cost: 1.9939641952514648
coverage: [0.9775 0.96   0.935  0.9125 0.85  ]
set size: [738.3375 722.075  707.8325 659.925  608.9025]
time cost: 305.4031357765198
finished repeatition: 5 time cost: 2.446397542953491
Number of samples: 8000 Calibration size: 7600 test size: 400
average infected size: 22.5475
coverage: [0.945  0.93   0.9125 0.8575 0.81  ]
set size: [12.8625 11.8475 10.76    9.6975  9.005 ]
time cost: 4.502727746963501
coverage: [0.9475 0.9375 0.905  0.8325 0.775 ]
set size: [17.32   16.0475 14.22   12.1025 10.5475]
time cost: 6.204696416854858
computing proposed method with min score...
Conformity scores computed. shape of test:(400, 774)
coverage: [0.935  0.92   0.885  0.8375 0.785 ]
set size: [14.3925 13.56   12.445  11.0525  9.9225]
time cost: 1.9935479164123535
coverage: [0.98   0.965  0.9325 0.8925 0.8325]
set size: [740.95   723.7425 694.9025 642.5675 593.1775]
time cost: 284.3493058681488
finished repeatition: 6 time cost: 2.439528226852417
Number of samples: 8000 Calibration size: 7600 test size: 400
average infected size: 22.2875
coverage: [0.9425 0.925  0.89   0.845  0.8075]
set size: [12.625  11.5825 10.4825  9.435   8.77  ]
time cost: 7.660687685012817
coverage: [0.9425 0.915  0.875  0.84   0.805 ]
set size: [16.3    15.07   13.45   11.52   10.1375]
time cost: 8.080744504928589
computing proposed method with min score...
Conformity scores computed. shape of test:(400, 774)
coverage: [0.945 0.92  0.875 0.83  0.785]
set size: [13.3625 12.57   11.5725 10.36    9.2975]
time cost: 1.9942481517791748
coverage: [0.985  0.9625 0.9275 0.895  0.85  ]
set size: [744.3225 722.6425 696.13   659.3725 616.75  ]
time cost: 277.6739296913147
finished repeatition: 7 time cost: 2.444943904876709
Number of samples: 8000 Calibration size: 7600 test size: 400
average infected size: 21.11
coverage: [0.9625 0.9525 0.9125 0.8625 0.81  ]
set size: [12.1725 11.225  10.1125  9.1275  8.505 ]
time cost: 6.968152761459351
coverage: [0.9475 0.915  0.8825 0.835  0.79  ]
set size: [17.125  15.83   14.1925 12.18   10.6025]
time cost: 8.568546533584595
computing proposed method with min score...
Conformity scores computed. shape of test:(400, 774)
coverage: [0.9475 0.9325 0.8975 0.8475 0.8025]
set size: [14.3075 13.455  12.415  11.1125  9.9775]
time cost: 2.085707426071167
coverage: [0.9725 0.96   0.935  0.9025 0.8625]
set size: [740.9725 727.23   708.0975 668.6575 625.175 ]
time cost: 278.1013865470886
finished repeatition: 8 time cost: 2.5351197719573975
Number of samples: 8000 Calibration size: 7600 test size: 400
average infected size: 21.0075
coverage: [0.965  0.94   0.905  0.8425 0.7975]
set size: [12.0875 11.11   10.0425  9.04    8.39  ]
time cost: 8.585169315338135
coverage: [0.9475 0.9375 0.905  0.87   0.805 ]
set size: [16.2775 15.1325 13.4825 11.62   10.2025]
time cost: 9.751534700393677
computing proposed method with min score...
Conformity scores computed. shape of test:(400, 774)
coverage: [0.945  0.92   0.89   0.8475 0.8   ]
set size: [13.46   12.66   11.7375 10.5375  9.4925]
time cost: 1.9937160015106201
coverage: [0.9775 0.9625 0.945  0.91   0.87  ]
set size: [744.5825 729.03   713.185  675.2975 629.7525]
time cost: 268.03773975372314
finished repeatition: 9 time cost: 2.4400675296783447
Number of samples: 8000 Calibration size: 7600 test size: 400
average infected size: 21.6375
coverage: [0.96   0.935  0.9    0.865  0.8075]
set size: [12.4075 11.355  10.295   9.2675  8.595 ]
time cost: 7.603943109512329
coverage: [0.9525 0.94   0.925  0.8825 0.845 ]
set size: [16.9475 15.6975 14.06   12.025  10.52  ]
time cost: 8.733140707015991
computing proposed method with min score...
Conformity scores computed. shape of test:(400, 774)
coverage: [0.9525 0.94   0.9175 0.8675 0.795 ]
set size: [13.93   13.0875 12.09   10.7575  9.5075]
time cost: 1.9825420379638672
coverage: [0.98   0.955  0.9225 0.8775 0.8375]
set size: [734.47   719.655  686.0075 641.165  613.715 ]
time cost: 314.34789419174194
finished repeatition: 10 time cost: 2.429410934448242
Number of samples: 8000 Calibration size: 7600 test size: 400
average infected size: 20.9525
coverage: [0.9525 0.925  0.89   0.8325 0.7925]
set size: [12.0525 11.02   10.0125  9.01    8.3875]
time cost: 8.694169759750366
coverage: [0.9575 0.9275 0.9    0.8425 0.8   ]
set size: [16.3175 15.0875 13.465  11.5625 10.1025]
time cost: 9.943561553955078
computing proposed method with min score...
Conformity scores computed. shape of test:(400, 774)
coverage: [0.945  0.9275 0.9025 0.8425 0.7925]
set size: [13.55   12.865  11.9075 10.635   9.4575]
time cost: 1.9838964939117432
coverage: [0.9675 0.96   0.93   0.91   0.86  ]
set size: [736.99   723.4125 704.0375 664.1075 626.6525]
time cost: 266.8666031360626
finished repeatition: 11 time cost: 2.432363510131836
Number of samples: 8000 Calibration size: 7600 test size: 400
average infected size: 20.6425
coverage: [0.935  0.9075 0.8925 0.8625 0.8075]
set size: [11.735  10.7725  9.79    8.8475  8.1975]
time cost: 5.853827953338623
coverage: [0.9475 0.9275 0.9075 0.8725 0.8   ]
set size: [16.2325 15.03   13.4175 11.4475  9.83  ]
time cost: 7.917060375213623
computing proposed method with min score...
Conformity scores computed. shape of test:(400, 774)
coverage: [0.955  0.93   0.9025 0.8525 0.815 ]
set size: [13.54   12.7725 11.79   10.585   9.4175]
time cost: 1.9828782081604004
coverage: [0.9725 0.9475 0.9125 0.8825 0.8425]
set size: [731.46   707.8975 683.85   645.9075 601.4375]
time cost: 303.20181250572205
finished repeatition: 12 time cost: 2.4318063259124756
Number of samples: 8000 Calibration size: 7600 test size: 400
average infected size: 20.515
coverage: [0.9625 0.955  0.9175 0.8725 0.8175]
set size: [11.855  10.895   9.8375  8.895   8.2525]
time cost: 7.18206787109375
coverage: [0.9375 0.9075 0.88   0.84   0.7925]
set size: [16.5925 15.37   13.81   11.965  10.55  ]
time cost: 8.336153268814087
computing proposed method with min score...
Conformity scores computed. shape of test:(400, 774)
coverage: [0.9325 0.9025 0.885  0.8375 0.805 ]
set size: [13.705  12.93   12.06   10.8975  9.8175]
time cost: 1.9959583282470703
coverage: [0.9825 0.97   0.9625 0.92   0.875 ]
set size: [749.4925 740.22   723.0825 675.855  634.9175]
time cost: 274.5755624771118
finished repeatition: 13 time cost: 2.444951295852661
Number of samples: 8000 Calibration size: 7600 test size: 400
average infected size: 20.735
coverage: [0.96   0.9475 0.9125 0.865  0.8   ]
set size: [11.945  10.9975  9.9575  8.9725  8.315 ]
time cost: 7.347850322723389
coverage: [0.9475 0.94   0.915  0.8575 0.8125]
set size: [16.62   15.445  13.8575 11.955  10.475 ]
time cost: 8.19710373878479
computing proposed method with min score...
Conformity scores computed. shape of test:(400, 774)
coverage: [0.95   0.9375 0.91   0.835  0.7875]
set size: [13.8    13.065  12.0125 10.7475  9.6075]
time cost: 1.9834423065185547
coverage: [0.995  0.9875 0.9525 0.9    0.8575]
set size: [757.5125 739.255  705.455  664.72   616.1475]
time cost: 251.78741264343262
finished repeatition: 14 time cost: 2.4329428672790527
Number of samples: 8000 Calibration size: 7600 test size: 400
average infected size: 20.3475
coverage: [0.9575 0.94   0.91   0.8675 0.82  ]
set size: [11.6725 10.73    9.735   8.8375  8.1625]
time cost: 8.668953895568848
coverage: [0.955  0.935  0.8975 0.845  0.7825]
set size: [16.4025 15.205  13.5575 11.6425 10.15  ]
time cost: 9.779952049255371
computing proposed method with min score...
Conformity scores computed. shape of test:(400, 774)
coverage: [0.9475 0.93   0.9    0.845  0.7825]
set size: [13.5575 12.7675 11.8    10.505   9.4725]
time cost: 1.981560230255127
coverage: [0.9775 0.97   0.9475 0.9225 0.89  ]
set size: [747.105  731.5775 719.0775 685.6825 637.2075]
time cost: 278.8652391433716
finished repeatition: 15 time cost: 2.4301273822784424
Number of samples: 8000 Calibration size: 7600 test size: 400
average infected size: 20.9525
coverage: [0.96   0.9275 0.895  0.8425 0.805 ]
set size: [12.0625 11.055  10.0275  9.0475  8.4075]
time cost: 8.130377054214478
coverage: [0.95   0.94   0.9125 0.855  0.8025]
set size: [16.9425 15.7575 14.05   11.9425 10.3175]
time cost: 8.159687995910645
computing proposed method with min score...
Conformity scores computed. shape of test:(400, 774)
coverage: [0.9525 0.94   0.91   0.8675 0.805 ]
set size: [14.0125 13.2425 12.255  10.9725  9.7275]
time cost: 1.993401050567627
coverage: [0.98   0.975  0.9375 0.9    0.855 ]
set size: [748.8225 729.37   708.29   658.5025 613.13  ]
time cost: 312.0558543205261
finished repeatition: 16 time cost: 2.43906307220459
Number of samples: 8000 Calibration size: 7600 test size: 400
average infected size: 19.525
coverage: [0.9425 0.925  0.8875 0.83   0.7825]
set size: [11.2425 10.3175  9.39    8.46    7.9025]
time cost: 7.207669258117676
coverage: [0.96   0.9375 0.91   0.86   0.8225]
set size: [16.495  15.33   13.815  11.8475 10.4325]
time cost: 8.796531438827515
computing proposed method with min score...
Conformity scores computed. shape of test:(400, 774)
coverage: [0.9525 0.9425 0.925  0.87   0.8325]
set size: [13.7075 13.1275 12.2175 10.9275  9.835 ]
time cost: 1.9923288822174072
coverage: [0.9875 0.975  0.955  0.925  0.89  ]
set size: [751.4775 742.5475 720.22   688.6225 643.53  ]
time cost: 263.15131163597107
finished repeatition: 17 time cost: 2.434497833251953
Number of samples: 8000 Calibration size: 7600 test size: 400
average infected size: 19.88
coverage: [0.9425 0.925  0.8925 0.8325 0.785 ]
set size: [11.3525 10.48    9.4725  8.5175  7.93  ]
time cost: 7.809866905212402
coverage: [0.9525 0.9225 0.8875 0.8325 0.7925]
set size: [16.19   14.9625 13.44   11.62   10.1825]
time cost: 8.868475437164307
computing proposed method with min score...
Conformity scores computed. shape of test:(400, 774)
coverage: [0.945  0.9325 0.91   0.8625 0.81  ]
set size: [13.3225 12.615  11.6675 10.52    9.405 ]
time cost: 2.003761053085327
coverage: [0.9925 0.98   0.975  0.935  0.875 ]
set size: [756.7775 750.5125 729.625  678.905  639.305 ]
time cost: 229.8074827194214
finished repeatition: 18 time cost: 2.451721429824829
Number of samples: 8000 Calibration size: 7600 test size: 400
average infected size: 20.765
coverage: [0.955  0.9325 0.915  0.865  0.825 ]
set size: [11.84   10.8875  9.87    8.88    8.255 ]
time cost: 5.788764476776123
coverage: [0.9425 0.925  0.905  0.8525 0.7925]
set size: [16.3325 15.0425 13.425  11.5275 10.085 ]
time cost: 6.622792720794678
computing proposed method with min score...
Conformity scores computed. shape of test:(400, 774)
coverage: [0.96   0.9325 0.895  0.8475 0.785 ]
set size: [13.6225 12.7975 11.755  10.4875  9.32  ]
time cost: 1.9977588653564453
coverage: [0.9925 0.975  0.965  0.9225 0.8875]
set size: [752.66   742.64   723.2025 675.81   632.05  ]
time cost: 263.5890474319458
finished repeatition: 19 time cost: 2.4453516006469727
Number of samples: 8000 Calibration size: 7600 test size: 400
average infected size: 20.995
coverage: [0.945  0.935  0.885  0.8275 0.7825]
set size: [11.8975 10.93    9.8425  8.88    8.2325]
time cost: 5.78682279586792
coverage: [0.945  0.93   0.8925 0.8475 0.7925]
set size: [16.2075 15.075  13.46   11.555  10.0225]
time cost: 5.693699359893799
computing proposed method with min score...
Conformity scores computed. shape of test:(400, 774)
coverage: [0.9425 0.9375 0.9025 0.8475 0.82  ]
set size: [13.2925 12.615  11.615  10.3925  9.29  ]
time cost: 2.002779245376587
coverage: [0.99   0.98   0.935  0.8975 0.8625]
set size: [751.7175 720.4925 701.1125 665.765  636.5975]
time cost: 256.6614348888397
finished repeatition: 20 time cost: 2.451198101043701
Number of samples: 8000 Calibration size: 7600 test size: 400
average infected size: 20.0875
coverage: [0.9375 0.92   0.89   0.835  0.7875]
set size: [11.4675 10.55    9.5775  8.6475  8.04  ]
time cost: 5.923642158508301
coverage: [0.9525 0.945  0.9075 0.855  0.8125]
set size: [16.2625 15.1725 13.59   11.7425 10.3275]
time cost: 6.655911445617676
computing proposed method with min score...
Conformity scores computed. shape of test:(400, 774)
coverage: [0.9575 0.925  0.9025 0.86   0.8175]
set size: [13.385  12.6175 11.705  10.52    9.6275]
time cost: 1.9893369674682617
coverage: [0.995  0.98   0.955  0.925  0.8925]
set size: [759.2375 739.55   720.175  688.9925 642.1025]
time cost: 297.11340379714966
finished repeatition: 21 time cost: 2.4362173080444336
Number of samples: 8000 Calibration size: 7600 test size: 400
average infected size: 20.32
coverage: [0.9475 0.935  0.9125 0.86   0.805 ]
set size: [11.695  10.7575  9.775   8.83    8.1775]
time cost: 6.478115797042847
coverage: [0.9575 0.925  0.8975 0.855  0.8125]
set size: [16.325  15.165  13.655  11.705  10.2575]
time cost: 7.946342945098877
computing proposed method with min score...
Conformity scores computed. shape of test:(400, 774)
coverage: [0.9525 0.9425 0.9025 0.8575 0.8125]
set size: [13.61   12.925  11.92   10.715   9.6475]
time cost: 1.9849927425384521
coverage: [0.9875 0.9775 0.9575 0.9025 0.8575]
set size: [753.5825 737.615  708.4175 661.02   630.8525]
time cost: 280.4053862094879
finished repeatition: 22 time cost: 2.4374241828918457
Number of samples: 8000 Calibration size: 7600 test size: 400
average infected size: 20.5325
coverage: [0.955  0.9375 0.9075 0.86   0.795 ]
set size: [11.7925 10.8975  9.8125  8.9175  8.2425]
time cost: 6.455593109130859
coverage: [0.9425 0.9225 0.9025 0.8575 0.81  ]
set size: [16.64   15.415  13.8075 11.875  10.3525]
time cost: 6.66649055480957
computing proposed method with min score...
Conformity scores computed. shape of test:(400, 774)
coverage: [0.95   0.93   0.8975 0.855  0.8025]
set size: [13.6925 12.9375 11.9875 10.795   9.695 ]
time cost: 2.00073504447937
coverage: [0.985  0.98   0.9525 0.92   0.8525]
set size: [754.07   737.605  711.055  662.4375 607.8975]
time cost: 294.76858162879944
finished repeatition: 23 time cost: 2.4438958168029785
Number of samples: 8000 Calibration size: 7600 test size: 400
average infected size: 21.075
coverage: [0.955  0.9225 0.8925 0.8275 0.775 ]
set size: [12.085 11.085 10.045  9.06   8.395]
time cost: 7.475461483001709
coverage: [0.935  0.9225 0.89   0.8275 0.77  ]
set size: [15.9825 14.875  13.24   11.24    9.6975]
time cost: 7.797585725784302
computing proposed method with min score...
Conformity scores computed. shape of test:(400, 774)
coverage: [0.93   0.9125 0.8825 0.845  0.79  ]
set size: [13.41   12.6275 11.6475 10.305   9.19  ]
time cost: 1.9874992370605469
coverage: [0.99   0.9825 0.9525 0.93   0.87  ]
set size: [757.5525 744.915  720.3375 673.57   630.765 ]
time cost: 238.5254945755005
finished repeatition: 24 time cost: 2.432882785797119
Number of samples: 8000 Calibration size: 7600 test size: 400
average infected size: 20.345
coverage: [0.9525 0.92   0.8875 0.8425 0.78  ]
set size: [11.6925 10.755   9.735   8.8     8.165 ]
time cost: 8.695279121398926
coverage: [0.9675 0.95   0.9375 0.8975 0.8325]
set size: [16.8575 15.65   14.1125 12.1925 10.57  ]
time cost: 8.664449214935303
computing proposed method with min score...
Conformity scores computed. shape of test:(400, 774)
coverage: [0.9525 0.935  0.91   0.885  0.855 ]
set size: [13.71   13.0275 12.11   11.0275 10.0125]
time cost: 1.9912080764770508
coverage: [0.99  0.985 0.95  0.92  0.885]
set size: [752.51   736.3175 716.2525 674.055  626.985 ]
time cost: 242.61659574508667
finished repeatition: 25 time cost: 2.435232400894165
Number of samples: 8000 Calibration size: 7600 test size: 400
average infected size: 21.1975
coverage: [0.9375 0.925  0.8925 0.8525 0.805 ]
set size: [12.0825 11.09   10.0425  9.105   8.4375]
time cost: 8.652858972549438
coverage: [0.94   0.9075 0.8775 0.8125 0.7725]
set size: [16.1425 14.9225 13.3875 11.445  10.0325]
time cost: 9.669113874435425
computing proposed method with min score...
Conformity scores computed. shape of test:(400, 774)
coverage: [0.9475 0.9125 0.86   0.8075 0.76  ]
set size: [13.37   12.555  11.495  10.3325  9.2775]
time cost: 1.9807243347167969
coverage: [0.985  0.97   0.9525 0.92   0.875 ]
set size: [749.0925 736.1125 717.2325 674.975  642.795 ]
time cost: 252.53379321098328
finished repeatition: 26 time cost: 2.425926446914673
Number of samples: 8000 Calibration size: 7600 test size: 400
average infected size: 20.735
coverage: [0.9475 0.9225 0.9025 0.8325 0.7925]
set size: [11.9075 10.93    9.9475  8.9375  8.3025]
time cost: 7.418207406997681
coverage: [0.96   0.945  0.9075 0.8625 0.81  ]
set size: [16.71   15.455  13.72   11.7625 10.2675]
time cost: 8.061928749084473
computing proposed method with min score...
Conformity scores computed. shape of test:(400, 774)
coverage: [0.96   0.93   0.9025 0.85   0.8025]
set size: [13.88   12.985  11.9475 10.6825  9.535 ]
time cost: 2.0001001358032227
coverage: [0.9825 0.9775 0.9625 0.9225 0.86  ]
set size: [752.5025 742.515  713.765  666.2525 620.41  ]
time cost: 258.6905961036682
finished repeatition: 27 time cost: 2.4507808685302734
Number of samples: 8000 Calibration size: 7600 test size: 400
average infected size: 20.0225
coverage: [0.945  0.925  0.8825 0.82   0.795 ]
set size: [11.435  10.5225  9.5275  8.5775  7.985 ]
time cost: 6.983859062194824
coverage: [0.96   0.9275 0.8775 0.8125 0.7675]
set size: [15.9975 14.7725 13.1025 11.2075  9.745 ]
time cost: 9.80217695236206
computing proposed method with min score...
Conformity scores computed. shape of test:(400, 774)
coverage: [0.9575 0.9275 0.8975 0.8525 0.8025]
set size: [13.405  12.6175 11.605  10.4425  9.2725]
time cost: 1.96748685836792
coverage: [0.9925 0.98   0.9675 0.9275 0.8775]
set size: [757.     746.175  718.5275 680.8625 639.0375]
time cost: 211.56518030166626
finished repeatition: 28 time cost: 2.4147801399230957
Number of samples: 8000 Calibration size: 7600 test size: 400
average infected size: 21.5575
coverage: [0.9475 0.925  0.9    0.855  0.81  ]
set size: [12.3475 11.33   10.2925  9.285   8.625 ]
time cost: 6.838800430297852
coverage: [0.945  0.93   0.9    0.8475 0.81  ]
set size: [16.8625 15.62   13.9875 12.015  10.535 ]
time cost: 9.835742712020874
computing proposed method with min score...
Conformity scores computed. shape of test:(400, 774)
coverage: [0.94   0.93   0.89   0.84   0.7975]
set size: [13.825  13.115  12.0875 10.855   9.83  ]
time cost: 1.992708444595337
coverage: [0.97   0.97   0.945  0.9075 0.8575]
set size: [743.76   729.7725 705.1025 666.4025 620.1675]
time cost: 238.41530990600586
finished repeatition: 29 time cost: 2.4383554458618164
Number of samples: 8000 Calibration size: 7600 test size: 400
average infected size: 21.4575
coverage: [0.9425 0.9275 0.89   0.8425 0.7775]
set size: [12.2425 11.32   10.255   9.2425  8.5675]
time cost: 6.466342210769653
coverage: [0.9225 0.895  0.8625 0.8125 0.755 ]
set size: [16.6425 15.415  13.7075 11.71   10.12  ]
time cost: 8.038969039916992
computing proposed method with min score...
Conformity scores computed. shape of test:(400, 774)
coverage: [0.915 0.905 0.875 0.82  0.78 ]
set size: [13.9125 13.0975 12.0525 10.7475  9.55  ]
time cost: 2.0108535289764404
coverage: [0.985  0.9775 0.935  0.9025 0.8625]
set size: [747.9775 726.72   701.1425 668.8075 602.52  ]
time cost: 268.7046675682068
finished repeatition: 30 time cost: 2.4528567790985107
Number of samples: 8000 Calibration size: 7600 test size: 400
average infected size: 20.5125
coverage: [0.9425 0.91   0.885  0.84   0.7975]
set size: [11.805  10.7825  9.8225  8.88    8.2425]
time cost: 6.679924488067627
coverage: [0.965  0.9475 0.93   0.87   0.8275]
set size: [17.0425 15.825  14.145  12.005  10.4275]
time cost: 7.471773862838745
computing proposed method with min score...
Conformity scores computed. shape of test:(400, 774)
coverage: [0.96   0.95   0.9325 0.8725 0.8375]
set size: [14.2175 13.4725 12.5075 11.1825  9.9825]
time cost: 1.755544900894165
coverage: [0.9775 0.9625 0.93   0.8975 0.865 ]
set size: [740.6875 724.7975 700.3325 664.3375 630.7825]
time cost: 264.3290421962738
finished repeatition: 31 time cost: 2.201662302017212
Number of samples: 8000 Calibration size: 7600 test size: 400
average infected size: 21.19
coverage: [0.9675 0.94   0.91   0.8625 0.8025]
set size: [12.305  11.3175 10.235   9.26    8.6125]
time cost: 4.712457180023193
coverage: [0.9425 0.9125 0.8825 0.8275 0.7825]
set size: [17.4175 16.125  14.42   12.385  10.835 ]
time cost: 5.8621156215667725
computing proposed method with min score...
Conformity scores computed. shape of test:(400, 774)
coverage: [0.96   0.9275 0.8975 0.835  0.7775]
set size: [14.75   13.8825 12.735  11.285  10.05  ]
time cost: 1.4228003025054932
coverage: [0.9925 0.9775 0.96   0.93   0.885 ]
set size: [756.7775 739.9725 723.795  678.9075 633.6575]
time cost: 270.203412771225
finished repeatition: 32 time cost: 1.711057424545288
Number of samples: 8000 Calibration size: 7600 test size: 400
average infected size: 20.84
coverage: [0.9675 0.9275 0.905  0.84   0.7975]
set size: [12.035  11.0425 10.0275  9.04    8.3875]
time cost: 6.20751690864563
coverage: [0.94   0.9225 0.885  0.8425 0.8   ]
set size: [16.68   15.535  13.8525 11.96   10.5225]
time cost: 6.02674126625061
computing proposed method with min score...
Conformity scores computed. shape of test:(400, 774)
coverage: [0.94   0.9325 0.9    0.8475 0.7925]
set size: [13.97   13.2425 12.245  10.9425  9.7125]
time cost: 1.2642357349395752
coverage: [0.97   0.97   0.95   0.915  0.8725]
set size: [744.67   732.2575 715.235  676.155  643.185 ]
time cost: 240.19291925430298
finished repeatition: 33 time cost: 1.552262306213379
Number of samples: 8000 Calibration size: 7600 test size: 400
average infected size: 21.2075
coverage: [0.935  0.9175 0.895  0.8525 0.8   ]
set size: [12.1425 11.145  10.1325  9.175   8.485 ]
time cost: 8.58958101272583
coverage: [0.9525 0.94   0.905  0.8475 0.7875]
set size: [16.875  15.5825 13.865  11.815  10.165 ]
time cost: 9.411512613296509
computing proposed method with min score...
Conformity scores computed. shape of test:(400, 774)
coverage: [0.96   0.9325 0.895  0.8625 0.8   ]
set size: [14.12   13.29   12.2775 10.905   9.6825]
time cost: 1.2752366065979004
coverage: [0.98   0.9625 0.935  0.885  0.8375]
set size: [739.3475 719.78   692.3975 642.865  602.9225]
time cost: 327.4839723110199
finished repeatition: 34 time cost: 1.558396577835083
Number of samples: 8000 Calibration size: 7600 test size: 400
average infected size: 19.8675
coverage: [0.9425 0.915  0.885  0.8375 0.765 ]
set size: [11.3825 10.4425  9.49    8.5775  7.9525]
time cost: 5.794940233230591
coverage: [0.945  0.93   0.905  0.8625 0.8125]
set size: [16.0425 14.8825 13.3    11.42    9.95  ]
time cost: 6.611016035079956
computing proposed method with min score...
Conformity scores computed. shape of test:(400, 774)
coverage: [0.9575 0.9425 0.91   0.8475 0.8075]
set size: [13.4125 12.6975 11.7075 10.42    9.3675]
time cost: 1.2685956954956055
coverage: [0.99  0.975 0.95  0.905 0.875]
set size: [747.5375 735.4    716.6975 675.7725 635.5275]
time cost: 308.835058927536
finished repeatition: 35 time cost: 1.551424503326416
Number of samples: 8000 Calibration size: 7600 test size: 400
average infected size: 20.4575
coverage: [0.945  0.9275 0.9225 0.8775 0.8375]
set size: [11.745  10.785   9.8025  8.8775  8.2525]
time cost: 5.733736038208008
coverage: [0.95  0.925 0.89  0.83  0.765]
set size: [16.2675 15.17   13.6025 11.6475 10.1125]
time cost: 7.733831405639648
computing proposed method with min score...
Conformity scores computed. shape of test:(400, 774)
coverage: [0.9475 0.9075 0.87   0.815  0.785 ]
set size: [13.6725 12.96   11.9725 10.7175  9.6125]
time cost: 1.2572944164276123
coverage: [0.9775 0.97   0.955  0.9175 0.8675]
set size: [748.3075 737.22   711.9125 675.1475 631.0975]
time cost: 250.53836798667908
finished repeatition: 36 time cost: 1.5403947830200195
Number of samples: 8000 Calibration size: 7600 test size: 400
average infected size: 20.0525
coverage: [0.96   0.935  0.9175 0.865  0.81  ]
set size: [11.5425 10.585   9.62    8.7     8.095 ]
time cost: 6.76206374168396
coverage: [0.96   0.9525 0.93   0.8675 0.825 ]
set size: [16.84   15.6575 14.0175 12.04   10.57  ]
time cost: 7.504469633102417
computing proposed method with min score...
Conformity scores computed. shape of test:(400, 774)
coverage: [0.9725 0.95   0.925  0.89   0.8325]
set size: [13.9975 13.32   12.36   11.1925 10.08  ]
time cost: 1.268941879272461
coverage: [0.9875 0.9675 0.9475 0.91   0.8675]
set size: [747.185  729.27   705.5875 674.0675 637.5175]
time cost: 290.41083669662476
finished repeatition: 37 time cost: 1.5539567470550537
Number of samples: 8000 Calibration size: 7600 test size: 400
average infected size: 20.5075
coverage: [0.9375 0.9175 0.8875 0.83   0.7775]
set size: [11.64   10.685   9.6625  8.7175  8.0825]
time cost: 8.568166017532349
coverage: [0.9425 0.9175 0.8925 0.85   0.8   ]
set size: [15.94  14.755 13.215 11.375  9.94 ]
time cost: 7.995055675506592
computing proposed method with min score...
Conformity scores computed. shape of test:(400, 774)
coverage: [0.94   0.9175 0.8925 0.8425 0.7975]
set size: [12.9975 12.265  11.325  10.1     9.105 ]
time cost: 1.2650716304779053
coverage: [0.985  0.97   0.945  0.9275 0.9   ]
set size: [747.6225 729.7375 719.385  688.6875 647.6875]
time cost: 277.8083748817444
finished repeatition: 38 time cost: 1.551529884338379
Number of samples: 8000 Calibration size: 7600 test size: 400
average infected size: 20.4475
coverage: [0.95   0.92   0.8925 0.8275 0.8   ]
set size: [11.6925 10.685   9.6575  8.7275  8.095 ]
time cost: 6.984771966934204
coverage: [0.96   0.94   0.915  0.8675 0.825 ]
set size: [16.2925 15.1275 13.5775 11.6525 10.2775]
time cost: 7.723226547241211
computing proposed method with min score...
Conformity scores computed. shape of test:(400, 774)
coverage: [0.965  0.9525 0.9175 0.8725 0.8225]
set size: [13.27   12.5475 11.585  10.465   9.4875]
time cost: 1.258206844329834
coverage: [0.9775 0.9675 0.9425 0.905  0.8675]
set size: [746.9225 732.9525 705.1625 666.06   632.3825]
time cost: 288.3907268047333
finished repeatition: 39 time cost: 1.5453927516937256
Number of samples: 8000 Calibration size: 7600 test size: 400
average infected size: 20.965
coverage: [0.96   0.94   0.9125 0.865  0.8125]
set size: [12.01   11.045  10.0375  9.035   8.3425]
time cost: 7.20000958442688
coverage: [0.9525 0.9325 0.9075 0.85   0.7925]
set size: [16.515  15.3725 13.7125 11.685  10.1875]
time cost: 7.710949659347534
computing proposed method with min score...
Conformity scores computed. shape of test:(400, 774)
coverage: [0.95   0.9225 0.8975 0.8525 0.8175]
set size: [13.7625 12.92   11.91   10.6075  9.605 ]
time cost: 1.2873647212982178
coverage: [0.98   0.96   0.9375 0.8925 0.84  ]
set size: [741.6775 723.965  702.415  646.995  602.105 ]
time cost: 296.02102541923523
finished repeatition: 40 time cost: 1.6077523231506348
Number of samples: 8000 Calibration size: 7600 test size: 400
average infected size: 20.0275
coverage: [0.945  0.9375 0.9125 0.86   0.8075]
set size: [11.5175 10.6375  9.6475  8.6875  8.0675]
time cost: 8.751091480255127
coverage: [0.94   0.925  0.91   0.8475 0.7875]
set size: [16.2675 15.085  13.495  11.55   10.01  ]
time cost: 9.725562810897827
computing proposed method with min score...
Conformity scores computed. shape of test:(400, 774)
coverage: [0.9525 0.93   0.8925 0.8325 0.7775]
set size: [13.765  12.9375 11.8875 10.535   9.3675]
time cost: 1.261812448501587
coverage: [0.98   0.9725 0.9575 0.9075 0.875 ]
set size: [750.575  741.675  717.9825 672.2675 641.7425]
time cost: 277.3963465690613
finished repeatition: 41 time cost: 1.543656349182129
Number of samples: 8000 Calibration size: 7600 test size: 400
average infected size: 19.43
coverage: [0.9475 0.9275 0.8875 0.8325 0.7525]
set size: [11.2575 10.34    9.3675  8.4825  7.895 ]
time cost: 7.505038022994995
coverage: [0.9575 0.9425 0.91   0.85   0.8125]
set size: [16.455  15.31   13.72   11.79   10.3375]
time cost: 8.235249996185303
computing proposed method with min score...
Conformity scores computed. shape of test:(400, 774)
coverage: [0.9575 0.9325 0.905  0.8675 0.83  ]
set size: [13.6975 13.005  12.0175 10.8375  9.8425]
time cost: 1.2597801685333252
coverage: [0.9925 0.9775 0.9675 0.9225 0.8825]
set size: [757.16  746.395 720.6   680.98  645.4  ]
time cost: 292.0562627315521
finished repeatition: 42 time cost: 1.5440137386322021
Number of samples: 8000 Calibration size: 7600 test size: 400
average infected size: 20.83
coverage: [0.9675 0.9425 0.92   0.8675 0.8175]
set size: [11.9925 11.0275 10.005   9.005   8.3775]
time cost: 7.797732591629028
coverage: [0.94   0.9125 0.8825 0.84   0.795 ]
set size: [16.2475 15.04   13.445  11.52   10.075 ]
time cost: 9.00261378288269
computing proposed method with min score...
Conformity scores computed. shape of test:(400, 774)
coverage: [0.94   0.915  0.875  0.8375 0.7725]
set size: [13.64 12.84 11.73 10.5   9.28]
time cost: 1.2636802196502686
coverage: [0.98   0.9675 0.9525 0.9125 0.8775]
set size: [745.8475 737.875  714.895  681.4875 631.455 ]
time cost: 299.9240653514862
finished repeatition: 43 time cost: 1.5481550693511963
Number of samples: 8000 Calibration size: 7600 test size: 400
average infected size: 19.925
coverage: [0.93   0.9025 0.8725 0.8325 0.785 ]
set size: [11.3125 10.3575  9.415   8.53    7.8775]
time cost: 8.659603357315063
coverage: [0.96   0.93   0.9    0.8425 0.7975]
set size: [15.765  14.575  13.0525 11.2325  9.82  ]
time cost: 9.989958047866821
computing proposed method with min score...
Conformity scores computed. shape of test:(400, 774)
coverage: [0.945  0.9225 0.9    0.8675 0.815 ]
set size: [12.7725 12.055  11.24   10.2425  9.275 ]
time cost: 1.2702736854553223
coverage: [0.9875 0.975  0.955  0.915  0.89  ]
set size: [750.51   737.315  716.1775 683.56   650.17  ]
time cost: 244.64893078804016
finished repeatition: 44 time cost: 1.5511207580566406
Number of samples: 8000 Calibration size: 7600 test size: 400
average infected size: 20.34
coverage: [0.9525 0.9325 0.915  0.855  0.795 ]
set size: [11.6875 10.7675  9.7925  8.8325  8.195 ]
time cost: 8.057488441467285
coverage: [0.97   0.9225 0.875  0.8225 0.7725]
set size: [16.4875 15.155  13.51   11.51   10.0625]
time cost: 8.765123844146729
computing proposed method with min score...
Conformity scores computed. shape of test:(400, 774)
coverage: [0.9475 0.9225 0.8875 0.83   0.7825]
set size: [13.7025 12.9575 12.     10.655   9.4875]
time cost: 1.2677996158599854
coverage: [0.9825 0.975  0.95   0.9    0.87  ]
set size: [747.98   731.8025 700.645  667.2075 629.21  ]
time cost: 238.53808426856995
finished repeatition: 45 time cost: 1.5515384674072266
Number of samples: 8000 Calibration size: 7600 test size: 400
average infected size: 21.195
coverage: [0.9475 0.9225 0.8875 0.84   0.79  ]
set size: [12.215  11.205  10.14    9.1775  8.5325]
time cost: 8.696432113647461
coverage: [0.935  0.9125 0.885  0.8275 0.7775]
set size: [16.95   15.675  13.9375 11.7775 10.26  ]
time cost: 9.793921947479248
computing proposed method with min score...
Conformity scores computed. shape of test:(400, 774)
coverage: [0.945  0.9225 0.89   0.8375 0.775 ]
set size: [14.33   13.495  12.43   11.015   9.7025]
time cost: 1.2657861709594727
coverage: [0.9825 0.9725 0.955  0.92   0.85  ]
set size: [751.8125 736.8075 713.745  659.6575 608.5625]
time cost: 252.9263002872467
finished repeatition: 46 time cost: 1.552248239517212
Number of samples: 8000 Calibration size: 7600 test size: 400
average infected size: 20.7275
coverage: [0.945  0.915  0.8925 0.8375 0.775 ]
set size: [11.8425 10.845   9.8775  8.9075  8.255 ]
time cost: 8.434905529022217
coverage: [0.9525 0.92   0.89   0.8425 0.78  ]
set size: [16.115  14.9025 13.3025 11.2925  9.7675]
time cost: 7.315136671066284
computing proposed method with min score...
Conformity scores computed. shape of test:(400, 774)
coverage: [0.9475 0.93   0.885  0.8425 0.7925]
set size: [13.4125 12.645  11.62   10.34    9.2275]
time cost: 1.2774126529693604
coverage: [0.9725 0.9575 0.9325 0.895  0.8675]
set size: [742.3175 722.95   695.585  667.345  628.015 ]
time cost: 267.5610148906708
finished repeatition: 47 time cost: 1.559854507446289
Number of samples: 8000 Calibration size: 7600 test size: 400
average infected size: 20.64
coverage: [0.9375 0.9    0.865  0.83   0.79  ]
set size: [11.72   10.71    9.735   8.805   8.1575]
time cost: 7.581193685531616
coverage: [0.945  0.9225 0.8925 0.845  0.79  ]
set size: [16.205  14.94   13.275  11.225   9.6475]
time cost: 8.277320623397827
computing proposed method with min score...
Conformity scores computed. shape of test:(400, 774)
coverage: [0.9575 0.935  0.8975 0.855  0.7875]
set size: [13.54   12.665  11.6175 10.285   9.0275]
time cost: 1.2707023620605469
coverage: [0.9825 0.9625 0.9475 0.9025 0.8725]
set size: [744.84   728.485  701.4425 673.1675 622.135 ]
time cost: 272.35987663269043
finished repeatition: 48 time cost: 1.553959846496582
Number of samples: 8000 Calibration size: 7600 test size: 400
average infected size: 20.5
coverage: [0.94   0.9225 0.9075 0.8475 0.7925]
set size: [11.7625 10.8175  9.8575  8.8875  8.22  ]
time cost: 7.260231018066406
coverage: [0.9525 0.9225 0.8875 0.845  0.805 ]
set size: [16.4475 15.2025 13.5275 11.615  10.0975]
time cost: 8.131098747253418
computing proposed method with min score...
Conformity scores computed. shape of test:(400, 774)
coverage: [0.9425 0.9325 0.9025 0.8475 0.8125]
set size: [13.8225 13.065  12.085  10.725   9.5425]
time cost: 1.254105567932129
coverage: [0.9825 0.9775 0.9625 0.91   0.8725]
set size: [752.505  739.485  711.98   669.3825 622.495 ]
time cost: 234.81779074668884
finished repeatition: 49 time cost: 1.5699641704559326

Coverage Results:
Method    α=0.05         α=0.07         α=0.10         α=0.15         α=0.20         
-------------------------------------------------------------------------------------
set_recall0.950 ± 0.010  0.928 ± 0.011  0.899 ± 0.013  0.847 ± 0.015  0.796 ± 0.017  
set_prec  0.949 ± 0.009  0.928 ± 0.012  0.898 ± 0.015  0.847 ± 0.017  0.798 ± 0.018  
set_min   0.950 ± 0.010  0.929 ± 0.011  0.898 ± 0.014  0.849 ± 0.016  0.801 ± 0.018  
ArbiTree-CQC0.983 ± 0.007  0.971 ± 0.008  0.948 ± 0.013  0.910 ± 0.014  0.867 ± 0.016  

Set Size Results:
Method    α=0.05         α=0.07         α=0.10         α=0.15         α=0.20         
-------------------------------------------------------------------------------------
set_recall11.856 ± 0.338 10.888 ± 0.312 9.874 ± 0.279  8.912 ± 0.248  8.273 ± 0.230  
set_prec  16.493 ± 0.384 15.289 ± 0.361 13.670 ± 0.327 11.719 ± 0.291 10.229 ± 0.283 
set_min   13.697 ± 0.374 12.934 ± 0.356 11.944 ± 0.327 10.692 ± 0.285 9.576 ± 0.265  
ArbiTree-CQC748.169 ± 6.251733.270 ± 8.553710.206 ± 10.059669.028 ± 11.733626.742 ± 13.943

Time Cost Results:
Method    α=0.05         α=0.07         α=0.10         α=0.15         α=0.20         
-------------------------------------------------------------------------------------
set_recall7.151 ± 1.257  7.151 ± 1.257  7.151 ± 1.257  7.151 ± 1.257  7.151 ± 1.257  
set_prec  7.944 ± 1.479  7.944 ± 1.479  7.944 ± 1.479  7.944 ± 1.479  7.944 ± 1.479  
set_min   1.730 ± 0.344  1.730 ± 0.344  1.730 ± 0.344  1.730 ± 0.344  1.730 ± 0.344  
ArbiTree-CQC271.412 ± 25.118271.412 ± 25.118271.412 ± 25.118271.412 ± 25.118271.412 ± 25.118
finished.
