2025-09-16 21:39:30.862859: I tensorflow/stream_executor/platform/default/dso_loader.cc:48] Successfully opened dynamic library libcudart.so.10.1
Number of nodes: 774
Number of edges: 7992
Number of samples: 8000 Calibration size: 7600 test size: 400
average infected size: 59.365
coverage: [0.935  0.915  0.8875 0.84   0.78  ]
set size: [54.17   53.4025 52.505  51.285  50.11  ]
time cost: 2.1073055267333984
coverage: [0.955  0.9375 0.9    0.84   0.79  ]
set size: [61.6175 60.19   57.9475 54.895  52.34  ]
time cost: 2.0279793739318848
computing proposed method with min score...
Conformity scores computed. shape of test:(400, 774)
coverage: [0.955  0.93   0.895  0.8425 0.7825]
set size: [54.55   53.815  52.625  51.305  50.0875]
time cost: 2.118256092071533
coverage: [1. 1. 1. 1. 1.]
set size: [770.6    770.455  770.3625 770.25   770.1875]
time cost: 413.26532554626465
finished repeatition: 0 time cost: 3.084524154663086
Number of samples: 8000 Calibration size: 7600 test size: 400
average infected size: 59.365
coverage: [0.935  0.915  0.8875 0.84   0.78  ]
set size: [54.17   53.4025 52.505  51.285  50.11  ]
time cost: 9.400721073150635
coverage: [0.955  0.9375 0.9    0.84   0.79  ]
set size: [61.6175 60.19   57.9475 54.895  52.34  ]
time cost: 9.961727857589722
computing proposed method with min score...
Conformity scores computed. shape of test:(400, 774)
coverage: [0.955  0.93   0.895  0.8425 0.7825]
set size: [54.55   53.815  52.625  51.305  50.0875]
time cost: 2.059835910797119
coverage: [1. 1. 1. 1. 1.]
set size: [770.6    770.455  770.3625 770.25   770.1875]
time cost: 442.6481931209564
finished repeatition: 1 time cost: 2.5077877044677734
Number of samples: 8000 Calibration size: 7600 test size: 400
average infected size: 58.195
coverage: [0.935  0.9125 0.875  0.8225 0.7625]
set size: [52.935  52.1975 51.3075 50.04   48.92  ]
time cost: 9.012004613876343
coverage: [0.9425 0.9275 0.905  0.8475 0.81  ]
set size: [60.4125 59.1025 57.035  54.25   51.985 ]
time cost: 8.857882261276245
computing proposed method with min score...
Conformity scores computed. shape of test:(400, 774)
coverage: [0.94   0.9275 0.9    0.8325 0.79  ]
set size: [52.9825 52.165  51.1175 49.8925 48.795 ]
time cost: 2.0566964149475098
coverage: [0.9975 0.9975 0.9975 0.995  0.995 ]
set size: [771.82   771.4075 770.975  770.625  770.3325]
time cost: 417.1543779373169
finished repeatition: 2 time cost: 2.508890151977539
Number of samples: 8000 Calibration size: 7600 test size: 400
average infected size: 59.53
coverage: [0.9325 0.92   0.885  0.8325 0.7825]
set size: [54.2825 53.52   52.6375 51.375  50.2025]
time cost: 8.140060901641846
coverage: [0.955  0.9175 0.89   0.835  0.7975]
set size: [61.7375 60.165  57.855  54.7825 52.2225]
time cost: 8.51001501083374
computing proposed method with min score...
Conformity scores computed. shape of test:(400, 774)
coverage: [0.9525 0.94   0.9075 0.85   0.7875]
set size: [54.6275 53.88   52.7575 51.4475 50.2575]
time cost: 2.0560853481292725
coverage: [1. 1. 1. 1. 1.]
set size: [770.945  770.6825 770.3975 770.0775 769.79  ]
time cost: 408.9303984642029
finished repeatition: 3 time cost: 2.5060784816741943
Number of samples: 8000 Calibration size: 7600 test size: 400
average infected size: 58.87
coverage: [0.9525 0.9375 0.9075 0.8675 0.83  ]
set size: [53.7    52.9275 52.045  50.84   49.7025]
time cost: 7.263321876525879
coverage: [0.9825 0.94   0.9025 0.8575 0.7975]
set size: [61.7475 60.255  58.0275 55.07   52.535 ]
time cost: 6.737227916717529
computing proposed method with min score...
Conformity scores computed. shape of test:(400, 774)
coverage: [0.955  0.9475 0.905  0.86   0.82  ]
set size: [53.91   53.145  52.145  50.7925 49.6075]
time cost: 2.0539722442626953
coverage: [1.     1.     1.     1.     0.9975]
set size: [772.35   772.16   771.9775 771.7125 771.3925]
time cost: 418.1445999145508
finished repeatition: 4 time cost: 2.507242441177368
Number of samples: 8000 Calibration size: 7600 test size: 400
average infected size: 59.4225
coverage: [0.9475 0.93   0.9025 0.85   0.795 ]
set size: [54.245  53.4875 52.5975 51.3475 50.19  ]
time cost: 9.401855945587158
coverage: [0.95   0.9325 0.885  0.8225 0.79  ]
set size: [61.1575 59.7125 57.34   54.385  51.85  ]
time cost: 10.228278398513794
computing proposed method with min score...
Conformity scores computed. shape of test:(400, 774)
coverage: [0.94   0.9225 0.895  0.8475 0.7925]
set size: [54.385  53.57   52.5775 51.2425 50.155 ]
time cost: 2.061800718307495
coverage: [1.     1.     1.     0.9975 0.9975]
set size: [771.7225 771.3675 771.085  769.0475 768.4825]
time cost: 415.3207018375397
finished repeatition: 5 time cost: 2.5143651962280273
Number of samples: 8000 Calibration size: 7600 test size: 400
average infected size: 58.925
coverage: [0.9725 0.95   0.9    0.85   0.795 ]
set size: [53.7875 52.985  52.1    50.805  49.685 ]
time cost: 7.586141109466553
coverage: [0.93   0.9175 0.8975 0.865  0.8325]
set size: [60.88   59.5125 57.45   54.68   52.2575]
time cost: 8.971790552139282
computing proposed method with min score...
Conformity scores computed. shape of test:(400, 774)
coverage: [0.9675 0.95   0.9    0.86   0.805 ]
set size: [53.885  53.195  52.1525 50.7725 49.675 ]
time cost: 2.065117597579956
coverage: [1. 1. 1. 1. 1.]
set size: [770.9675 770.77   770.525  770.2675 770.085 ]
time cost: 423.03094244003296
finished repeatition: 6 time cost: 2.515598773956299
Number of samples: 8000 Calibration size: 7600 test size: 400
average infected size: 59.3325
coverage: [0.95  0.93  0.9   0.86  0.795]
set size: [54.1575 53.3825 52.495  51.2575 50.0675]
time cost: 7.8259053230285645
coverage: [0.9325 0.9125 0.89   0.8425 0.8025]
set size: [60.9975 59.5225 57.35   54.39   51.96  ]
time cost: 10.130473613739014
computing proposed method with min score...
Conformity scores computed. shape of test:(400, 774)
coverage: [0.9475 0.935  0.9075 0.8625 0.8125]
set size: [54.255  53.5425 52.435  51.1375 50.02  ]
time cost: 2.069065809249878
coverage: [0.9975 0.9975 0.9975 0.9975 0.9975]
set size: [769.955  769.3875 768.9675 768.5475 768.31  ]
time cost: 375.3384976387024
finished repeatition: 7 time cost: 2.5143747329711914
Number of samples: 8000 Calibration size: 7600 test size: 400
average infected size: 58.84
coverage: [0.9425 0.92   0.8925 0.83   0.78  ]
set size: [53.6325 52.82   51.95   50.725  49.575 ]
time cost: 9.37847900390625
coverage: [0.95   0.925  0.8975 0.86   0.8075]
set size: [61.115  59.7575 57.6    54.775  52.3625]
time cost: 9.49507212638855
computing proposed method with min score...
Conformity scores computed. shape of test:(400, 774)
coverage: [0.945  0.93   0.9025 0.8425 0.775 ]
set size: [53.7675 53.025  51.9375 50.6025 49.445 ]
time cost: 2.0249826908111572
coverage: [1. 1. 1. 1. 1.]
set size: [770.6325 768.9525 768.3075 767.8025 767.45  ]
time cost: 368.61022090911865
finished repeatition: 8 time cost: 2.469297170639038
Number of samples: 8000 Calibration size: 7600 test size: 400
average infected size: 59.5
coverage: [0.9425 0.93   0.9    0.8475 0.8125]
set size: [54.3525 53.555  52.6675 51.395  50.2575]
time cost: 6.7571375370025635
coverage: [0.97   0.955  0.9225 0.8675 0.8075]
set size: [62.255  60.9525 58.8475 55.965  53.4475]
time cost: 6.375908851623535
computing proposed method with min score...
Conformity scores computed. shape of test:(400, 774)
coverage: [0.955  0.935  0.9025 0.845  0.79  ]
set size: [54.5625 53.8225 52.83   51.485  50.295 ]
time cost: 2.055109977722168
coverage: [1. 1. 1. 1. 1.]
set size: [771.565  771.1675 770.7875 770.4225 769.67  ]
time cost: 402.71498131752014
finished repeatition: 9 time cost: 2.507359027862549
Number of samples: 8000 Calibration size: 7600 test size: 400
average infected size: 58.655
coverage: [0.9625 0.955  0.9325 0.885  0.8425]
set size: [53.4975 52.7325 51.88   50.64   49.5075]
time cost: 6.9293529987335205
coverage: [0.96   0.94   0.9225 0.895  0.86  ]
set size: [61.5025 60.23   58.3025 55.6725 53.24  ]
time cost: 8.160243511199951
computing proposed method with min score...
Conformity scores computed. shape of test:(400, 774)
coverage: [0.955  0.9425 0.935  0.9    0.8675]
set size: [53.68   52.9775 51.9875 50.775  49.61  ]
time cost: 2.0600128173828125
coverage: [1.     0.9925 0.99   0.99   0.99  ]
set size: [772.7675 769.9575 765.1125 763.6025 761.28  ]
time cost: 283.83023619651794
finished repeatition: 10 time cost: 2.5070033073425293
Number of samples: 8000 Calibration size: 7600 test size: 400
average infected size: 59.66
coverage: [0.965  0.9375 0.9025 0.8425 0.805 ]
set size: [54.515  53.7275 52.8425 51.585  50.4375]
time cost: 8.144821643829346
coverage: [0.97   0.94   0.88   0.8225 0.7675]
set size: [61.96   60.38   57.8625 54.68   51.975 ]
time cost: 10.071107387542725
computing proposed method with min score...
Conformity scores computed. shape of test:(400, 774)
coverage: [0.96  0.94  0.895 0.84  0.805]
set size: [54.7875 53.9925 52.9725 51.665  50.525 ]
time cost: 2.0661253929138184
coverage: [1.     0.995  0.9825 0.9825 0.9825]
set size: [772.995 771.92  769.2   767.19  766.11 ]
time cost: 355.5531859397888
finished repeatition: 11 time cost: 2.516077756881714
Number of samples: 8000 Calibration size: 7600 test size: 400
average infected size: 58.0
coverage: [0.9375 0.9175 0.8875 0.835  0.7925]
set size: [52.8175 52.015  51.155  49.9325 48.825 ]
time cost: 9.517683267593384
coverage: [0.965  0.9425 0.925  0.89   0.845 ]
set size: [60.6925 59.33   57.285  54.6825 52.4275]
time cost: 11.16461443901062
computing proposed method with min score...
Conformity scores computed. shape of test:(400, 774)
coverage: [0.9075 0.8925 0.875  0.8275 0.7925]
set size: [52.7275 51.99   50.975  49.6825 48.51  ]
time cost: 2.075608015060425
coverage: [1.     0.9975 0.9975 0.995  0.9925]
set size: [772.0625 767.6175 766.0325 764.955  764.3575]
time cost: 304.54713463783264
finished repeatition: 12 time cost: 2.5187015533447266
Number of samples: 8000 Calibration size: 7600 test size: 400
average infected size: 59.8375
coverage: [0.9625 0.955  0.905  0.835  0.7875]
set size: [54.69   53.89   52.99   51.7475 50.58  ]
time cost: 9.058958292007446
coverage: [0.955  0.935  0.9175 0.85   0.79  ]
set size: [61.565  60.1375 57.8875 54.7625 52.1275]
time cost: 9.98098611831665
computing proposed method with min score...
Conformity scores computed. shape of test:(400, 774)
coverage: [0.955  0.9425 0.915  0.86   0.8075]
set size: [54.9175 54.0825 53.0375 51.7225 50.6025]
time cost: 2.0576491355895996
coverage: [1.     1.     0.9975 0.995  0.995 ]
set size: [772.085  770.5075 769.6    768.69   768.0775]
time cost: 379.0309422016144
finished repeatition: 13 time cost: 2.50197434425354
Number of samples: 8000 Calibration size: 7600 test size: 400
average infected size: 59.435
coverage: [0.9625 0.94   0.91   0.86   0.8075]
set size: [54.305  53.4775 52.6125 51.3575 50.2125]
time cost: 8.96798300743103
coverage: [0.98   0.9675 0.935  0.8625 0.795 ]
set size: [62.08   60.73   58.46   55.485  52.8925]
time cost: 10.33499813079834
computing proposed method with min score...
Conformity scores computed. shape of test:(400, 774)
coverage: [0.96   0.94   0.9025 0.8775 0.835 ]
set size: [54.46   53.7325 52.69   51.4825 50.3275]
time cost: 2.0353574752807617
coverage: [1.     0.9975 0.9975 0.9975 0.9975]
set size: [770.665  770.1375 769.63   769.165  768.84  ]
time cost: 422.01732540130615
finished repeatition: 14 time cost: 2.4866998195648193
Number of samples: 8000 Calibration size: 7600 test size: 400
average infected size: 59.035
coverage: [0.94   0.915  0.8875 0.8425 0.8075]
set size: [53.8425 53.03   52.1425 50.8925 49.7675]
time cost: 9.028384685516357
coverage: [0.96   0.9375 0.9    0.86   0.825 ]
set size: [61.4625 59.9825 57.805  54.93   52.5175]
time cost: 8.6651132106781
computing proposed method with min score...
Conformity scores computed. shape of test:(400, 774)
coverage: [0.935  0.9225 0.8975 0.8675 0.835 ]
set size: [53.9    53.145  52.1725 51.0025 50.0225]
time cost: 2.0651774406433105
coverage: [1.     0.99   0.985  0.9825 0.98  ]
set size: [772.88   766.3275 764.3525 763.38   762.9425]
time cost: 303.10068917274475
finished repeatition: 15 time cost: 2.518528938293457
Number of samples: 8000 Calibration size: 7600 test size: 400
average infected size: 59.4425
coverage: [0.965  0.94   0.8975 0.835  0.785 ]
set size: [54.315  53.5    52.615  51.3775 50.2275]
time cost: 7.589954614639282
coverage: [0.955  0.93   0.8925 0.845  0.7875]
set size: [61.425  59.9275 57.6425 54.58   52.0175]
time cost: 8.746835947036743
computing proposed method with min score...
Conformity scores computed. shape of test:(400, 774)
coverage: [0.955  0.9325 0.8975 0.86   0.8175]
set size: [54.525 53.785 52.735 51.49  50.37 ]
time cost: 2.073537588119507
coverage: [1. 1. 1. 1. 1.]
set size: [771.9125 771.6    771.3425 770.98   770.6975]
time cost: 420.5984556674957
finished repeatition: 16 time cost: 2.5232465267181396
Number of samples: 8000 Calibration size: 7600 test size: 400
average infected size: 59.3825
coverage: [0.945  0.93   0.905  0.86   0.8025]
set size: [54.2    53.4475 52.5775 51.35   50.1825]
time cost: 9.500927448272705
coverage: [0.9625 0.9425 0.915  0.845  0.8075]
set size: [61.5175 60.01   57.8175 54.74   52.2325]
time cost: 10.038663148880005
computing proposed method with min score...
Conformity scores computed. shape of test:(400, 774)
coverage: [0.945  0.9225 0.8925 0.8525 0.7925]
set size: [54.525  53.7375 52.7075 51.405  50.2125]
time cost: 2.0757882595062256
coverage: [1. 1. 1. 1. 1.]
set size: [772.96  772.92  772.885 772.79  772.685]
time cost: 497.354216337204
finished repeatition: 17 time cost: 2.529392957687378
Number of samples: 8000 Calibration size: 7600 test size: 400
average infected size: 58.61
coverage: [0.9525 0.9375 0.905  0.8475 0.7875]
set size: [53.425  52.6575 51.7975 50.5125 49.3525]
time cost: 7.411165714263916
coverage: [0.975  0.9675 0.9425 0.9    0.8525]
set size: [61.7475 60.5175 58.51   55.895  53.525 ]
time cost: 8.381691932678223
computing proposed method with min score...
Conformity scores computed. shape of test:(400, 774)
coverage: [0.9525 0.925  0.905  0.855  0.8125]
set size: [53.6375 52.8475 51.82   50.525  49.4675]
time cost: 2.079036235809326
coverage: [1.     1.     0.995  0.9925 0.9925]
set size: [772.885  772.215  765.8025 763.165  762.3675]
time cost: 259.2293519973755
finished repeatition: 18 time cost: 2.530269145965576
Number of samples: 8000 Calibration size: 7600 test size: 400
average infected size: 59.335
coverage: [0.945  0.92   0.8925 0.84   0.79  ]
set size: [54.1275 53.3325 52.4425 51.1975 50.0675]
time cost: 7.761093378067017
coverage: [0.9775 0.96   0.92   0.86   0.81  ]
set size: [62.0725 60.6275 58.36   55.3275 52.8125]
time cost: 7.761739492416382
computing proposed method with min score...
Conformity scores computed. shape of test:(400, 774)
coverage: [0.9425 0.91   0.875  0.825  0.785 ]
set size: [54.285  53.5575 52.45   51.1775 50.0125]
time cost: 2.064455509185791
coverage: [1.     0.9975 0.9975 0.9975 0.9975]
set size: [771.025  770.0875 769.395  768.79   768.3525]
time cost: 367.3020091056824
finished repeatition: 19 time cost: 2.5182549953460693
Number of samples: 8000 Calibration size: 7600 test size: 400
average infected size: 59.7175
coverage: [0.9575 0.94   0.9225 0.88   0.8125]
set size: [54.5375 53.7775 52.9125 51.66   50.475 ]
time cost: 8.635129690170288
coverage: [0.9475 0.925  0.8875 0.8375 0.7625]
set size: [61.23   59.71   57.22   54.2125 51.5725]
time cost: 8.701563119888306
computing proposed method with min score...
Conformity scores computed. shape of test:(400, 774)
coverage: [0.9725 0.955  0.94   0.875  0.8275]
set size: [54.7875 54.065  53.02   51.65   50.455 ]
time cost: 2.055284023284912
coverage: [1.   1.   0.99 0.99 0.99]
set size: [772.9    771.04   765.6475 763.6925 761.1775]
time cost: 286.413476228714
finished repeatition: 20 time cost: 2.5045785903930664
Number of samples: 8000 Calibration size: 7600 test size: 400
average infected size: 59.635
coverage: [0.9625 0.9425 0.915  0.8725 0.825 ]
set size: [54.4525 53.66   52.8075 51.56   50.415 ]
time cost: 7.783565282821655
coverage: [0.9575 0.9325 0.9075 0.845  0.785 ]
set size: [61.6275 60.2075 57.9725 54.94   52.3575]
time cost: 8.387802600860596
computing proposed method with min score...
Conformity scores computed. shape of test:(400, 774)
coverage: [0.975  0.9625 0.935  0.885  0.825 ]
set size: [54.705  53.9475 52.86   51.5775 50.3375]
time cost: 2.0835697650909424
coverage: [1. 1. 1. 1. 1.]
set size: [771.285  770.6775 770.125  769.5475 769.075 ]
time cost: 410.71295642852783
finished repeatition: 21 time cost: 2.533923625946045
Number of samples: 8000 Calibration size: 7600 test size: 400
average infected size: 58.8225
coverage: [0.9525 0.9325 0.9125 0.8875 0.84  ]
set size: [53.6525 52.8625 52.0075 50.765  49.675 ]
time cost: 9.068173885345459
coverage: [0.94   0.9275 0.9025 0.87   0.805 ]
set size: [60.4    58.9775 56.8    53.99   51.4675]
time cost: 8.806431531906128
computing proposed method with min score...
Conformity scores computed. shape of test:(400, 774)
coverage: [0.955  0.9425 0.925  0.865  0.805 ]
set size: [53.6775 52.905  51.8125 50.36   49.2075]
time cost: 2.0561234951019287
coverage: [0.9975 0.9975 0.9975 0.9975 0.9975]
set size: [771.2725 771.05   770.8375 770.6125 770.4475]
time cost: 430.654278755188
finished repeatition: 22 time cost: 2.504753351211548
Number of samples: 8000 Calibration size: 7600 test size: 400
average infected size: 58.8075
coverage: [0.96   0.9475 0.9075 0.8575 0.8125]
set size: [53.665  52.8775 51.9675 50.7325 49.5825]
time cost: 6.085402965545654
coverage: [0.96   0.935  0.9175 0.86   0.81  ]
set size: [61.055  59.6525 57.5825 54.6625 52.2425]
time cost: 7.182336091995239
computing proposed method with min score...
Conformity scores computed. shape of test:(400, 774)
coverage: [0.9525 0.94   0.9075 0.8625 0.82  ]
set size: [53.75   52.96   51.8825 50.5575 49.42  ]
time cost: 2.081209421157837
coverage: [0.995 0.995 0.995 0.995 0.995]
set size: [771.82   770.22   769.0575 768.185  767.4625]
time cost: 363.39627981185913
finished repeatition: 23 time cost: 2.531068801879883
Number of samples: 8000 Calibration size: 7600 test size: 400
average infected size: 60.115
coverage: [0.96   0.93   0.8975 0.8475 0.795 ]
set size: [54.9675 54.16   53.2575 51.9925 50.865 ]
time cost: 7.341024875640869
coverage: [0.9575 0.9375 0.9025 0.845  0.7775]
set size: [62.03   60.6075 58.2925 55.1725 52.4975]
time cost: 8.954023122787476
computing proposed method with min score...
Conformity scores computed. shape of test:(400, 774)
coverage: [0.9625 0.94   0.9125 0.8625 0.82  ]
set size: [55.295  54.4925 53.38   52.0475 50.945 ]
time cost: 2.076669931411743
coverage: [0.9975 0.9975 0.9975 0.9975 0.9975]
set size: [769.4775 767.26   766.3675 765.81   765.43  ]
time cost: 328.7657186985016
finished repeatition: 24 time cost: 2.523343086242676
Number of samples: 8000 Calibration size: 7600 test size: 400
average infected size: 59.2575
coverage: [0.955  0.9375 0.9125 0.8525 0.81  ]
set size: [54.0775 53.2575 52.38   51.115  50.005 ]
time cost: 7.838177919387817
coverage: [0.9625 0.9325 0.9025 0.845  0.79  ]
set size: [61.3725 59.8775 57.555  54.5325 51.98  ]
time cost: 9.366257429122925
computing proposed method with min score...
Conformity scores computed. shape of test:(400, 774)
coverage: [0.9575 0.93   0.885  0.83   0.78  ]
set size: [54.18   53.4075 52.33   51.0375 49.925 ]
time cost: 2.0284416675567627
coverage: [1. 1. 1. 1. 1.]
set size: [772.93   772.88   772.74   772.5125 772.275 ]
time cost: 457.98109102249146
finished repeatition: 25 time cost: 2.4760940074920654
Number of samples: 8000 Calibration size: 7600 test size: 400
average infected size: 58.6225
coverage: [0.9525 0.935  0.9025 0.845  0.81  ]
set size: [53.4475 52.7075 51.82   50.5875 49.4725]
time cost: 8.848775625228882
coverage: [0.94   0.925  0.895  0.85   0.8025]
set size: [60.43   59.0625 56.8225 53.945  51.5225]
time cost: 10.098477363586426
computing proposed method with min score...
Conformity scores computed. shape of test:(400, 774)
coverage: [0.95   0.9425 0.91   0.8575 0.805 ]
set size: [53.635  52.9125 51.84   50.44   49.325 ]
time cost: 2.045048236846924
coverage: [1. 1. 1. 1. 1.]
set size: [772.54   770.7325 769.4875 768.2375 767.6375]
time cost: 350.4431245326996
finished repeatition: 26 time cost: 2.4989852905273438
Number of samples: 8000 Calibration size: 7600 test size: 400
average infected size: 60.18
coverage: [0.925  0.905  0.8825 0.825  0.765 ]
set size: [54.895  54.155  53.3    52.0275 50.85  ]
time cost: 7.390549421310425
coverage: [0.9425 0.9275 0.9025 0.8375 0.78  ]
set size: [61.7325 60.37   58.065  54.9    52.2375]
time cost: 8.323946952819824
computing proposed method with min score...
Conformity scores computed. shape of test:(400, 774)
coverage: [0.9275 0.905  0.885  0.835  0.78  ]
set size: [55.02  54.275 53.185 51.96  50.77 ]
time cost: 2.060678720474243
coverage: [1. 1. 1. 1. 1.]
set size: [773. 773. 773. 773. 773.]
time cost: 472.27710223197937
finished repeatition: 27 time cost: 2.5118396282196045
Number of samples: 8000 Calibration size: 7600 test size: 400
average infected size: 59.085
coverage: [0.955  0.9425 0.9075 0.865  0.79  ]
set size: [53.8975 53.1225 52.2425 50.9875 49.8075]
time cost: 9.055033922195435
coverage: [0.9425 0.9225 0.8775 0.835  0.77  ]
set size: [60.8475 59.3975 56.935  53.865  51.25  ]
time cost: 10.075026750564575
computing proposed method with min score...
Conformity scores computed. shape of test:(400, 774)
coverage: [0.9575 0.9425 0.9225 0.8725 0.81  ]
set size: [53.9775 53.26   52.2525 50.9475 49.7625]
time cost: 2.0576186180114746
coverage: [0.9975 0.9975 0.9975 0.9975 0.9975]
set size: [771.465  771.2    770.925  770.5825 770.34  ]
time cost: 409.27242708206177
finished repeatition: 28 time cost: 2.5123000144958496
Number of samples: 8000 Calibration size: 7600 test size: 400
average infected size: 59.325
coverage: [0.9625 0.9475 0.9    0.845  0.7875]
set size: [54.1675 53.3825 52.505  51.2425 50.0825]
time cost: 6.144835472106934
coverage: [0.945  0.9175 0.8975 0.845  0.8175]
set size: [61.1275 59.6325 57.4925 54.6375 52.215 ]
time cost: 7.110119581222534
computing proposed method with min score...
Conformity scores computed. shape of test:(400, 774)
coverage: [0.9475 0.93   0.91   0.8525 0.7825]
set size: [54.3025 53.57   52.535  51.1925 49.9425]
time cost: 2.0650367736816406
coverage: [0.9975 0.995  0.995  0.995  0.995 ]
set size: [770.7775 769.62   768.8    768.15   767.79  ]
time cost: 398.35606837272644
finished repeatition: 29 time cost: 2.528287649154663
Number of samples: 8000 Calibration size: 7600 test size: 400
average infected size: 58.4325
coverage: [0.9425 0.9075 0.8925 0.8525 0.8125]
set size: [53.16   52.3725 51.5275 50.26   49.12  ]
time cost: 7.069144248962402
coverage: [0.9625 0.9425 0.91   0.87   0.825 ]
set size: [60.8325 59.435  57.3025 54.5575 52.1725]
time cost: 7.04543924331665
computing proposed method with min score...
Conformity scores computed. shape of test:(400, 774)
coverage: [0.93   0.92   0.8925 0.8325 0.7775]
set size: [53.0075 52.275  51.295  50.0725 48.92  ]
time cost: 2.0501747131347656
coverage: [0.9975 0.9975 0.9975 0.9975 0.9975]
set size: [770.9925 770.35   769.775  769.3325 768.9025]
time cost: 406.1026177406311
finished repeatition: 30 time cost: 2.5143954753875732
Number of samples: 8000 Calibration size: 7600 test size: 400
average infected size: 59.46
coverage: [0.9525 0.9425 0.91   0.8575 0.8075]
set size: [54.29   53.5125 52.64   51.3825 50.25  ]
time cost: 6.008738040924072
coverage: [0.93   0.91   0.8925 0.8725 0.8175]
set size: [61.215 59.78  57.68  54.85  52.33 ]
time cost: 8.244343519210815
computing proposed method with min score...
Conformity scores computed. shape of test:(400, 774)
coverage: [0.96   0.9325 0.9    0.86   0.82  ]
set size: [54.5825 53.83   52.785  51.45   50.295 ]
time cost: 1.6053681373596191
coverage: [1. 1. 1. 1. 1.]
set size: [771.0975 770.56   770.065  769.565  769.215 ]
time cost: 419.4530143737793
finished repeatition: 31 time cost: 2.069410800933838
Number of samples: 8000 Calibration size: 7600 test size: 400
average infected size: 59.38
coverage: [0.955  0.9325 0.905  0.88   0.82  ]
set size: [54.19   53.41   52.51   51.3125 50.1325]
time cost: 7.8593080043792725
coverage: [0.95   0.9375 0.8975 0.8425 0.7825]
set size: [61.455  60.045  57.7225 54.6375 52.0425]
time cost: 8.350961685180664
computing proposed method with min score...
Conformity scores computed. shape of test:(400, 774)
coverage: [0.96   0.94   0.915  0.8675 0.8225]
set size: [54.33   53.65   52.58   51.295  50.2475]
time cost: 1.2919921875
coverage: [1. 1. 1. 1. 1.]
set size: [769.49   768.6725 768.0025 767.4375 767.025 ]
time cost: 379.62417554855347
finished repeatition: 32 time cost: 1.5563890933990479
Number of samples: 8000 Calibration size: 7600 test size: 400
average infected size: 59.5975
coverage: [0.935  0.92   0.9    0.8625 0.8275]
set size: [54.41   53.665  52.7775 51.565  50.43  ]
time cost: 7.774099826812744
coverage: [0.945  0.92   0.895  0.8375 0.78  ]
set size: [61.435  59.99   57.7425 54.65   52.045 ]
time cost: 8.79828143119812
computing proposed method with min score...
Conformity scores computed. shape of test:(400, 774)
coverage: [0.94   0.9125 0.8825 0.84   0.7825]
set size: [54.575  53.8275 52.835  51.535  50.315 ]
time cost: 1.2986211776733398
coverage: [0.9975 0.9975 0.9975 0.9975 0.9975]
set size: [771.815  771.53   771.2575 770.9975 770.71  ]
time cost: 455.07235527038574
finished repeatition: 33 time cost: 1.5597834587097168
Number of samples: 8000 Calibration size: 7600 test size: 400
average infected size: 59.5575
coverage: [0.95   0.93   0.8975 0.855  0.8   ]
set size: [54.3875 53.5925 52.7175 51.5025 50.3675]
time cost: 7.368335008621216
coverage: [0.9425 0.93   0.8975 0.85   0.8   ]
set size: [61.4575 60.1375 57.8675 54.8925 52.3775]
time cost: 8.554296016693115
computing proposed method with min score...
Conformity scores computed. shape of test:(400, 774)
coverage: [0.96   0.935  0.885  0.835  0.7775]
set size: [54.6875 53.745  52.66   51.39   50.225 ]
time cost: 1.3129792213439941
coverage: [1.     0.9975 0.9975 0.9975 0.9975]
set size: [771.445  767.48   766.465  765.4925 765.0875]
time cost: 335.9218485355377
finished repeatition: 34 time cost: 1.5772159099578857
Number of samples: 8000 Calibration size: 7600 test size: 400
average infected size: 58.1325
coverage: [0.9575 0.95   0.93   0.8625 0.83  ]
set size: [52.94  52.155 51.315 50.02  48.89 ]
time cost: 8.84187936782837
coverage: [0.9575 0.95   0.9175 0.88   0.8275]
set size: [60.715  59.385  57.37   54.7475 52.375 ]
time cost: 9.971999406814575
computing proposed method with min score...
Conformity scores computed. shape of test:(400, 774)
coverage: [0.9475 0.94   0.9125 0.8575 0.825 ]
set size: [52.6925 52.015  50.9225 49.6675 48.58  ]
time cost: 1.293673038482666
coverage: [1.     0.9975 0.995  0.9875 0.9875]
set size: [772.9625 772.7625 768.3225 760.8925 759.1025]
time cost: 200.8298738002777
finished repeatition: 35 time cost: 1.555894136428833
Number of samples: 8000 Calibration size: 7600 test size: 400
average infected size: 58.965
coverage: [0.965  0.96   0.91   0.845  0.7925]
set size: [53.765  53.     52.0775 50.815  49.675 ]
time cost: 7.9775402545928955
coverage: [0.9675 0.9425 0.915  0.855  0.8175]
set size: [61.7525 60.2625 58.08   55.135  52.715 ]
time cost: 10.091777086257935
computing proposed method with min score...
Conformity scores computed. shape of test:(400, 774)
coverage: [0.9575 0.93   0.905  0.8575 0.8125]
set size: [53.8125 53.06   52.06   50.76   49.59  ]
time cost: 1.3130521774291992
coverage: [1.     1.     0.9975 0.995  0.995 ]
set size: [772.89   770.3825 763.51   761.9675 761.335 ]
time cost: 239.47489309310913
finished repeatition: 36 time cost: 1.5770671367645264
Number of samples: 8000 Calibration size: 7600 test size: 400
average infected size: 59.335
coverage: [0.9625 0.945  0.9125 0.845  0.81  ]
set size: [54.1275 53.355  52.4825 51.2025 50.08  ]
time cost: 11.382104635238647
coverage: [0.9525 0.93   0.9    0.855  0.805 ]
set size: [61.3125 59.875  57.695  54.7125 52.24  ]
time cost: 10.267451286315918
computing proposed method with min score...
Conformity scores computed. shape of test:(400, 774)
coverage: [0.9475 0.9425 0.9    0.855  0.8075]
set size: [54.38   53.6275 52.54   51.1875 49.97  ]
time cost: 1.3038582801818848
coverage: [1.     1.     1.     0.995  0.9925]
set size: [772.57   772.03   771.365  770.3925 769.725 ]
time cost: 372.81263613700867
finished repeatition: 37 time cost: 1.5661885738372803
Number of samples: 8000 Calibration size: 7600 test size: 400
average infected size: 60.035
coverage: [0.9725 0.9425 0.9175 0.8725 0.81  ]
set size: [54.8725 54.055  53.1925 51.9275 50.7725]
time cost: 8.27728819847107
coverage: [0.955  0.93   0.9025 0.855  0.7975]
set size: [61.925  60.44   58.115  55.005  52.3875]
time cost: 8.408363580703735
computing proposed method with min score...
Conformity scores computed. shape of test:(400, 774)
coverage: [0.96  0.95  0.92  0.87  0.805]
set size: [55.11   54.35   53.2625 51.995  50.8375]
time cost: 1.2972359657287598
coverage: [0.9975 0.9975 0.9975 0.9975 0.9975]
set size: [769.4475 768.485  767.94   767.4625 767.1875]
time cost: 329.1752014160156
finished repeatition: 38 time cost: 1.559295892715454
Number of samples: 8000 Calibration size: 7600 test size: 400
average infected size: 60.245
coverage: [0.94  0.915 0.88  0.84  0.795]
set size: [55.0725 54.285  53.3675 52.125  50.985 ]
time cost: 7.00620698928833
coverage: [0.9325 0.9175 0.8875 0.8225 0.7575]
set size: [61.555  59.9725 57.5525 54.3575 51.5875]
time cost: 6.850069284439087
computing proposed method with min score...
Conformity scores computed. shape of test:(400, 774)
coverage: [0.95   0.9225 0.895  0.845  0.8025]
set size: [55.3675 54.575  53.5125 52.185  50.9625]
time cost: 1.2963168621063232
coverage: [1. 1. 1. 1. 1.]
set size: [773.     773.     773.     773.     772.9975]
time cost: 419.5514075756073
finished repeatition: 39 time cost: 1.5598468780517578
Number of samples: 8000 Calibration size: 7600 test size: 400
average infected size: 59.385
coverage: [0.9325 0.9225 0.905  0.8425 0.8   ]
set size: [54.1025 53.36   52.5275 51.2175 50.075 ]
time cost: 4.434570074081421
coverage: [0.955  0.9375 0.905  0.8325 0.795 ]
set size: [61.575  60.115  57.8675 54.815  52.2725]
time cost: 3.7692995071411133
computing proposed method with min score...
Conformity scores computed. shape of test:(400, 774)
coverage: [0.9525 0.9325 0.895  0.845  0.7675]
set size: [54.34   53.6075 52.5025 51.18   49.98  ]
time cost: 1.4455456733703613
coverage: [1.     1.     0.9975 0.9975 0.9975]
set size: [772.8775 767.5625 765.075  764.1125 763.7375]
time cost: 175.83264231681824
finished repeatition: 40 time cost: 1.71097993850708
Number of samples: 8000 Calibration size: 7600 test size: 400
average infected size: 59.49
coverage: [0.95   0.9275 0.8975 0.8675 0.81  ]
set size: [54.2775 53.5    52.625  51.3875 50.265 ]
time cost: 5.682240724563599
coverage: [0.9375 0.92   0.8925 0.8475 0.7875]
set size: [61.08   59.665  57.37   54.325  51.7575]
time cost: 6.651374816894531
computing proposed method with min score...
Conformity scores computed. shape of test:(400, 774)
coverage: [0.9575 0.925  0.89   0.8625 0.8125]
set size: [54.4825 53.645  52.59   51.3225 50.2125]
time cost: 1.2990803718566895
coverage: [0.9975 0.9975 0.9975 0.9975 0.9975]
set size: [771.265  770.755  770.3125 769.8125 769.345 ]
time cost: 279.47857546806335
finished repeatition: 41 time cost: 1.5931086540222168
Number of samples: 8000 Calibration size: 7600 test size: 400
average infected size: 58.8625
coverage: [0.96   0.9475 0.9375 0.8975 0.835 ]
set size: [53.6875 52.9075 52.09   50.8525 49.675 ]
time cost: 5.6668360233306885
coverage: [0.97   0.9375 0.9175 0.8725 0.82  ]
set size: [61.45   59.995  57.925  55.0875 52.575 ]
time cost: 4.866825580596924
computing proposed method with min score...
Conformity scores computed. shape of test:(400, 774)
coverage: [0.96   0.9375 0.92   0.875  0.8225]
set size: [53.84   53.0975 52.0975 50.7325 49.595 ]
time cost: 1.3139910697937012
coverage: [1.     1.     0.9925 0.9925 0.99  ]
set size: [772.835  770.26   766.6375 765.005  763.9975]
time cost: 184.16632676124573
finished repeatition: 42 time cost: 1.5759358406066895
Number of samples: 8000 Calibration size: 7600 test size: 400
average infected size: 59.28
coverage: [0.96   0.93   0.9075 0.84   0.77  ]
set size: [54.045  53.2325 52.385  51.095  49.905 ]
time cost: 3.938429594039917
coverage: [0.96   0.9425 0.9125 0.875  0.8075]
set size: [61.595  60.1875 58.0475 55.2    52.7025]
time cost: 4.037339448928833
computing proposed method with min score...
Conformity scores computed. shape of test:(400, 774)
coverage: [0.9475 0.925  0.8975 0.8475 0.7975]
set size: [54.125  53.37   52.3075 51.085  49.925 ]
time cost: 1.2981369495391846
coverage: [1.     1.     0.995  0.9925 0.9925]
set size: [772.4725 769.0325 767.435  766.1475 765.345 ]
time cost: 134.39253997802734
finished repeatition: 43 time cost: 1.559833288192749
Number of samples: 8000 Calibration size: 7600 test size: 400
average infected size: 59.0925
coverage: [0.95   0.9275 0.8925 0.8325 0.795 ]
set size: [53.9    53.09   52.2125 50.925  49.8225]
time cost: 2.951091766357422
coverage: [0.9625 0.935  0.9175 0.86   0.8125]
set size: [61.5375 60.1025 58.01   55.05   52.575 ]
time cost: 3.3144114017486572
computing proposed method with min score...
Conformity scores computed. shape of test:(400, 774)
coverage: [0.9525 0.9325 0.895  0.85   0.795 ]
set size: [54.07   53.2425 52.14   50.8725 49.795 ]
time cost: 1.2959868907928467
coverage: [1.     0.9975 0.9975 0.9975 0.9975]
set size: [770.675  769.515  768.7625 768.065  767.5575]
time cost: 140.11786770820618
finished repeatition: 44 time cost: 1.5582237243652344
Number of samples: 8000 Calibration size: 7600 test size: 400
average infected size: 59.1425
coverage: [0.9625 0.9475 0.9275 0.89   0.855 ]
set size: [53.9775 53.2075 52.3725 51.0925 49.995 ]
time cost: 3.010915756225586
coverage: [0.945  0.925  0.9075 0.8675 0.7875]
set size: [60.555  59.1475 56.9425 54.045  51.51  ]
time cost: 2.1203773021698
computing proposed method with min score...
Conformity scores computed. shape of test:(400, 774)
coverage: [0.955  0.925  0.9025 0.8725 0.815 ]
set size: [54.0725 53.2975 52.2    50.85   49.7325]
time cost: 1.3037190437316895
coverage: [1. 1. 1. 1. 1.]
set size: [769.9    769.4425 769.04   768.665  768.3825]
time cost: 81.98327231407166
finished repeatition: 45 time cost: 1.565244197845459
Number of samples: 8000 Calibration size: 7600 test size: 400
average infected size: 59.6475
coverage: [0.93   0.9175 0.875  0.83   0.78  ]
set size: [54.4075 53.635  52.75   51.5025 50.355 ]
time cost: 1.8043363094329834
coverage: [0.9525 0.935  0.9075 0.8625 0.7925]
set size: [61.905  60.5225 58.3325 55.4125 52.8475]
time cost: 2.1679952144622803
computing proposed method with min score...
Conformity scores computed. shape of test:(400, 774)
coverage: [0.925  0.9125 0.8875 0.83   0.795 ]
set size: [54.6075 53.885  52.8875 51.645  50.485 ]
time cost: 1.3151297569274902
coverage: [1. 1. 1. 1. 1.]
set size: [772.26   772.1125 771.855  771.52   771.1275]
time cost: 75.92259955406189
finished repeatition: 46 time cost: 1.577516794204712
Number of samples: 8000 Calibration size: 7600 test size: 400
average infected size: 59.3875
coverage: [0.95   0.9225 0.8625 0.8175 0.755 ]
set size: [54.1425 53.355  52.4175 51.22   50.04  ]
time cost: 1.793532371520996
coverage: [0.9325 0.91   0.885  0.84   0.795 ]
set size: [61.2425 59.77   57.645  54.76   52.2625]
time cost: 1.9655811786651611
computing proposed method with min score...
Conformity scores computed. shape of test:(400, 774)
coverage: [0.93   0.915  0.8775 0.82   0.7675]
set size: [54.37   53.6625 52.63   51.3225 50.1975]
time cost: 1.3044538497924805
coverage: [1.     1.     0.9975 0.9975 0.9975]
set size: [772.975  772.3475 764.22   761.955  761.1625]
time cost: 47.025829792022705
finished repeatition: 47 time cost: 1.5676724910736084
Number of samples: 8000 Calibration size: 7600 test size: 400
average infected size: 60.125
coverage: [0.965  0.95   0.92   0.875  0.8225]
set size: [54.99   54.19   53.33   52.0875 50.91  ]
time cost: 1.8031525611877441
coverage: [0.9425 0.915  0.875  0.8275 0.78  ]
set size: [61.265  59.6475 57.2125 54.055  51.3225]
time cost: 1.9826664924621582
computing proposed method with min score...
Conformity scores computed. shape of test:(400, 774)
coverage: [0.95   0.92   0.9025 0.8475 0.7925]
set size: [55.31   54.53   53.485  52.0975 50.9025]
time cost: 1.3130393028259277
coverage: [1. 1. 1. 1. 1.]
set size: [772.24   772.115  771.975  771.79   771.6375]
time cost: 79.15586495399475
finished repeatition: 48 time cost: 1.5774004459381104
Number of samples: 8000 Calibration size: 7600 test size: 400
average infected size: 58.495
coverage: [0.9475 0.9325 0.9075 0.86   0.8125]
set size: [53.2725 52.53   51.66   50.405  49.26  ]
time cost: 1.7868757247924805
coverage: [0.96   0.9325 0.91   0.8825 0.8375]
set size: [60.855  59.375  57.2375 54.5425 52.1075]
time cost: 2.1586241722106934
computing proposed method with min score...
Conformity scores computed. shape of test:(400, 774)
coverage: [0.945  0.92   0.8925 0.845  0.8175]
set size: [53.3175 52.54   51.4675 50.155  49.1325]
time cost: 1.3083064556121826
coverage: [1.    0.995 0.99  0.99  0.99 ]
set size: [772.9025 767.56   764.335  762.7125 761.9175]
time cost: 45.696131467819214
finished repeatition: 49 time cost: 1.5682942867279053

Coverage Results:
Method    α=0.05         α=0.07         α=0.10         α=0.15         α=0.20         
-------------------------------------------------------------------------------------
set_recall0.951 ± 0.012  0.933 ± 0.013  0.902 ± 0.015  0.853 ± 0.018  0.802 ± 0.021  
set_prec  0.954 ± 0.013  0.933 ± 0.013  0.904 ± 0.014  0.854 ± 0.018  0.802 ± 0.022  
set_min   0.951 ± 0.012  0.932 ± 0.013  0.902 ± 0.014  0.853 ± 0.016  0.803 ± 0.020  
ArbiTree-CQC0.999 ± 0.001  0.999 ± 0.002  0.997 ± 0.004  0.997 ± 0.004  0.996 ± 0.005  

Set Size Results:
Method    α=0.05         α=0.07         α=0.10         α=0.15         α=0.20         
-------------------------------------------------------------------------------------
set_recall54.059 ± 0.520 53.277 ± 0.517 52.401 ± 0.511 51.150 ± 0.514 50.004 ± 0.505 
set_prec  61.363 ± 0.453 59.932 ± 0.449 57.716 ± 0.450 54.771 ± 0.455 52.252 ± 0.478 
set_min   54.227 ± 0.613 53.469 ± 0.604 52.412 ± 0.596 51.110 ± 0.592 49.962 ± 0.574 
ArbiTree-CQC771.740 ± 1.063770.475 ± 1.630769.069 ± 2.518768.167 ± 3.160767.635 ± 3.496

Time Cost Results:
Method    α=0.05         α=0.07         α=0.10         α=0.15         α=0.20         
-------------------------------------------------------------------------------------
set_recall7.028 ± 2.368  7.028 ± 2.368  7.028 ± 2.368  7.028 ± 2.368  7.028 ± 2.368  
set_prec  7.625 ± 2.658  7.625 ± 2.658  7.625 ± 2.658  7.625 ± 2.658  7.625 ± 2.658  
set_min   1.783 ± 0.360  1.783 ± 0.360  1.783 ± 0.360  1.783 ± 0.360  1.783 ± 0.360  
ArbiTree-CQC327.756 ± 120.789327.756 ± 120.789327.756 ± 120.789327.756 ± 120.789327.756 ± 120.789
finished.
