2025-09-16 21:49:30.728314: I tensorflow/stream_executor/platform/default/dso_loader.cc:48] Successfully opened dynamic library libcudart.so.10.1
Number of nodes: 403
Number of edges: 9565
Number of samples: 8000 Calibration size: 7600 test size: 400
average infected size: 42.7225
coverage: [0.945  0.925  0.895  0.8525 0.795 ]
set size: [16.345  13.5525 10.6825  8.2925  6.7925]
time cost: 1.4015138149261475
coverage: [0.9475 0.9275 0.8975 0.85   0.8075]
set size: [25.5525 21.6425 17.145  12.79    9.7975]
time cost: 1.5144331455230713
computing proposed method with min score...
Conformity scores computed. shape of test:(400, 403)
coverage: [0.96   0.9275 0.8975 0.8675 0.795 ]
set size: [17.41   15.19   12.6175  9.6425  7.68  ]
time cost: 1.0385541915893555
coverage: [0.9775 0.9525 0.93   0.8775 0.8225]
set size: [383.7425 375.76   357.4575 332.2825 305.4575]
time cost: 50.13757038116455
finished repeatition: 0 time cost: 1.258957862854004
Number of samples: 8000 Calibration size: 7600 test size: 400
average infected size: 41.695
coverage: [0.95   0.925  0.905  0.8525 0.785 ]
set size: [15.98   13.255  10.4825  8.1125  6.6625]
time cost: 1.5051391124725342
coverage: [0.96   0.945  0.905  0.86   0.8075]
set size: [24.875  21.0775 16.62   12.37    9.49  ]
time cost: 1.554492712020874
computing proposed method with min score...
Conformity scores computed. shape of test:(400, 403)
coverage: [0.9625 0.9425 0.9125 0.855  0.815 ]
set size: [17.0825 14.695  12.025   9.2675  7.4875]
time cost: 1.0218937397003174
coverage: [0.9775 0.9675 0.9325 0.8825 0.8375]
set size: [385.8725 374.185  362.9175 342.4875 319.26  ]
time cost: 51.393126010894775
finished repeatition: 1 time cost: 1.2436954975128174
Number of samples: 8000 Calibration size: 7600 test size: 400
average infected size: 42.785
coverage: [0.98   0.9425 0.915  0.865  0.81  ]
set size: [16.6225 13.6625 10.7125  8.2775  6.795 ]
time cost: 2.5651769638061523
coverage: [0.965  0.945  0.9025 0.875  0.805 ]
set size: [24.625  20.815  16.1975 12.1075  9.26  ]
time cost: 2.4002392292022705
computing proposed method with min score...
Conformity scores computed. shape of test:(400, 403)
coverage: [0.9725 0.94   0.8975 0.84   0.7925]
set size: [16.9225 14.34   11.715   8.85    7.075 ]
time cost: 1.0224463939666748
coverage: [0.975 0.97  0.94  0.905 0.865]
set size: [387.85  379.3   366.21  348.785 324.275]
time cost: 42.03626203536987
finished repeatition: 2 time cost: 1.24751877784729
Number of samples: 8000 Calibration size: 7600 test size: 400
average infected size: 44.065
coverage: [0.945  0.925  0.8975 0.8375 0.7875]
set size: [16.795  13.97   10.9675  8.46    6.9475]
time cost: 1.4076335430145264
coverage: [0.95   0.9325 0.9025 0.8475 0.7925]
set size: [24.435  20.7025 16.36   12.2425  9.4725]
time cost: 1.5583150386810303
computing proposed method with min score...
Conformity scores computed. shape of test:(400, 403)
coverage: [0.9375 0.9075 0.8825 0.815  0.775 ]
set size: [16.425  14.185  11.705   8.835   7.2375]
time cost: 1.0438566207885742
coverage: [0.9625 0.95   0.915  0.8625 0.81  ]
set size: [379.4275 371.3575 353.1875 325.2075 305.67  ]
time cost: 55.22105050086975
finished repeatition: 3 time cost: 1.2663044929504395
Number of samples: 8000 Calibration size: 7600 test size: 400
average infected size: 40.9875
coverage: [0.955 0.93  0.915 0.86  0.82 ]
set size: [15.7575 13.0675 10.3125  7.9625  6.6175]
time cost: 1.3976850509643555
coverage: [0.96   0.945  0.9175 0.8775 0.8375]
set size: [25.2775 21.6675 17.0975 12.7525  9.7725]
time cost: 1.9846796989440918
computing proposed method with min score...
Conformity scores computed. shape of test:(400, 403)
coverage: [0.965  0.9475 0.915  0.88   0.82  ]
set size: [17.495  15.19   12.4825  9.65    7.74  ]
time cost: 1.0397472381591797
coverage: [0.9825 0.9625 0.9425 0.8975 0.86  ]
set size: [386.1375 379.44   365.775  346.59   326.9875]
time cost: 53.01087689399719
finished repeatition: 4 time cost: 1.2617011070251465
Number of samples: 8000 Calibration size: 7600 test size: 400
average infected size: 41.45
coverage: [0.9525 0.9325 0.8825 0.8425 0.785 ]
set size: [15.9525 13.2575 10.335   8.0425  6.655 ]
time cost: 2.2268002033233643
coverage: [0.95   0.9125 0.8725 0.83   0.7675]
set size: [23.3825 19.5875 15.4525 11.5325  8.77  ]
time cost: 2.37601375579834
computing proposed method with min score...
Conformity scores computed. shape of test:(400, 403)
coverage: [0.935  0.9175 0.8875 0.8275 0.7625]
set size: [15.8575 13.7875 11.4475  8.7175  6.9075]
time cost: 1.0399305820465088
coverage: [0.965  0.9575 0.9275 0.89   0.855 ]
set size: [382.435  374.255  361.2825 345.6775 324.9975]
time cost: 50.77088737487793
finished repeatition: 5 time cost: 1.2600998878479004
Number of samples: 8000 Calibration size: 7600 test size: 400
average infected size: 41.775
coverage: [0.9425 0.915  0.89   0.835  0.78  ]
set size: [16.02   13.2725 10.4625  8.1475  6.6975]
time cost: 2.8038251399993896
coverage: [0.945  0.9275 0.9025 0.8475 0.785 ]
set size: [24.505  20.7425 16.395  12.145   9.2   ]
time cost: 2.3040366172790527
computing proposed method with min score...
Conformity scores computed. shape of test:(400, 403)
coverage: [0.945  0.92   0.8975 0.8525 0.7975]
set size: [16.86   14.5575 12.1425  9.26    7.3275]
time cost: 1.0310585498809814
coverage: [0.975  0.9525 0.92   0.87   0.825 ]
set size: [383.495  371.3025 355.245  332.625  313.64  ]
time cost: 36.19548296928406
finished repeatition: 6 time cost: 1.254033088684082
Number of samples: 8000 Calibration size: 7600 test size: 400
average infected size: 42.75
coverage: [0.9625 0.95   0.9275 0.8575 0.81  ]
set size: [16.365  13.5775 10.61    8.1175  6.68  ]
time cost: 2.2354936599731445
coverage: [0.9625 0.945  0.92   0.855  0.81  ]
set size: [24.255  20.5525 16.1875 11.9525  9.1975]
time cost: 2.5077333450317383
computing proposed method with min score...
Conformity scores computed. shape of test:(400, 403)
coverage: [0.9475 0.9225 0.9075 0.8575 0.8175]
set size: [16.0575 13.745  11.385   8.8     6.9775]
time cost: 1.0404503345489502
coverage: [0.9875 0.9775 0.9575 0.9125 0.8775]
set size: [393.1275 384.8775 374.4875 352.9425 325.8575]
time cost: 52.30955696105957
finished repeatition: 7 time cost: 1.260193109512329
Number of samples: 8000 Calibration size: 7600 test size: 400
average infected size: 41.415
coverage: [0.9375 0.925  0.895  0.8575 0.815 ]
set size: [15.565 13.02  10.205  7.905  6.51 ]
time cost: 2.165479898452759
coverage: [0.935  0.905  0.88   0.8275 0.8025]
set size: [23.7425 20.0025 15.885  11.915   9.29  ]
time cost: 2.3525588512420654
computing proposed method with min score...
Conformity scores computed. shape of test:(400, 403)
coverage: [0.945  0.92   0.885  0.8475 0.805 ]
set size: [15.9975 13.8475 11.42    8.845   7.0475]
time cost: 1.038468599319458
coverage: [0.9775 0.9625 0.9375 0.8925 0.8425]
set size: [386.1075 376.8325 365.275  339.57   313.2275]
time cost: 39.2383713722229
finished repeatition: 8 time cost: 1.2584269046783447
Number of samples: 8000 Calibration size: 7600 test size: 400
average infected size: 42.9325
coverage: [0.95   0.9175 0.8925 0.85   0.81  ]
set size: [16.41   13.525  10.6425  8.2375  6.8025]
time cost: 2.689399242401123
coverage: [0.9375 0.9225 0.885  0.855  0.81  ]
set size: [25.3525 21.5725 17.04   12.755   9.79  ]
time cost: 3.8934414386749268
computing proposed method with min score...
Conformity scores computed. shape of test:(400, 403)
coverage: [0.935  0.9175 0.905  0.865  0.8225]
set size: [17.1825 14.8825 12.3825  9.595   7.6725]
time cost: 1.0337586402893066
coverage: [0.985  0.9675 0.94   0.8825 0.8475]
set size: [388.055  376.555  359.475  337.3925 308.6925]
time cost: 31.601653337478638
finished repeatition: 9 time cost: 1.2545936107635498
Number of samples: 8000 Calibration size: 7600 test size: 400
average infected size: 39.9375
coverage: [0.9625 0.9525 0.935  0.8825 0.815 ]
set size: [15.4475 12.8675 10.13    7.8     6.39  ]
time cost: 2.1506524085998535
coverage: [0.955  0.9375 0.915  0.865  0.815 ]
set size: [23.98   20.48   16.245  12.0675  9.22  ]
time cost: 2.561483860015869
computing proposed method with min score...
Conformity scores computed. shape of test:(400, 403)
coverage: [0.965  0.95   0.9275 0.88   0.825 ]
set size: [16.5825 14.5075 12.055   9.2825  7.4725]
time cost: 1.0295698642730713
coverage: [0.9825 0.975  0.95   0.9125 0.885 ]
set size: [390.4025 381.8175 369.7275 354.695  340.355 ]
time cost: 38.5450963973999
finished repeatition: 10 time cost: 1.2509984970092773
Number of samples: 8000 Calibration size: 7600 test size: 400
average infected size: 40.6575
coverage: [0.95   0.92   0.885  0.815  0.7675]
set size: [15.5125 12.815  10.055   7.7625  6.3875]
time cost: 2.6149730682373047
coverage: [0.9625 0.9475 0.92   0.85   0.8   ]
set size: [23.6925 20.14   15.915  11.79    9.1075]
time cost: 2.600154399871826
computing proposed method with min score...
Conformity scores computed. shape of test:(400, 403)
coverage: [0.96   0.9425 0.9125 0.8575 0.81  ]
set size: [16.205  14.045  11.5975  8.795   7.085 ]
time cost: 1.0280568599700928
coverage: [0.9725 0.9525 0.93   0.8775 0.845 ]
set size: [383.05   371.42   361.4625 340.3075 322.5425]
time cost: 39.38802790641785
finished repeatition: 11 time cost: 1.2481434345245361
Number of samples: 8000 Calibration size: 7600 test size: 400
average infected size: 40.0925
coverage: [0.9425 0.91   0.8825 0.82   0.77  ]
set size: [15.26   12.5925  9.8775  7.6375  6.2875]
time cost: 2.794389486312866
coverage: [0.9325 0.92   0.8925 0.85   0.805 ]
set size: [22.8725 19.435  15.4225 11.5825  8.9025]
time cost: 3.1677277088165283
computing proposed method with min score...
Conformity scores computed. shape of test:(400, 403)
coverage: [0.945  0.93   0.8975 0.855  0.825 ]
set size: [15.64   13.6175 11.205   8.5675  6.855 ]
time cost: 1.031294584274292
coverage: [0.9925 0.98   0.9575 0.9175 0.8625]
set size: [393.675  387.4875 371.8475 350.215  329.7575]
time cost: 50.836809158325195
finished repeatition: 12 time cost: 1.2530517578125
Number of samples: 8000 Calibration size: 7600 test size: 400
average infected size: 41.38
coverage: [0.945  0.9325 0.8925 0.84   0.79  ]
set size: [15.8075 13.1925 10.2725  7.9775  6.5525]
time cost: 2.185979127883911
coverage: [0.94   0.92   0.87   0.82   0.7575]
set size: [23.1075 19.4725 15.24   11.47    8.7825]
time cost: 2.3562886714935303
computing proposed method with min score...
Conformity scores computed. shape of test:(400, 403)
coverage: [0.9525 0.9325 0.8925 0.81   0.765 ]
set size: [15.8425 13.71   11.3075  8.565   6.815 ]
time cost: 1.0271074771881104
coverage: [0.9825 0.965  0.955  0.9075 0.855 ]
set size: [389.97   384.59   371.1    345.7475 324.9725]
time cost: 49.702300786972046
finished repeatition: 13 time cost: 1.248795509338379
Number of samples: 8000 Calibration size: 7600 test size: 400
average infected size: 44.5725
coverage: [0.95   0.93   0.9    0.8575 0.7975]
set size: [16.9075 14.015  10.995   8.4725  6.9325]
time cost: 2.1380090713500977
coverage: [0.9475 0.93   0.9    0.8525 0.8025]
set size: [24.505  20.7025 16.395  12.3475  9.665 ]
time cost: 2.3690736293792725
computing proposed method with min score...
Conformity scores computed. shape of test:(400, 403)
coverage: [0.95   0.9275 0.8825 0.8275 0.7875]
set size: [16.1425 14.0025 11.465   8.8325  7.1325]
time cost: 1.0423774719238281
coverage: [0.9675 0.95   0.9325 0.88   0.835 ]
set size: [382.555  375.71   359.5425 336.49   316.4275]
time cost: 48.078490257263184
finished repeatition: 14 time cost: 1.265897274017334
Number of samples: 8000 Calibration size: 7600 test size: 400
average infected size: 44.1075
coverage: [0.95   0.935  0.89   0.8375 0.7975]
set size: [16.9325 14.1075 11.0225  8.5675  7.0475]
time cost: 2.2724905014038086
coverage: [0.9475 0.92   0.8875 0.8375 0.785 ]
set size: [25.3    21.28   16.6975 12.455   9.4925]
time cost: 2.5113062858581543
computing proposed method with min score...
Conformity scores computed. shape of test:(400, 403)
coverage: [0.9525 0.93   0.8925 0.845  0.79  ]
set size: [17.2875 14.92   12.3325  9.405   7.43  ]
time cost: 1.0246784687042236
coverage: [0.95   0.9275 0.8925 0.845  0.805 ]
set size: [373.7025 359.6925 344.9625 325.5025 303.1525]
time cost: 53.958415508270264
finished repeatition: 15 time cost: 1.244807243347168
Number of samples: 8000 Calibration size: 7600 test size: 400
average infected size: 42.305
coverage: [0.97   0.9425 0.8975 0.8475 0.8125]
set size: [16.4325 13.56   10.565   8.21    6.77  ]
time cost: 2.226865768432617
coverage: [0.97   0.95   0.9275 0.86   0.7975]
set size: [24.565  20.8425 16.5025 12.2625  9.34  ]
time cost: 1.919123888015747
computing proposed method with min score...
Conformity scores computed. shape of test:(400, 403)
coverage: [0.965  0.955  0.9125 0.8425 0.8025]
set size: [16.7075 14.5275 12.01    9.11    7.2825]
time cost: 1.0282108783721924
coverage: [0.9675 0.955  0.9425 0.88   0.8325]
set size: [384.7625 377.4025 359.1    338.1025 317.705 ]
time cost: 58.40750813484192
finished repeatition: 16 time cost: 1.2486307621002197
Number of samples: 8000 Calibration size: 7600 test size: 400
average infected size: 42.305
coverage: [0.955  0.94   0.9075 0.86   0.7925]
set size: [16.245  13.5475 10.5725  8.1875  6.7325]
time cost: 2.3863468170166016
coverage: [0.9425 0.9175 0.8925 0.84   0.7875]
set size: [24.7275 20.8075 16.455  12.2375  9.3925]
time cost: 2.586998701095581
computing proposed method with min score...
Conformity scores computed. shape of test:(400, 403)
coverage: [0.945  0.92   0.9075 0.85   0.7875]
set size: [16.7475 14.44   12.035   9.25    7.2625]
time cost: 1.0271363258361816
coverage: [0.975  0.9425 0.9275 0.885  0.85  ]
set size: [381.455  374.43   359.0875 340.145  322.145 ]
time cost: 44.465922355651855
finished repeatition: 17 time cost: 1.247004747390747
Number of samples: 8000 Calibration size: 7600 test size: 400
average infected size: 43.0875
coverage: [0.94   0.9125 0.8675 0.8175 0.7725]
set size: [16.3125 13.52   10.555   8.155   6.7275]
time cost: 2.166761636734009
coverage: [0.9375 0.9075 0.885  0.825  0.78  ]
set size: [23.37   19.6175 15.485  11.545   8.885 ]
time cost: 2.4565937519073486
computing proposed method with min score...
Conformity scores computed. shape of test:(400, 403)
coverage: [0.94  0.925 0.875 0.825 0.78 ]
set size: [15.805  13.67   11.095   8.445   6.8175]
time cost: 1.0350768566131592
coverage: [0.965  0.9575 0.93   0.855  0.8175]
set size: [383.075  371.76   350.5875 332.3225 318.34  ]
time cost: 52.077943086624146
finished repeatition: 18 time cost: 1.2585959434509277
Number of samples: 8000 Calibration size: 7600 test size: 400
average infected size: 45.39
coverage: [0.9675 0.9525 0.925  0.89   0.835 ]
set size: [17.615  14.5725 11.4     8.7825  7.215 ]
time cost: 3.0734620094299316
coverage: [0.96   0.9425 0.8925 0.85   0.815 ]
set size: [25.2925 21.425  16.7025 12.535   9.7525]
time cost: 2.7701447010040283
computing proposed method with min score...
Conformity scores computed. shape of test:(400, 403)
coverage: [0.9525 0.9225 0.8875 0.84   0.8   ]
set size: [17.165  14.6525 12.105   9.1875  7.375 ]
time cost: 1.0427696704864502
coverage: [0.9525 0.9425 0.9175 0.8725 0.8325]
set size: [378.9375 372.0375 356.1025 333.5475 311.2125]
time cost: 55.574060678482056
finished repeatition: 19 time cost: 1.263782262802124
Number of samples: 8000 Calibration size: 7600 test size: 400
average infected size: 40.5175
coverage: [0.9475 0.9275 0.8875 0.855  0.825 ]
set size: [15.51   12.8775 10.0525  7.8225  6.4725]
time cost: 1.397545337677002
coverage: [0.9425 0.9275 0.885  0.85   0.805 ]
set size: [24.0825 20.4275 16.085  12.05    9.2675]
time cost: 1.6020190715789795
computing proposed method with min score...
Conformity scores computed. shape of test:(400, 403)
coverage: [0.94   0.9175 0.88   0.8475 0.8025]
set size: [16.3525 14.2025 11.8075  9.0325  7.1325]
time cost: 1.0419483184814453
coverage: [0.97   0.955  0.94   0.9075 0.85  ]
set size: [384.6475 378.665  366.9125 347.1025 327.59  ]
time cost: 51.337230920791626
finished repeatition: 20 time cost: 1.2622730731964111
Number of samples: 8000 Calibration size: 7600 test size: 400
average infected size: 43.36
coverage: [0.9425 0.9175 0.8925 0.8575 0.79  ]
set size: [16.52   13.665  10.7725  8.34    6.8475]
time cost: 1.4535486698150635
coverage: [0.9675 0.9575 0.9225 0.8575 0.8025]
set size: [24.9025 21.1475 16.665  12.4375  9.56  ]
time cost: 1.633793830871582
computing proposed method with min score...
Conformity scores computed. shape of test:(400, 403)
coverage: [0.9725 0.955  0.915  0.8725 0.825 ]
set size: [17.04  14.71  12.125  9.255  7.44 ]
time cost: 1.0399832725524902
coverage: [0.96  0.95  0.93  0.88  0.845]
set size: [382.765  374.8025 361.475  341.2975 317.8675]
time cost: 42.931798458099365
finished repeatition: 21 time cost: 1.260627031326294
Number of samples: 8000 Calibration size: 7600 test size: 400
average infected size: 41.0375
coverage: [0.95   0.9375 0.905  0.825  0.7725]
set size: [15.715  13.1225 10.2325  7.885   6.475 ]
time cost: 1.8743548393249512
coverage: [0.9225 0.9075 0.8825 0.855  0.795 ]
set size: [23.7325 20.31   16.2025 12.1775  9.3425]
time cost: 1.4943184852600098
computing proposed method with min score...
Conformity scores computed. shape of test:(400, 403)
coverage: [0.9275 0.915  0.885  0.8375 0.785 ]
set size: [16.2875 14.265  11.915   9.11    7.3125]
time cost: 1.0350961685180664
coverage: [0.9825 0.9725 0.96   0.9325 0.8775]
set size: [390.785  384.6175 374.7925 351.06   329.865 ]
time cost: 34.982009172439575
finished repeatition: 22 time cost: 1.257497787475586
Number of samples: 8000 Calibration size: 7600 test size: 400
average infected size: 41.6975
coverage: [0.9575 0.9425 0.925  0.8925 0.835 ]
set size: [16.03   13.275  10.42    8.0375  6.6   ]
time cost: 2.336676836013794
coverage: [0.95   0.9275 0.905  0.855  0.815 ]
set size: [23.515  19.7825 15.7425 11.74    9.105 ]
time cost: 2.5441603660583496
computing proposed method with min score...
Conformity scores computed. shape of test:(400, 403)
coverage: [0.95   0.9275 0.9125 0.865  0.81  ]
set size: [15.8825 13.6875 11.2825  8.535   6.8775]
time cost: 1.0449070930480957
coverage: [0.98   0.9675 0.9375 0.905  0.85  ]
set size: [387.615 378.275 367.765 344.06  320.245]
time cost: 51.88569521903992
finished repeatition: 23 time cost: 1.2660961151123047
Number of samples: 8000 Calibration size: 7600 test size: 400
average infected size: 44.295
coverage: [0.955  0.92   0.8725 0.8225 0.775 ]
set size: [17.0725 14.0575 10.995   8.5225  7.055 ]
time cost: 2.7514724731445312
coverage: [0.9375 0.925  0.875  0.8475 0.8225]
set size: [24.41   20.7025 16.3075 12.2925  9.515 ]
time cost: 2.664299249649048
computing proposed method with min score...
Conformity scores computed. shape of test:(400, 403)
coverage: [0.9275 0.91   0.875  0.8475 0.8   ]
set size: [16.5475 14.42   11.755   9.1575  7.285 ]
time cost: 1.0414235591888428
coverage: [0.95   0.9425 0.9325 0.8875 0.8475]
set size: [377.765  372.3025 360.0925 343.135  317.0025]
time cost: 48.8913676738739
finished repeatition: 24 time cost: 1.262791395187378
Number of samples: 8000 Calibration size: 7600 test size: 400
average infected size: 41.585
coverage: [0.955  0.93   0.885  0.8375 0.805 ]
set size: [15.995  13.2475 10.3475  8.045   6.635 ]
time cost: 2.1556992530822754
coverage: [0.9325 0.9125 0.885  0.8375 0.7775]
set size: [23.9925 20.2925 16.0875 11.9825  9.125 ]
time cost: 2.39074444770813
computing proposed method with min score...
Conformity scores computed. shape of test:(400, 403)
coverage: [0.935  0.92   0.8875 0.8325 0.7925]
set size: [16.535  14.3475 11.895   9.1825  7.3525]
time cost: 1.0393147468566895
coverage: [0.97 0.96 0.94 0.89 0.85]
set size: [384.4575 378.7975 360.2975 346.1275 316.68  ]
time cost: 46.52368712425232
finished repeatition: 25 time cost: 1.2595055103302002
Number of samples: 8000 Calibration size: 7600 test size: 400
average infected size: 42.405
coverage: [0.9875 0.9475 0.92   0.875  0.8375]
set size: [16.6975 13.6675 10.6925  8.2775  6.845 ]
time cost: 2.2016422748565674
coverage: [0.935  0.93   0.9    0.86   0.8075]
set size: [23.7    20.165  15.815  11.8275  9.11  ]
time cost: 2.35780930519104
computing proposed method with min score...
Conformity scores computed. shape of test:(400, 403)
coverage: [0.95   0.93   0.9125 0.8575 0.7975]
set size: [16.4525 14.11   11.6     8.8675  6.9825]
time cost: 1.0478241443634033
coverage: [0.97   0.9575 0.9325 0.895  0.8625]
set size: [383.8625 376.91   364.8725 345.06   330.595 ]
time cost: 57.49970245361328
finished repeatition: 26 time cost: 1.2692615985870361
Number of samples: 8000 Calibration size: 7600 test size: 400
average infected size: 43.0625
coverage: [0.9575 0.9425 0.92   0.8775 0.835 ]
set size: [16.63   13.7675 10.8075  8.3725  6.895 ]
time cost: 2.9176199436187744
coverage: [0.96   0.9375 0.9025 0.83   0.785 ]
set size: [24.2975 20.535  16.1125 11.97    9.17  ]
time cost: 1.562513828277588
computing proposed method with min score...
Conformity scores computed. shape of test:(400, 403)
coverage: [0.955  0.94   0.9    0.8425 0.7825]
set size: [16.6125 14.3775 11.825   9.035   7.1475]
time cost: 1.0434420108795166
coverage: [0.955 0.955 0.93  0.88  0.84 ]
set size: [382.5425 374.54   358.99   339.2    319.8975]
time cost: 50.01118183135986
finished repeatition: 27 time cost: 1.2647125720977783
Number of samples: 8000 Calibration size: 7600 test size: 400
average infected size: 42.1175
coverage: [0.9225 0.91   0.8875 0.85   0.8   ]
set size: [15.875  13.2375 10.4125  8.1075  6.6775]
time cost: 1.6219782829284668
coverage: [0.96   0.935  0.9125 0.8525 0.81  ]
set size: [24.7525 20.9975 16.62   12.3875  9.5925]
time cost: 2.3447043895721436
computing proposed method with min score...
Conformity scores computed. shape of test:(400, 403)
coverage: [0.9525 0.9225 0.9025 0.855  0.82  ]
set size: [16.8725 14.5725 12.135   9.185   7.435 ]
time cost: 1.0374817848205566
coverage: [0.9775 0.965  0.9425 0.8825 0.815 ]
set size: [387.2375 379.6025 359.295  331.7725 307.6   ]
time cost: 45.84715223312378
finished repeatition: 28 time cost: 1.2587201595306396
Number of samples: 8000 Calibration size: 7600 test size: 400
average infected size: 43.1075
coverage: [0.9375 0.9225 0.9    0.8625 0.8   ]
set size: [16.3175 13.6175 10.715   8.29    6.7775]
time cost: 2.3803775310516357
coverage: [0.9475 0.9375 0.91   0.865  0.82  ]
set size: [24.81   21.1375 16.8575 12.645   9.775 ]
time cost: 3.1267645359039307
computing proposed method with min score...
Conformity scores computed. shape of test:(400, 403)
coverage: [0.9575 0.94   0.91   0.875  0.835 ]
set size: [16.8225 14.6975 12.1225  9.45    7.6025]
time cost: 1.0508828163146973
coverage: [0.96   0.94   0.915  0.885  0.8325]
set size: [377.4525 367.38   356.7825 334.8325 305.31  ]
time cost: 43.856200218200684
finished repeatition: 29 time cost: 1.2736599445343018
Number of samples: 8000 Calibration size: 7600 test size: 400
average infected size: 40.7525
coverage: [0.955  0.935  0.9    0.8525 0.8125]
set size: [15.6725 13.02   10.165   7.875   6.5125]
time cost: 3.013685464859009
coverage: [0.95   0.935  0.9025 0.8725 0.825 ]
set size: [24.8925 21.3475 16.9975 12.85    9.895 ]
time cost: 3.0327110290527344
computing proposed method with min score...
Conformity scores computed. shape of test:(400, 403)
coverage: [0.9525 0.925  0.905  0.865  0.8325]
set size: [17.0375 14.83   12.3225  9.5975  7.7775]
time cost: 1.037590503692627
coverage: [0.9725 0.9625 0.935  0.895  0.845 ]
set size: [384.63   375.105  361.4375 340.0925 315.21  ]
time cost: 51.736483335494995
finished repeatition: 30 time cost: 1.2627942562103271
Number of samples: 8000 Calibration size: 7600 test size: 400
average infected size: 43.0625
coverage: [0.9475 0.9225 0.9    0.8425 0.79  ]
set size: [16.5025 13.6275 10.7675  8.3025  6.815 ]
time cost: 3.1095690727233887
coverage: [0.9375 0.915  0.885  0.8225 0.775 ]
set size: [24.6775 20.9325 16.6675 12.45    9.5   ]
time cost: 3.2653379440307617
computing proposed method with min score...
Conformity scores computed. shape of test:(400, 403)
coverage: [0.935  0.915  0.8875 0.8425 0.7675]
set size: [16.79   14.625  12.1725  9.3875  7.45  ]
time cost: 1.0291025638580322
coverage: [0.9675 0.9575 0.9375 0.86   0.8175]
set size: [383.655  373.6175 355.96   330.97   313.4375]
time cost: 54.44503569602966
finished repeatition: 31 time cost: 1.2502784729003906
Number of samples: 8000 Calibration size: 7600 test size: 400
average infected size: 42.81
coverage: [0.9275 0.9075 0.87   0.8225 0.7675]
set size: [16.1625 13.3875 10.545   8.1975  6.755 ]
time cost: 1.394028663635254
coverage: [0.935  0.9275 0.8825 0.835  0.775 ]
set size: [24.045  20.4375 16.01   11.9425  9.105 ]
time cost: 1.4890501499176025
computing proposed method with min score...
Conformity scores computed. shape of test:(400, 403)
coverage: [0.9475 0.93   0.8925 0.835  0.7825]
set size: [16.3025 14.2625 11.6625  8.9425  7.13  ]
time cost: 1.0304889678955078
coverage: [0.97   0.95   0.9225 0.87   0.84  ]
set size: [381.0075 373.54   355.1375 339.1775 313.39  ]
time cost: 50.8098680973053
finished repeatition: 32 time cost: 1.2502446174621582
Number of samples: 8000 Calibration size: 7600 test size: 400
average infected size: 41.4
coverage: [0.9475 0.9175 0.875  0.8175 0.7725]
set size: [15.87   13.1175 10.2925  7.995   6.5825]
time cost: 2.16387939453125
coverage: [0.9575 0.9275 0.8925 0.85   0.8   ]
set size: [24.3525 20.67   16.2775 12.16    9.32  ]
time cost: 2.352553367614746
computing proposed method with min score...
Conformity scores computed. shape of test:(400, 403)
coverage: [0.95   0.93   0.8975 0.8375 0.81  ]
set size: [16.5925 14.4925 12.055   9.2375  7.395 ]
time cost: 1.0432465076446533
coverage: [0.9675 0.9575 0.9375 0.9    0.8475]
set size: [385.7    379.0425 364.61   345.375  326.4975]
time cost: 48.46047115325928
finished repeatition: 33 time cost: 1.2647652626037598
Number of samples: 8000 Calibration size: 7600 test size: 400
average infected size: 43.7175
coverage: [0.9625 0.94   0.9025 0.8475 0.8175]
set size: [16.8325 13.95   10.925   8.4175  6.97  ]
time cost: 2.184027671813965
coverage: [0.9475 0.9325 0.8925 0.835  0.7925]
set size: [25.6    21.6775 17.045  12.7075  9.75  ]
time cost: 2.362318754196167
computing proposed method with min score...
Conformity scores computed. shape of test:(400, 403)
coverage: [0.965  0.94   0.9125 0.85   0.79  ]
set size: [17.6325 15.22   12.59    9.6575  7.655 ]
time cost: 1.0369617938995361
coverage: [0.9725 0.94   0.91   0.865  0.81  ]
set size: [377.0825 368.9625 355.7175 329.0225 305.21  ]
time cost: 47.85504388809204
finished repeatition: 34 time cost: 1.2608423233032227
Number of samples: 8000 Calibration size: 7600 test size: 400
average infected size: 43.7375
coverage: [0.96   0.9375 0.9125 0.87   0.8175]
set size: [16.8575 13.9525 10.94    8.415   6.9525]
time cost: 2.2493813037872314
coverage: [0.96   0.9475 0.9225 0.865  0.825 ]
set size: [25.5825 21.85   17.3025 12.9075 10.045 ]
time cost: 2.5397722721099854
computing proposed method with min score...
Conformity scores computed. shape of test:(400, 403)
coverage: [0.9625 0.95   0.915  0.8775 0.805 ]
set size: [17.3375 15.08   12.4525  9.505   7.61  ]
time cost: 1.0388009548187256
coverage: [0.9825 0.95   0.9225 0.86   0.8   ]
set size: [380.625  371.77   353.425  325.365  304.8425]
time cost: 44.298903703689575
finished repeatition: 35 time cost: 1.2600033283233643
Number of samples: 8000 Calibration size: 7600 test size: 400
average infected size: 40.3275
coverage: [0.9575 0.9325 0.9    0.835  0.795 ]
set size: [15.61   12.91   10.1225  7.8025  6.4475]
time cost: 2.227574110031128
coverage: [0.9475 0.9375 0.905  0.8475 0.8025]
set size: [24.665  20.96   16.4575 12.1425  9.3175]
time cost: 2.356961727142334
computing proposed method with min score...
Conformity scores computed. shape of test:(400, 403)
coverage: [0.96   0.9425 0.905  0.8525 0.8125]
set size: [17.01   14.75   12.1025  9.255   7.3   ]
time cost: 1.0356948375701904
coverage: [0.98   0.9575 0.945  0.9025 0.8525]
set size: [385.71   379.3675 368.045  347.75   322.0175]
time cost: 45.512739181518555
finished repeatition: 36 time cost: 1.2563421726226807
Number of samples: 8000 Calibration size: 7600 test size: 400
average infected size: 42.8725
coverage: [0.9425 0.9325 0.91   0.8575 0.81  ]
set size: [16.265  13.59   10.64    8.1875  6.7275]
time cost: 2.1563289165496826
coverage: [0.9575 0.9375 0.9    0.84   0.7825]
set size: [23.76   20.055  15.6175 11.5975  8.88  ]
time cost: 1.7473280429840088
computing proposed method with min score...
Conformity scores computed. shape of test:(400, 403)
coverage: [0.9675 0.9475 0.915  0.8475 0.79  ]
set size: [16.2075 13.965  11.405   8.6575  6.8675]
time cost: 1.0287635326385498
coverage: [0.9875 0.9675 0.9425 0.87   0.8125]
set size: [388.835  379.355  361.835  328.97   311.0925]
time cost: 32.300278425216675
finished repeatition: 37 time cost: 1.2488455772399902
Number of samples: 8000 Calibration size: 7600 test size: 400
average infected size: 41.9025
coverage: [0.955  0.9325 0.905  0.8625 0.8125]
set size: [16.095  13.365  10.5     8.1125  6.67  ]
time cost: 2.394855260848999
coverage: [0.9425 0.925  0.9025 0.86   0.8125]
set size: [24.01   20.2775 16.0175 11.99    9.275 ]
time cost: 2.8214221000671387
computing proposed method with min score...
Conformity scores computed. shape of test:(400, 403)
coverage: [0.9575 0.94   0.9    0.8525 0.81  ]
set size: [16.4875 14.315  11.555   8.895   7.1325]
time cost: 1.0396006107330322
coverage: [0.9575 0.9425 0.92   0.8625 0.8025]
set size: [379.4825 371.725  353.5075 328.02   306.39  ]
time cost: 58.044188022613525
finished repeatition: 38 time cost: 1.2645294666290283
Number of samples: 8000 Calibration size: 7600 test size: 400
average infected size: 41.78
coverage: [0.935  0.93   0.9025 0.8375 0.8   ]
set size: [15.71  13.155 10.315  7.91   6.525]
time cost: 2.157883644104004
coverage: [0.95   0.9225 0.8825 0.83   0.795 ]
set size: [23.78   19.9675 15.74   11.7975  9.155 ]
time cost: 2.5655415058135986
computing proposed method with min score...
Conformity scores computed. shape of test:(400, 403)
coverage: [0.945  0.9325 0.9    0.85   0.7725]
set size: [15.8825 13.7475 11.4675  8.8375  7.015 ]
time cost: 1.0355119705200195
coverage: [0.985  0.97   0.95   0.9075 0.8625]
set size: [389.945  382.68   367.545  349.06   327.1025]
time cost: 55.94431972503662
finished repeatition: 39 time cost: 1.2564618587493896
Number of samples: 8000 Calibration size: 7600 test size: 400
average infected size: 44.365
coverage: [0.955  0.94   0.9075 0.865  0.82  ]
set size: [17.11   14.2325 11.1625  8.6575  7.1775]
time cost: 2.1659204959869385
coverage: [0.9275 0.9125 0.89   0.8525 0.805 ]
set size: [25.585  21.6125 17.1625 12.8125  9.8275]
time cost: 2.3517653942108154
computing proposed method with min score...
Conformity scores computed. shape of test:(400, 403)
coverage: [0.9425 0.9275 0.905  0.8375 0.78  ]
set size: [17.78   15.335  12.7725  9.6725  7.75  ]
time cost: 1.0318169593811035
coverage: [0.965  0.9525 0.9125 0.8425 0.7875]
set size: [381.7425 368.4525 348.4975 322.25   299.2125]
time cost: 48.51882743835449
finished repeatition: 40 time cost: 1.2533502578735352
Number of samples: 8000 Calibration size: 7600 test size: 400
average infected size: 41.56
coverage: [0.9375 0.91   0.8825 0.835  0.78  ]
set size: [15.8125 13.1175 10.3625  8.07    6.6175]
time cost: 2.1939804553985596
coverage: [0.945  0.925  0.8925 0.835  0.7675]
set size: [23.7425 19.92   15.61   11.5475  8.7425]
time cost: 1.5022742748260498
computing proposed method with min score...
Conformity scores computed. shape of test:(400, 403)
coverage: [0.955  0.9325 0.9    0.84   0.7775]
set size: [16.4775 14.1125 11.55    8.74    6.9125]
time cost: 1.0431411266326904
coverage: [0.98   0.9575 0.9225 0.875  0.835 ]
set size: [382.615  372.9275 355.9575 338.5125 317.565 ]
time cost: 52.53654098510742
finished repeatition: 41 time cost: 1.2636499404907227
Number of samples: 8000 Calibration size: 7600 test size: 400
average infected size: 41.1975
coverage: [0.955  0.94   0.9025 0.84   0.7775]
set size: [15.875  13.19   10.335   7.9125  6.5125]
time cost: 2.384413003921509
coverage: [0.9575 0.945  0.9075 0.8525 0.7975]
set size: [23.5975 20.1375 15.88   11.8125  9.0375]
time cost: 2.5735039710998535
computing proposed method with min score...
Conformity scores computed. shape of test:(400, 403)
coverage: [0.955  0.9375 0.91   0.8675 0.8175]
set size: [16.035  13.91   11.5675  8.92    7.095 ]
time cost: 1.0380973815917969
coverage: [0.97   0.96   0.94   0.8975 0.845 ]
set size: [383.1075 377.84   367.27   341.345  321.5675]
time cost: 56.99767303466797
finished repeatition: 42 time cost: 1.258035659790039
Number of samples: 8000 Calibration size: 7600 test size: 400
average infected size: 44.0925
coverage: [0.9375 0.91   0.89   0.84   0.8125]
set size: [16.6475 13.79   10.855   8.4125  6.9525]
time cost: 1.8864061832427979
coverage: [0.9475 0.94   0.9075 0.8525 0.785 ]
set size: [24.865 21.165 16.665 12.4    9.45 ]
time cost: 1.4959638118743896
computing proposed method with min score...
Conformity scores computed. shape of test:(400, 403)
coverage: [0.955 0.93  0.905 0.825 0.775]
set size: [16.83   14.4825 12.005   9.1475  7.3175]
time cost: 1.0247912406921387
coverage: [0.9675 0.955  0.93   0.8875 0.8375]
set size: [382.8875 374.3675 361.1    340.27   316.8475]
time cost: 57.01365947723389
finished repeatition: 43 time cost: 1.2458770275115967
Number of samples: 8000 Calibration size: 7600 test size: 400
average infected size: 45.8325
coverage: [0.94   0.9225 0.9    0.835  0.8025]
set size: [17.4225 14.47   11.405   8.77    7.2425]
time cost: 2.1302661895751953
coverage: [0.9275 0.9175 0.89   0.855  0.805 ]
set size: [24.0175 20.4275 16.2675 12.345   9.59  ]
time cost: 2.3959529399871826
computing proposed method with min score...
Conformity scores computed. shape of test:(400, 403)
coverage: [0.9275 0.9025 0.875  0.815  0.7675]
set size: [16.0575 13.855  11.51    8.88    7.22  ]
time cost: 1.039907455444336
coverage: [0.975  0.955  0.9275 0.8925 0.815 ]
set size: [387.495  373.7925 358.9175 335.0425 305.3875]
time cost: 37.054696559906006
finished repeatition: 44 time cost: 1.2605793476104736
Number of samples: 8000 Calibration size: 7600 test size: 400
average infected size: 42.7975
coverage: [0.96   0.95   0.905  0.87   0.8125]
set size: [16.5625 13.77   10.7     8.29    6.8325]
time cost: 2.15157151222229
coverage: [0.94   0.93   0.8925 0.845  0.79  ]
set size: [24.61   20.965  16.5825 12.4225  9.5975]
time cost: 2.3389599323272705
computing proposed method with min score...
Conformity scores computed. shape of test:(400, 403)
coverage: [0.9575 0.9325 0.9    0.8375 0.8   ]
set size: [16.995  14.72   12.16    9.2225  7.46  ]
time cost: 1.0212092399597168
coverage: [0.98   0.9675 0.9375 0.8825 0.8225]
set size: [386.18   378.1525 361.25   335.0075 316.2725]
time cost: 56.02564072608948
finished repeatition: 45 time cost: 1.2425789833068848
Number of samples: 8000 Calibration size: 7600 test size: 400
average infected size: 42.235
coverage: [0.9225 0.9125 0.895  0.825  0.775 ]
set size: [15.93   13.325  10.5125  8.07    6.65  ]
time cost: 1.4344866275787354
coverage: [0.94   0.925  0.9    0.8425 0.785 ]
set size: [24.135  20.3275 16.1325 11.985   9.1825]
time cost: 1.4984409809112549
computing proposed method with min score...
Conformity scores computed. shape of test:(400, 403)
coverage: [0.9425 0.9225 0.8875 0.8425 0.8   ]
set size: [16.39   14.1225 11.6025  8.955   7.1125]
time cost: 1.0266458988189697
coverage: [0.9575 0.95   0.91   0.8725 0.815 ]
set size: [380.5    368.8225 355.595  332.7425 313.8925]
time cost: 40.902695417404175
finished repeatition: 46 time cost: 1.2495315074920654
Number of samples: 8000 Calibration size: 7600 test size: 400
average infected size: 41.6025
coverage: [0.9175 0.8975 0.8525 0.795  0.755 ]
set size: [15.7025 13.03   10.235   7.935   6.5325]
time cost: 2.158562660217285
coverage: [0.93   0.905  0.86   0.815  0.7475]
set size: [22.6825 19.03   14.9175 11.1975  8.485 ]
time cost: 2.3245203495025635
computing proposed method with min score...
Conformity scores computed. shape of test:(400, 403)
coverage: [0.9175 0.905  0.8725 0.8125 0.7575]
set size: [15.4425 13.3575 10.9     8.3175  6.645 ]
time cost: 1.0346832275390625
coverage: [0.975  0.9575 0.9425 0.88   0.85  ]
set size: [386.5775 379.17   364.3575 342.44   321.37  ]
time cost: 28.022637605667114
finished repeatition: 47 time cost: 1.2578251361846924
Number of samples: 8000 Calibration size: 7600 test size: 400
average infected size: 42.8525
coverage: [0.9625 0.9375 0.905  0.86   0.815 ]
set size: [16.615  13.735  10.7675  8.315   6.86  ]
time cost: 1.3614113330841064
coverage: [0.955  0.935  0.89   0.8375 0.7875]
set size: [24.9325 21.01   16.2075 12.      9.105 ]
time cost: 1.465188980102539
computing proposed method with min score...
Conformity scores computed. shape of test:(400, 403)
coverage: [0.9575 0.94   0.8975 0.8675 0.8225]
set size: [17.1725 14.8725 12.045   9.195   7.3325]
time cost: 1.04288649559021
coverage: [0.9775 0.96   0.9425 0.8825 0.84  ]
set size: [384.3    378.3875 361.325  340.795  317.9375]
time cost: 21.844527006149292
finished repeatition: 48 time cost: 1.2620553970336914
Number of samples: 8000 Calibration size: 7600 test size: 400
average infected size: 42.3425
coverage: [0.945  0.9225 0.885  0.8325 0.7675]
set size: [16.22  13.44  10.555  8.17   6.75 ]
time cost: 1.3471698760986328
coverage: [0.955  0.945  0.915  0.8475 0.7925]
set size: [25.08   21.325  16.7525 12.2525  9.3225]
time cost: 1.4573450088500977
computing proposed method with min score...
Conformity scores computed. shape of test:(400, 403)
coverage: [0.95   0.9375 0.915  0.8775 0.815 ]
set size: [17.25   15.085  12.4275  9.43    7.39  ]
time cost: 1.0348162651062012
coverage: [0.98   0.9625 0.94   0.8925 0.8475]
set size: [386.48   376.2975 365.8825 342.9725 312.0225]
time cost: 17.20764398574829
finished repeatition: 49 time cost: 1.2555513381958008

Coverage Results:
Method    α=0.05         α=0.07         α=0.10         α=0.15         α=0.20         
-------------------------------------------------------------------------------------
set_recall0.950 ± 0.013  0.929 ± 0.013  0.898 ± 0.016  0.848 ± 0.020  0.799 ± 0.020  
set_prec  0.947 ± 0.011  0.930 ± 0.013  0.897 ± 0.015  0.848 ± 0.014  0.797 ± 0.018  
set_min   0.950 ± 0.012  0.930 ± 0.012  0.899 ± 0.013  0.848 ± 0.018  0.798 ± 0.019  
ArbiTree-CQC0.972 ± 0.010  0.957 ± 0.010  0.933 ± 0.013  0.885 ± 0.018  0.838 ± 0.021  

Set Size Results:
Method    α=0.05         α=0.07         α=0.10         α=0.15         α=0.20         
-------------------------------------------------------------------------------------
set_recall16.242 ± 0.529 13.473 ± 0.425 10.568 ± 0.334 8.173 ± 0.255  6.731 ± 0.212  
set_prec  24.364 ± 0.717 20.643 ± 0.655 16.285 ± 0.532 12.154 ± 0.401 9.334 ± 0.333  
set_min   16.611 ± 0.546 14.381 ± 0.479 11.866 ± 0.422 9.083 ± 0.337  7.256 ± 0.274  
ArbiTree-CQC384.310 ± 4.048375.790 ± 4.977361.070 ± 6.273339.189 ± 7.697317.092 ± 8.518

Time Cost Results:
Method    α=0.05         α=0.07         α=0.10         α=0.15         α=0.20         
-------------------------------------------------------------------------------------
set_recall2.155 ± 0.474  2.155 ± 0.474  2.155 ± 0.474  2.155 ± 0.474  2.155 ± 0.474  
set_prec  2.268 ± 0.549  2.268 ± 0.549  2.268 ± 0.549  2.268 ± 0.549  2.268 ± 0.549  
set_min   1.036 ± 0.007  1.036 ± 0.007  1.036 ± 0.007  1.036 ± 0.007  1.036 ± 0.007  
ArbiTree-CQC46.645 ± 9.205 46.645 ± 9.205 46.645 ± 9.205 46.645 ± 9.205 46.645 ± 9.205 
finished.
