2025-08-31 23:53:24.148406: I tensorflow/stream_executor/platform/default/dso_loader.cc:48] Successfully opened dynamic library libcudart.so.10.1
Number of nodes: 774
Number of edges: 7992
Calibration size: 7600 test size: 400
average infected size: 20.4575
coverage: [0.865  0.8425 0.82   0.78   0.745 ]
set size: [14.5025 14.1725 13.7625 13.28   12.865 ]
time cost: 1.4257044792175293
computing proposed method with precision score...
Conformity scores computed. shape of test:(400, 774)
coverage: [0.9825 0.945  0.91   0.875  0.8175]
set size: [23.39   22.0675 20.2025 17.89   16.11  ]
time cost: 1.5609321594238281
finished repeatition: 0 time cost: 1.9530613422393799
Calibration size: 7600 test size: 400
average infected size: 20.4575
coverage: [0.8575 0.8425 0.82   0.765  0.7275]
set size: [14.5575 14.25   13.8875 13.3575 12.99  ]
time cost: 1.4221467971801758
computing proposed method with precision score...
Conformity scores computed. shape of test:(400, 774)
coverage: [0.9575 0.9375 0.9225 0.8875 0.8425]
set size: [23.53   22.2425 20.5475 18.34   16.5375]
time cost: 1.5490825176239014
finished repeatition: 1 time cost: 1.9354584217071533
Calibration size: 7600 test size: 400
average infected size: 20.4575
coverage: [0.8575 0.8275 0.8075 0.755  0.7025]
set size: [14.9225 14.5775 14.21   13.6925 13.195 ]
time cost: 1.4195516109466553
computing proposed method with precision score...
Conformity scores computed. shape of test:(400, 774)
coverage: [0.9675 0.9375 0.9075 0.8675 0.825 ]
set size: [23.6975 22.42   20.54   18.3625 16.4975]
time cost: 1.5550870895385742
finished repeatition: 2 time cost: 1.9377083778381348
Calibration size: 7600 test size: 400
average infected size: 20.4575
coverage: [0.875 0.845 0.82  0.78  0.75 ]
set size: [14.5575 14.2525 13.85   13.3875 12.9475]
time cost: 1.4133267402648926
computing proposed method with precision score...
Conformity scores computed. shape of test:(400, 774)
coverage: [0.9675 0.9375 0.915  0.875  0.8275]
set size: [23.645  22.1825 20.425  18.195  16.3925]
time cost: 1.5401105880737305
finished repeatition: 3 time cost: 1.9251248836517334
Calibration size: 7600 test size: 400
average infected size: 20.4575
coverage: [0.855  0.835  0.8175 0.7475 0.6875]
set size: [14.7525 14.425  14.085  13.5225 13.0725]
time cost: 1.4312148094177246
computing proposed method with precision score...
Conformity scores computed. shape of test:(400, 774)
coverage: [0.97   0.9425 0.915  0.8725 0.8325]
set size: [23.5725 22.465  20.55   18.2475 16.3325]
time cost: 1.5504729747772217
finished repeatition: 4 time cost: 1.9343345165252686
Calibration size: 7600 test size: 400
average infected size: 20.4575
coverage: [0.86   0.8425 0.8175 0.755  0.7275]
set size: [13.995  13.7    13.3225 12.855  12.4525]
time cost: 1.4162523746490479
computing proposed method with precision score...
Conformity scores computed. shape of test:(400, 774)
coverage: [0.9775 0.9475 0.9225 0.8925 0.8475]
set size: [23.1175 21.8675 20.1775 18.21   16.495 ]
time cost: 1.5482327938079834
finished repeatition: 5 time cost: 1.9350783824920654
Calibration size: 7600 test size: 400
average infected size: 20.4575
coverage: [0.8475 0.825  0.8075 0.7675 0.725 ]
set size: [14.565  14.2575 13.8875 13.4025 12.96  ]
time cost: 1.4141643047332764
computing proposed method with precision score...
Conformity scores computed. shape of test:(400, 774)
coverage: [0.9775 0.9525 0.9225 0.8725 0.815 ]
set size: [23.65   22.3525 20.4125 18.09   16.1075]
time cost: 1.5535647869110107
finished repeatition: 6 time cost: 1.9410290718078613
Calibration size: 7600 test size: 400
average infected size: 20.4575
coverage: [0.865  0.8425 0.81   0.7625 0.71  ]
set size: [14.4925 14.165  13.7825 13.345  12.845 ]
time cost: 1.4226422309875488
computing proposed method with precision score...
Conformity scores computed. shape of test:(400, 774)
coverage: [0.975  0.945  0.925  0.875  0.8175]
set size: [23.5275 22.175  20.4775 18.035  16.1275]
time cost: 1.553222894668579
finished repeatition: 7 time cost: 1.9371345043182373
Calibration size: 7600 test size: 400
average infected size: 20.4575
coverage: [0.8825 0.8525 0.835  0.77   0.7225]
set size: [14.47   14.1375 13.79   13.28   12.8275]
time cost: 1.431112289428711
computing proposed method with precision score...
Conformity scores computed. shape of test:(400, 774)
coverage: [0.9775 0.9475 0.915  0.8825 0.84  ]
set size: [23.53   22.1625 20.445  18.1275 16.19  ]
time cost: 1.5620906352996826
finished repeatition: 8 time cost: 1.950615644454956
Calibration size: 7600 test size: 400
average infected size: 20.4575
coverage: [0.8675 0.8475 0.815  0.7575 0.7125]
set size: [14.31   13.995  13.6125 13.13   12.6675]
time cost: 1.4227089881896973
computing proposed method with precision score...
Conformity scores computed. shape of test:(400, 774)
coverage: [0.9675 0.9375 0.92   0.875  0.8375]
set size: [23.4675 22.1725 20.43   18.2425 16.53  ]
time cost: 1.5496630668640137
finished repeatition: 9 time cost: 1.9356269836425781
Calibration size: 7600 test size: 400
average infected size: 20.4575
coverage: [0.85   0.8275 0.8    0.74   0.7   ]
set size: [14.04   13.72   13.37   12.915  12.4875]
time cost: 1.4153928756713867
computing proposed method with precision score...
Conformity scores computed. shape of test:(400, 774)
coverage: [0.9775 0.9525 0.93   0.8975 0.8625]
set size: [23.6225 22.4425 20.67   18.5575 16.85  ]
time cost: 1.5578129291534424
finished repeatition: 10 time cost: 1.9423375129699707
Calibration size: 7600 test size: 400
average infected size: 20.4575
coverage: [0.865  0.8425 0.825  0.775  0.7425]
set size: [14.48   14.1825 13.795  13.27   12.8475]
time cost: 1.4310452938079834
computing proposed method with precision score...
Conformity scores computed. shape of test:(400, 774)
coverage: [0.9675 0.945  0.9175 0.875  0.8225]
set size: [23.5    22.1775 20.2825 18.0925 16.1775]
time cost: 1.5554773807525635
finished repeatition: 11 time cost: 1.941906452178955
Calibration size: 7600 test size: 400
average infected size: 20.4575
coverage: [0.8525 0.8325 0.805  0.765  0.7275]
set size: [13.5375 13.255  12.935  12.4825 12.1   ]
time cost: 1.4281306266784668
computing proposed method with precision score...
Conformity scores computed. shape of test:(400, 774)
coverage: [0.9825 0.96   0.9375 0.91   0.87  ]
set size: [23.305  22.0425 20.44   18.2875 16.59  ]
time cost: 1.5447828769683838
finished repeatition: 12 time cost: 1.9302337169647217
Calibration size: 7600 test size: 400
average infected size: 20.4575
coverage: [0.865  0.85   0.83   0.7625 0.73  ]
set size: [14.2325 13.925  13.5525 13.0775 12.6875]
time cost: 1.433117151260376
computing proposed method with precision score...
Conformity scores computed. shape of test:(400, 774)
coverage: [0.965  0.9475 0.935  0.8875 0.8325]
set size: [23.615  22.3675 20.63   18.3    16.5275]
time cost: 1.5663597583770752
finished repeatition: 13 time cost: 1.9528329372406006
Calibration size: 7600 test size: 400
average infected size: 20.4575
coverage: [0.87   0.8525 0.81   0.7575 0.7125]
set size: [14.4175 14.0875 13.735  13.2275 12.775 ]
time cost: 1.4304893016815186
computing proposed method with precision score...
Conformity scores computed. shape of test:(400, 774)
coverage: [0.9775 0.955  0.9275 0.8825 0.8275]
set size: [23.7975 22.55   20.6075 18.0725 16.3525]
time cost: 1.558774709701538
finished repeatition: 14 time cost: 1.9419238567352295
Calibration size: 7600 test size: 400
average infected size: 20.4575
coverage: [0.8775 0.87   0.8375 0.79   0.7425]
set size: [14.81   14.4725 14.1225 13.5975 13.1275]
time cost: 1.422163724899292
computing proposed method with precision score...
Conformity scores computed. shape of test:(400, 774)
coverage: [0.9625 0.9425 0.925  0.8675 0.8375]
set size: [23.895  22.655  20.705  18.46   16.7625]
time cost: 1.5539557933807373
finished repeatition: 15 time cost: 1.9392807483673096
Calibration size: 7600 test size: 400
average infected size: 20.4575
coverage: [0.87   0.8525 0.8225 0.775  0.7125]
set size: [14.8075 14.53   14.12   13.61   13.1525]
time cost: 1.4074630737304688
computing proposed method with precision score...
Conformity scores computed. shape of test:(400, 774)
coverage: [0.97   0.945  0.9175 0.8675 0.8225]
set size: [23.69   22.38   20.3875 18.105  16.285 ]
time cost: 1.5573663711547852
finished repeatition: 16 time cost: 1.9442083835601807
Calibration size: 7600 test size: 400
average infected size: 20.4575
coverage: [0.875  0.85   0.8225 0.7875 0.7425]
set size: [14.525  14.2175 13.85   13.3225 12.8875]
time cost: 1.4116230010986328
computing proposed method with precision score...
Conformity scores computed. shape of test:(400, 774)
coverage: [0.97   0.955  0.925  0.8775 0.835 ]
set size: [23.6625 22.4425 20.75   18.5025 16.7125]
time cost: 1.5619666576385498
finished repeatition: 17 time cost: 1.946476936340332
Calibration size: 7600 test size: 400
average infected size: 20.4575
coverage: [0.875  0.8475 0.8225 0.755  0.715 ]
set size: [14.4825 14.1525 13.785  13.3025 12.8575]
time cost: 1.4102866649627686
computing proposed method with precision score...
Conformity scores computed. shape of test:(400, 774)
coverage: [0.975  0.95   0.91   0.8625 0.815 ]
set size: [23.6575 22.295  20.3525 18.0375 16.2525]
time cost: 1.5574312210083008
finished repeatition: 18 time cost: 1.9414358139038086
Calibration size: 7600 test size: 400
average infected size: 20.4575
coverage: [0.87   0.845  0.815  0.7575 0.71  ]
set size: [14.545  14.2125 13.8575 13.3325 12.895 ]
time cost: 1.4203853607177734
computing proposed method with precision score...
Conformity scores computed. shape of test:(400, 774)
coverage: [0.98   0.945  0.9175 0.8775 0.835 ]
set size: [23.755  22.285  20.6525 18.3475 16.5175]
time cost: 1.5480563640594482
finished repeatition: 19 time cost: 1.9335644245147705
Calibration size: 7600 test size: 400
average infected size: 20.4575
coverage: [0.8525 0.8375 0.805  0.75   0.705 ]
set size: [14.475  14.1925 13.8225 13.3125 12.88  ]
time cost: 1.4285807609558105
computing proposed method with precision score...
Conformity scores computed. shape of test:(400, 774)
coverage: [0.9775 0.9425 0.9175 0.8775 0.8475]
set size: [23.42   22.1675 20.405  18.185  16.5275]
time cost: 1.5475800037384033
finished repeatition: 20 time cost: 1.9346165657043457
Calibration size: 7600 test size: 400
average infected size: 20.4575
coverage: [0.86   0.84   0.81   0.77   0.7275]
set size: [14.6725 14.305  13.95   13.4475 12.99  ]
time cost: 1.415093183517456
computing proposed method with precision score...
Conformity scores computed. shape of test:(400, 774)
coverage: [0.9625 0.9375 0.9175 0.875  0.8325]
set size: [23.795 22.35  20.47  18.315 16.55 ]
time cost: 1.7355737686157227
finished repeatition: 21 time cost: 2.147038221359253
Calibration size: 7600 test size: 400
average infected size: 20.4575
coverage: [0.87   0.8525 0.8225 0.775  0.74  ]
set size: [14.8275 14.4775 14.14   13.5975 13.13  ]
time cost: 1.4300825595855713
computing proposed method with precision score...
Conformity scores computed. shape of test:(400, 774)
coverage: [0.9725 0.9475 0.925  0.865  0.815 ]
set size: [24.2225 22.65   20.5225 18.235  16.4825]
time cost: 1.748539686203003
finished repeatition: 22 time cost: 2.1775927543640137
Calibration size: 7600 test size: 400
average infected size: 20.4575
coverage: [0.85   0.8375 0.805  0.7675 0.72  ]
set size: [14.6075 14.315  13.9125 13.4025 12.975 ]
time cost: 1.4260709285736084
computing proposed method with precision score...
Conformity scores computed. shape of test:(400, 774)
coverage: [0.9775 0.95   0.9225 0.8625 0.81  ]
set size: [23.7875 22.485  20.3975 18.0975 16.2975]
time cost: 1.7467443943023682
finished repeatition: 23 time cost: 2.176100254058838
Calibration size: 7600 test size: 400
average infected size: 20.4575
coverage: [0.8625 0.8475 0.8225 0.775  0.73  ]
set size: [14.3275 14.0375 13.6975 13.195  12.73  ]
time cost: 1.416743516921997
computing proposed method with precision score...
Conformity scores computed. shape of test:(400, 774)
coverage: [0.9725 0.94   0.9275 0.885  0.855 ]
set size: [23.365  21.955  20.235  18.0375 16.32  ]
time cost: 1.5489232540130615
finished repeatition: 24 time cost: 1.976982831954956
Calibration size: 7600 test size: 400
average infected size: 20.4575
coverage: [0.8325 0.81   0.785  0.735  0.6975]
set size: [14.875  14.6025 14.21   13.6725 13.2175]
time cost: 1.4173500537872314
computing proposed method with precision score...
Conformity scores computed. shape of test:(400, 774)
coverage: [0.9575 0.9425 0.91   0.86   0.81  ]
set size: [23.95   22.7025 20.685  18.1575 16.3625]
time cost: 1.5726540088653564
finished repeatition: 25 time cost: 1.9585800170898438
Calibration size: 7600 test size: 400
average infected size: 20.4575
coverage: [0.8575 0.8325 0.795  0.7425 0.7075]
set size: [14.46   14.1675 13.7325 13.2925 12.8675]
time cost: 1.4218873977661133
computing proposed method with precision score...
Conformity scores computed. shape of test:(400, 774)
coverage: [0.9625 0.9425 0.9175 0.89   0.8525]
set size: [23.9875 22.695  20.855  18.805  16.9475]
time cost: 1.5536384582519531
finished repeatition: 26 time cost: 1.938817024230957
Calibration size: 7600 test size: 400
average infected size: 20.4575
coverage: [0.845  0.8175 0.7975 0.7475 0.705 ]
set size: [15.015  14.6875 14.3425 13.82   13.3425]
time cost: 1.424164056777954
computing proposed method with precision score...
Conformity scores computed. shape of test:(400, 774)
coverage: [0.9675 0.9425 0.9125 0.86   0.8125]
set size: [23.9425 22.5525 20.555  18.1325 16.3125]
time cost: 1.5499608516693115
finished repeatition: 27 time cost: 1.9351716041564941
Calibration size: 7600 test size: 400
average infected size: 20.4575
coverage: [0.855  0.8275 0.81   0.7525 0.705 ]
set size: [14.135  13.825  13.455  12.9775 12.5475]
time cost: 1.4311864376068115
computing proposed method with precision score...
Conformity scores computed. shape of test:(400, 774)
coverage: [0.98   0.955  0.9325 0.885  0.8375]
set size: [23.415  22.035  20.2825 18.045  16.2325]
time cost: 1.546320915222168
finished repeatition: 28 time cost: 1.930473804473877
Calibration size: 7600 test size: 400
average infected size: 20.4575
coverage: [0.87   0.8475 0.825  0.775  0.7225]
set size: [14.7825 14.3925 14.0175 13.5275 13.0775]
time cost: 1.417874813079834
computing proposed method with precision score...
Conformity scores computed. shape of test:(400, 774)
coverage: [0.9725 0.93   0.9025 0.8525 0.8125]
set size: [23.5925 22.2425 20.335  17.895  16.175 ]
time cost: 1.563857078552246
finished repeatition: 29 time cost: 1.9503774642944336
Calibration size: 7600 test size: 400
average infected size: 20.4575
coverage: [0.865  0.8325 0.8075 0.7575 0.73  ]
set size: [13.925  13.6125 13.245  12.7975 12.3675]
time cost: 1.426839828491211
computing proposed method with precision score...
Conformity scores computed. shape of test:(400, 774)
coverage: [0.9675 0.9475 0.9275 0.89   0.8525]
set size: [23.0275 21.9325 20.3975 18.1175 16.4725]
time cost: 1.5674993991851807
finished repeatition: 30 time cost: 1.9538764953613281
Calibration size: 7600 test size: 400
average infected size: 20.4575
coverage: [0.8625 0.8525 0.8175 0.75   0.6975]
set size: [14.48   14.1975 13.795  13.2225 12.755 ]
time cost: 1.4277942180633545
computing proposed method with precision score...
Conformity scores computed. shape of test:(400, 774)
coverage: [0.9775 0.9625 0.9425 0.8775 0.8375]
set size: [23.85   22.545  20.5775 18.14   16.335 ]
time cost: 1.5525000095367432
finished repeatition: 31 time cost: 1.9374415874481201
Calibration size: 7600 test size: 400
average infected size: 20.4575
coverage: [0.845 0.815 0.785 0.735 0.685]
set size: [14.6075 14.2675 13.915  13.425  12.9475]
time cost: 1.411616563796997
computing proposed method with precision score...
Conformity scores computed. shape of test:(400, 774)
coverage: [0.975  0.96   0.9375 0.8975 0.84  ]
set size: [24.185  22.875  21.03   18.8025 16.8125]
time cost: 1.5575456619262695
finished repeatition: 32 time cost: 1.942988395690918
Calibration size: 7600 test size: 400
average infected size: 20.4575
coverage: [0.86   0.8425 0.81   0.7525 0.7075]
set size: [14.2375 13.915  13.5325 13.0625 12.63  ]
time cost: 1.413834810256958
computing proposed method with precision score...
Conformity scores computed. shape of test:(400, 774)
coverage: [0.9725 0.935  0.9125 0.8775 0.825 ]
set size: [23.315  21.8625 20.16   17.95   16.1725]
time cost: 1.5689733028411865
finished repeatition: 33 time cost: 1.95344877243042
Calibration size: 7600 test size: 400
average infected size: 20.4575
coverage: [0.865  0.8325 0.8    0.75   0.71  ]
set size: [14.5    14.18   13.8025 13.315  12.8725]
time cost: 1.4272382259368896
computing proposed method with precision score...
Conformity scores computed. shape of test:(400, 774)
coverage: [0.9625 0.9375 0.915  0.87   0.825 ]
set size: [23.3975 22.0575 20.35   17.905  16.1725]
time cost: 1.545809268951416
finished repeatition: 34 time cost: 1.9296367168426514
Calibration size: 7600 test size: 400
average infected size: 20.4575
coverage: [0.8625 0.8375 0.8075 0.76   0.7175]
set size: [14.9625 14.6125 14.2075 13.7    13.255 ]
time cost: 1.430138349533081
computing proposed method with precision score...
Conformity scores computed. shape of test:(400, 774)
coverage: [0.9675 0.935  0.91   0.86   0.81  ]
set size: [23.57   22.255  20.32   18.0325 16.1175]
time cost: 1.5505461692810059
finished repeatition: 35 time cost: 1.9355747699737549
Calibration size: 7600 test size: 400
average infected size: 20.4575
coverage: [0.855  0.83   0.81   0.765  0.7175]
set size: [14.185  13.8625 13.5    13.0425 12.635 ]
time cost: 1.4102330207824707
computing proposed method with precision score...
Conformity scores computed. shape of test:(400, 774)
coverage: [0.9625 0.9375 0.9125 0.8675 0.83  ]
set size: [23.195  21.85   19.98   17.975  16.2575]
time cost: 1.554640769958496
finished repeatition: 36 time cost: 1.940941572189331
Calibration size: 7600 test size: 400
average infected size: 20.4575
coverage: [0.86   0.835  0.8075 0.76   0.7325]
set size: [14.7125 14.43   14.015  13.4975 13.0825]
time cost: 1.4150774478912354
computing proposed method with precision score...
Conformity scores computed. shape of test:(400, 774)
coverage: [0.975  0.945  0.92   0.88   0.8325]
set size: [23.7275 22.5125 20.61   18.275  16.41  ]
time cost: 1.546452522277832
finished repeatition: 37 time cost: 1.9350426197052002
Calibration size: 7600 test size: 400
average infected size: 20.4575
coverage: [0.8825 0.8725 0.84   0.7925 0.74  ]
set size: [14.4675 14.17   13.7725 13.31   12.8475]
time cost: 1.420381784439087
computing proposed method with precision score...
Conformity scores computed. shape of test:(400, 774)
coverage: [0.9725 0.9525 0.92   0.875  0.83  ]
set size: [23.725  22.48   20.52   18.19   16.0925]
time cost: 1.5481421947479248
finished repeatition: 38 time cost: 1.9347310066223145
Calibration size: 7600 test size: 400
average infected size: 20.4575
coverage: [0.8775 0.8425 0.825  0.77   0.725 ]
set size: [14.775  14.42   14.1    13.5325 13.0825]
time cost: 1.4258248805999756
computing proposed method with precision score...
Conformity scores computed. shape of test:(400, 774)
coverage: [0.9875 0.955  0.9325 0.8875 0.835 ]
set size: [23.7625 22.285  20.5225 18.1625 16.29  ]
time cost: 1.5643596649169922
finished repeatition: 39 time cost: 1.9506220817565918
Calibration size: 7600 test size: 400
average infected size: 20.4575
coverage: [0.8825 0.8575 0.8175 0.76   0.705 ]
set size: [14.4925 14.2025 13.8175 13.2725 12.855 ]
time cost: 1.416619062423706
computing proposed method with precision score...
Conformity scores computed. shape of test:(400, 774)
coverage: [0.9725 0.95   0.9225 0.89   0.8375]
set size: [23.51   22.1975 20.2875 17.9775 16.0575]
time cost: 1.5569987297058105
finished repeatition: 40 time cost: 1.944007158279419
Calibration size: 7600 test size: 400
average infected size: 20.4575
coverage: [0.8825 0.8525 0.82   0.78   0.745 ]
set size: [14.6175 14.31   13.885  13.4325 12.9725]
time cost: 1.411651611328125
computing proposed method with precision score...
Conformity scores computed. shape of test:(400, 774)
coverage: [0.96   0.9375 0.9125 0.8575 0.825 ]
set size: [23.715 22.315 20.445 18.03  16.235]
time cost: 1.5702083110809326
finished repeatition: 41 time cost: 1.9565424919128418
Calibration size: 7600 test size: 400
average infected size: 20.4575
coverage: [0.8425 0.8225 0.8025 0.76   0.7175]
set size: [14.8975 14.545  14.12   13.65   13.1975]
time cost: 1.4117896556854248
computing proposed method with precision score...
Conformity scores computed. shape of test:(400, 774)
coverage: [0.9525 0.93   0.8925 0.845  0.8025]
set size: [23.8075 22.3175 20.3225 18.085  16.425 ]
time cost: 1.5665254592895508
finished repeatition: 42 time cost: 1.9516115188598633
Calibration size: 7600 test size: 400
average infected size: 20.4575
coverage: [0.8425 0.8125 0.7825 0.7475 0.7075]
set size: [14.015  13.7325 13.3525 12.8725 12.4475]
time cost: 1.4211065769195557
computing proposed method with precision score...
Conformity scores computed. shape of test:(400, 774)
coverage: [0.975 0.955 0.93  0.89  0.85 ]
set size: [23.66   22.42   20.665  18.2725 16.555 ]
time cost: 1.5666022300720215
finished repeatition: 43 time cost: 1.9520328044891357
Calibration size: 7600 test size: 400
average infected size: 20.4575
coverage: [0.8525 0.8225 0.7975 0.7675 0.7125]
set size: [14.6175 14.3025 13.9025 13.39   12.9025]
time cost: 1.4139318466186523
computing proposed method with precision score...
Conformity scores computed. shape of test:(400, 774)
coverage: [0.9775 0.94   0.92   0.8775 0.8375]
set size: [23.7    22.2675 20.595  18.4175 16.6325]
time cost: 1.5638072490692139
finished repeatition: 44 time cost: 1.9499218463897705
Calibration size: 7600 test size: 400
average infected size: 20.4575
coverage: [0.85   0.825  0.805  0.765  0.7225]
set size: [14.3025 13.9825 13.645  13.14   12.72  ]
time cost: 1.4121596813201904
computing proposed method with precision score...
Conformity scores computed. shape of test:(400, 774)
coverage: [0.9675 0.935  0.9075 0.88   0.845 ]
set size: [23.0825 21.67   19.9825 17.825  16.    ]
time cost: 1.5595269203186035
finished repeatition: 45 time cost: 1.9466023445129395
Calibration size: 7600 test size: 400
average infected size: 20.4575
coverage: [0.8675 0.8475 0.8225 0.7625 0.7075]
set size: [14.4575 14.0925 13.7425 13.22   12.79  ]
time cost: 1.414186716079712
computing proposed method with precision score...
Conformity scores computed. shape of test:(400, 774)
coverage: [0.9675 0.935  0.9175 0.8725 0.8375]
set size: [23.425  22.0775 20.2725 18.0125 16.2325]
time cost: 1.566129446029663
finished repeatition: 46 time cost: 1.9513959884643555
Calibration size: 7600 test size: 400
average infected size: 20.4575
coverage: [0.88   0.86   0.84   0.7975 0.775 ]
set size: [14.6175 14.3375 13.96   13.435  12.9825]
time cost: 1.4154841899871826
computing proposed method with precision score...
Conformity scores computed. shape of test:(400, 774)
coverage: [0.9775 0.9475 0.9225 0.8925 0.8425]
set size: [23.82   22.5175 20.535  18.3875 16.605 ]
time cost: 1.5623431205749512
finished repeatition: 47 time cost: 1.948291540145874
Calibration size: 7600 test size: 400
average infected size: 20.4575
coverage: [0.8425 0.8225 0.7925 0.7375 0.69  ]
set size: [14.315 13.995 13.605 13.155 12.685]
time cost: 1.4165549278259277
computing proposed method with precision score...
Conformity scores computed. shape of test:(400, 774)
coverage: [0.9675 0.9425 0.9125 0.875  0.83  ]
set size: [23.325  22.0225 20.005  17.94   16.1975]
time cost: 1.5625922679901123
finished repeatition: 48 time cost: 1.947253704071045
Calibration size: 7600 test size: 400
average infected size: 20.4575
coverage: [0.875  0.8625 0.8375 0.7825 0.745 ]
set size: [14.3875 14.1125 13.76   13.2775 12.85  ]
time cost: 1.3987019062042236
computing proposed method with precision score...
Conformity scores computed. shape of test:(400, 774)
coverage: [0.965  0.955  0.9225 0.8775 0.8425]
set size: [23.5075 22.2775 20.4475 18.145  16.3575]
time cost: 1.5517256259918213
finished repeatition: 49 time cost: 1.9375319480895996

Coverage Results:
Method    α=0.05         α=0.07         α=0.10         α=0.15         α=0.20         
-------------------------------------------------------------------------------------
set_recall0.862 ± 0.012  0.840 ± 0.014  0.813 ± 0.014  0.763 ± 0.015  0.720 ± 0.018  
set_prec  0.971 ± 0.007  0.945 ± 0.008  0.920 ± 0.009  0.877 ± 0.012  0.832 ± 0.014  

Set Size Results:
Method    α=0.05         α=0.07         α=0.10         α=0.15         α=0.20         
-------------------------------------------------------------------------------------
set_recall14.495 ± 0.287 14.179 ± 0.279 13.805 ± 0.273 13.308 ± 0.255 12.865 ± 0.242 
set_prec  23.608 ± 0.251 22.286 ± 0.248 20.449 ± 0.206 18.181 ± 0.207 16.380 ± 0.217 

Time Cost Results:
Method    α=0.05         α=0.07         α=0.10         α=0.15         α=0.20         
-------------------------------------------------------------------------------------
set_recall1.420 ± 0.008  1.420 ± 0.008  1.420 ± 0.008  1.420 ± 0.008  1.420 ± 0.008  
set_prec  1.568 ± 0.045  1.568 ± 0.045  1.568 ± 0.045  1.568 ± 0.045  1.568 ± 0.045  
finished.
