2025-09-16 21:49:30.719055: I tensorflow/stream_executor/platform/default/dso_loader.cc:48] Successfully opened dynamic library libcudart.so.10.1
Number of nodes: 403
Number of edges: 9565
Number of samples: 8000 Calibration size: 7600 test size: 400
average infected size: 42.7225
coverage: [0.945  0.9175 0.885  0.825  0.7725]
set size: [41.1425 40.395  39.4175 38.0225 36.75  ]
time cost: 1.4259934425354004
coverage: [0.96   0.9325 0.9075 0.865  0.81  ]
set size: [52.29   50.0425 47.2375 43.3525 40.055 ]
time cost: 1.5244288444519043
computing proposed method with min score...
Conformity scores computed. shape of test:(400, 403)
coverage: [0.9575 0.9275 0.9025 0.865  0.815 ]
set size: [40.2075 39.2775 38.3225 36.515  34.83  ]
time cost: 1.0507597923278809
coverage: [0.9825 0.9775 0.97   0.9525 0.9425]
set size: [401.135  400.815  400.5275 396.37   393.955 ]
time cost: 48.99733018875122
finished repeatition: 0 time cost: 1.2754218578338623
Number of samples: 8000 Calibration size: 7600 test size: 400
average infected size: 41.695
coverage: [0.96   0.9375 0.915  0.8575 0.8175]
set size: [40.1825 39.405  38.485  37.125  35.8675]
time cost: 1.5679497718811035
coverage: [0.9625 0.95   0.9125 0.8625 0.82  ]
set size: [51.175  49.     46.2425 42.4525 39.3075]
time cost: 1.579665184020996
computing proposed method with min score...
Conformity scores computed. shape of test:(400, 403)
coverage: [0.9525 0.9375 0.915  0.8725 0.83  ]
set size: [39.5325 38.6775 37.8625 36.1925 34.5   ]
time cost: 1.0634522438049316
coverage: [0.99   0.99   0.9875 0.9825 0.97  ]
set size: [402.     402.     401.0075 397.76   392.3625]
time cost: 64.92195892333984
finished repeatition: 1 time cost: 1.285783052444458
Number of samples: 8000 Calibration size: 7600 test size: 400
average infected size: 42.785
coverage: [0.955  0.94   0.905  0.8375 0.7825]
set size: [41.25   40.48   39.4825 38.085  36.785 ]
time cost: 3.0572967529296875
coverage: [0.95   0.9375 0.91   0.855  0.81  ]
set size: [51.205  49.035  46.265  42.3925 39.15  ]
time cost: 3.9142298698425293
computing proposed method with min score...
Conformity scores computed. shape of test:(400, 403)
coverage: [0.96   0.9425 0.905  0.85   0.8025]
set size: [40.24   39.375  38.365  36.4625 34.6325]
time cost: 1.0692033767700195
coverage: [0.985  0.975  0.9725 0.965  0.955 ]
set size: [400.205  398.4625 398.075  395.78   391.82  ]
time cost: 35.91985487937927
finished repeatition: 2 time cost: 1.2933783531188965
Number of samples: 8000 Calibration size: 7600 test size: 400
average infected size: 44.065
coverage: [0.96   0.9275 0.895  0.85   0.81  ]
set size: [42.52   41.6925 40.6725 39.245  37.9225]
time cost: 2.2726657390594482
coverage: [0.9375 0.9175 0.89   0.8375 0.79  ]
set size: [51.5875 49.285  46.385  42.435  39.19  ]
time cost: 2.8038761615753174
computing proposed method with min score...
Conformity scores computed. shape of test:(400, 403)
coverage: [0.945  0.9175 0.895  0.8475 0.7725]
set size: [41.     39.9475 38.87   36.795  34.73  ]
time cost: 1.068634271621704
coverage: [0.985  0.9825 0.98   0.9675 0.9575]
set size: [400.4475 400.1025 399.97   394.9825 390.975 ]
time cost: 44.482752323150635
finished repeatition: 3 time cost: 1.2923195362091064
Number of samples: 8000 Calibration size: 7600 test size: 400
average infected size: 40.9875
coverage: [0.945  0.9325 0.8975 0.84   0.8   ]
set size: [39.465  38.7625 37.8225 36.4675 35.3025]
time cost: 1.5567896366119385
coverage: [0.9625 0.9375 0.9175 0.87   0.8325]
set size: [50.8725 48.625  45.925  42.2225 39.11  ]
time cost: 2.038292169570923
computing proposed method with min score...
Conformity scores computed. shape of test:(400, 403)
coverage: [0.9575 0.935  0.92   0.875  0.84  ]
set size: [38.74   37.835  37.035  35.355  33.8925]
time cost: 1.0491180419921875
coverage: [0.985  0.9825 0.9825 0.98   0.9775]
set size: [401.0625 400.7875 400.5425 399.3925 397.44  ]
time cost: 47.81070160865784
finished repeatition: 4 time cost: 1.2733216285705566
Number of samples: 8000 Calibration size: 7600 test size: 400
average infected size: 41.45
coverage: [0.9475 0.9225 0.8975 0.845  0.8025]
set size: [39.92   39.17   38.2575 36.8975 35.695 ]
time cost: 2.0124425888061523
coverage: [0.9475 0.9225 0.8625 0.8175 0.7875]
set size: [49.2225 46.9125 44.045  40.2125 37.1475]
time cost: 2.3798892498016357
computing proposed method with min score...
Conformity scores computed. shape of test:(400, 403)
coverage: [0.9375 0.9075 0.885  0.8425 0.8075]
set size: [38.76   37.8075 36.7825 34.93   33.235 ]
time cost: 1.063493251800537
coverage: [0.9925 0.9925 0.985  0.98   0.975 ]
set size: [401.9825 401.925  399.1825 396.1675 392.4475]
time cost: 62.46246409416199
finished repeatition: 5 time cost: 1.288794755935669
Number of samples: 8000 Calibration size: 7600 test size: 400
average infected size: 41.775
coverage: [0.9575 0.9475 0.9175 0.87   0.8125]
set size: [40.2725 39.525  38.5875 37.25   35.9975]
time cost: 1.4584732055664062
coverage: [0.95   0.94   0.92   0.8825 0.8   ]
set size: [50.92   48.7825 46.0425 42.175  38.81  ]
time cost: 1.5549278259277344
computing proposed method with min score...
Conformity scores computed. shape of test:(400, 403)
coverage: [0.9475 0.935  0.9125 0.8675 0.8275]
set size: [39.4875 38.72   37.79   35.9675 34.375 ]
time cost: 1.0542430877685547
coverage: [0.98   0.9725 0.955  0.9475 0.9375]
set size: [401.32   399.795  398.6775 395.66   391.7525]
time cost: 24.491220474243164
finished repeatition: 6 time cost: 1.2783231735229492
Number of samples: 8000 Calibration size: 7600 test size: 400
average infected size: 42.75
coverage: [0.955  0.935  0.9125 0.87   0.8025]
set size: [41.23   40.43   39.4475 38.0875 36.7575]
time cost: 2.226222515106201
coverage: [0.9475 0.9275 0.9    0.84   0.8025]
set size: [50.565  48.31   45.5025 41.6925 38.455 ]
time cost: 2.434835195541382
computing proposed method with min score...
Conformity scores computed. shape of test:(400, 403)
coverage: [0.955  0.94   0.91   0.8575 0.7825]
set size: [39.955 38.925 37.985 35.8   33.91 ]
time cost: 1.071378231048584
coverage: [0.9825 0.9825 0.9825 0.98   0.975 ]
set size: [400.0075 399.995  399.305  398.96   396.955 ]
time cost: 43.9803192615509
finished repeatition: 7 time cost: 1.2938275337219238
Number of samples: 8000 Calibration size: 7600 test size: 400
average infected size: 41.415
coverage: [0.93   0.92   0.8875 0.835  0.7975]
set size: [39.825  39.12   38.1875 36.8175 35.57  ]
time cost: 2.6335983276367188
coverage: [0.9625 0.93   0.89   0.8375 0.785 ]
set size: [50.01   47.7125 44.93   41.2325 38.06  ]
time cost: 3.1847915649414062
computing proposed method with min score...
Conformity scores computed. shape of test:(400, 403)
coverage: [0.9475 0.9175 0.8725 0.84   0.795 ]
set size: [38.925  38.0875 37.09   35.1725 33.4175]
time cost: 1.0602202415466309
coverage: [0.98   0.975  0.975  0.9675 0.965 ]
set size: [400.545  399.805  399.3725 399.055  397.7725]
time cost: 31.037563800811768
finished repeatition: 8 time cost: 1.2841110229492188
Number of samples: 8000 Calibration size: 7600 test size: 400
average infected size: 42.9325
coverage: [0.97   0.95   0.9275 0.8725 0.81  ]
set size: [41.39   40.6775 39.635  38.255  36.9275]
time cost: 2.509850263595581
coverage: [0.9475 0.9275 0.915  0.8525 0.8075]
set size: [52.12   49.88   47.1475 43.2175 39.9625]
time cost: 2.5442347526550293
computing proposed method with min score...
Conformity scores computed. shape of test:(400, 403)
coverage: [0.955  0.92   0.895  0.85   0.8175]
set size: [40.235  39.3325 38.3825 36.49   34.78  ]
time cost: 1.0527474880218506
coverage: [0.9975 0.9925 0.9925 0.9875 0.9775]
set size: [401.1925 400.0475 399.9475 397.875  392.165 ]
time cost: 60.17288565635681
finished repeatition: 9 time cost: 1.2782025337219238
Number of samples: 8000 Calibration size: 7600 test size: 400
average infected size: 39.9375
coverage: [0.955  0.9325 0.9025 0.85   0.7925]
set size: [38.48   37.72   36.87   35.555  34.3625]
time cost: 1.898566484451294
coverage: [0.95   0.94   0.9175 0.8725 0.8125]
set size: [48.9725 46.9175 44.31   40.73   37.6225]
time cost: 1.523979902267456
computing proposed method with min score...
Conformity scores computed. shape of test:(400, 403)
coverage: [0.9625 0.9375 0.9175 0.855  0.8225]
set size: [37.695  36.8625 35.9975 34.26   32.565 ]
time cost: 1.0643727779388428
coverage: [0.995  0.9925 0.99   0.99   0.9775]
set size: [401.18   400.9975 400.2225 398.325  394.3525]
time cost: 62.74857783317566
finished repeatition: 10 time cost: 1.2856853008270264
Number of samples: 8000 Calibration size: 7600 test size: 400
average infected size: 40.6575
coverage: [0.94   0.9325 0.915  0.875  0.825 ]
set size: [39.14   38.42   37.5375 36.2275 34.995 ]
time cost: 2.649693012237549
coverage: [0.9575 0.9325 0.9125 0.8775 0.825 ]
set size: [49.025  46.835  44.1425 40.5525 37.3775]
time cost: 3.3849165439605713
computing proposed method with min score...
Conformity scores computed. shape of test:(400, 403)
coverage: [0.9625 0.945  0.9175 0.865  0.8175]
set size: [38.1075 37.23   36.2525 34.4075 32.675 ]
time cost: 1.0566065311431885
coverage: [0.995  0.9875 0.9825 0.9725 0.96  ]
set size: [401.47   400.3225 399.505  398.65   395.4175]
time cost: 28.680091619491577
finished repeatition: 11 time cost: 1.280803918838501
Number of samples: 8000 Calibration size: 7600 test size: 400
average infected size: 40.0925
coverage: [0.955  0.9325 0.895  0.8425 0.805 ]
set size: [38.6225 37.8575 36.9775 35.655  34.455 ]
time cost: 2.2000513076782227
coverage: [0.955  0.9375 0.9125 0.8525 0.8075]
set size: [48.555  46.4275 43.7725 40.08   36.96  ]
time cost: 2.4506947994232178
computing proposed method with min score...
Conformity scores computed. shape of test:(400, 403)
coverage: [0.955  0.9275 0.9025 0.86   0.805 ]
set size: [37.9125 37.085  36.2375 34.4375 32.7025]
time cost: 1.064288854598999
coverage: [0.985  0.985  0.985  0.9825 0.9775]
set size: [400.26   400.     399.935  398.865  396.8825]
time cost: 37.73143672943115
finished repeatition: 12 time cost: 1.287001609802246
Number of samples: 8000 Calibration size: 7600 test size: 400
average infected size: 41.38
coverage: [0.9575 0.94   0.915  0.88   0.8025]
set size: [39.895  39.1025 38.2225 36.8925 35.62  ]
time cost: 2.305677890777588
coverage: [0.9375 0.9125 0.8925 0.8425 0.78  ]
set size: [48.87   46.6925 43.95   40.165  36.9475]
time cost: 2.512333631515503
computing proposed method with min score...
Conformity scores computed. shape of test:(400, 403)
coverage: [0.9525 0.9375 0.91   0.855  0.7925]
set size: [38.7275 37.7475 36.885  34.89   32.97  ]
time cost: 1.0675804615020752
coverage: [0.9825 0.9825 0.9825 0.9825 0.9775]
set size: [401.135  401.0325 400.995  400.9575 397.2675]
time cost: 54.183242082595825
finished repeatition: 13 time cost: 1.2910475730895996
Number of samples: 8000 Calibration size: 7600 test size: 400
average infected size: 44.5725
coverage: [0.945  0.9275 0.9    0.8675 0.815 ]
set size: [42.955  42.145  41.145  39.7125 38.39  ]
time cost: 2.2926974296569824
coverage: [0.945  0.925  0.9    0.8475 0.8025]
set size: [52.6225 50.3275 47.365  43.1975 39.635 ]
time cost: 2.5811939239501953
computing proposed method with min score...
Conformity scores computed. shape of test:(400, 403)
coverage: [0.9575 0.9325 0.895  0.8575 0.785 ]
set size: [41.7925 40.6825 39.52   37.415  35.31  ]
time cost: 1.0550096035003662
coverage: [0.99   0.975  0.96   0.95   0.9425]
set size: [401.565  400.19   398.5575 395.5275 392.9725]
time cost: 26.651150941848755
finished repeatition: 14 time cost: 1.277238130569458
Number of samples: 8000 Calibration size: 7600 test size: 400
average infected size: 44.1075
coverage: [0.9575 0.9175 0.885  0.8475 0.7875]
set size: [42.5625 41.7025 40.69   39.2825 37.98  ]
time cost: 2.312865734100342
coverage: [0.955  0.93   0.91   0.87   0.8025]
set size: [53.1525 50.7425 47.8175 43.7725 40.285 ]
time cost: 2.887294054031372
computing proposed method with min score...
Conformity scores computed. shape of test:(400, 403)
coverage: [0.955  0.9425 0.9225 0.86   0.795 ]
set size: [41.5925 40.59   39.635  37.615  35.73  ]
time cost: 1.0570423603057861
coverage: [0.9825 0.9825 0.9775 0.9775 0.955 ]
set size: [400.66   400.1075 399.77   397.9375 391.5275]
time cost: 33.85381770133972
finished repeatition: 15 time cost: 1.2788217067718506
Number of samples: 8000 Calibration size: 7600 test size: 400
average infected size: 42.305
coverage: [0.94   0.93   0.885  0.8175 0.7675]
set size: [40.73   39.995  39.03   37.6375 36.3775]
time cost: 2.286764621734619
coverage: [0.96   0.9375 0.9025 0.8525 0.7875]
set size: [51.025  48.6825 45.8075 41.89   38.6125]
time cost: 2.5016534328460693
computing proposed method with min score...
Conformity scores computed. shape of test:(400, 403)
coverage: [0.9625 0.945  0.9    0.8475 0.79  ]
set size: [39.7775 38.845  37.8225 35.9275 34.1425]
time cost: 1.0703580379486084
coverage: [0.98  0.97  0.965 0.96  0.955]
set size: [400.4875 399.3425 398.7875 396.5225 393.875 ]
time cost: 26.65631890296936
finished repeatition: 16 time cost: 1.2915682792663574
Number of samples: 8000 Calibration size: 7600 test size: 400
average infected size: 42.305
coverage: [0.95   0.925  0.9    0.8575 0.8   ]
set size: [40.81   40.     39.0775 37.6875 36.45  ]
time cost: 1.4300334453582764
coverage: [0.9525 0.9375 0.9    0.845  0.77  ]
set size: [51.435  49.2025 46.29   42.3425 38.935 ]
time cost: 1.6783719062805176
computing proposed method with min score...
Conformity scores computed. shape of test:(400, 403)
coverage: [0.9575 0.935  0.8925 0.84   0.79  ]
set size: [40.0425 39.115  38.1225 36.24   34.4625]
time cost: 1.0534732341766357
coverage: [0.98   0.98   0.9775 0.9675 0.96  ]
set size: [401.     400.9875 400.0875 395.965  392.1525]
time cost: 47.33489990234375
finished repeatition: 17 time cost: 1.2763090133666992
Number of samples: 8000 Calibration size: 7600 test size: 400
average infected size: 43.0875
coverage: [0.9475 0.93   0.91   0.87   0.8075]
set size: [41.525  40.725  39.76   38.4225 37.095 ]
time cost: 2.357990264892578
coverage: [0.92   0.91   0.88   0.8275 0.7725]
set size: [50.01   47.82   44.92   40.9775 37.725 ]
time cost: 2.994600534439087
computing proposed method with min score...
Conformity scores computed. shape of test:(400, 403)
coverage: [0.9225 0.9075 0.88   0.84   0.785 ]
set size: [39.8425 38.925  37.85   35.7575 33.7725]
time cost: 1.0515148639678955
coverage: [0.995  0.995  0.9925 0.985  0.97  ]
set size: [401.965  401.92   400.2525 397.7425 391.8025]
time cost: 55.84179949760437
finished repeatition: 18 time cost: 1.2730278968811035
Number of samples: 8000 Calibration size: 7600 test size: 400
average infected size: 45.39
coverage: [0.9425 0.92   0.89   0.84   0.795 ]
set size: [43.76   42.9125 41.92   40.4375 39.0875]
time cost: 2.259006977081299
coverage: [0.925  0.915  0.89   0.8275 0.7675]
set size: [53.2125 50.93   47.93   43.705  40.2075]
time cost: 2.441333770751953
computing proposed method with min score...
Conformity scores computed. shape of test:(400, 403)
coverage: [0.9325 0.9275 0.8775 0.83   0.7675]
set size: [42.135  41.1225 40.0225 37.9    35.7875]
time cost: 1.0743324756622314
coverage: [0.975  0.97   0.97   0.965  0.9625]
set size: [400.255  399.1375 399.     396.905  394.1   ]
time cost: 37.11701703071594
finished repeatition: 19 time cost: 1.2978637218475342
Number of samples: 8000 Calibration size: 7600 test size: 400
average infected size: 40.5175
coverage: [0.9575 0.945  0.9075 0.855  0.82  ]
set size: [39.0575 38.33   37.3825 36.065  34.86  ]
time cost: 2.3232178688049316
coverage: [0.9525 0.9275 0.905  0.84   0.8025]
set size: [49.3125 47.09   44.4225 40.6375 37.5475]
time cost: 2.630655288696289
computing proposed method with min score...
Conformity scores computed. shape of test:(400, 403)
coverage: [0.9525 0.9325 0.905  0.8675 0.81  ]
set size: [38.045  37.2025 36.3175 34.5125 32.91  ]
time cost: 1.0633277893066406
coverage: [0.9925 0.99   0.99   0.98   0.9725]
set size: [401.185 401.    400.995 396.14  393.255]
time cost: 70.91562271118164
finished repeatition: 20 time cost: 1.2868058681488037
Number of samples: 8000 Calibration size: 7600 test size: 400
average infected size: 43.36
coverage: [0.9575 0.94   0.925  0.8975 0.8575]
set size: [41.8125 41.0125 40.0875 38.68   37.3875]
time cost: 2.062932252883911
coverage: [0.945  0.9225 0.905  0.87   0.82  ]
set size: [51.915  49.58   46.8675 42.915  39.51  ]
time cost: 1.6581408977508545
computing proposed method with min score...
Conformity scores computed. shape of test:(400, 403)
coverage: [0.9425 0.9275 0.905  0.8675 0.8275]
set size: [40.565  39.6825 38.7025 36.69   34.8075]
time cost: 1.060931921005249
coverage: [0.995 0.995 0.995 0.975 0.96 ]
set size: [400.9775 400.895  400.0425 393.9325 389.8925]
time cost: 50.53978180885315
finished repeatition: 21 time cost: 1.2843599319458008
Number of samples: 8000 Calibration size: 7600 test size: 400
average infected size: 41.0375
coverage: [0.935  0.925  0.8875 0.855  0.815 ]
set size: [39.5125 38.75   37.8525 36.54   35.34  ]
time cost: 1.639782428741455
coverage: [0.945  0.9275 0.9025 0.8525 0.81  ]
set size: [49.4325 47.28   44.44   40.615  37.4775]
time cost: 1.540956974029541
computing proposed method with min score...
Conformity scores computed. shape of test:(400, 403)
coverage: [0.9625 0.9425 0.905  0.8775 0.8125]
set size: [38.3925 37.4425 36.5375 34.7075 32.865 ]
time cost: 1.0537817478179932
coverage: [0.995  0.995  0.9925 0.9925 0.98  ]
set size: [401.975  401.1725 400.005  399.885  394.87  ]
time cost: 55.15943121910095
finished repeatition: 22 time cost: 1.2763965129852295
Number of samples: 8000 Calibration size: 7600 test size: 400
average infected size: 41.6975
coverage: [0.9525 0.92   0.885  0.85   0.7975]
set size: [40.1875 39.385  38.445  37.1225 35.8875]
time cost: 2.381643295288086
coverage: [0.95   0.9275 0.895  0.855  0.8125]
set size: [49.5225 47.3525 44.5775 40.8675 37.685 ]
time cost: 2.446321487426758
computing proposed method with min score...
Conformity scores computed. shape of test:(400, 403)
coverage: [0.9425 0.9275 0.9    0.84   0.8125]
set size: [39.13   38.16   37.2725 35.2975 33.465 ]
time cost: 1.0541269779205322
coverage: [0.99   0.9825 0.965  0.95   0.9475]
set size: [401.6575 400.6475 399.43   398.325  396.465 ]
time cost: 24.33966064453125
finished repeatition: 23 time cost: 1.2796542644500732
Number of samples: 8000 Calibration size: 7600 test size: 400
average infected size: 44.295
coverage: [0.9475 0.925  0.9075 0.845  0.8   ]
set size: [42.71   41.9075 40.92   39.425  38.1525]
time cost: 2.3494198322296143
coverage: [0.9375 0.915  0.88   0.83   0.7725]
set size: [52.235  49.86   46.8975 42.815  39.3425]
time cost: 2.6109025478363037
computing proposed method with min score...
Conformity scores computed. shape of test:(400, 403)
coverage: [0.94   0.91   0.87   0.8275 0.7825]
set size: [41.405  40.43   39.37   37.35   35.3625]
time cost: 1.0706536769866943
coverage: [0.985  0.985  0.98   0.965  0.9475]
set size: [402.     402.     399.82   393.4175 385.29  ]
time cost: 69.25385928153992
finished repeatition: 24 time cost: 1.2925586700439453
Number of samples: 8000 Calibration size: 7600 test size: 400
average infected size: 41.585
coverage: [0.9375 0.92   0.895  0.83   0.755 ]
set size: [40.0375 39.2975 38.39   36.975  35.7375]
time cost: 2.8331024646759033
coverage: [0.9475 0.9275 0.885  0.835  0.7925]
set size: [50.1925 47.9875 45.16   41.3525 38.21  ]
time cost: 2.78047513961792
computing proposed method with min score...
Conformity scores computed. shape of test:(400, 403)
coverage: [0.9475 0.92   0.8875 0.8075 0.775 ]
set size: [39.035  38.1525 37.1625 35.295  33.62  ]
time cost: 1.056577205657959
coverage: [0.9675 0.9575 0.955  0.95   0.9425]
set size: [400.1975 398.6475 398.3375 396.49   393.8925]
time cost: 32.986429929733276
finished repeatition: 25 time cost: 1.2782704830169678
Number of samples: 8000 Calibration size: 7600 test size: 400
average infected size: 42.405
coverage: [0.955  0.94   0.905  0.845  0.7925]
set size: [40.9025 40.12   39.1825 37.7975 36.515 ]
time cost: 2.2546169757843018
coverage: [0.95   0.9425 0.91   0.8425 0.7825]
set size: [50.74   48.6125 45.74   41.7075 38.385 ]
time cost: 2.548128843307495
computing proposed method with min score...
Conformity scores computed. shape of test:(400, 403)
coverage: [0.9625 0.945  0.9125 0.8675 0.825 ]
set size: [40.0525 39.04   38.025  36.2475 34.445 ]
time cost: 1.0618410110473633
coverage: [0.99  0.985 0.985 0.98  0.975]
set size: [400.8975 400.445  400.2725 399.9475 395.185 ]
time cost: 38.082000970840454
finished repeatition: 26 time cost: 1.2834935188293457
Number of samples: 8000 Calibration size: 7600 test size: 400
average infected size: 43.0625
coverage: [0.965  0.94   0.91   0.8575 0.8275]
set size: [41.56  40.71  39.76  38.38  37.085]
time cost: 2.734900951385498
coverage: [0.9475 0.93   0.9    0.8425 0.81  ]
set size: [51.39  49.155 46.33  42.325 38.995]
time cost: 2.6216418743133545
computing proposed method with min score...
Conformity scores computed. shape of test:(400, 403)
coverage: [0.95   0.93   0.8975 0.8425 0.8075]
set size: [40.395 39.47  38.425 36.475 34.62 ]
time cost: 1.0614464282989502
coverage: [0.9975 0.995  0.99   0.985  0.97  ]
set size: [402.     401.005  399.0475 397.04   389.4925]
time cost: 67.22324442863464
finished repeatition: 27 time cost: 1.2854664325714111
Number of samples: 8000 Calibration size: 7600 test size: 400
average infected size: 42.1175
coverage: [0.955  0.9375 0.9075 0.8525 0.8075]
set size: [40.5875 39.8225 38.8675 37.4925 36.2175]
time cost: 2.2448534965515137
coverage: [0.955 0.94  0.91  0.88  0.815]
set size: [51.115  48.8375 46.0175 42.2125 38.9375]
time cost: 2.4352304935455322
computing proposed method with min score...
Conformity scores computed. shape of test:(400, 403)
coverage: [0.95   0.9375 0.92   0.8775 0.8   ]
set size: [39.5475 38.5675 37.68   35.8025 34.105 ]
time cost: 1.0585992336273193
coverage: [0.9875 0.9725 0.9575 0.9525 0.9475]
set size: [401.4425 400.0575 398.31   395.875  394.5225]
time cost: 30.808165550231934
finished repeatition: 28 time cost: 1.2791309356689453
Number of samples: 8000 Calibration size: 7600 test size: 400
average infected size: 43.1075
coverage: [0.945  0.9175 0.89   0.8375 0.81  ]
set size: [41.5325 40.7275 39.805  38.3775 37.135 ]
time cost: 2.3292160034179688
coverage: [0.9775 0.9525 0.895  0.85   0.7975]
set size: [52.395  50.     46.99   42.9875 39.5625]
time cost: 2.4520375728607178
computing proposed method with min score...
Conformity scores computed. shape of test:(400, 403)
coverage: [0.9675 0.95   0.9125 0.8575 0.8025]
set size: [40.725  39.715  38.6475 36.685  34.825 ]
time cost: 1.072636604309082
coverage: [0.99   0.9875 0.98   0.975  0.9625]
set size: [401.22   400.585  400.035  398.5925 395.9925]
time cost: 24.60253620147705
finished repeatition: 29 time cost: 1.2940943241119385
Number of samples: 8000 Calibration size: 7600 test size: 400
average infected size: 40.7525
coverage: [0.9425 0.9325 0.905  0.86   0.815 ]
set size: [39.2225 38.53   37.6    36.2625 35.08  ]
time cost: 2.623767137527466
coverage: [0.9675 0.955  0.9225 0.88   0.855 ]
set size: [50.4525 48.2575 45.6325 41.8925 38.7825]
time cost: 3.5579159259796143
computing proposed method with min score...
Conformity scores computed. shape of test:(400, 403)
coverage: [0.9675 0.9575 0.9325 0.885  0.85  ]
set size: [38.5025 37.725  36.895  35.125  33.5225]
time cost: 1.068479299545288
coverage: [0.98   0.9775 0.975  0.9725 0.9675]
set size: [400.8275 400.4375 398.3875 397.85   395.785 ]
time cost: 40.51784420013428
finished repeatition: 30 time cost: 1.290299892425537
Number of samples: 8000 Calibration size: 7600 test size: 400
average infected size: 43.0625
coverage: [0.96   0.9425 0.92   0.8775 0.84  ]
set size: [41.5475 40.77   39.8075 38.425  37.125 ]
time cost: 2.301908493041992
coverage: [0.9425 0.92   0.89   0.8175 0.7725]
set size: [51.625 49.315 46.475 42.315 39.07 ]
time cost: 2.71571946144104
computing proposed method with min score...
Conformity scores computed. shape of test:(400, 403)
coverage: [0.9475 0.9225 0.905  0.85   0.815 ]
set size: [40.2725 39.315  38.3625 36.2725 34.5225]
time cost: 1.0619022846221924
coverage: [0.985  0.985  0.9825 0.97   0.96  ]
set size: [400.9925 400.9775 399.9675 395.4025 388.7175]
time cost: 53.25422263145447
finished repeatition: 31 time cost: 1.2854697704315186
Number of samples: 8000 Calibration size: 7600 test size: 400
average infected size: 42.81
coverage: [0.96   0.94   0.9025 0.86   0.8175]
set size: [41.2925 40.49   39.53   38.1775 36.8575]
time cost: 2.252331495285034
coverage: [0.9375 0.9075 0.8775 0.8275 0.7925]
set size: [50.6675 48.365  45.5375 41.65   38.4675]
time cost: 2.4572243690490723
computing proposed method with min score...
Conformity scores computed. shape of test:(400, 403)
coverage: [0.95   0.9225 0.8975 0.85   0.805 ]
set size: [39.9175 38.9    37.9625 36.055  34.0775]
time cost: 1.0603649616241455
coverage: [0.99   0.9875 0.98   0.9725 0.965 ]
set size: [401.98   400.9875 398.0875 393.8025 390.3275]
time cost: 65.117999792099
finished repeatition: 32 time cost: 1.2830264568328857
Number of samples: 8000 Calibration size: 7600 test size: 400
average infected size: 41.4
coverage: [0.955  0.945  0.9125 0.8575 0.8125]
set size: [39.915  39.165  38.205  36.8525 35.655 ]
time cost: 2.2168400287628174
coverage: [0.9475 0.9375 0.915  0.8675 0.81  ]
set size: [50.07   47.9025 45.1475 41.29   37.9775]
time cost: 2.4474048614501953
computing proposed method with min score...
Conformity scores computed. shape of test:(400, 403)
coverage: [0.9575 0.945  0.91   0.86   0.8175]
set size: [38.88   38.025  37.115  35.155  33.3625]
time cost: 1.0608248710632324
coverage: [0.9875 0.9675 0.95   0.935  0.9175]
set size: [401.1325 399.595  398.36   396.79   393.9125]
time cost: 25.573113441467285
finished repeatition: 33 time cost: 1.2843782901763916
Number of samples: 8000 Calibration size: 7600 test size: 400
average infected size: 43.7175
coverage: [0.9425 0.9225 0.9025 0.8475 0.79  ]
set size: [42.11   41.3075 40.365  38.9275 37.65  ]
time cost: 2.2304165363311768
coverage: [0.9525 0.9225 0.9    0.865  0.8275]
set size: [53.0075 50.5525 47.7    43.745  40.46  ]
time cost: 1.5395233631134033
computing proposed method with min score...
Conformity scores computed. shape of test:(400, 403)
coverage: [0.9425 0.92   0.905  0.8625 0.82  ]
set size: [41.0075 40.0275 39.11   37.285  35.5225]
time cost: 1.057098388671875
coverage: [0.985  0.98   0.9675 0.9625 0.96  ]
set size: [400.65  399.4   398.515 396.855 395.205]
time cost: 22.393815517425537
finished repeatition: 34 time cost: 1.2815325260162354
Number of samples: 8000 Calibration size: 7600 test size: 400
average infected size: 43.7375
coverage: [0.9525 0.9275 0.905  0.8625 0.81  ]
set size: [42.185  41.3875 40.41   38.9775 37.68  ]
time cost: 2.2675647735595703
coverage: [0.9425 0.9325 0.91   0.865  0.81  ]
set size: [52.7425 50.6    47.7475 43.725  40.255 ]
time cost: 2.4940028190612793
computing proposed method with min score...
Conformity scores computed. shape of test:(400, 403)
coverage: [0.945  0.9275 0.9    0.8525 0.805 ]
set size: [40.9175 40.035  38.98   37.1075 35.2725]
time cost: 1.0664443969726562
coverage: [0.985  0.985  0.985  0.9775 0.97  ]
set size: [400.9175 400.6875 400.4625 397.73   395.0325]
time cost: 42.835622787475586
finished repeatition: 35 time cost: 1.288163661956787
Number of samples: 8000 Calibration size: 7600 test size: 400
average infected size: 40.3275
coverage: [0.9575 0.945  0.9075 0.8625 0.8075]
set size: [38.8325 38.1625 37.2125 35.9225 34.675 ]
time cost: 2.902252674102783
coverage: [0.95   0.9375 0.9125 0.8775 0.845 ]
set size: [49.805  47.735  45.1125 41.57   38.55  ]
time cost: 3.7079315185546875
computing proposed method with min score...
Conformity scores computed. shape of test:(400, 403)
coverage: [0.96   0.9425 0.92   0.885  0.8375]
set size: [38.0775 37.3275 36.57   34.895  33.43  ]
time cost: 1.0684103965759277
coverage: [0.99   0.975  0.9675 0.965  0.955 ]
set size: [401.6575 400.465  398.965  397.01   394.2575]
time cost: 22.202744960784912
finished repeatition: 36 time cost: 1.2907288074493408
Number of samples: 8000 Calibration size: 7600 test size: 400
average infected size: 42.8725
coverage: [0.9625 0.9425 0.9275 0.8825 0.83  ]
set size: [41.3275 40.5425 39.625  38.2025 36.915 ]
time cost: 2.2506284713745117
coverage: [0.97   0.94   0.905  0.84   0.7925]
set size: [51.0125 48.6625 45.8175 41.745  38.3975]
time cost: 2.451625108718872
computing proposed method with min score...
Conformity scores computed. shape of test:(400, 403)
coverage: [0.9475 0.94   0.905  0.845  0.7975]
set size: [40.26   39.3575 38.3475 36.1175 34.25  ]
time cost: 1.0757091045379639
coverage: [0.9925 0.99   0.985  0.975  0.9725]
set size: [400.7425 400.525  399.285  396.1825 394.9525]
time cost: 43.99878525733948
finished repeatition: 37 time cost: 1.2969088554382324
Number of samples: 8000 Calibration size: 7600 test size: 400
average infected size: 41.9025
coverage: [0.96   0.935  0.9075 0.8575 0.83  ]
set size: [40.3725 39.615  38.6575 37.3225 36.1225]
time cost: 3.1117515563964844
coverage: [0.9525 0.93   0.895  0.8575 0.8125]
set size: [50.4    48.1525 45.425  41.6825 38.405 ]
time cost: 2.47306489944458
computing proposed method with min score...
Conformity scores computed. shape of test:(400, 403)
coverage: [0.94   0.93   0.9075 0.87   0.815 ]
set size: [39.335  38.5    37.5675 35.725  33.845 ]
time cost: 1.0575873851776123
coverage: [0.9825 0.9825 0.9825 0.97   0.9625]
set size: [400.375  400.2025 400.0125 396.1775 390.28  ]
time cost: 35.13677191734314
finished repeatition: 38 time cost: 1.2782256603240967
Number of samples: 8000 Calibration size: 7600 test size: 400
average infected size: 41.78
coverage: [0.9725 0.955  0.9375 0.8875 0.8425]
set size: [40.2825 39.575  38.62   37.2475 35.9825]
time cost: 2.5921552181243896
coverage: [0.9425 0.93   0.9025 0.8625 0.8075]
set size: [49.5475 47.415  44.6275 40.8975 37.6525]
time cost: 2.4725310802459717
computing proposed method with min score...
Conformity scores computed. shape of test:(400, 403)
coverage: [0.945  0.9175 0.9025 0.86   0.815 ]
set size: [38.875  37.86   36.9475 35.0825 33.295 ]
time cost: 1.0620033740997314
coverage: [0.995  0.995  0.9925 0.9925 0.9825]
set size: [401.0375 400.99   400.045  399.94   396.005 ]
time cost: 48.99266767501831
finished repeatition: 39 time cost: 1.2853772640228271
Number of samples: 8000 Calibration size: 7600 test size: 400
average infected size: 44.365
coverage: [0.9525 0.9375 0.8975 0.84   0.795 ]
set size: [42.7975 41.995  40.9675 39.53   38.2475]
time cost: 2.468996047973633
coverage: [0.955  0.93   0.89   0.85   0.8225]
set size: [53.64   51.1675 48.1525 44.195  40.8475]
time cost: 3.790417432785034
computing proposed method with min score...
Conformity scores computed. shape of test:(400, 403)
coverage: [0.945  0.9275 0.89   0.855  0.8025]
set size: [41.57   40.625  39.5875 37.69   35.7675]
time cost: 1.0606915950775146
coverage: [0.985  0.955  0.9425 0.94   0.9325]
set size: [401.4375 399.125  396.3825 395.895  392.8275]
time cost: 24.36848759651184
finished repeatition: 40 time cost: 1.2815508842468262
Number of samples: 8000 Calibration size: 7600 test size: 400
average infected size: 41.56
coverage: [0.9625 0.935  0.9025 0.8625 0.8225]
set size: [40.0775 39.2975 38.3375 37.0275 35.775 ]
time cost: 3.1488287448883057
coverage: [0.9575 0.9275 0.9    0.8475 0.8025]
set size: [49.8575 47.6625 44.97   41.215  38.085 ]
time cost: 2.4786012172698975
computing proposed method with min score...
Conformity scores computed. shape of test:(400, 403)
coverage: [0.9675 0.9375 0.9025 0.8525 0.7975]
set size: [38.93   38.0875 37.2275 35.4    33.5725]
time cost: 1.0582787990570068
coverage: [0.9925 0.99   0.9875 0.98   0.9775]
set size: [401.98  401.95  400.29  398.835 395.675]
time cost: 54.3610200881958
finished repeatition: 41 time cost: 1.2814559936523438
Number of samples: 8000 Calibration size: 7600 test size: 400
average infected size: 41.1975
coverage: [0.9475 0.9325 0.9025 0.855  0.8225]
set size: [39.6725 38.955  38.0025 36.6825 35.495 ]
time cost: 3.1044397354125977
coverage: [0.9575 0.94   0.8925 0.8275 0.7975]
set size: [49.5625 47.34   44.475  40.535  37.4025]
time cost: 3.030339002609253
computing proposed method with min score...
Conformity scores computed. shape of test:(400, 403)
coverage: [0.94   0.925  0.895  0.8625 0.815 ]
set size: [38.745  37.89   36.905  35.0475 33.2625]
time cost: 1.0723381042480469
coverage: [0.99   0.99   0.985  0.9775 0.9625]
set size: [401.9725 401.9475 400.1275 396.3075 390.23  ]
time cost: 63.18559980392456
finished repeatition: 42 time cost: 1.2945892810821533
Number of samples: 8000 Calibration size: 7600 test size: 400
average infected size: 44.0925
coverage: [0.9325 0.9175 0.89   0.855  0.81  ]
set size: [42.48   41.69   40.7025 39.2625 37.9725]
time cost: 2.2887368202209473
coverage: [0.9475 0.9225 0.9075 0.8525 0.8125]
set size: [52.31   49.95   47.1725 43.0775 39.675 ]
time cost: 2.450507640838623
computing proposed method with min score...
Conformity scores computed. shape of test:(400, 403)
coverage: [0.9525 0.9375 0.89   0.8575 0.8025]
set size: [41.11   40.0975 38.9175 36.8825 34.925 ]
time cost: 1.0714111328125
coverage: [0.9825 0.9825 0.9825 0.9775 0.96  ]
set size: [401.     400.9725 400.87   398.0525 392.725 ]
time cost: 39.35749125480652
finished repeatition: 43 time cost: 1.2943568229675293
Number of samples: 8000 Calibration size: 7600 test size: 400
average infected size: 45.8325
coverage: [0.975  0.9475 0.9075 0.86   0.805 ]
set size: [44.2675 43.4425 42.3625 40.8775 39.4725]
time cost: 2.4120309352874756
coverage: [0.915  0.8975 0.85   0.7975 0.7425]
set size: [52.5975 50.2    47.02   42.715  39.17  ]
time cost: 3.1976897716522217
computing proposed method with min score...
Conformity scores computed. shape of test:(400, 403)
coverage: [0.94   0.9125 0.865  0.7925 0.735 ]
set size: [42.445  41.305  40.07   37.7    35.4325]
time cost: 1.0561325550079346
coverage: [0.995  0.9875 0.9675 0.9425 0.93  ]
set size: [401.6275 400.85   399.09   396.61   393.875 ]
time cost: 17.05449104309082
finished repeatition: 44 time cost: 1.2784249782562256
Number of samples: 8000 Calibration size: 7600 test size: 400
average infected size: 42.7975
coverage: [0.9575 0.9375 0.9    0.85   0.8   ]
set size: [41.315  40.5    39.5    38.1325 36.8575]
time cost: 1.4993815422058105
coverage: [0.95   0.93   0.91   0.8575 0.8   ]
set size: [51.6275 49.375  46.62   42.7025 39.35  ]
time cost: 2.1201846599578857
computing proposed method with min score...
Conformity scores computed. shape of test:(400, 403)
coverage: [0.9525 0.935  0.9175 0.8675 0.8   ]
set size: [40.4175 39.5175 38.5925 36.6625 34.695 ]
time cost: 1.0544383525848389
coverage: [0.99   0.99   0.99   0.9825 0.9775]
set size: [402.     402.     401.99   398.3775 396.23  ]
time cost: 68.84992694854736
finished repeatition: 45 time cost: 1.27716064453125
Number of samples: 8000 Calibration size: 7600 test size: 400
average infected size: 42.235
coverage: [0.9275 0.9025 0.875  0.835  0.8   ]
set size: [40.655  39.8975 38.9125 37.58   36.3475]
time cost: 2.218946695327759
coverage: [0.9425 0.93   0.895  0.8375 0.79  ]
set size: [50.5575 48.42   45.5525 41.6975 38.5075]
time cost: 2.5385196208953857
computing proposed method with min score...
Conformity scores computed. shape of test:(400, 403)
coverage: [0.93   0.9125 0.895  0.84   0.7975]
set size: [39.575  38.7125 37.76   35.77   34.    ]
time cost: 1.0575430393218994
coverage: [0.985  0.98   0.9775 0.975  0.9625]
set size: [400.99   400.875  400.7475 396.36   391.61  ]
time cost: 50.39587163925171
finished repeatition: 46 time cost: 1.2808473110198975
Number of samples: 8000 Calibration size: 7600 test size: 400
average infected size: 41.6025
coverage: [0.9575 0.925  0.9075 0.855  0.805 ]
set size: [40.11   39.3025 38.4175 37.045  35.7875]
time cost: 2.882251739501953
coverage: [0.945  0.9225 0.89   0.83   0.7725]
set size: [48.955  46.725  43.9825 40.135  36.84  ]
time cost: 2.632002353668213
computing proposed method with min score...
Conformity scores computed. shape of test:(400, 403)
coverage: [0.95   0.9375 0.915  0.845  0.77  ]
set size: [38.8675 37.9225 36.9725 34.975  33.005 ]
time cost: 1.0664958953857422
coverage: [0.985  0.985  0.985  0.9825 0.97  ]
set size: [401.46   401.33   401.1675 400.8175 396.6425]
time cost: 48.807241439819336
finished repeatition: 47 time cost: 1.2902848720550537
Number of samples: 8000 Calibration size: 7600 test size: 400
average infected size: 42.8525
coverage: [0.9475 0.915  0.875  0.8475 0.8075]
set size: [41.2825 40.5125 39.5075 38.1875 36.935 ]
time cost: 1.463819980621338
coverage: [0.955 0.93  0.905 0.84  0.79 ]
set size: [51.68   49.3475 46.495  42.56   39.3175]
time cost: 2.005378484725952
computing proposed method with min score...
Conformity scores computed. shape of test:(400, 403)
coverage: [0.945  0.9275 0.8875 0.835  0.7975]
set size: [40.225  39.2875 38.32   36.525  34.8175]
time cost: 1.0652825832366943
coverage: [0.9925 0.9925 0.9925 0.985  0.9825]
set size: [401.     400.99   400.8875 397.9675 396.8025]
time cost: 48.19735336303711
finished repeatition: 48 time cost: 1.288954734802246
Number of samples: 8000 Calibration size: 7600 test size: 400
average infected size: 42.3425
coverage: [0.9425 0.93   0.9    0.8775 0.8175]
set size: [40.7725 40.025  39.0975 37.7725 36.4675]
time cost: 3.437169075012207
coverage: [0.945  0.9325 0.8975 0.875  0.805 ]
set size: [51.4925 49.335  46.48   42.805  39.4375]
time cost: 3.0138144493103027
computing proposed method with min score...
Conformity scores computed. shape of test:(400, 403)
coverage: [0.945  0.9275 0.905  0.86   0.81  ]
set size: [39.985  39.125  38.2575 36.515  34.6975]
time cost: 1.0839483737945557
coverage: [0.9725 0.9575 0.955  0.945  0.94  ]
set size: [400.8575 399.5075 399.2425 397.1925 394.9025]
time cost: 37.06933259963989
finished repeatition: 49 time cost: 1.3420088291168213

Coverage Results:
Method    α=0.05         α=0.07         α=0.10         α=0.15         α=0.20         
-------------------------------------------------------------------------------------
set_recall0.952 ± 0.010  0.932 ± 0.011  0.903 ± 0.013  0.855 ± 0.016  0.807 ± 0.018  
set_prec  0.949 ± 0.011  0.930 ± 0.011  0.900 ± 0.014  0.850 ± 0.019  0.801 ± 0.020  
set_min   0.950 ± 0.010  0.931 ± 0.011  0.902 ± 0.014  0.854 ± 0.017  0.804 ± 0.020  
ArbiTree-CQC0.987 ± 0.006  0.982 ± 0.010  0.978 ± 0.013  0.971 ± 0.014  0.962 ± 0.015  

Set Size Results:
Method    α=0.05         α=0.07         α=0.10         α=0.15         α=0.20         
-------------------------------------------------------------------------------------
set_recall40.882 ± 1.295 40.109 ± 1.265 39.155 ± 1.232 37.781 ± 1.191 36.516 ± 1.151 
set_prec  50.934 ± 1.302 48.688 ± 1.241 45.872 ± 1.178 41.988 ± 1.077 38.717 ± 0.993 
set_min   39.798 ± 1.144 38.874 ± 1.093 37.909 ± 1.027 35.992 ± 0.956 34.174 ± 0.879 
ArbiTree-CQC401.161 ± 0.566400.561 ± 0.862399.658 ± 1.016397.264 ± 1.689393.657 ± 2.574

Time Cost Results:
Method    α=0.05         α=0.07         α=0.10         α=0.15         α=0.20         
-------------------------------------------------------------------------------------
set_recall2.311 ± 0.470  2.311 ± 0.470  2.311 ± 0.470  2.311 ± 0.470  2.311 ± 0.470  
set_prec  2.524 ± 0.578  2.524 ± 0.578  2.524 ± 0.578  2.524 ± 0.578  2.524 ± 0.578  
set_min   1.062 ± 0.007  1.062 ± 0.007  1.062 ± 0.007  1.062 ± 0.007  1.062 ± 0.007  
ArbiTree-CQC43.813 ± 14.67843.813 ± 14.67843.813 ± 14.67843.813 ± 14.67843.813 ± 14.678
finished.
