Training configs: Namespace(n_node=774, n_frame=16, n_channel=3, batch_size=64, epoch=5, save=1, ks=6, kt=3, sconv='gcn', lr=0.001, opt='RMSProp', dropout=0, graph='./dataset/highSchool/data/graph/highSchool.edgelist', seq='./dataset/highSchool/data/SIR/SIR_nsrc7_Rzero2.5_beta0.25_gamma0_T30_ls21200_nf16_entire.pickle', pred='default', exp_name='SIR_nsrc7_Rzero2.5_beta0.25_gamma0_T30_ls21200_nf16_01', start=1, end=-1, gt='highSchool', valid=1, random=0, train_pct=0.9434, val_pct=0.0189, pos_weight=5.0, train_flag=True, prop_model='SIR')
True
./dataset/highSchool/data/graph/highSchool.edgelist
SD-STGCN\utils\math_graph.py:97: FutureWarning: adjacency_matrix will return a scipy.sparse array instead of a matrix in Networkx 3.0.
  W = nx.adjacency_matrix(g).toarray()
The input graph is a 0/1 matrix; set "scaling" to False.
[Train Step 0] Acc: 0.9910 | Pred: 0=49536, 1=0 | Label: 0=49088, 1=448
Epoch  0, Step   0: Time 5.35s | Loss 0.727 | Train F1 0.000 | Val F1 0.018
<< Saving model to ./output/models/highSchool/SIR_nsrc7_Rzero2.5_beta0.25_gamma0_T30_ls21200_nf16_01/STGCN_step0_pytorch.pt ...
New best model saved with validation F1: 0.018 at epoch 0
[Train Step 10] Acc: 0.7431 | Pred: 0=37014, 1=12522 | Label: 0=49088, 1=448
Epoch  0, Step  10: Time 11.89s | Loss 0.692 | Train F1 0.019 | Val F1 0.018
<< Saving model to ./output/models/highSchool/SIR_nsrc7_Rzero2.5_beta0.25_gamma0_T30_ls21200_nf16_01/STGCN_step0_pytorch.pt ...
New best model saved with validation F1: 0.018 at epoch 0
[Train Step 20] Acc: 0.4605 | Pred: 0=22786, 1=26750 | Label: 0=49088, 1=448
Epoch  0, Step  20: Time 18.45s | Loss 0.691 | Train F1 0.017 | Val F1 0.018
<< Saving model to ./output/models/highSchool/SIR_nsrc7_Rzero2.5_beta0.25_gamma0_T30_ls21200_nf16_01/STGCN_step0_pytorch.pt ...
New best model saved with validation F1: 0.018 at epoch 0
[Train Step 30] Acc: 0.1010 | Pred: 0=4650, 1=44886 | Label: 0=49088, 1=448
Epoch  0, Step  30: Time 25.06s | Loss 0.689 | Train F1 0.018 | Val F1 0.018
<< Saving model to ./output/models/highSchool/SIR_nsrc7_Rzero2.5_beta0.25_gamma0_T30_ls21200_nf16_01/STGCN_step0_pytorch.pt ...
New best model saved with validation F1: 0.018 at epoch 0
[Train Step 40] Acc: 0.2851 | Pred: 0=13927, 1=35609 | Label: 0=49088, 1=448
Epoch  0, Step  40: Time 31.72s | Loss 0.687 | Train F1 0.018 | Val F1 0.018
[Train Step 50] Acc: 0.4463 | Pred: 0=22037, 1=27499 | Label: 0=49088, 1=448
Epoch  0, Step  50: Time 38.39s | Loss 0.679 | Train F1 0.019 | Val F1 0.018
[Train Step 60] Acc: 0.7087 | Pred: 0=35294, 1=14242 | Label: 0=49088, 1=448
Epoch  0, Step  60: Time 45.04s | Loss 0.685 | Train F1 0.018 | Val F1 0.018
[Train Step 70] Acc: 0.5286 | Pred: 0=26182, 1=23354 | Label: 0=49088, 1=448
Epoch  0, Step  70: Time 51.77s | Loss 0.660 | Train F1 0.019 | Val F1 0.018
[Train Step 80] Acc: 0.5417 | Pred: 0=26864, 1=22672 | Label: 0=49088, 1=448
Epoch  0, Step  80: Time 58.57s | Loss 0.659 | Train F1 0.018 | Val F1 0.018
[Train Step 90] Acc: 0.5126 | Pred: 0=25390, 1=24146 | Label: 0=49088, 1=448
Epoch  0, Step  90: Time 65.40s | Loss 0.667 | Train F1 0.018 | Val F1 0.017
[Train Step 100] Acc: 0.4304 | Pred: 0=21246, 1=28290 | Label: 0=49088, 1=448
Epoch  0, Step 100: Time 72.26s | Loss 0.661 | Train F1 0.018 | Val F1 0.017
[Train Step 110] Acc: 0.6720 | Pred: 0=33454, 1=16082 | Label: 0=49088, 1=448
Epoch  0, Step 110: Time 79.16s | Loss 0.677 | Train F1 0.017 | Val F1 0.017
[Train Step 120] Acc: 0.4435 | Pred: 0=21930, 1=27606 | Label: 0=49088, 1=448
Epoch  0, Step 120: Time 86.13s | Loss 0.667 | Train F1 0.017 | Val F1 0.018
[Train Step 130] Acc: 0.4994 | Pred: 0=24741, 1=24795 | Label: 0=49088, 1=448
Epoch  0, Step 130: Time 93.08s | Loss 0.668 | Train F1 0.018 | Val F1 0.018
[Train Step 140] Acc: 0.5702 | Pred: 0=28265, 1=21271 | Label: 0=49088, 1=448
Epoch  0, Step 140: Time 100.05s | Loss 0.659 | Train F1 0.020 | Val F1 0.018
[Train Step 150] Acc: 0.6362 | Pred: 0=31587, 1=17949 | Label: 0=49088, 1=448
Epoch  0, Step 150: Time 107.13s | Loss 0.649 | Train F1 0.020 | Val F1 0.018
[Train Step 160] Acc: 0.5044 | Pred: 0=24994, 1=24542 | Label: 0=49088, 1=448
Epoch  0, Step 160: Time 114.21s | Loss 0.670 | Train F1 0.018 | Val F1 0.018
[Train Step 170] Acc: 0.5241 | Pred: 0=26008, 1=23528 | Label: 0=49088, 1=448
Epoch  0, Step 170: Time 121.18s | Loss 0.671 | Train F1 0.017 | Val F1 0.018
[Train Step 180] Acc: 0.5016 | Pred: 0=24856, 1=24680 | Label: 0=49088, 1=448
Epoch  0, Step 180: Time 128.23s | Loss 0.660 | Train F1 0.017 | Val F1 0.018
[Train Step 190] Acc: 0.4954 | Pred: 0=24528, 1=25008 | Label: 0=49088, 1=448
Epoch  0, Step 190: Time 135.23s | Loss 0.665 | Train F1 0.018 | Val F1 0.018
[Train Step 200] Acc: 0.5488 | Pred: 0=27205, 1=22331 | Label: 0=49088, 1=448
Epoch  0, Step 200: Time 142.11s | Loss 0.654 | Train F1 0.019 | Val F1 0.018
[Train Step 210] Acc: 0.5287 | Pred: 0=26222, 1=23314 | Label: 0=49088, 1=448
Epoch  0, Step 210: Time 149.03s | Loss 0.666 | Train F1 0.018 | Val F1 0.018
[Train Step 220] Acc: 0.4117 | Pred: 0=20340, 1=29196 | Label: 0=49088, 1=448
Epoch  0, Step 220: Time 156.00s | Loss 0.665 | Train F1 0.017 | Val F1 0.018
[Train Step 230] Acc: 0.5318 | Pred: 0=26387, 1=23149 | Label: 0=49088, 1=448
Epoch  0, Step 230: Time 162.99s | Loss 0.666 | Train F1 0.017 | Val F1 0.018
[Train Step 240] Acc: 0.4580 | Pred: 0=22674, 1=26862 | Label: 0=49088, 1=448
Epoch  0, Step 240: Time 169.94s | Loss 0.667 | Train F1 0.017 | Val F1 0.018
[Train Step 250] Acc: 0.5051 | Pred: 0=25007, 1=24529 | Label: 0=49088, 1=448
Epoch  0, Step 250: Time 176.92s | Loss 0.660 | Train F1 0.018 | Val F1 0.018
[Train Step 260] Acc: 0.4933 | Pred: 0=24423, 1=25113 | Label: 0=49088, 1=448
Epoch  0, Step 260: Time 183.89s | Loss 0.668 | Train F1 0.018 | Val F1 0.018
[Train Step 270] Acc: 0.5189 | Pred: 0=25654, 1=23882 | Label: 0=49088, 1=448
Epoch  0, Step 270: Time 190.93s | Loss 0.641 | Train F1 0.021 | Val F1 0.018
<< Saving model to ./output/models/highSchool/SIR_nsrc7_Rzero2.5_beta0.25_gamma0_T30_ls21200_nf16_01/STGCN_step0_pytorch.pt ...
New best model saved with validation F1: 0.018 at epoch 0
[Train Step 280] Acc: 0.4448 | Pred: 0=21993, 1=27543 | Label: 0=49088, 1=448
Epoch  0, Step 280: Time 197.78s | Loss 0.662 | Train F1 0.018 | Val F1 0.019
<< Saving model to ./output/models/highSchool/SIR_nsrc7_Rzero2.5_beta0.25_gamma0_T30_ls21200_nf16_01/STGCN_step0_pytorch.pt ...
New best model saved with validation F1: 0.019 at epoch 0
[Train Step 290] Acc: 0.5822 | Pred: 0=28928, 1=20608 | Label: 0=49088, 1=448
Epoch  0, Step 290: Time 204.54s | Loss 0.673 | Train F1 0.017 | Val F1 0.018
[Train Step 300] Acc: 0.5175 | Pred: 0=25662, 1=23874 | Label: 0=49088, 1=448
Epoch  0, Step 300: Time 211.32s | Loss 0.664 | Train F1 0.017 | Val F1 0.018
[Train Step 310] Acc: 0.4919 | Pred: 0=24335, 1=25201 | Label: 0=49088, 1=448
Epoch  0, Step 310: Time 218.12s | Loss 0.656 | Train F1 0.019 | Val F1 0.019
[Train Step 0] Acc: 0.4319 | Pred: 0=21293, 1=28243 | Label: 0=49088, 1=448
Epoch  1, Step   0: Time 2.36s | Loss 0.658 | Train F1 0.019 | Val F1 0.019
[Train Step 10] Acc: 0.5055 | Pred: 0=25022, 1=24514 | Label: 0=49088, 1=448
Epoch  1, Step  10: Time 9.16s | Loss 0.656 | Train F1 0.019 | Val F1 0.018
[Train Step 20] Acc: 0.5058 | Pred: 0=25069, 1=24467 | Label: 0=49088, 1=448
Epoch  1, Step  20: Time 16.01s | Loss 0.665 | Train F1 0.017 | Val F1 0.018
[Train Step 30] Acc: 0.5661 | Pred: 0=28082, 1=21454 | Label: 0=49088, 1=448
Epoch  1, Step  30: Time 22.83s | Loss 0.670 | Train F1 0.019 | Val F1 0.018
[Train Step 40] Acc: 0.4939 | Pred: 0=24453, 1=25083 | Label: 0=49088, 1=448
Epoch  1, Step  40: Time 29.69s | Loss 0.670 | Train F1 0.018 | Val F1 0.018
[Train Step 50] Acc: 0.5480 | Pred: 0=27153, 1=22383 | Label: 0=49088, 1=448
Epoch  1, Step  50: Time 36.60s | Loss 0.658 | Train F1 0.019 | Val F1 0.019
<< Saving model to ./output/models/highSchool/SIR_nsrc7_Rzero2.5_beta0.25_gamma0_T30_ls21200_nf16_01/STGCN_step1_pytorch.pt ...
New best model saved with validation F1: 0.019 at epoch 1
[Train Step 60] Acc: 0.4729 | Pred: 0=23358, 1=26178 | Label: 0=49088, 1=448
Epoch  1, Step  60: Time 43.48s | Loss 0.661 | Train F1 0.019 | Val F1 0.019
[Train Step 70] Acc: 0.5686 | Pred: 0=28223, 1=21313 | Label: 0=49088, 1=448
Epoch  1, Step  70: Time 50.32s | Loss 0.662 | Train F1 0.018 | Val F1 0.019
[Train Step 80] Acc: 0.5040 | Pred: 0=24913, 1=24623 | Label: 0=49088, 1=448
Epoch  1, Step  80: Time 57.16s | Loss 0.656 | Train F1 0.020 | Val F1 0.019
<< Saving model to ./output/models/highSchool/SIR_nsrc7_Rzero2.5_beta0.25_gamma0_T30_ls21200_nf16_01/STGCN_step1_pytorch.pt ...
New best model saved with validation F1: 0.019 at epoch 1
[Train Step 90] Acc: 0.3961 | Pred: 0=19499, 1=30037 | Label: 0=49088, 1=448
Epoch  1, Step  90: Time 64.06s | Loss 0.663 | Train F1 0.019 | Val F1 0.019
[Train Step 100] Acc: 0.5767 | Pred: 0=28587, 1=20949 | Label: 0=49088, 1=448
Epoch  1, Step 100: Time 70.93s | Loss 0.657 | Train F1 0.020 | Val F1 0.020
<< Saving model to ./output/models/highSchool/SIR_nsrc7_Rzero2.5_beta0.25_gamma0_T30_ls21200_nf16_01/STGCN_step1_pytorch.pt ...
New best model saved with validation F1: 0.020 at epoch 1
[Train Step 110] Acc: 0.6292 | Pred: 0=31233, 1=18303 | Label: 0=49088, 1=448
Epoch  1, Step 110: Time 77.83s | Loss 0.660 | Train F1 0.020 | Val F1 0.020
<< Saving model to ./output/models/highSchool/SIR_nsrc7_Rzero2.5_beta0.25_gamma0_T30_ls21200_nf16_01/STGCN_step1_pytorch.pt ...
New best model saved with validation F1: 0.020 at epoch 1
[Train Step 120] Acc: 0.5029 | Pred: 0=24876, 1=24660 | Label: 0=49088, 1=448
Epoch  1, Step 120: Time 84.75s | Loss 0.664 | Train F1 0.019 | Val F1 0.020
<< Saving model to ./output/models/highSchool/SIR_nsrc7_Rzero2.5_beta0.25_gamma0_T30_ls21200_nf16_01/STGCN_step1_pytorch.pt ...
New best model saved with validation F1: 0.020 at epoch 1
[Train Step 130] Acc: 0.4606 | Pred: 0=22755, 1=26781 | Label: 0=49088, 1=448
Epoch  1, Step 130: Time 91.67s | Loss 0.667 | Train F1 0.019 | Val F1 0.019
[Train Step 140] Acc: 0.5699 | Pred: 0=28257, 1=21279 | Label: 0=49088, 1=448
Epoch  1, Step 140: Time 98.57s | Loss 0.663 | Train F1 0.019 | Val F1 0.019
[Train Step 150] Acc: 0.5439 | Pred: 0=26925, 1=22611 | Label: 0=49088, 1=448
Epoch  1, Step 150: Time 105.49s | Loss 0.665 | Train F1 0.020 | Val F1 0.020
[Train Step 160] Acc: 0.5388 | Pred: 0=26656, 1=22880 | Label: 0=49088, 1=448
Epoch  1, Step 160: Time 112.38s | Loss 0.658 | Train F1 0.021 | Val F1 0.021
<< Saving model to ./output/models/highSchool/SIR_nsrc7_Rzero2.5_beta0.25_gamma0_T30_ls21200_nf16_01/STGCN_step1_pytorch.pt ...
New best model saved with validation F1: 0.021 at epoch 1
[Train Step 170] Acc: 0.6213 | Pred: 0=30841, 1=18695 | Label: 0=49088, 1=448
Epoch  1, Step 170: Time 119.31s | Loss 0.655 | Train F1 0.020 | Val F1 0.020
[Train Step 180] Acc: 0.6055 | Pred: 0=29996, 1=19540 | Label: 0=49088, 1=448
Epoch  1, Step 180: Time 126.18s | Loss 0.663 | Train F1 0.022 | Val F1 0.020
[Train Step 190] Acc: 0.5541 | Pred: 0=27389, 1=22147 | Label: 0=49088, 1=448
Epoch  1, Step 190: Time 133.05s | Loss 0.659 | Train F1 0.022 | Val F1 0.022
<< Saving model to ./output/models/highSchool/SIR_nsrc7_Rzero2.5_beta0.25_gamma0_T30_ls21200_nf16_01/STGCN_step1_pytorch.pt ...
New best model saved with validation F1: 0.022 at epoch 1
[Train Step 200] Acc: 0.4353 | Pred: 0=21451, 1=28085 | Label: 0=49088, 1=448
Epoch  1, Step 200: Time 139.94s | Loss 0.668 | Train F1 0.020 | Val F1 0.022
[Train Step 210] Acc: 0.7325 | Pred: 0=36458, 1=13078 | Label: 0=49088, 1=448
Epoch  1, Step 210: Time 146.87s | Loss 0.666 | Train F1 0.020 | Val F1 0.021
[Train Step 220] Acc: 0.5063 | Pred: 0=25005, 1=24531 | Label: 0=49088, 1=448
Epoch  1, Step 220: Time 153.84s | Loss 0.670 | Train F1 0.021 | Val F1 0.022
[Train Step 230] Acc: 0.6334 | Pred: 0=31351, 1=18185 | Label: 0=49088, 1=448
Epoch  1, Step 230: Time 160.79s | Loss 0.656 | Train F1 0.025 | Val F1 0.023
<< Saving model to ./output/models/highSchool/SIR_nsrc7_Rzero2.5_beta0.25_gamma0_T30_ls21200_nf16_01/STGCN_step1_pytorch.pt ...
New best model saved with validation F1: 0.023 at epoch 1
[Train Step 240] Acc: 0.5561 | Pred: 0=27504, 1=22032 | Label: 0=49088, 1=448
Epoch  1, Step 240: Time 167.69s | Loss 0.659 | Train F1 0.022 | Val F1 0.023
[Train Step 250] Acc: 0.6706 | Pred: 0=33289, 1=16247 | Label: 0=49088, 1=448
Epoch  1, Step 250: Time 174.63s | Loss 0.665 | Train F1 0.023 | Val F1 0.022
[Train Step 260] Acc: 0.6141 | Pred: 0=30390, 1=19146 | Label: 0=49088, 1=448
Epoch  1, Step 260: Time 181.65s | Loss 0.659 | Train F1 0.024 | Val F1 0.024
<< Saving model to ./output/models/highSchool/SIR_nsrc7_Rzero2.5_beta0.25_gamma0_T30_ls21200_nf16_01/STGCN_step1_pytorch.pt ...
New best model saved with validation F1: 0.024 at epoch 1
[Train Step 270] Acc: 0.6657 | Pred: 0=32978, 1=16558 | Label: 0=49088, 1=448
Epoch  1, Step 270: Time 188.64s | Loss 0.653 | Train F1 0.026 | Val F1 0.027
<< Saving model to ./output/models/highSchool/SIR_nsrc7_Rzero2.5_beta0.25_gamma0_T30_ls21200_nf16_01/STGCN_step1_pytorch.pt ...
New best model saved with validation F1: 0.027 at epoch 1
[Train Step 280] Acc: 0.6797 | Pred: 0=33726, 1=15810 | Label: 0=49088, 1=448
Epoch  1, Step 280: Time 195.65s | Loss 0.661 | Train F1 0.024 | Val F1 0.027
[Train Step 290] Acc: 0.4845 | Pred: 0=23816, 1=25720 | Label: 0=49088, 1=448
Epoch  1, Step 290: Time 202.63s | Loss 0.665 | Train F1 0.024 | Val F1 0.027
<< Saving model to ./output/models/highSchool/SIR_nsrc7_Rzero2.5_beta0.25_gamma0_T30_ls21200_nf16_01/STGCN_step1_pytorch.pt ...
New best model saved with validation F1: 0.027 at epoch 1
[Train Step 300] Acc: 0.6640 | Pred: 0=32864, 1=16672 | Label: 0=49088, 1=448
Epoch  1, Step 300: Time 209.57s | Loss 0.654 | Train F1 0.028 | Val F1 0.029
<< Saving model to ./output/models/highSchool/SIR_nsrc7_Rzero2.5_beta0.25_gamma0_T30_ls21200_nf16_01/STGCN_step1_pytorch.pt ...
New best model saved with validation F1: 0.029 at epoch 1
[Train Step 310] Acc: 0.6601 | Pred: 0=32705, 1=16831 | Label: 0=49088, 1=448
Epoch  1, Step 310: Time 216.50s | Loss 0.670 | Train F1 0.026 | Val F1 0.029
<< Saving model to ./output/models/highSchool/SIR_nsrc7_Rzero2.5_beta0.25_gamma0_T30_ls21200_nf16_01/STGCN_step1_pytorch.pt ...
New best model saved with validation F1: 0.029 at epoch 1
[Train Step 0] Acc: 0.6664 | Pred: 0=32943, 1=16593 | Label: 0=49088, 1=448
Epoch  2, Step   0: Time 2.44s | Loss 0.650 | Train F1 0.030 | Val F1 0.032
<< Saving model to ./output/models/highSchool/SIR_nsrc7_Rzero2.5_beta0.25_gamma0_T30_ls21200_nf16_01/STGCN_step2_pytorch.pt ...
New best model saved with validation F1: 0.032 at epoch 2
[Train Step 10] Acc: 0.7006 | Pred: 0=34699, 1=14837 | Label: 0=49088, 1=448
Epoch  2, Step  10: Time 9.39s | Loss 0.656 | Train F1 0.030 | Val F1 0.031
[Train Step 20] Acc: 0.7167 | Pred: 0=35504, 1=14032 | Label: 0=49088, 1=448
Epoch  2, Step  20: Time 16.36s | Loss 0.655 | Train F1 0.031 | Val F1 0.030
[Train Step 30] Acc: 0.7704 | Pred: 0=38228, 1=11308 | Label: 0=49088, 1=448
Epoch  2, Step  30: Time 23.33s | Loss 0.664 | Train F1 0.033 | Val F1 0.027
[Train Step 40] Acc: 0.6885 | Pred: 0=34048, 1=15488 | Label: 0=49088, 1=448
Epoch  2, Step  40: Time 30.30s | Loss 0.660 | Train F1 0.032 | Val F1 0.033
<< Saving model to ./output/models/highSchool/SIR_nsrc7_Rzero2.5_beta0.25_gamma0_T30_ls21200_nf16_01/STGCN_step2_pytorch.pt ...
New best model saved with validation F1: 0.033 at epoch 2
[Train Step 50] Acc: 0.7766 | Pred: 0=38551, 1=10985 | Label: 0=49088, 1=448
Epoch  2, Step  50: Time 37.30s | Loss 0.666 | Train F1 0.032 | Val F1 0.029
[Train Step 60] Acc: 0.7254 | Pred: 0=35893, 1=13643 | Label: 0=49088, 1=448
Epoch  2, Step  60: Time 44.29s | Loss 0.660 | Train F1 0.035 | Val F1 0.037
<< Saving model to ./output/models/highSchool/SIR_nsrc7_Rzero2.5_beta0.25_gamma0_T30_ls21200_nf16_01/STGCN_step2_pytorch.pt ...
New best model saved with validation F1: 0.037 at epoch 2
[Train Step 70] Acc: 0.7862 | Pred: 0=38957, 1=10579 | Label: 0=49088, 1=448
Epoch  2, Step  70: Time 51.29s | Loss 0.658 | Train F1 0.039 | Val F1 0.039
<< Saving model to ./output/models/highSchool/SIR_nsrc7_Rzero2.5_beta0.25_gamma0_T30_ls21200_nf16_01/STGCN_step2_pytorch.pt ...
New best model saved with validation F1: 0.039 at epoch 2
[Train Step 80] Acc: 0.7838 | Pred: 0=38899, 1=10637 | Label: 0=49088, 1=448
Epoch  2, Step  80: Time 58.33s | Loss 0.664 | Train F1 0.034 | Val F1 0.033
[Train Step 90] Acc: 0.8078 | Pred: 0=40088, 1=9448 | Label: 0=49088, 1=448
Epoch  2, Step  90: Time 65.33s | Loss 0.659 | Train F1 0.038 | Val F1 0.036
[Train Step 100] Acc: 0.7979 | Pred: 0=39607, 1=9929 | Label: 0=49088, 1=448
Epoch  2, Step 100: Time 72.33s | Loss 0.663 | Train F1 0.035 | Val F1 0.037
[Train Step 110] Acc: 0.7371 | Pred: 0=36561, 1=12975 | Label: 0=49088, 1=448
Epoch  2, Step 110: Time 79.35s | Loss 0.667 | Train F1 0.030 | Val F1 0.032
[Train Step 120] Acc: 0.7791 | Pred: 0=38629, 1=10907 | Label: 0=49088, 1=448
Epoch  2, Step 120: Time 86.44s | Loss 0.658 | Train F1 0.036 | Val F1 0.037
[Train Step 130] Acc: 0.7880 | Pred: 0=38942, 1=10594 | Label: 0=49088, 1=448
Epoch  2, Step 130: Time 93.51s | Loss 0.659 | Train F1 0.049 | Val F1 0.049
<< Saving model to ./output/models/highSchool/SIR_nsrc7_Rzero2.5_beta0.25_gamma0_T30_ls21200_nf16_01/STGCN_step2_pytorch.pt ...
New best model saved with validation F1: 0.049 at epoch 2
[Train Step 140] Acc: 0.8229 | Pred: 0=40769, 1=8767 | Label: 0=49088, 1=448
Epoch  2, Step 140: Time 100.54s | Loss 0.663 | Train F1 0.048 | Val F1 0.047
[Train Step 150] Acc: 0.8229 | Pred: 0=40731, 1=8805 | Label: 0=49088, 1=448
Epoch  2, Step 150: Time 107.55s | Loss 0.653 | Train F1 0.052 | Val F1 0.050
<< Saving model to ./output/models/highSchool/SIR_nsrc7_Rzero2.5_beta0.25_gamma0_T30_ls21200_nf16_01/STGCN_step2_pytorch.pt ...
New best model saved with validation F1: 0.050 at epoch 2
[Train Step 160] Acc: 0.7249 | Pred: 0=35907, 1=13629 | Label: 0=49088, 1=448
Epoch  2, Step 160: Time 114.61s | Loss 0.672 | Train F1 0.032 | Val F1 0.037
[Train Step 170] Acc: 0.8314 | Pred: 0=41205, 1=8331 | Label: 0=49088, 1=448
Epoch  2, Step 170: Time 121.62s | Loss 0.652 | Train F1 0.049 | Val F1 0.049
[Train Step 180] Acc: 0.8214 | Pred: 0=40730, 1=8806 | Label: 0=49088, 1=448
Epoch  2, Step 180: Time 128.65s | Loss 0.662 | Train F1 0.044 | Val F1 0.041
[Train Step 190] Acc: 0.8219 | Pred: 0=40746, 1=8790 | Label: 0=49088, 1=448
Epoch  2, Step 190: Time 135.68s | Loss 0.663 | Train F1 0.045 | Val F1 0.047
[Train Step 200] Acc: 0.8867 | Pred: 0=43987, 1=5549 | Label: 0=49088, 1=448
Epoch  2, Step 200: Time 142.68s | Loss 0.659 | Train F1 0.064 | Val F1 0.055
<< Saving model to ./output/models/highSchool/SIR_nsrc7_Rzero2.5_beta0.25_gamma0_T30_ls21200_nf16_01/STGCN_step2_pytorch.pt ...
New best model saved with validation F1: 0.055 at epoch 2
[Train Step 210] Acc: 0.8181 | Pred: 0=40526, 1=9010 | Label: 0=49088, 1=448
Epoch  2, Step 210: Time 149.72s | Loss 0.664 | Train F1 0.047 | Val F1 0.051
[Train Step 220] Acc: 0.8361 | Pred: 0=41449, 1=8087 | Label: 0=49088, 1=448
Epoch  2, Step 220: Time 156.74s | Loss 0.660 | Train F1 0.049 | Val F1 0.049
[Train Step 230] Acc: 0.8464 | Pred: 0=41995, 1=7541 | Label: 0=49088, 1=448
Epoch  2, Step 230: Time 163.74s | Loss 0.662 | Train F1 0.048 | Val F1 0.048
[Train Step 240] Acc: 0.8017 | Pred: 0=39642, 1=9894 | Label: 0=49088, 1=448
Epoch  2, Step 240: Time 170.84s | Loss 0.673 | Train F1 0.050 | Val F1 0.054
[Train Step 250] Acc: 0.8137 | Pred: 0=40284, 1=9252 | Label: 0=49088, 1=448
Epoch  2, Step 250: Time 177.85s | Loss 0.660 | Train F1 0.049 | Val F1 0.055
<< Saving model to ./output/models/highSchool/SIR_nsrc7_Rzero2.5_beta0.25_gamma0_T30_ls21200_nf16_01/STGCN_step2_pytorch.pt ...
New best model saved with validation F1: 0.055 at epoch 2
[Train Step 260] Acc: 0.9048 | Pred: 0=44953, 1=4583 | Label: 0=49088, 1=448
Epoch  2, Step 260: Time 184.91s | Loss 0.656 | Train F1 0.062 | Val F1 0.060
<< Saving model to ./output/models/highSchool/SIR_nsrc7_Rzero2.5_beta0.25_gamma0_T30_ls21200_nf16_01/STGCN_step2_pytorch.pt ...
New best model saved with validation F1: 0.060 at epoch 2
[Train Step 270] Acc: 0.8459 | Pred: 0=41906, 1=7630 | Label: 0=49088, 1=448
Epoch  2, Step 270: Time 191.96s | Loss 0.671 | Train F1 0.055 | Val F1 0.062
<< Saving model to ./output/models/highSchool/SIR_nsrc7_Rzero2.5_beta0.25_gamma0_T30_ls21200_nf16_01/STGCN_step2_pytorch.pt ...
New best model saved with validation F1: 0.062 at epoch 2
[Train Step 280] Acc: 0.9037 | Pred: 0=44879, 1=4657 | Label: 0=49088, 1=448
Epoch  2, Step 280: Time 199.02s | Loss 0.658 | Train F1 0.066 | Val F1 0.060
[Train Step 290] Acc: 0.8773 | Pred: 0=43398, 1=6138 | Label: 0=49088, 1=448
Epoch  2, Step 290: Time 206.07s | Loss 0.645 | Train F1 0.077 | Val F1 0.074
<< Saving model to ./output/models/highSchool/SIR_nsrc7_Rzero2.5_beta0.25_gamma0_T30_ls21200_nf16_01/STGCN_step2_pytorch.pt ...
New best model saved with validation F1: 0.074 at epoch 2
[Train Step 300] Acc: 0.8454 | Pred: 0=41859, 1=7677 | Label: 0=49088, 1=448
Epoch  2, Step 300: Time 213.10s | Loss 0.655 | Train F1 0.058 | Val F1 0.058
[Train Step 310] Acc: 0.8596 | Pred: 0=42581, 1=6955 | Label: 0=49088, 1=448
Epoch  2, Step 310: Time 220.16s | Loss 0.663 | Train F1 0.060 | Val F1 0.062
[Train Step 0] Acc: 0.8748 | Pred: 0=43335, 1=6201 | Label: 0=49088, 1=448
Epoch  3, Step   0: Time 2.45s | Loss 0.657 | Train F1 0.067 | Val F1 0.066
[Train Step 10] Acc: 0.8329 | Pred: 0=41183, 1=8353 | Label: 0=49088, 1=448
Epoch  3, Step  10: Time 9.50s | Loss 0.658 | Train F1 0.060 | Val F1 0.064
[Train Step 20] Acc: 0.9068 | Pred: 0=44990, 1=4546 | Label: 0=49088, 1=448
Epoch  3, Step  20: Time 16.57s | Loss 0.654 | Train F1 0.075 | Val F1 0.067
[Train Step 30] Acc: 0.8777 | Pred: 0=43474, 1=6062 | Label: 0=49088, 1=448
Epoch  3, Step  30: Time 23.61s | Loss 0.661 | Train F1 0.070 | Val F1 0.076
<< Saving model to ./output/models/highSchool/SIR_nsrc7_Rzero2.5_beta0.25_gamma0_T30_ls21200_nf16_01/STGCN_step3_pytorch.pt ...
New best model saved with validation F1: 0.076 at epoch 3
[Train Step 40] Acc: 0.7949 | Pred: 0=39203, 1=10333 | Label: 0=49088, 1=448
Epoch  3, Step  40: Time 30.65s | Loss 0.656 | Train F1 0.058 | Val F1 0.061
[Train Step 50] Acc: 0.8916 | Pred: 0=44265, 1=5271 | Label: 0=49088, 1=448
Epoch  3, Step  50: Time 37.77s | Loss 0.660 | Train F1 0.061 | Val F1 0.068
[Train Step 60] Acc: 0.8666 | Pred: 0=42910, 1=6626 | Label: 0=49088, 1=448
Epoch  3, Step  60: Time 44.83s | Loss 0.665 | Train F1 0.066 | Val F1 0.068
[Train Step 70] Acc: 0.8959 | Pred: 0=44352, 1=5184 | Label: 0=49088, 1=448
Epoch  3, Step  70: Time 51.89s | Loss 0.653 | Train F1 0.084 | Val F1 0.086
<< Saving model to ./output/models/highSchool/SIR_nsrc7_Rzero2.5_beta0.25_gamma0_T30_ls21200_nf16_01/STGCN_step3_pytorch.pt ...
New best model saved with validation F1: 0.086 at epoch 3
[Train Step 80] Acc: 0.8995 | Pred: 0=44576, 1=4960 | Label: 0=49088, 1=448
Epoch  3, Step  80: Time 58.96s | Loss 0.659 | Train F1 0.080 | Val F1 0.078
[Train Step 90] Acc: 0.8696 | Pred: 0=43063, 1=6473 | Label: 0=49088, 1=448
Epoch  3, Step  90: Time 66.03s | Loss 0.659 | Train F1 0.066 | Val F1 0.075
[Train Step 100] Acc: 0.9077 | Pred: 0=45035, 1=4501 | Label: 0=49088, 1=448
Epoch  3, Step 100: Time 73.17s | Loss 0.661 | Train F1 0.076 | Val F1 0.076
[Train Step 110] Acc: 0.8837 | Pred: 0=43749, 1=5787 | Label: 0=49088, 1=448
Epoch  3, Step 110: Time 80.21s | Loss 0.666 | Train F1 0.076 | Val F1 0.080
[Train Step 120] Acc: 0.9048 | Pred: 0=44820, 1=4716 | Label: 0=49088, 1=448
Epoch  3, Step 120: Time 87.30s | Loss 0.658 | Train F1 0.087 | Val F1 0.094
<< Saving model to ./output/models/highSchool/SIR_nsrc7_Rzero2.5_beta0.25_gamma0_T30_ls21200_nf16_01/STGCN_step3_pytorch.pt ...
New best model saved with validation F1: 0.094 at epoch 3
[Train Step 130] Acc: 0.9132 | Pred: 0=45226, 1=4310 | Label: 0=49088, 1=448
Epoch  3, Step 130: Time 94.41s | Loss 0.658 | Train F1 0.096 | Val F1 0.100
<< Saving model to ./output/models/highSchool/SIR_nsrc7_Rzero2.5_beta0.25_gamma0_T30_ls21200_nf16_01/STGCN_step3_pytorch.pt ...
New best model saved with validation F1: 0.100 at epoch 3
[Train Step 140] Acc: 0.9221 | Pred: 0=45646, 1=3890 | Label: 0=49088, 1=448
Epoch  3, Step 140: Time 101.52s | Loss 0.655 | Train F1 0.111 | Val F1 0.102
<< Saving model to ./output/models/highSchool/SIR_nsrc7_Rzero2.5_beta0.25_gamma0_T30_ls21200_nf16_01/STGCN_step3_pytorch.pt ...
New best model saved with validation F1: 0.102 at epoch 3
[Train Step 150] Acc: 0.9137 | Pred: 0=45281, 1=4255 | Label: 0=49088, 1=448
Epoch  3, Step 150: Time 108.60s | Loss 0.653 | Train F1 0.091 | Val F1 0.096
[Train Step 160] Acc: 0.8722 | Pred: 0=43141, 1=6395 | Label: 0=49088, 1=448
Epoch  3, Step 160: Time 115.77s | Loss 0.664 | Train F1 0.075 | Val F1 0.088
[Train Step 170] Acc: 0.9316 | Pred: 0=46212, 1=3324 | Label: 0=49088, 1=448
Epoch  3, Step 170: Time 122.91s | Loss 0.657 | Train F1 0.102 | Val F1 0.101
[Train Step 180] Acc: 0.9367 | Pred: 0=46496, 1=3040 | Label: 0=49088, 1=448
Epoch  3, Step 180: Time 130.04s | Loss 0.660 | Train F1 0.101 | Val F1 0.112
<< Saving model to ./output/models/highSchool/SIR_nsrc7_Rzero2.5_beta0.25_gamma0_T30_ls21200_nf16_01/STGCN_step3_pytorch.pt ...
New best model saved with validation F1: 0.112 at epoch 3
[Train Step 190] Acc: 0.9503 | Pred: 0=47185, 1=2351 | Label: 0=49088, 1=448
Epoch  3, Step 190: Time 137.24s | Loss 0.658 | Train F1 0.121 | Val F1 0.138
<< Saving model to ./output/models/highSchool/SIR_nsrc7_Rzero2.5_beta0.25_gamma0_T30_ls21200_nf16_01/STGCN_step3_pytorch.pt ...
New best model saved with validation F1: 0.138 at epoch 3
[Train Step 200] Acc: 0.9318 | Pred: 0=46206, 1=3330 | Label: 0=49088, 1=448
Epoch  3, Step 200: Time 144.36s | Loss 0.656 | Train F1 0.106 | Val F1 0.099
[Train Step 210] Acc: 0.9029 | Pred: 0=44685, 1=4851 | Label: 0=49088, 1=448
Epoch  3, Step 210: Time 151.50s | Loss 0.658 | Train F1 0.092 | Val F1 0.109
[Train Step 220] Acc: 0.9242 | Pred: 0=45736, 1=3800 | Label: 0=49088, 1=448
Epoch  3, Step 220: Time 158.69s | Loss 0.650 | Train F1 0.116 | Val F1 0.111
[Train Step 230] Acc: 0.9060 | Pred: 0=44834, 1=4702 | Label: 0=49088, 1=448
Epoch  3, Step 230: Time 165.82s | Loss 0.659 | Train F1 0.096 | Val F1 0.099
[Train Step 240] Acc: 0.9449 | Pred: 0=46915, 1=2621 | Label: 0=49088, 1=448
Epoch  3, Step 240: Time 172.95s | Loss 0.658 | Train F1 0.111 | Val F1 0.097
[Train Step 250] Acc: 0.9027 | Pred: 0=44637, 1=4899 | Label: 0=49088, 1=448
Epoch  3, Step 250: Time 180.06s | Loss 0.654 | Train F1 0.099 | Val F1 0.111
[Train Step 260] Acc: 0.9122 | Pred: 0=45069, 1=4467 | Label: 0=49088, 1=448
Epoch  3, Step 260: Time 187.16s | Loss 0.653 | Train F1 0.116 | Val F1 0.113
[Train Step 270] Acc: 0.9242 | Pred: 0=45710, 1=3826 | Label: 0=49088, 1=448
Epoch  3, Step 270: Time 194.26s | Loss 0.649 | Train F1 0.122 | Val F1 0.127
[Train Step 280] Acc: 0.9543 | Pred: 0=47324, 1=2212 | Label: 0=49088, 1=448
Epoch  3, Step 280: Time 201.36s | Loss 0.658 | Train F1 0.149 | Val F1 0.147
<< Saving model to ./output/models/highSchool/SIR_nsrc7_Rzero2.5_beta0.25_gamma0_T30_ls21200_nf16_01/STGCN_step3_pytorch.pt ...
New best model saved with validation F1: 0.147 at epoch 3
[Train Step 290] Acc: 0.8754 | Pred: 0=43280, 1=6256 | Label: 0=49088, 1=448
Epoch  3, Step 290: Time 208.45s | Loss 0.665 | Train F1 0.079 | Val F1 0.113
[Train Step 300] Acc: 0.8897 | Pred: 0=43940, 1=5596 | Label: 0=49088, 1=448
Epoch  3, Step 300: Time 215.61s | Loss 0.665 | Train F1 0.096 | Val F1 0.113
[Train Step 310] Acc: 0.9308 | Pred: 0=46060, 1=3476 | Label: 0=49088, 1=448
Epoch  3, Step 310: Time 222.68s | Loss 0.655 | Train F1 0.126 | Val F1 0.125
[Train Step 0] Acc: 0.9557 | Pred: 0=47438, 1=2098 | Label: 0=49088, 1=448
Epoch  4, Step   0: Time 2.46s | Loss 0.650 | Train F1 0.137 | Val F1 0.129
[Train Step 10] Acc: 0.9508 | Pred: 0=47114, 1=2422 | Label: 0=49088, 1=448
Epoch  4, Step  10: Time 9.64s | Loss 0.643 | Train F1 0.151 | Val F1 0.146
[Train Step 20] Acc: 0.9238 | Pred: 0=45636, 1=3900 | Label: 0=49088, 1=448
Epoch  4, Step  20: Time 16.88s | Loss 0.656 | Train F1 0.132 | Val F1 0.129
[Train Step 30] Acc: 0.9385 | Pred: 0=46452, 1=3084 | Label: 0=49088, 1=448
Epoch  4, Step  30: Time 23.97s | Loss 0.663 | Train F1 0.138 | Val F1 0.140
[Train Step 40] Acc: 0.9492 | Pred: 0=47078, 1=2458 | Label: 0=49088, 1=448
Epoch  4, Step  40: Time 31.10s | Loss 0.665 | Train F1 0.135 | Val F1 0.143
[Train Step 50] Acc: 0.9470 | Pred: 0=46903, 1=2633 | Label: 0=49088, 1=448
Epoch  4, Step  50: Time 38.27s | Loss 0.663 | Train F1 0.148 | Val F1 0.159
<< Saving model to ./output/models/highSchool/SIR_nsrc7_Rzero2.5_beta0.25_gamma0_T30_ls21200_nf16_01/STGCN_step4_pytorch.pt ...
New best model saved with validation F1: 0.159 at epoch 4
[Train Step 60] Acc: 0.9507 | Pred: 0=47082, 1=2454 | Label: 0=49088, 1=448
Epoch  4, Step  60: Time 45.46s | Loss 0.656 | Train F1 0.158 | Val F1 0.160
<< Saving model to ./output/models/highSchool/SIR_nsrc7_Rzero2.5_beta0.25_gamma0_T30_ls21200_nf16_01/STGCN_step4_pytorch.pt ...
New best model saved with validation F1: 0.160 at epoch 4
[Train Step 70] Acc: 0.9502 | Pred: 0=47030, 1=2506 | Label: 0=49088, 1=448
Epoch  4, Step  70: Time 52.59s | Loss 0.657 | Train F1 0.165 | Val F1 0.162
<< Saving model to ./output/models/highSchool/SIR_nsrc7_Rzero2.5_beta0.25_gamma0_T30_ls21200_nf16_01/STGCN_step4_pytorch.pt ...
New best model saved with validation F1: 0.162 at epoch 4
[Train Step 80] Acc: 0.9554 | Pred: 0=47369, 1=2167 | Label: 0=49088, 1=448
Epoch  4, Step  80: Time 59.71s | Loss 0.661 | Train F1 0.155 | Val F1 0.167
<< Saving model to ./output/models/highSchool/SIR_nsrc7_Rzero2.5_beta0.25_gamma0_T30_ls21200_nf16_01/STGCN_step4_pytorch.pt ...
New best model saved with validation F1: 0.167 at epoch 4
[Train Step 90] Acc: 0.9591 | Pred: 0=47540, 1=1996 | Label: 0=49088, 1=448
Epoch  4, Step  90: Time 66.84s | Loss 0.654 | Train F1 0.170 | Val F1 0.171
<< Saving model to ./output/models/highSchool/SIR_nsrc7_Rzero2.5_beta0.25_gamma0_T30_ls21200_nf16_01/STGCN_step4_pytorch.pt ...
New best model saved with validation F1: 0.171 at epoch 4
[Train Step 100] Acc: 0.9280 | Pred: 0=45980, 1=3556 | Label: 0=49088, 1=448
Epoch  4, Step 100: Time 73.98s | Loss 0.659 | Train F1 0.109 | Val F1 0.108
[Train Step 110] Acc: 0.9453 | Pred: 0=46810, 1=2726 | Label: 0=49088, 1=448
Epoch  4, Step 110: Time 81.16s | Loss 0.653 | Train F1 0.146 | Val F1 0.138
[Train Step 120] Acc: 0.9547 | Pred: 0=47299, 1=2237 | Label: 0=49088, 1=448
Epoch  4, Step 120: Time 88.29s | Loss 0.656 | Train F1 0.164 | Val F1 0.163
[Train Step 130] Acc: 0.9519 | Pred: 0=47084, 1=2452 | Label: 0=49088, 1=448
Epoch  4, Step 130: Time 95.42s | Loss 0.652 | Train F1 0.179 | Val F1 0.180
<< Saving model to ./output/models/highSchool/SIR_nsrc7_Rzero2.5_beta0.25_gamma0_T30_ls21200_nf16_01/STGCN_step4_pytorch.pt ...
New best model saved with validation F1: 0.180 at epoch 4
[Train Step 140] Acc: 0.9561 | Pred: 0=47328, 1=2208 | Label: 0=49088, 1=448
Epoch  4, Step 140: Time 102.49s | Loss 0.654 | Train F1 0.181 | Val F1 0.177
[Train Step 150] Acc: 0.9582 | Pred: 0=47463, 1=2073 | Label: 0=49088, 1=448
Epoch  4, Step 150: Time 109.60s | Loss 0.643 | Train F1 0.179 | Val F1 0.185
<< Saving model to ./output/models/highSchool/SIR_nsrc7_Rzero2.5_beta0.25_gamma0_T30_ls21200_nf16_01/STGCN_step4_pytorch.pt ...
New best model saved with validation F1: 0.185 at epoch 4
[Train Step 160] Acc: 0.9629 | Pred: 0=47736, 1=1800 | Label: 0=49088, 1=448
Epoch  4, Step 160: Time 116.71s | Loss 0.656 | Train F1 0.182 | Val F1 0.183
[Train Step 170] Acc: 0.9656 | Pred: 0=47802, 1=1734 | Label: 0=49088, 1=448
Epoch  4, Step 170: Time 123.81s | Loss 0.645 | Train F1 0.218 | Val F1 0.193
<< Saving model to ./output/models/highSchool/SIR_nsrc7_Rzero2.5_beta0.25_gamma0_T30_ls21200_nf16_01/STGCN_step4_pytorch.pt ...
New best model saved with validation F1: 0.193 at epoch 4
[Train Step 180] Acc: 0.9639 | Pred: 0=47835, 1=1701 | Label: 0=49088, 1=448
Epoch  4, Step 180: Time 130.92s | Loss 0.659 | Train F1 0.168 | Val F1 0.183
[Train Step 190] Acc: 0.9498 | Pred: 0=47013, 1=2523 | Label: 0=49088, 1=448
Epoch  4, Step 190: Time 138.06s | Loss 0.661 | Train F1 0.163 | Val F1 0.187
[Train Step 200] Acc: 0.9390 | Pred: 0=46380, 1=3156 | Label: 0=49088, 1=448
Epoch  4, Step 200: Time 145.16s | Loss 0.640 | Train F1 0.161 | Val F1 0.178
[Train Step 210] Acc: 0.9673 | Pred: 0=47917, 1=1619 | Label: 0=49088, 1=448
Epoch  4, Step 210: Time 152.33s | Loss 0.652 | Train F1 0.217 | Val F1 0.212
<< Saving model to ./output/models/highSchool/SIR_nsrc7_Rzero2.5_beta0.25_gamma0_T30_ls21200_nf16_01/STGCN_step4_pytorch.pt ...
New best model saved with validation F1: 0.212 at epoch 4
[Train Step 220] Acc: 0.9777 | Pred: 0=48593, 1=943 | Label: 0=49088, 1=448
Epoch  4, Step 220: Time 159.49s | Loss 0.658 | Train F1 0.206 | Val F1 0.208
[Train Step 230] Acc: 0.9714 | Pred: 0=48211, 1=1325 | Label: 0=49088, 1=448
Epoch  4, Step 230: Time 166.62s | Loss 0.654 | Train F1 0.200 | Val F1 0.193
[Train Step 240] Acc: 0.9721 | Pred: 0=48218, 1=1318 | Label: 0=49088, 1=448
Epoch  4, Step 240: Time 173.76s | Loss 0.653 | Train F1 0.217 | Val F1 0.217
<< Saving model to ./output/models/highSchool/SIR_nsrc7_Rzero2.5_beta0.25_gamma0_T30_ls21200_nf16_01/STGCN_step4_pytorch.pt ...
New best model saved with validation F1: 0.217 at epoch 4
[Train Step 250] Acc: 0.9684 | Pred: 0=48004, 1=1532 | Label: 0=49088, 1=448
Epoch  4, Step 250: Time 180.92s | Loss 0.651 | Train F1 0.210 | Val F1 0.222
<< Saving model to ./output/models/highSchool/SIR_nsrc7_Rzero2.5_beta0.25_gamma0_T30_ls21200_nf16_01/STGCN_step4_pytorch.pt ...
New best model saved with validation F1: 0.222 at epoch 4
[Train Step 260] Acc: 0.9680 | Pred: 0=47974, 1=1562 | Label: 0=49088, 1=448
Epoch  4, Step 260: Time 188.07s | Loss 0.658 | Train F1 0.211 | Val F1 0.223
<< Saving model to ./output/models/highSchool/SIR_nsrc7_Rzero2.5_beta0.25_gamma0_T30_ls21200_nf16_01/STGCN_step4_pytorch.pt ...
New best model saved with validation F1: 0.223 at epoch 4
[Train Step 270] Acc: 0.9665 | Pred: 0=47846, 1=1690 | Label: 0=49088, 1=448
Epoch  4, Step 270: Time 195.25s | Loss 0.649 | Train F1 0.224 | Val F1 0.226
<< Saving model to ./output/models/highSchool/SIR_nsrc7_Rzero2.5_beta0.25_gamma0_T30_ls21200_nf16_01/STGCN_step4_pytorch.pt ...
New best model saved with validation F1: 0.226 at epoch 4
[Train Step 280] Acc: 0.9627 | Pred: 0=47608, 1=1928 | Label: 0=49088, 1=448
Epoch  4, Step 280: Time 202.41s | Loss 0.662 | Train F1 0.222 | Val F1 0.228
<< Saving model to ./output/models/highSchool/SIR_nsrc7_Rzero2.5_beta0.25_gamma0_T30_ls21200_nf16_01/STGCN_step4_pytorch.pt ...
New best model saved with validation F1: 0.228 at epoch 4
[Train Step 290] Acc: 0.9702 | Pred: 0=48102, 1=1434 | Label: 0=49088, 1=448
Epoch  4, Step 290: Time 209.53s | Loss 0.656 | Train F1 0.216 | Val F1 0.228
[Train Step 300] Acc: 0.9682 | Pred: 0=47982, 1=1554 | Label: 0=49088, 1=448
Epoch  4, Step 300: Time 216.69s | Loss 0.650 | Train F1 0.214 | Val F1 0.224
[Train Step 310] Acc: 0.9735 | Pred: 0=48251, 1=1285 | Label: 0=49088, 1=448
Epoch  4, Step 310: Time 223.85s | Loss 0.651 | Train F1 0.242 | Val F1 0.235
<< Saving model to ./output/models/highSchool/SIR_nsrc7_Rzero2.5_beta0.25_gamma0_T30_ls21200_nf16_01/STGCN_step4_pytorch.pt ...
New best model saved with validation F1: 0.235 at epoch 4
Final model saved with best validation accuracy: 0.235
Loading model from: ./output/models/highSchool/SIR_nsrc7_Rzero2.5_beta0.25_gamma0_T30_ls21200_nf16_01/STGCN_step4_pytorch.pt
Test F1: 0.2175
Test Prec: 0.1372
Test Recall: 0.5389
Saved test result to ./output/test_res/highSchool/SIR_nsrc7_Rzero2.5_beta0.25_gamma0_T30_ls21200_nf16_01/res.pickle
